ARM GAS  C:\Users\lucbu\AppData\Local\Temp\ccwAdgqa.s 			page 1


   1              		.syntax unified
   2              		.cpu cortex-m0
   3              		.fpu softvfp
   4              		.eabi_attribute 20, 1
   5              		.eabi_attribute 21, 1
   6              		.eabi_attribute 23, 3
   7              		.eabi_attribute 24, 1
   8              		.eabi_attribute 25, 1
   9              		.eabi_attribute 26, 1
  10              		.eabi_attribute 30, 1
  11              		.eabi_attribute 34, 0
  12              		.eabi_attribute 18, 4
  13              		.thumb
  14              		.syntax unified
  15              		.file	"cyfitter_cfg.c"
  16              		.text
  17              	.Ltext0:
  18              		.cfi_sections	.debug_frame
  19              		.section	.text.CYMEMZERO,"ax",%progbits
  20              		.align	2
  21              		.code	16
  22              		.thumb_func
  23              		.type	CYMEMZERO, %function
  24              	CYMEMZERO:
  25              	.LFB0:
  26              		.file 1 "Generated_Source\\PSoC4\\cyfitter_cfg.c"
   1:Generated_Source\PSoC4/cyfitter_cfg.c **** 
   2:Generated_Source\PSoC4/cyfitter_cfg.c **** /*******************************************************************************
   3:Generated_Source\PSoC4/cyfitter_cfg.c **** * File Name: cyfitter_cfg.c
   4:Generated_Source\PSoC4/cyfitter_cfg.c **** * 
   5:Generated_Source\PSoC4/cyfitter_cfg.c **** * PSoC Creator  4.4
   6:Generated_Source\PSoC4/cyfitter_cfg.c **** *
   7:Generated_Source\PSoC4/cyfitter_cfg.c **** * Description:
   8:Generated_Source\PSoC4/cyfitter_cfg.c **** * This file contains device initialization code.
   9:Generated_Source\PSoC4/cyfitter_cfg.c **** * Except for the user defined sections in CyClockStartupError(), this file should not be modified.
  10:Generated_Source\PSoC4/cyfitter_cfg.c **** * This file is automatically generated by PSoC Creator.
  11:Generated_Source\PSoC4/cyfitter_cfg.c **** *
  12:Generated_Source\PSoC4/cyfitter_cfg.c **** ********************************************************************************
  13:Generated_Source\PSoC4/cyfitter_cfg.c **** * Copyright (c) 2007-2020 Cypress Semiconductor.  All rights reserved.
  14:Generated_Source\PSoC4/cyfitter_cfg.c **** * You may use this file only in accordance with the license, terms, conditions, 
  15:Generated_Source\PSoC4/cyfitter_cfg.c **** * disclaimers, and limitations in the end user license agreement accompanying 
  16:Generated_Source\PSoC4/cyfitter_cfg.c **** * the software package with which this file was provided.
  17:Generated_Source\PSoC4/cyfitter_cfg.c **** ********************************************************************************/
  18:Generated_Source\PSoC4/cyfitter_cfg.c **** 
  19:Generated_Source\PSoC4/cyfitter_cfg.c **** #include <string.h>
  20:Generated_Source\PSoC4/cyfitter_cfg.c **** #include "cytypes.h"
  21:Generated_Source\PSoC4/cyfitter_cfg.c **** #include "cydevice_trm.h"
  22:Generated_Source\PSoC4/cyfitter_cfg.c **** #include "cyfitter.h"
  23:Generated_Source\PSoC4/cyfitter_cfg.c **** #include "CyLib.h"
  24:Generated_Source\PSoC4/cyfitter_cfg.c **** #include "CyLFClk.h"
  25:Generated_Source\PSoC4/cyfitter_cfg.c **** #include "cyfitter_cfg.h"
  26:Generated_Source\PSoC4/cyfitter_cfg.c **** #include "cyapicallbacks.h"
  27:Generated_Source\PSoC4/cyfitter_cfg.c **** 
  28:Generated_Source\PSoC4/cyfitter_cfg.c **** 
  29:Generated_Source\PSoC4/cyfitter_cfg.c **** #if defined(__GNUC__) || defined(__ARMCC_VERSION)
  30:Generated_Source\PSoC4/cyfitter_cfg.c ****     #define CYPACKED 
  31:Generated_Source\PSoC4/cyfitter_cfg.c ****     #define CYPACKED_ATTR __attribute__ ((packed))
ARM GAS  C:\Users\lucbu\AppData\Local\Temp\ccwAdgqa.s 			page 2


  32:Generated_Source\PSoC4/cyfitter_cfg.c ****     #define CYALIGNED __attribute__ ((aligned))
  33:Generated_Source\PSoC4/cyfitter_cfg.c ****     #define CY_CFG_UNUSED __attribute__ ((unused))
  34:Generated_Source\PSoC4/cyfitter_cfg.c ****     #ifndef CY_CFG_SECTION
  35:Generated_Source\PSoC4/cyfitter_cfg.c ****         #define CY_CFG_SECTION __attribute__ ((section(".psocinit")))
  36:Generated_Source\PSoC4/cyfitter_cfg.c ****     #endif
  37:Generated_Source\PSoC4/cyfitter_cfg.c ****     
  38:Generated_Source\PSoC4/cyfitter_cfg.c ****     #if defined(__ARMCC_VERSION)
  39:Generated_Source\PSoC4/cyfitter_cfg.c ****         #define CY_CFG_MEMORY_BARRIER() __memory_changed()
  40:Generated_Source\PSoC4/cyfitter_cfg.c ****     #else
  41:Generated_Source\PSoC4/cyfitter_cfg.c ****         #define CY_CFG_MEMORY_BARRIER() __sync_synchronize()
  42:Generated_Source\PSoC4/cyfitter_cfg.c ****     #endif
  43:Generated_Source\PSoC4/cyfitter_cfg.c ****     
  44:Generated_Source\PSoC4/cyfitter_cfg.c **** #elif defined(__ICCARM__)
  45:Generated_Source\PSoC4/cyfitter_cfg.c ****     #include <intrinsics.h>
  46:Generated_Source\PSoC4/cyfitter_cfg.c **** 
  47:Generated_Source\PSoC4/cyfitter_cfg.c ****     #define CYPACKED __packed
  48:Generated_Source\PSoC4/cyfitter_cfg.c ****     #define CYPACKED_ATTR 
  49:Generated_Source\PSoC4/cyfitter_cfg.c ****     #define CYALIGNED _Pragma("data_alignment=4")
  50:Generated_Source\PSoC4/cyfitter_cfg.c ****     #define CY_CFG_UNUSED _Pragma("diag_suppress=Pe177")
  51:Generated_Source\PSoC4/cyfitter_cfg.c ****     #define CY_CFG_SECTION _Pragma("location=\".psocinit\"")
  52:Generated_Source\PSoC4/cyfitter_cfg.c ****     
  53:Generated_Source\PSoC4/cyfitter_cfg.c ****     #define CY_CFG_MEMORY_BARRIER() __DMB()
  54:Generated_Source\PSoC4/cyfitter_cfg.c ****     
  55:Generated_Source\PSoC4/cyfitter_cfg.c **** #else
  56:Generated_Source\PSoC4/cyfitter_cfg.c ****     #error Unsupported toolchain
  57:Generated_Source\PSoC4/cyfitter_cfg.c **** #endif
  58:Generated_Source\PSoC4/cyfitter_cfg.c **** 
  59:Generated_Source\PSoC4/cyfitter_cfg.c **** #ifndef CYCODE
  60:Generated_Source\PSoC4/cyfitter_cfg.c ****     #define CYCODE
  61:Generated_Source\PSoC4/cyfitter_cfg.c **** #endif
  62:Generated_Source\PSoC4/cyfitter_cfg.c **** #ifndef CYDATA
  63:Generated_Source\PSoC4/cyfitter_cfg.c ****     #define CYDATA
  64:Generated_Source\PSoC4/cyfitter_cfg.c **** #endif
  65:Generated_Source\PSoC4/cyfitter_cfg.c **** #ifndef CYFAR
  66:Generated_Source\PSoC4/cyfitter_cfg.c ****     #define CYFAR
  67:Generated_Source\PSoC4/cyfitter_cfg.c **** #endif
  68:Generated_Source\PSoC4/cyfitter_cfg.c **** #ifndef CYXDATA
  69:Generated_Source\PSoC4/cyfitter_cfg.c ****     #define CYXDATA
  70:Generated_Source\PSoC4/cyfitter_cfg.c **** #endif
  71:Generated_Source\PSoC4/cyfitter_cfg.c **** 
  72:Generated_Source\PSoC4/cyfitter_cfg.c **** 
  73:Generated_Source\PSoC4/cyfitter_cfg.c **** CY_CFG_UNUSED
  74:Generated_Source\PSoC4/cyfitter_cfg.c **** static void CYMEMZERO(void *s, size_t n);
  75:Generated_Source\PSoC4/cyfitter_cfg.c **** CY_CFG_UNUSED
  76:Generated_Source\PSoC4/cyfitter_cfg.c **** static void CYMEMZERO(void *s, size_t n)
  77:Generated_Source\PSoC4/cyfitter_cfg.c **** {
  27              		.loc 1 77 0
  28              		.cfi_startproc
  29              		@ args = 0, pretend = 0, frame = 0
  30              		@ frame_needed = 0, uses_anonymous_args = 0
  31              	.LVL0:
  32 0000 10B5     		push	{r4, lr}
  33              		.cfi_def_cfa_offset 8
  34              		.cfi_offset 4, -8
  35              		.cfi_offset 14, -4
  36 0002 0A00     		movs	r2, r1
  78:Generated_Source\PSoC4/cyfitter_cfg.c **** 	(void)memset(s, 0, n);
ARM GAS  C:\Users\lucbu\AppData\Local\Temp\ccwAdgqa.s 			page 3


  37              		.loc 1 78 0
  38 0004 0021     		movs	r1, #0
  39              	.LVL1:
  40 0006 FFF7FEFF 		bl	memset
  41              	.LVL2:
  79:Generated_Source\PSoC4/cyfitter_cfg.c **** }
  42              		.loc 1 79 0
  43              		@ sp needed
  44 000a 10BD     		pop	{r4, pc}
  45              		.cfi_endproc
  46              	.LFE0:
  47              		.size	CYMEMZERO, .-CYMEMZERO
  48              		.section	.psocinit,"ax",%progbits
  49              		.align	2
  50              		.code	16
  51              		.thumb_func
  52              		.type	ClockSetup, %function
  53              	ClockSetup:
  54              	.LFB3:
  80:Generated_Source\PSoC4/cyfitter_cfg.c **** CY_CFG_UNUSED
  81:Generated_Source\PSoC4/cyfitter_cfg.c **** static void CYCONFIGCPY(void *dest, const void *src, size_t n);
  82:Generated_Source\PSoC4/cyfitter_cfg.c **** CY_CFG_UNUSED
  83:Generated_Source\PSoC4/cyfitter_cfg.c **** static void CYCONFIGCPY(void *dest, const void *src, size_t n)
  84:Generated_Source\PSoC4/cyfitter_cfg.c **** {
  85:Generated_Source\PSoC4/cyfitter_cfg.c **** 	(void)memcpy(dest, src, n);
  86:Generated_Source\PSoC4/cyfitter_cfg.c **** }
  87:Generated_Source\PSoC4/cyfitter_cfg.c **** CY_CFG_UNUSED
  88:Generated_Source\PSoC4/cyfitter_cfg.c **** static void CYCONFIGCPYCODE(void *dest, const void *src, size_t n);
  89:Generated_Source\PSoC4/cyfitter_cfg.c **** CY_CFG_UNUSED
  90:Generated_Source\PSoC4/cyfitter_cfg.c **** static void CYCONFIGCPYCODE(void *dest, const void *src, size_t n)
  91:Generated_Source\PSoC4/cyfitter_cfg.c **** {
  92:Generated_Source\PSoC4/cyfitter_cfg.c **** 	(void)memcpy(dest, src, n);
  93:Generated_Source\PSoC4/cyfitter_cfg.c **** }
  94:Generated_Source\PSoC4/cyfitter_cfg.c **** 
  95:Generated_Source\PSoC4/cyfitter_cfg.c **** 
  96:Generated_Source\PSoC4/cyfitter_cfg.c **** 
  97:Generated_Source\PSoC4/cyfitter_cfg.c **** 
  98:Generated_Source\PSoC4/cyfitter_cfg.c **** /* Clock startup error codes                                                   */
  99:Generated_Source\PSoC4/cyfitter_cfg.c **** #define CYCLOCKSTART_NO_ERROR    0u
 100:Generated_Source\PSoC4/cyfitter_cfg.c **** #define CYCLOCKSTART_XTAL_ERROR  1u
 101:Generated_Source\PSoC4/cyfitter_cfg.c **** #define CYCLOCKSTART_32KHZ_ERROR 2u
 102:Generated_Source\PSoC4/cyfitter_cfg.c **** #define CYCLOCKSTART_PLL_ERROR   3u
 103:Generated_Source\PSoC4/cyfitter_cfg.c **** #define CYCLOCKSTART_FLL_ERROR   4u
 104:Generated_Source\PSoC4/cyfitter_cfg.c **** #define CYCLOCKSTART_WCO_ERROR   5u
 105:Generated_Source\PSoC4/cyfitter_cfg.c **** 
 106:Generated_Source\PSoC4/cyfitter_cfg.c **** 
 107:Generated_Source\PSoC4/cyfitter_cfg.c **** #ifdef CY_NEED_CYCLOCKSTARTUPERROR
 108:Generated_Source\PSoC4/cyfitter_cfg.c **** /*******************************************************************************
 109:Generated_Source\PSoC4/cyfitter_cfg.c **** * Function Name: CyClockStartupError
 110:Generated_Source\PSoC4/cyfitter_cfg.c **** ********************************************************************************
 111:Generated_Source\PSoC4/cyfitter_cfg.c **** * Summary:
 112:Generated_Source\PSoC4/cyfitter_cfg.c **** *  If an error is encountered during clock configuration (crystal startup error,
 113:Generated_Source\PSoC4/cyfitter_cfg.c **** *  PLL lock error, etc.), the system will end up here.  Unless reimplemented by
 114:Generated_Source\PSoC4/cyfitter_cfg.c **** *  the customer, this function will stop in an infinite loop.
 115:Generated_Source\PSoC4/cyfitter_cfg.c **** *
 116:Generated_Source\PSoC4/cyfitter_cfg.c **** * Parameters:
 117:Generated_Source\PSoC4/cyfitter_cfg.c **** *   void
ARM GAS  C:\Users\lucbu\AppData\Local\Temp\ccwAdgqa.s 			page 4


 118:Generated_Source\PSoC4/cyfitter_cfg.c **** *
 119:Generated_Source\PSoC4/cyfitter_cfg.c **** * Return:
 120:Generated_Source\PSoC4/cyfitter_cfg.c **** *   void
 121:Generated_Source\PSoC4/cyfitter_cfg.c **** *
 122:Generated_Source\PSoC4/cyfitter_cfg.c **** *******************************************************************************/
 123:Generated_Source\PSoC4/cyfitter_cfg.c **** CY_CFG_UNUSED
 124:Generated_Source\PSoC4/cyfitter_cfg.c **** static void CyClockStartupError(uint8 errorCode);
 125:Generated_Source\PSoC4/cyfitter_cfg.c **** CY_CFG_UNUSED
 126:Generated_Source\PSoC4/cyfitter_cfg.c **** static void CyClockStartupError(uint8 errorCode)
 127:Generated_Source\PSoC4/cyfitter_cfg.c **** {
 128:Generated_Source\PSoC4/cyfitter_cfg.c ****     /* To remove the compiler warning if errorCode not used.                */
 129:Generated_Source\PSoC4/cyfitter_cfg.c ****     errorCode = errorCode;
 130:Generated_Source\PSoC4/cyfitter_cfg.c **** 
 131:Generated_Source\PSoC4/cyfitter_cfg.c ****     /* If we have a clock startup error (bad MHz crystal, PLL lock, etc.),  */
 132:Generated_Source\PSoC4/cyfitter_cfg.c ****     /* we will end up here to allow the customer to implement something to  */
 133:Generated_Source\PSoC4/cyfitter_cfg.c ****     /* deal with the clock condition.                                       */
 134:Generated_Source\PSoC4/cyfitter_cfg.c **** 
 135:Generated_Source\PSoC4/cyfitter_cfg.c **** #ifdef CY_CFG_CLOCK_STARTUP_ERROR_CALLBACK
 136:Generated_Source\PSoC4/cyfitter_cfg.c ****     CY_CFG_Clock_Startup_ErrorCallback();
 137:Generated_Source\PSoC4/cyfitter_cfg.c **** #else
 138:Generated_Source\PSoC4/cyfitter_cfg.c ****     /*  If not using CY_CFG_CLOCK_STARTUP_ERROR_CALLBACK, place your clock startup code here. */
 139:Generated_Source\PSoC4/cyfitter_cfg.c ****     /* `#START CyClockStartupError` */
 140:Generated_Source\PSoC4/cyfitter_cfg.c **** 
 141:Generated_Source\PSoC4/cyfitter_cfg.c **** 
 142:Generated_Source\PSoC4/cyfitter_cfg.c **** 
 143:Generated_Source\PSoC4/cyfitter_cfg.c ****     /* `#END` */
 144:Generated_Source\PSoC4/cyfitter_cfg.c **** 
 145:Generated_Source\PSoC4/cyfitter_cfg.c ****     while(1) {}
 146:Generated_Source\PSoC4/cyfitter_cfg.c **** #endif /* CY_CFG_CLOCK_STARTUP_ERROR_CALLBACK */
 147:Generated_Source\PSoC4/cyfitter_cfg.c **** }
 148:Generated_Source\PSoC4/cyfitter_cfg.c **** #endif
 149:Generated_Source\PSoC4/cyfitter_cfg.c **** 
 150:Generated_Source\PSoC4/cyfitter_cfg.c **** 
 151:Generated_Source\PSoC4/cyfitter_cfg.c **** 
 152:Generated_Source\PSoC4/cyfitter_cfg.c **** /*******************************************************************************
 153:Generated_Source\PSoC4/cyfitter_cfg.c **** * Function Name: ClockSetup
 154:Generated_Source\PSoC4/cyfitter_cfg.c **** ********************************************************************************
 155:Generated_Source\PSoC4/cyfitter_cfg.c **** *
 156:Generated_Source\PSoC4/cyfitter_cfg.c **** * Summary:
 157:Generated_Source\PSoC4/cyfitter_cfg.c **** *   Performs the initialization of all of the clocks in the device based on the
 158:Generated_Source\PSoC4/cyfitter_cfg.c **** *   settings in the Clock tab of the DWR.  This includes enabling the requested
 159:Generated_Source\PSoC4/cyfitter_cfg.c **** *   clocks and setting the necessary dividers to produce the desired frequency. 
 160:Generated_Source\PSoC4/cyfitter_cfg.c **** *
 161:Generated_Source\PSoC4/cyfitter_cfg.c **** * Parameters:
 162:Generated_Source\PSoC4/cyfitter_cfg.c **** *   void
 163:Generated_Source\PSoC4/cyfitter_cfg.c **** *
 164:Generated_Source\PSoC4/cyfitter_cfg.c **** * Return:
 165:Generated_Source\PSoC4/cyfitter_cfg.c **** *   void
 166:Generated_Source\PSoC4/cyfitter_cfg.c **** *
 167:Generated_Source\PSoC4/cyfitter_cfg.c **** *******************************************************************************/
 168:Generated_Source\PSoC4/cyfitter_cfg.c **** static void ClockSetup(void);
 169:Generated_Source\PSoC4/cyfitter_cfg.c **** CY_CFG_SECTION
 170:Generated_Source\PSoC4/cyfitter_cfg.c **** static void ClockSetup(void)
 171:Generated_Source\PSoC4/cyfitter_cfg.c **** {
  55              		.loc 1 171 0
  56              		.cfi_startproc
  57              		@ args = 0, pretend = 0, frame = 0
ARM GAS  C:\Users\lucbu\AppData\Local\Temp\ccwAdgqa.s 			page 5


  58              		@ frame_needed = 0, uses_anonymous_args = 0
  59 0000 70B5     		push	{r4, r5, r6, lr}
  60              		.cfi_def_cfa_offset 16
  61              		.cfi_offset 4, -16
  62              		.cfi_offset 5, -12
  63              		.cfi_offset 6, -8
  64              		.cfi_offset 14, -4
 172:Generated_Source\PSoC4/cyfitter_cfg.c **** 	/* Enable HALF_EN before trimming for the flash accelerator. */
 173:Generated_Source\PSoC4/cyfitter_cfg.c **** 	CY_SET_REG32((void CYXDATA *)(CYREG_CLK_SELECT), (CY_GET_REG32((void *)CYREG_CLK_SELECT) | 0x00040
  65              		.loc 1 173 0
  66 0002 0D4C     		ldr	r4, .L3
  67 0004 2368     		ldr	r3, [r4]
  68 0006 8025     		movs	r5, #128
  69 0008 ED02     		lsls	r5, r5, #11
  70 000a 2B43     		orrs	r3, r5
  71 000c 2360     		str	r3, [r4]
 174:Generated_Source\PSoC4/cyfitter_cfg.c **** 
 175:Generated_Source\PSoC4/cyfitter_cfg.c **** 	/* Setup and trim IMO based on desired frequency. */
 176:Generated_Source\PSoC4/cyfitter_cfg.c **** 	CySysClkWriteImoFreq(48u);
  72              		.loc 1 176 0
  73 000e 3020     		movs	r0, #48
  74 0010 FFF7FEFF 		bl	CySysClkWriteImoFreq
  75              	.LVL3:
 177:Generated_Source\PSoC4/cyfitter_cfg.c **** 	/* CYDEV_CLK_ILO_CONFIG Starting address: CYDEV_CLK_ILO_CONFIG */
 178:Generated_Source\PSoC4/cyfitter_cfg.c **** 	CY_SET_REG32((void *)(CYREG_CLK_ILO_CONFIG), 0x80000006u);
  76              		.loc 1 178 0
  77 0014 094A     		ldr	r2, .L3+4
  78 0016 0A4B     		ldr	r3, .L3+8
  79 0018 1A60     		str	r2, [r3]
 179:Generated_Source\PSoC4/cyfitter_cfg.c **** 
 180:Generated_Source\PSoC4/cyfitter_cfg.c **** 
 181:Generated_Source\PSoC4/cyfitter_cfg.c **** 	/* CYDEV_CLK_IMO_CONFIG Starting address: CYDEV_CLK_IMO_CONFIG */
 182:Generated_Source\PSoC4/cyfitter_cfg.c **** 	CY_SET_REG32((void *)(CYREG_CLK_IMO_CONFIG), 0x80000000u);
  80              		.loc 1 182 0
  81 001a 063A     		subs	r2, r2, #6
  82 001c 094B     		ldr	r3, .L3+12
  83 001e 1A60     		str	r2, [r3]
 183:Generated_Source\PSoC4/cyfitter_cfg.c **** 
 184:Generated_Source\PSoC4/cyfitter_cfg.c **** 	/* CYDEV_CLK_SELECT Starting address: CYDEV_CLK_SELECT */
 185:Generated_Source\PSoC4/cyfitter_cfg.c **** 	CY_SET_REG32((void *)(CYREG_CLK_SELECT), 0x00040000u);
  84              		.loc 1 185 0
  85 0020 2560     		str	r5, [r4]
 186:Generated_Source\PSoC4/cyfitter_cfg.c **** 
 187:Generated_Source\PSoC4/cyfitter_cfg.c **** 	(void)CyIntSetVector(9u, &CySysWdtIsr);
  86              		.loc 1 187 0
  87 0022 0949     		ldr	r1, .L3+16
  88 0024 0920     		movs	r0, #9
  89 0026 FFF7FEFF 		bl	CyIntSetVector
  90              	.LVL4:
 188:Generated_Source\PSoC4/cyfitter_cfg.c **** 	CyIntEnable(9u);
  91              		.loc 1 188 0
  92 002a 0920     		movs	r0, #9
  93 002c FFF7FEFF 		bl	CyIntEnable
  94              	.LVL5:
 189:Generated_Source\PSoC4/cyfitter_cfg.c **** 	CY_SET_REG32((void *)(CYREG_WDT_CONFIG), 0x00000000u);
  95              		.loc 1 189 0
  96 0030 0022     		movs	r2, #0
ARM GAS  C:\Users\lucbu\AppData\Local\Temp\ccwAdgqa.s 			page 6


  97 0032 064B     		ldr	r3, .L3+20
  98 0034 1A60     		str	r2, [r3]
 190:Generated_Source\PSoC4/cyfitter_cfg.c **** }
  99              		.loc 1 190 0
 100              		@ sp needed
 101 0036 70BD     		pop	{r4, r5, r6, pc}
 102              	.L4:
 103              		.align	2
 104              	.L3:
 105 0038 00010B40 		.word	1074462976
 106 003c 06000080 		.word	-2147483642
 107 0040 04010B40 		.word	1074462980
 108 0044 08010B40 		.word	1074462984
 109 0048 00000000 		.word	CySysWdtIsr
 110 004c 0C020B40 		.word	1074463244
 111              		.cfi_endproc
 112              	.LFE3:
 113              		.size	ClockSetup, .-ClockSetup
 114              		.align	2
 115              		.global	cyfitter_cfg
 116              		.code	16
 117              		.thumb_func
 118              		.type	cyfitter_cfg, %function
 119              	cyfitter_cfg:
 120              	.LFB5:
 191:Generated_Source\PSoC4/cyfitter_cfg.c **** 
 192:Generated_Source\PSoC4/cyfitter_cfg.c **** 
 193:Generated_Source\PSoC4/cyfitter_cfg.c **** /* Analog API Functions */
 194:Generated_Source\PSoC4/cyfitter_cfg.c **** 
 195:Generated_Source\PSoC4/cyfitter_cfg.c **** 
 196:Generated_Source\PSoC4/cyfitter_cfg.c **** /*******************************************************************************
 197:Generated_Source\PSoC4/cyfitter_cfg.c **** * Function Name: AnalogSetDefault
 198:Generated_Source\PSoC4/cyfitter_cfg.c **** ********************************************************************************
 199:Generated_Source\PSoC4/cyfitter_cfg.c **** *
 200:Generated_Source\PSoC4/cyfitter_cfg.c **** * Summary:
 201:Generated_Source\PSoC4/cyfitter_cfg.c **** *  Sets up the analog portions of the chip to default values based on chip
 202:Generated_Source\PSoC4/cyfitter_cfg.c **** *  configuration options from the project.
 203:Generated_Source\PSoC4/cyfitter_cfg.c **** *
 204:Generated_Source\PSoC4/cyfitter_cfg.c **** * Parameters:
 205:Generated_Source\PSoC4/cyfitter_cfg.c **** *  void
 206:Generated_Source\PSoC4/cyfitter_cfg.c **** *
 207:Generated_Source\PSoC4/cyfitter_cfg.c **** * Return:
 208:Generated_Source\PSoC4/cyfitter_cfg.c **** *  void
 209:Generated_Source\PSoC4/cyfitter_cfg.c **** *
 210:Generated_Source\PSoC4/cyfitter_cfg.c **** *******************************************************************************/
 211:Generated_Source\PSoC4/cyfitter_cfg.c **** static void AnalogSetDefault(void);
 212:Generated_Source\PSoC4/cyfitter_cfg.c **** static void AnalogSetDefault(void)
 213:Generated_Source\PSoC4/cyfitter_cfg.c **** {
 214:Generated_Source\PSoC4/cyfitter_cfg.c **** }
 215:Generated_Source\PSoC4/cyfitter_cfg.c **** 
 216:Generated_Source\PSoC4/cyfitter_cfg.c **** 
 217:Generated_Source\PSoC4/cyfitter_cfg.c **** 
 218:Generated_Source\PSoC4/cyfitter_cfg.c **** 
 219:Generated_Source\PSoC4/cyfitter_cfg.c **** /*******************************************************************************
 220:Generated_Source\PSoC4/cyfitter_cfg.c **** * Function Name: cyfitter_cfg
 221:Generated_Source\PSoC4/cyfitter_cfg.c **** ********************************************************************************
 222:Generated_Source\PSoC4/cyfitter_cfg.c **** * Summary:
ARM GAS  C:\Users\lucbu\AppData\Local\Temp\ccwAdgqa.s 			page 7


 223:Generated_Source\PSoC4/cyfitter_cfg.c **** *  This function is called by the start-up code for the selected device. It
 224:Generated_Source\PSoC4/cyfitter_cfg.c **** *  performs all of the necessary device configuration based on the design
 225:Generated_Source\PSoC4/cyfitter_cfg.c **** *  settings.  This includes settings from the Design Wide Resources (DWR) such
 226:Generated_Source\PSoC4/cyfitter_cfg.c **** *  as Clocks and Pins as well as any component configuration that is necessary.
 227:Generated_Source\PSoC4/cyfitter_cfg.c **** *
 228:Generated_Source\PSoC4/cyfitter_cfg.c **** * Parameters:
 229:Generated_Source\PSoC4/cyfitter_cfg.c **** *   void
 230:Generated_Source\PSoC4/cyfitter_cfg.c **** *
 231:Generated_Source\PSoC4/cyfitter_cfg.c **** * Return:
 232:Generated_Source\PSoC4/cyfitter_cfg.c **** *   void
 233:Generated_Source\PSoC4/cyfitter_cfg.c **** *
 234:Generated_Source\PSoC4/cyfitter_cfg.c **** *******************************************************************************/
 235:Generated_Source\PSoC4/cyfitter_cfg.c **** CY_CFG_SECTION
 236:Generated_Source\PSoC4/cyfitter_cfg.c **** void cyfitter_cfg(void)
 237:Generated_Source\PSoC4/cyfitter_cfg.c **** {
 121              		.loc 1 237 0
 122              		.cfi_startproc
 123              		@ args = 0, pretend = 0, frame = 0
 124              		@ frame_needed = 0, uses_anonymous_args = 0
 125 0050 10B5     		push	{r4, lr}
 126              		.cfi_def_cfa_offset 8
 127              		.cfi_offset 4, -8
 128              		.cfi_offset 14, -4
 238:Generated_Source\PSoC4/cyfitter_cfg.c **** 	/* Disable interrupts by default. Let user enable if/when they want. */
 239:Generated_Source\PSoC4/cyfitter_cfg.c **** 	CyGlobalIntDisable;
 129              		.loc 1 239 0
 130              		.syntax divided
 131              	@ 239 "Generated_Source\PSoC4\cyfitter_cfg.c" 1
 132 0052 72B6     		CPSID   i
 133              	@ 0 "" 2
 134              	.LVL6:
 135              		.thumb
 136              		.syntax unified
 137              	.LBB2:
 240:Generated_Source\PSoC4/cyfitter_cfg.c **** 
 241:Generated_Source\PSoC4/cyfitter_cfg.c **** 	{
 242:Generated_Source\PSoC4/cyfitter_cfg.c **** 
 243:Generated_Source\PSoC4/cyfitter_cfg.c **** 		CYPACKED typedef struct {
 244:Generated_Source\PSoC4/cyfitter_cfg.c **** 			void CYFAR *address;
 245:Generated_Source\PSoC4/cyfitter_cfg.c **** 			uint16 size;
 246:Generated_Source\PSoC4/cyfitter_cfg.c **** 		} CYPACKED_ATTR cfg_memset_t;
 247:Generated_Source\PSoC4/cyfitter_cfg.c **** 
 248:Generated_Source\PSoC4/cyfitter_cfg.c **** 		static const cfg_memset_t CYCODE cfg_memset_list[] = {
 249:Generated_Source\PSoC4/cyfitter_cfg.c **** 			/* address, size */
 250:Generated_Source\PSoC4/cyfitter_cfg.c **** 			{(void CYFAR *)(CYDEV_UDB_P0_U0_BASE), 1024u},
 251:Generated_Source\PSoC4/cyfitter_cfg.c **** 			{(void CYFAR *)(CYDEV_UDB_DSI0_BASE), 1024u},
 252:Generated_Source\PSoC4/cyfitter_cfg.c **** 		};
 253:Generated_Source\PSoC4/cyfitter_cfg.c **** 
 254:Generated_Source\PSoC4/cyfitter_cfg.c **** 		uint8 CYDATA i;
 255:Generated_Source\PSoC4/cyfitter_cfg.c **** 
 256:Generated_Source\PSoC4/cyfitter_cfg.c **** 		/* Zero out critical memory blocks before beginning configuration */
 257:Generated_Source\PSoC4/cyfitter_cfg.c **** 		for (i = 0u; i < (sizeof(cfg_memset_list)/sizeof(cfg_memset_list[0])); i++)
 138              		.loc 1 257 0
 139 0054 0024     		movs	r4, #0
 140 0056 0FE0     		b	.L6
 141              	.LVL7:
 142              	.L7:
ARM GAS  C:\Users\lucbu\AppData\Local\Temp\ccwAdgqa.s 			page 8


 143              	.LBB3:
 258:Generated_Source\PSoC4/cyfitter_cfg.c **** 		{
 259:Generated_Source\PSoC4/cyfitter_cfg.c **** 			const cfg_memset_t CYCODE * CYDATA ms = &cfg_memset_list[i];
 260:Generated_Source\PSoC4/cyfitter_cfg.c **** 			CYMEMZERO(ms->address, (size_t)(uint32)(ms->size));
 144              		.loc 1 260 0 discriminator 3
 145 0058 1B48     		ldr	r0, .L8
 146 005a 6200     		lsls	r2, r4, #1
 147 005c 1319     		adds	r3, r2, r4
 148 005e 5900     		lsls	r1, r3, #1
 149 0060 0B00     		movs	r3, r1
 150 0062 4118     		adds	r1, r0, r1
 151 0064 8988     		ldrh	r1, [r1, #4]
 152 0066 1A5A     		ldrh	r2, [r3, r0]
 153 0068 C318     		adds	r3, r0, r3
 154 006a 5888     		ldrh	r0, [r3, #2]
 155 006c 0004     		lsls	r0, r0, #16
 156 006e 1043     		orrs	r0, r2
 157 0070 FFF7FEFF 		bl	CYMEMZERO
 158              	.LVL8:
 159              	.LBE3:
 257:Generated_Source\PSoC4/cyfitter_cfg.c **** 		{
 160              		.loc 1 257 0 discriminator 3
 161 0074 0134     		adds	r4, r4, #1
 162              	.LVL9:
 163 0076 E4B2     		uxtb	r4, r4
 164              	.LVL10:
 165              	.L6:
 257:Generated_Source\PSoC4/cyfitter_cfg.c **** 		{
 166              		.loc 1 257 0 is_stmt 0 discriminator 1
 167 0078 012C     		cmp	r4, #1
 168 007a EDD9     		bls	.L7
 261:Generated_Source\PSoC4/cyfitter_cfg.c **** 		}
 262:Generated_Source\PSoC4/cyfitter_cfg.c **** 
 263:Generated_Source\PSoC4/cyfitter_cfg.c **** 		/* HSIOM Starting address: CYDEV_HSIOM_BASE */
 264:Generated_Source\PSoC4/cyfitter_cfg.c **** 		CY_SET_REG32((void *)(CYREG_HSIOM_PORT_SEL3), 0x0000EE00u);
 169              		.loc 1 264 0 is_stmt 1
 170 007c EE22     		movs	r2, #238
 171 007e 1202     		lsls	r2, r2, #8
 172 0080 124B     		ldr	r3, .L8+4
 173 0082 1A60     		str	r2, [r3]
 265:Generated_Source\PSoC4/cyfitter_cfg.c **** 
 266:Generated_Source\PSoC4/cyfitter_cfg.c **** 		/* UDB_PA_0 Starting address: CYDEV_UDB_PA0_BASE */
 267:Generated_Source\PSoC4/cyfitter_cfg.c **** 		CY_SET_REG32((void *)(CYDEV_UDB_PA0_BASE), 0x00990000u);
 174              		.loc 1 267 0
 175 0084 9923     		movs	r3, #153
 176 0086 1B04     		lsls	r3, r3, #16
 177 0088 114A     		ldr	r2, .L8+8
 178 008a 1360     		str	r3, [r2]
 268:Generated_Source\PSoC4/cyfitter_cfg.c **** 
 269:Generated_Source\PSoC4/cyfitter_cfg.c **** 		/* UDB_PA_1 Starting address: CYDEV_UDB_PA1_BASE */
 270:Generated_Source\PSoC4/cyfitter_cfg.c **** 		CY_SET_REG32((void *)(CYDEV_UDB_PA1_BASE), 0x00990000u);
 179              		.loc 1 270 0
 180 008c 114A     		ldr	r2, .L8+12
 181 008e 1360     		str	r3, [r2]
 271:Generated_Source\PSoC4/cyfitter_cfg.c **** 
 272:Generated_Source\PSoC4/cyfitter_cfg.c **** 		/* UDB_PA_3 Starting address: CYDEV_UDB_PA3_BASE */
 273:Generated_Source\PSoC4/cyfitter_cfg.c **** 		CY_SET_REG32((void *)(CYDEV_UDB_PA3_BASE), 0x00990000u);
ARM GAS  C:\Users\lucbu\AppData\Local\Temp\ccwAdgqa.s 			page 9


 182              		.loc 1 273 0
 183 0090 114A     		ldr	r2, .L8+16
 184 0092 1360     		str	r3, [r2]
 274:Generated_Source\PSoC4/cyfitter_cfg.c **** 
 275:Generated_Source\PSoC4/cyfitter_cfg.c **** 		/* Enable digital routing */
 276:Generated_Source\PSoC4/cyfitter_cfg.c **** 		CY_SET_XTND_REG8((void *)CYREG_UDB_UDBIF_BANK_CTL, (uint8)(CY_GET_XTND_REG8((void *)CYREG_UDB_UDB
 185              		.loc 1 276 0
 186 0094 114A     		ldr	r2, .L8+20
 187 0096 1178     		ldrb	r1, [r2]
 188 0098 0623     		movs	r3, #6
 189 009a 0B43     		orrs	r3, r1
 190 009c DBB2     		uxtb	r3, r3
 191 009e 1370     		strb	r3, [r2]
 192              	.LBE2:
 277:Generated_Source\PSoC4/cyfitter_cfg.c **** 	}
 278:Generated_Source\PSoC4/cyfitter_cfg.c **** 
 279:Generated_Source\PSoC4/cyfitter_cfg.c **** 	/* Perform second pass device configuration. These items must be configured in specific order afte
 280:Generated_Source\PSoC4/cyfitter_cfg.c **** 	/* IOPINS0_0 Starting address: CYDEV_PRT0_BASE */
 281:Generated_Source\PSoC4/cyfitter_cfg.c **** 	CY_SET_REG32((void *)(CYDEV_PRT0_BASE), 0x0000000Cu);
 193              		.loc 1 281 0
 194 00a0 0C22     		movs	r2, #12
 195 00a2 0F4B     		ldr	r3, .L8+24
 196 00a4 1A60     		str	r2, [r3]
 282:Generated_Source\PSoC4/cyfitter_cfg.c **** 	CY_SET_REG32((void *)(CYREG_PRT0_PC), 0x00000D80u);
 197              		.loc 1 282 0
 198 00a6 D823     		movs	r3, #216
 199 00a8 1B01     		lsls	r3, r3, #4
 200 00aa 0E4A     		ldr	r2, .L8+28
 201 00ac 1360     		str	r3, [r2]
 283:Generated_Source\PSoC4/cyfitter_cfg.c **** 
 284:Generated_Source\PSoC4/cyfitter_cfg.c **** 	/* IOPINS0_1 Starting address: CYDEV_PRT1_BASE */
 285:Generated_Source\PSoC4/cyfitter_cfg.c **** 	CY_SET_REG32((void *)(CYDEV_PRT1_BASE), 0x00000040u);
 202              		.loc 1 285 0
 203 00ae 4021     		movs	r1, #64
 204 00b0 0D4A     		ldr	r2, .L8+32
 205 00b2 1160     		str	r1, [r2]
 286:Generated_Source\PSoC4/cyfitter_cfg.c **** 	CY_SET_REG32((void *)(CYREG_PRT1_PC), 0x00180000u);
 206              		.loc 1 286 0
 207 00b4 C021     		movs	r1, #192
 208 00b6 4903     		lsls	r1, r1, #13
 209 00b8 0C4A     		ldr	r2, .L8+36
 210 00ba 1160     		str	r1, [r2]
 287:Generated_Source\PSoC4/cyfitter_cfg.c **** 
 288:Generated_Source\PSoC4/cyfitter_cfg.c **** 	/* IOPINS0_3 Starting address: CYDEV_PRT3_BASE */
 289:Generated_Source\PSoC4/cyfitter_cfg.c **** 	CY_SET_REG32((void *)(CYREG_PRT3_PC), 0x00000D80u);
 211              		.loc 1 289 0
 212 00bc 0C4A     		ldr	r2, .L8+40
 213 00be 1360     		str	r3, [r2]
 290:Generated_Source\PSoC4/cyfitter_cfg.c **** 
 291:Generated_Source\PSoC4/cyfitter_cfg.c **** 
 292:Generated_Source\PSoC4/cyfitter_cfg.c **** 	/* Setup clocks based on selections from Clock DWR */
 293:Generated_Source\PSoC4/cyfitter_cfg.c **** 	ClockSetup();
 214              		.loc 1 293 0
 215 00c0 FFF79EFF 		bl	ClockSetup
 216              	.LVL11:
 294:Generated_Source\PSoC4/cyfitter_cfg.c **** 
 295:Generated_Source\PSoC4/cyfitter_cfg.c **** 	/* Perform basic analog initialization to defaults */
ARM GAS  C:\Users\lucbu\AppData\Local\Temp\ccwAdgqa.s 			page 10


 296:Generated_Source\PSoC4/cyfitter_cfg.c **** 	AnalogSetDefault();
 297:Generated_Source\PSoC4/cyfitter_cfg.c **** 
 298:Generated_Source\PSoC4/cyfitter_cfg.c **** }
 217              		.loc 1 298 0
 218              		@ sp needed
 219              	.LVL12:
 220 00c4 10BD     		pop	{r4, pc}
 221              	.L9:
 222 00c6 C046     		.align	2
 223              	.L8:
 224 00c8 00000000 		.word	.LANCHOR0
 225 00cc 0C000140 		.word	1073807372
 226 00d0 00500F40 		.word	1074745344
 227 00d4 10500F40 		.word	1074745360
 228 00d8 30500F40 		.word	1074745392
 229 00dc 00700F40 		.word	1074753536
 230 00e0 00000440 		.word	1074003968
 231 00e4 08000440 		.word	1074003976
 232 00e8 00010440 		.word	1074004224
 233 00ec 08010440 		.word	1074004232
 234 00f0 08030440 		.word	1074004744
 235              		.cfi_endproc
 236              	.LFE5:
 237              		.size	cyfitter_cfg, .-cyfitter_cfg
 238              		.section	.rodata
 239              		.align	2
 240              		.set	.LANCHOR0,. + 0
 241              		.type	cfg_memset_list.4847, %object
 242              		.size	cfg_memset_list.4847, 12
 243              	cfg_memset_list.4847:
 244 0000 00300F40 		.word	1074737152
 245 0004 0004     		.short	1024
 246 0006 00400F40 		.4byte	1074741248
 247 000a 0004     		.short	1024
 248              		.text
 249              	.Letext0:
 250              		.file 2 "c:\\program files (x86)\\cypress\\psoc creator\\4.4\\psoc creator\\import\\gnu\\arm\\5.4.
 251              		.file 3 "Generated_Source\\PSoC4\\cytypes.h"
 252              		.file 4 "Generated_Source\\PSoC4\\CyLib.h"
 253              		.section	.debug_info,"",%progbits
 254              	.Ldebug_info0:
 255 0000 74020000 		.4byte	0x274
 256 0004 0400     		.2byte	0x4
 257 0006 00000000 		.4byte	.Ldebug_abbrev0
 258 000a 04       		.byte	0x4
 259 000b 01       		.uleb128 0x1
 260 000c 4E010000 		.4byte	.LASF29
 261 0010 0C       		.byte	0xc
 262 0011 45020000 		.4byte	.LASF30
 263 0015 7C000000 		.4byte	.LASF31
 264 0019 00000000 		.4byte	.Ldebug_ranges0+0
 265 001d 00000000 		.4byte	0
 266 0021 00000000 		.4byte	.Ldebug_line0
 267 0025 02       		.uleb128 0x2
 268 0026 04       		.byte	0x4
 269 0027 05       		.byte	0x5
 270 0028 696E7400 		.ascii	"int\000"
ARM GAS  C:\Users\lucbu\AppData\Local\Temp\ccwAdgqa.s 			page 11


 271 002c 03       		.uleb128 0x3
 272 002d 06000000 		.4byte	.LASF12
 273 0031 02       		.byte	0x2
 274 0032 D8       		.byte	0xd8
 275 0033 37000000 		.4byte	0x37
 276 0037 04       		.uleb128 0x4
 277 0038 04       		.byte	0x4
 278 0039 07       		.byte	0x7
 279 003a 15010000 		.4byte	.LASF0
 280 003e 04       		.uleb128 0x4
 281 003f 08       		.byte	0x8
 282 0040 05       		.byte	0x5
 283 0041 F2010000 		.4byte	.LASF1
 284 0045 04       		.uleb128 0x4
 285 0046 08       		.byte	0x8
 286 0047 04       		.byte	0x4
 287 0048 2D020000 		.4byte	.LASF2
 288 004c 04       		.uleb128 0x4
 289 004d 01       		.byte	0x1
 290 004e 06       		.byte	0x6
 291 004f 39020000 		.4byte	.LASF3
 292 0053 04       		.uleb128 0x4
 293 0054 01       		.byte	0x1
 294 0055 08       		.byte	0x8
 295 0056 DF000000 		.4byte	.LASF4
 296 005a 04       		.uleb128 0x4
 297 005b 02       		.byte	0x2
 298 005c 05       		.byte	0x5
 299 005d 05020000 		.4byte	.LASF5
 300 0061 04       		.uleb128 0x4
 301 0062 02       		.byte	0x2
 302 0063 07       		.byte	0x7
 303 0064 37000000 		.4byte	.LASF6
 304 0068 04       		.uleb128 0x4
 305 0069 04       		.byte	0x4
 306 006a 05       		.byte	0x5
 307 006b 24020000 		.4byte	.LASF7
 308 006f 04       		.uleb128 0x4
 309 0070 04       		.byte	0x4
 310 0071 07       		.byte	0x7
 311 0072 5A000000 		.4byte	.LASF8
 312 0076 04       		.uleb128 0x4
 313 0077 08       		.byte	0x8
 314 0078 07       		.byte	0x7
 315 0079 37010000 		.4byte	.LASF9
 316 007d 04       		.uleb128 0x4
 317 007e 04       		.byte	0x4
 318 007f 07       		.byte	0x7
 319 0080 E9010000 		.4byte	.LASF10
 320 0084 05       		.uleb128 0x5
 321 0085 04       		.byte	0x4
 322 0086 04       		.uleb128 0x4
 323 0087 01       		.byte	0x1
 324 0088 08       		.byte	0x8
 325 0089 00020000 		.4byte	.LASF11
 326 008d 06       		.uleb128 0x6
 327 008e 6C000000 		.4byte	.LASF13
ARM GAS  C:\Users\lucbu\AppData\Local\Temp\ccwAdgqa.s 			page 12


 328 0092 03       		.byte	0x3
 329 0093 FB01     		.2byte	0x1fb
 330 0095 53000000 		.4byte	0x53
 331 0099 06       		.uleb128 0x6
 332 009a 07010000 		.4byte	.LASF14
 333 009e 03       		.byte	0x3
 334 009f FC01     		.2byte	0x1fc
 335 00a1 61000000 		.4byte	0x61
 336 00a5 06       		.uleb128 0x6
 337 00a6 0E010000 		.4byte	.LASF15
 338 00aa 03       		.byte	0x3
 339 00ab FD01     		.2byte	0x1fd
 340 00ad 6F000000 		.4byte	0x6f
 341 00b1 04       		.uleb128 0x4
 342 00b2 04       		.byte	0x4
 343 00b3 04       		.byte	0x4
 344 00b4 4A000000 		.4byte	.LASF16
 345 00b8 04       		.uleb128 0x4
 346 00b9 08       		.byte	0x8
 347 00ba 04       		.byte	0x4
 348 00bb F4000000 		.4byte	.LASF17
 349 00bf 06       		.uleb128 0x6
 350 00c0 55000000 		.4byte	.LASF18
 351 00c4 03       		.byte	0x3
 352 00c5 A502     		.2byte	0x2a5
 353 00c7 CB000000 		.4byte	0xcb
 354 00cb 07       		.uleb128 0x7
 355 00cc 8D000000 		.4byte	0x8d
 356 00d0 06       		.uleb128 0x6
 357 00d1 00000000 		.4byte	.LASF19
 358 00d5 03       		.byte	0x3
 359 00d6 A702     		.2byte	0x2a7
 360 00d8 DC000000 		.4byte	0xdc
 361 00dc 07       		.uleb128 0x7
 362 00dd A5000000 		.4byte	0xa5
 363 00e1 08       		.uleb128 0x8
 364 00e2 72000000 		.4byte	.LASF20
 365 00e6 01       		.byte	0x1
 366 00e7 4C       		.byte	0x4c
 367 00e8 00000000 		.4byte	.LFB0
 368 00ec 0C000000 		.4byte	.LFE0-.LFB0
 369 00f0 01       		.uleb128 0x1
 370 00f1 9C       		.byte	0x9c
 371 00f2 2E010000 		.4byte	0x12e
 372 00f6 09       		.uleb128 0x9
 373 00f7 7300     		.ascii	"s\000"
 374 00f9 01       		.byte	0x1
 375 00fa 4C       		.byte	0x4c
 376 00fb 84000000 		.4byte	0x84
 377 00ff 00000000 		.4byte	.LLST0
 378 0103 09       		.uleb128 0x9
 379 0104 6E00     		.ascii	"n\000"
 380 0106 01       		.byte	0x1
 381 0107 4C       		.byte	0x4c
 382 0108 2C000000 		.4byte	0x2c
 383 010c 21000000 		.4byte	.LLST1
 384 0110 0A       		.uleb128 0xa
ARM GAS  C:\Users\lucbu\AppData\Local\Temp\ccwAdgqa.s 			page 13


 385 0111 0A000000 		.4byte	.LVL2
 386 0115 4D020000 		.4byte	0x24d
 387 0119 0B       		.uleb128 0xb
 388 011a 01       		.uleb128 0x1
 389 011b 50       		.byte	0x50
 390 011c 03       		.uleb128 0x3
 391 011d F3       		.byte	0xf3
 392 011e 01       		.uleb128 0x1
 393 011f 50       		.byte	0x50
 394 0120 0B       		.uleb128 0xb
 395 0121 01       		.uleb128 0x1
 396 0122 51       		.byte	0x51
 397 0123 01       		.uleb128 0x1
 398 0124 30       		.byte	0x30
 399 0125 0B       		.uleb128 0xb
 400 0126 01       		.uleb128 0x1
 401 0127 52       		.byte	0x52
 402 0128 03       		.uleb128 0x3
 403 0129 F3       		.byte	0xf3
 404 012a 01       		.uleb128 0x1
 405 012b 51       		.byte	0x51
 406 012c 00       		.byte	0
 407 012d 00       		.byte	0
 408 012e 08       		.uleb128 0x8
 409 012f 2C000000 		.4byte	.LASF21
 410 0133 01       		.byte	0x1
 411 0134 AA       		.byte	0xaa
 412 0135 00000000 		.4byte	.LFB3
 413 0139 50000000 		.4byte	.LFE3-.LFB3
 414 013d 01       		.uleb128 0x1
 415 013e 9C       		.byte	0x9c
 416 013f 7A010000 		.4byte	0x17a
 417 0143 0C       		.uleb128 0xc
 418 0144 14000000 		.4byte	.LVL3
 419 0148 56020000 		.4byte	0x256
 420 014c 57010000 		.4byte	0x157
 421 0150 0B       		.uleb128 0xb
 422 0151 01       		.uleb128 0x1
 423 0152 50       		.byte	0x50
 424 0153 02       		.uleb128 0x2
 425 0154 08       		.byte	0x8
 426 0155 30       		.byte	0x30
 427 0156 00       		.byte	0
 428 0157 0C       		.uleb128 0xc
 429 0158 2A000000 		.4byte	.LVL4
 430 015c 61020000 		.4byte	0x261
 431 0160 6A010000 		.4byte	0x16a
 432 0164 0B       		.uleb128 0xb
 433 0165 01       		.uleb128 0x1
 434 0166 50       		.byte	0x50
 435 0167 01       		.uleb128 0x1
 436 0168 39       		.byte	0x39
 437 0169 00       		.byte	0
 438 016a 0A       		.uleb128 0xa
 439 016b 30000000 		.4byte	.LVL5
 440 016f 6C020000 		.4byte	0x26c
 441 0173 0B       		.uleb128 0xb
ARM GAS  C:\Users\lucbu\AppData\Local\Temp\ccwAdgqa.s 			page 14


 442 0174 01       		.uleb128 0x1
 443 0175 50       		.byte	0x50
 444 0176 01       		.uleb128 0x1
 445 0177 39       		.byte	0x39
 446 0178 00       		.byte	0
 447 0179 00       		.byte	0
 448 017a 0D       		.uleb128 0xd
 449 017b 22010000 		.4byte	.LASF32
 450 017f 01       		.byte	0x1
 451 0180 EC       		.byte	0xec
 452 0181 50000000 		.4byte	.LFB5
 453 0185 A4000000 		.4byte	.LFE5-.LFB5
 454 0189 01       		.uleb128 0x1
 455 018a 9C       		.byte	0x9c
 456 018b 4D020000 		.4byte	0x24d
 457 018f 0E       		.uleb128 0xe
 458 0190 54000000 		.4byte	.LBB2
 459 0194 4C000000 		.4byte	.LBE2-.LBB2
 460 0198 43020000 		.4byte	0x243
 461 019c 0F       		.uleb128 0xf
 462 019d 06       		.byte	0x6
 463 019e 01       		.byte	0x1
 464 019f F3       		.byte	0xf3
 465 01a0 BD010000 		.4byte	0x1bd
 466 01a4 10       		.uleb128 0x10
 467 01a5 2F010000 		.4byte	.LASF22
 468 01a9 01       		.byte	0x1
 469 01aa F4       		.byte	0xf4
 470 01ab 84000000 		.4byte	0x84
 471 01af 00       		.byte	0
 472 01b0 10       		.uleb128 0x10
 473 01b1 50000000 		.4byte	.LASF23
 474 01b5 01       		.byte	0x1
 475 01b6 F5       		.byte	0xf5
 476 01b7 99000000 		.4byte	0x99
 477 01bb 04       		.byte	0x4
 478 01bc 00       		.byte	0
 479 01bd 03       		.uleb128 0x3
 480 01be DC010000 		.4byte	.LASF24
 481 01c2 01       		.byte	0x1
 482 01c3 F6       		.byte	0xf6
 483 01c4 9C010000 		.4byte	0x19c
 484 01c8 11       		.uleb128 0x11
 485 01c9 D8010000 		.4byte	0x1d8
 486 01cd D8010000 		.4byte	0x1d8
 487 01d1 12       		.uleb128 0x12
 488 01d2 7D000000 		.4byte	0x7d
 489 01d6 01       		.byte	0x1
 490 01d7 00       		.byte	0
 491 01d8 13       		.uleb128 0x13
 492 01d9 BD010000 		.4byte	0x1bd
 493 01dd 14       		.uleb128 0x14
 494 01de 1C000000 		.4byte	.LASF25
 495 01e2 01       		.byte	0x1
 496 01e3 F8       		.byte	0xf8
 497 01e4 EE010000 		.4byte	0x1ee
 498 01e8 05       		.uleb128 0x5
ARM GAS  C:\Users\lucbu\AppData\Local\Temp\ccwAdgqa.s 			page 15


 499 01e9 03       		.byte	0x3
 500 01ea 00000000 		.4byte	cfg_memset_list.4847
 501 01ee 13       		.uleb128 0x13
 502 01ef C8010000 		.4byte	0x1c8
 503 01f3 15       		.uleb128 0x15
 504 01f4 6900     		.ascii	"i\000"
 505 01f6 01       		.byte	0x1
 506 01f7 FE       		.byte	0xfe
 507 01f8 8D000000 		.4byte	0x8d
 508 01fc 4D000000 		.4byte	.LLST2
 509 0200 16       		.uleb128 0x16
 510 0201 58000000 		.4byte	.LBB3
 511 0205 1C000000 		.4byte	.LBE3-.LBB3
 512 0209 17       		.uleb128 0x17
 513 020a 6D7300   		.ascii	"ms\000"
 514 020d 01       		.byte	0x1
 515 020e 0301     		.2byte	0x103
 516 0210 18020000 		.4byte	0x218
 517 0214 77000000 		.4byte	.LLST3
 518 0218 18       		.uleb128 0x18
 519 0219 04       		.byte	0x4
 520 021a D8010000 		.4byte	0x1d8
 521 021e 0A       		.uleb128 0xa
 522 021f 74000000 		.4byte	.LVL8
 523 0223 E1000000 		.4byte	0xe1
 524 0227 0B       		.uleb128 0xb
 525 0228 01       		.uleb128 0x1
 526 0229 51       		.byte	0x51
 527 022a 15       		.uleb128 0x15
 528 022b 74       		.byte	0x74
 529 022c 00       		.sleb128 0
 530 022d 31       		.byte	0x31
 531 022e 24       		.byte	0x24
 532 022f 74       		.byte	0x74
 533 0230 00       		.sleb128 0
 534 0231 22       		.byte	0x22
 535 0232 31       		.byte	0x31
 536 0233 24       		.byte	0x24
 537 0234 03       		.byte	0x3
 538 0235 04000000 		.4byte	.LANCHOR0+4
 539 0239 22       		.byte	0x22
 540 023a 94       		.byte	0x94
 541 023b 02       		.byte	0x2
 542 023c 0A       		.byte	0xa
 543 023d FFFF     		.2byte	0xffff
 544 023f 1A       		.byte	0x1a
 545 0240 00       		.byte	0
 546 0241 00       		.byte	0
 547 0242 00       		.byte	0
 548 0243 19       		.uleb128 0x19
 549 0244 C4000000 		.4byte	.LVL11
 550 0248 2E010000 		.4byte	0x12e
 551 024c 00       		.byte	0
 552 024d 1A       		.uleb128 0x1a
 553 024e ED000000 		.4byte	.LASF33
 554 0252 ED000000 		.4byte	.LASF33
 555 0256 1B       		.uleb128 0x1b
ARM GAS  C:\Users\lucbu\AppData\Local\Temp\ccwAdgqa.s 			page 16


 556 0257 0F020000 		.4byte	.LASF26
 557 025b 0F020000 		.4byte	.LASF26
 558 025f 04       		.byte	0x4
 559 0260 6C       		.byte	0x6c
 560 0261 1B       		.uleb128 0x1b
 561 0262 0D000000 		.4byte	.LASF27
 562 0266 0D000000 		.4byte	.LASF27
 563 026a 04       		.byte	0x4
 564 026b D0       		.byte	0xd0
 565 026c 1B       		.uleb128 0x1b
 566 026d FB000000 		.4byte	.LASF28
 567 0271 FB000000 		.4byte	.LASF28
 568 0275 04       		.byte	0x4
 569 0276 D6       		.byte	0xd6
 570 0277 00       		.byte	0
 571              		.section	.debug_abbrev,"",%progbits
 572              	.Ldebug_abbrev0:
 573 0000 01       		.uleb128 0x1
 574 0001 11       		.uleb128 0x11
 575 0002 01       		.byte	0x1
 576 0003 25       		.uleb128 0x25
 577 0004 0E       		.uleb128 0xe
 578 0005 13       		.uleb128 0x13
 579 0006 0B       		.uleb128 0xb
 580 0007 03       		.uleb128 0x3
 581 0008 0E       		.uleb128 0xe
 582 0009 1B       		.uleb128 0x1b
 583 000a 0E       		.uleb128 0xe
 584 000b 55       		.uleb128 0x55
 585 000c 17       		.uleb128 0x17
 586 000d 11       		.uleb128 0x11
 587 000e 01       		.uleb128 0x1
 588 000f 10       		.uleb128 0x10
 589 0010 17       		.uleb128 0x17
 590 0011 00       		.byte	0
 591 0012 00       		.byte	0
 592 0013 02       		.uleb128 0x2
 593 0014 24       		.uleb128 0x24
 594 0015 00       		.byte	0
 595 0016 0B       		.uleb128 0xb
 596 0017 0B       		.uleb128 0xb
 597 0018 3E       		.uleb128 0x3e
 598 0019 0B       		.uleb128 0xb
 599 001a 03       		.uleb128 0x3
 600 001b 08       		.uleb128 0x8
 601 001c 00       		.byte	0
 602 001d 00       		.byte	0
 603 001e 03       		.uleb128 0x3
 604 001f 16       		.uleb128 0x16
 605 0020 00       		.byte	0
 606 0021 03       		.uleb128 0x3
 607 0022 0E       		.uleb128 0xe
 608 0023 3A       		.uleb128 0x3a
 609 0024 0B       		.uleb128 0xb
 610 0025 3B       		.uleb128 0x3b
 611 0026 0B       		.uleb128 0xb
 612 0027 49       		.uleb128 0x49
ARM GAS  C:\Users\lucbu\AppData\Local\Temp\ccwAdgqa.s 			page 17


 613 0028 13       		.uleb128 0x13
 614 0029 00       		.byte	0
 615 002a 00       		.byte	0
 616 002b 04       		.uleb128 0x4
 617 002c 24       		.uleb128 0x24
 618 002d 00       		.byte	0
 619 002e 0B       		.uleb128 0xb
 620 002f 0B       		.uleb128 0xb
 621 0030 3E       		.uleb128 0x3e
 622 0031 0B       		.uleb128 0xb
 623 0032 03       		.uleb128 0x3
 624 0033 0E       		.uleb128 0xe
 625 0034 00       		.byte	0
 626 0035 00       		.byte	0
 627 0036 05       		.uleb128 0x5
 628 0037 0F       		.uleb128 0xf
 629 0038 00       		.byte	0
 630 0039 0B       		.uleb128 0xb
 631 003a 0B       		.uleb128 0xb
 632 003b 00       		.byte	0
 633 003c 00       		.byte	0
 634 003d 06       		.uleb128 0x6
 635 003e 16       		.uleb128 0x16
 636 003f 00       		.byte	0
 637 0040 03       		.uleb128 0x3
 638 0041 0E       		.uleb128 0xe
 639 0042 3A       		.uleb128 0x3a
 640 0043 0B       		.uleb128 0xb
 641 0044 3B       		.uleb128 0x3b
 642 0045 05       		.uleb128 0x5
 643 0046 49       		.uleb128 0x49
 644 0047 13       		.uleb128 0x13
 645 0048 00       		.byte	0
 646 0049 00       		.byte	0
 647 004a 07       		.uleb128 0x7
 648 004b 35       		.uleb128 0x35
 649 004c 00       		.byte	0
 650 004d 49       		.uleb128 0x49
 651 004e 13       		.uleb128 0x13
 652 004f 00       		.byte	0
 653 0050 00       		.byte	0
 654 0051 08       		.uleb128 0x8
 655 0052 2E       		.uleb128 0x2e
 656 0053 01       		.byte	0x1
 657 0054 03       		.uleb128 0x3
 658 0055 0E       		.uleb128 0xe
 659 0056 3A       		.uleb128 0x3a
 660 0057 0B       		.uleb128 0xb
 661 0058 3B       		.uleb128 0x3b
 662 0059 0B       		.uleb128 0xb
 663 005a 27       		.uleb128 0x27
 664 005b 19       		.uleb128 0x19
 665 005c 11       		.uleb128 0x11
 666 005d 01       		.uleb128 0x1
 667 005e 12       		.uleb128 0x12
 668 005f 06       		.uleb128 0x6
 669 0060 40       		.uleb128 0x40
ARM GAS  C:\Users\lucbu\AppData\Local\Temp\ccwAdgqa.s 			page 18


 670 0061 18       		.uleb128 0x18
 671 0062 9742     		.uleb128 0x2117
 672 0064 19       		.uleb128 0x19
 673 0065 01       		.uleb128 0x1
 674 0066 13       		.uleb128 0x13
 675 0067 00       		.byte	0
 676 0068 00       		.byte	0
 677 0069 09       		.uleb128 0x9
 678 006a 05       		.uleb128 0x5
 679 006b 00       		.byte	0
 680 006c 03       		.uleb128 0x3
 681 006d 08       		.uleb128 0x8
 682 006e 3A       		.uleb128 0x3a
 683 006f 0B       		.uleb128 0xb
 684 0070 3B       		.uleb128 0x3b
 685 0071 0B       		.uleb128 0xb
 686 0072 49       		.uleb128 0x49
 687 0073 13       		.uleb128 0x13
 688 0074 02       		.uleb128 0x2
 689 0075 17       		.uleb128 0x17
 690 0076 00       		.byte	0
 691 0077 00       		.byte	0
 692 0078 0A       		.uleb128 0xa
 693 0079 898201   		.uleb128 0x4109
 694 007c 01       		.byte	0x1
 695 007d 11       		.uleb128 0x11
 696 007e 01       		.uleb128 0x1
 697 007f 31       		.uleb128 0x31
 698 0080 13       		.uleb128 0x13
 699 0081 00       		.byte	0
 700 0082 00       		.byte	0
 701 0083 0B       		.uleb128 0xb
 702 0084 8A8201   		.uleb128 0x410a
 703 0087 00       		.byte	0
 704 0088 02       		.uleb128 0x2
 705 0089 18       		.uleb128 0x18
 706 008a 9142     		.uleb128 0x2111
 707 008c 18       		.uleb128 0x18
 708 008d 00       		.byte	0
 709 008e 00       		.byte	0
 710 008f 0C       		.uleb128 0xc
 711 0090 898201   		.uleb128 0x4109
 712 0093 01       		.byte	0x1
 713 0094 11       		.uleb128 0x11
 714 0095 01       		.uleb128 0x1
 715 0096 31       		.uleb128 0x31
 716 0097 13       		.uleb128 0x13
 717 0098 01       		.uleb128 0x1
 718 0099 13       		.uleb128 0x13
 719 009a 00       		.byte	0
 720 009b 00       		.byte	0
 721 009c 0D       		.uleb128 0xd
 722 009d 2E       		.uleb128 0x2e
 723 009e 01       		.byte	0x1
 724 009f 3F       		.uleb128 0x3f
 725 00a0 19       		.uleb128 0x19
 726 00a1 03       		.uleb128 0x3
ARM GAS  C:\Users\lucbu\AppData\Local\Temp\ccwAdgqa.s 			page 19


 727 00a2 0E       		.uleb128 0xe
 728 00a3 3A       		.uleb128 0x3a
 729 00a4 0B       		.uleb128 0xb
 730 00a5 3B       		.uleb128 0x3b
 731 00a6 0B       		.uleb128 0xb
 732 00a7 27       		.uleb128 0x27
 733 00a8 19       		.uleb128 0x19
 734 00a9 11       		.uleb128 0x11
 735 00aa 01       		.uleb128 0x1
 736 00ab 12       		.uleb128 0x12
 737 00ac 06       		.uleb128 0x6
 738 00ad 40       		.uleb128 0x40
 739 00ae 18       		.uleb128 0x18
 740 00af 9742     		.uleb128 0x2117
 741 00b1 19       		.uleb128 0x19
 742 00b2 01       		.uleb128 0x1
 743 00b3 13       		.uleb128 0x13
 744 00b4 00       		.byte	0
 745 00b5 00       		.byte	0
 746 00b6 0E       		.uleb128 0xe
 747 00b7 0B       		.uleb128 0xb
 748 00b8 01       		.byte	0x1
 749 00b9 11       		.uleb128 0x11
 750 00ba 01       		.uleb128 0x1
 751 00bb 12       		.uleb128 0x12
 752 00bc 06       		.uleb128 0x6
 753 00bd 01       		.uleb128 0x1
 754 00be 13       		.uleb128 0x13
 755 00bf 00       		.byte	0
 756 00c0 00       		.byte	0
 757 00c1 0F       		.uleb128 0xf
 758 00c2 13       		.uleb128 0x13
 759 00c3 01       		.byte	0x1
 760 00c4 0B       		.uleb128 0xb
 761 00c5 0B       		.uleb128 0xb
 762 00c6 3A       		.uleb128 0x3a
 763 00c7 0B       		.uleb128 0xb
 764 00c8 3B       		.uleb128 0x3b
 765 00c9 0B       		.uleb128 0xb
 766 00ca 01       		.uleb128 0x1
 767 00cb 13       		.uleb128 0x13
 768 00cc 00       		.byte	0
 769 00cd 00       		.byte	0
 770 00ce 10       		.uleb128 0x10
 771 00cf 0D       		.uleb128 0xd
 772 00d0 00       		.byte	0
 773 00d1 03       		.uleb128 0x3
 774 00d2 0E       		.uleb128 0xe
 775 00d3 3A       		.uleb128 0x3a
 776 00d4 0B       		.uleb128 0xb
 777 00d5 3B       		.uleb128 0x3b
 778 00d6 0B       		.uleb128 0xb
 779 00d7 49       		.uleb128 0x49
 780 00d8 13       		.uleb128 0x13
 781 00d9 38       		.uleb128 0x38
 782 00da 0B       		.uleb128 0xb
 783 00db 00       		.byte	0
ARM GAS  C:\Users\lucbu\AppData\Local\Temp\ccwAdgqa.s 			page 20


 784 00dc 00       		.byte	0
 785 00dd 11       		.uleb128 0x11
 786 00de 01       		.uleb128 0x1
 787 00df 01       		.byte	0x1
 788 00e0 49       		.uleb128 0x49
 789 00e1 13       		.uleb128 0x13
 790 00e2 01       		.uleb128 0x1
 791 00e3 13       		.uleb128 0x13
 792 00e4 00       		.byte	0
 793 00e5 00       		.byte	0
 794 00e6 12       		.uleb128 0x12
 795 00e7 21       		.uleb128 0x21
 796 00e8 00       		.byte	0
 797 00e9 49       		.uleb128 0x49
 798 00ea 13       		.uleb128 0x13
 799 00eb 2F       		.uleb128 0x2f
 800 00ec 0B       		.uleb128 0xb
 801 00ed 00       		.byte	0
 802 00ee 00       		.byte	0
 803 00ef 13       		.uleb128 0x13
 804 00f0 26       		.uleb128 0x26
 805 00f1 00       		.byte	0
 806 00f2 49       		.uleb128 0x49
 807 00f3 13       		.uleb128 0x13
 808 00f4 00       		.byte	0
 809 00f5 00       		.byte	0
 810 00f6 14       		.uleb128 0x14
 811 00f7 34       		.uleb128 0x34
 812 00f8 00       		.byte	0
 813 00f9 03       		.uleb128 0x3
 814 00fa 0E       		.uleb128 0xe
 815 00fb 3A       		.uleb128 0x3a
 816 00fc 0B       		.uleb128 0xb
 817 00fd 3B       		.uleb128 0x3b
 818 00fe 0B       		.uleb128 0xb
 819 00ff 49       		.uleb128 0x49
 820 0100 13       		.uleb128 0x13
 821 0101 02       		.uleb128 0x2
 822 0102 18       		.uleb128 0x18
 823 0103 00       		.byte	0
 824 0104 00       		.byte	0
 825 0105 15       		.uleb128 0x15
 826 0106 34       		.uleb128 0x34
 827 0107 00       		.byte	0
 828 0108 03       		.uleb128 0x3
 829 0109 08       		.uleb128 0x8
 830 010a 3A       		.uleb128 0x3a
 831 010b 0B       		.uleb128 0xb
 832 010c 3B       		.uleb128 0x3b
 833 010d 0B       		.uleb128 0xb
 834 010e 49       		.uleb128 0x49
 835 010f 13       		.uleb128 0x13
 836 0110 02       		.uleb128 0x2
 837 0111 17       		.uleb128 0x17
 838 0112 00       		.byte	0
 839 0113 00       		.byte	0
 840 0114 16       		.uleb128 0x16
ARM GAS  C:\Users\lucbu\AppData\Local\Temp\ccwAdgqa.s 			page 21


 841 0115 0B       		.uleb128 0xb
 842 0116 01       		.byte	0x1
 843 0117 11       		.uleb128 0x11
 844 0118 01       		.uleb128 0x1
 845 0119 12       		.uleb128 0x12
 846 011a 06       		.uleb128 0x6
 847 011b 00       		.byte	0
 848 011c 00       		.byte	0
 849 011d 17       		.uleb128 0x17
 850 011e 34       		.uleb128 0x34
 851 011f 00       		.byte	0
 852 0120 03       		.uleb128 0x3
 853 0121 08       		.uleb128 0x8
 854 0122 3A       		.uleb128 0x3a
 855 0123 0B       		.uleb128 0xb
 856 0124 3B       		.uleb128 0x3b
 857 0125 05       		.uleb128 0x5
 858 0126 49       		.uleb128 0x49
 859 0127 13       		.uleb128 0x13
 860 0128 02       		.uleb128 0x2
 861 0129 17       		.uleb128 0x17
 862 012a 00       		.byte	0
 863 012b 00       		.byte	0
 864 012c 18       		.uleb128 0x18
 865 012d 0F       		.uleb128 0xf
 866 012e 00       		.byte	0
 867 012f 0B       		.uleb128 0xb
 868 0130 0B       		.uleb128 0xb
 869 0131 49       		.uleb128 0x49
 870 0132 13       		.uleb128 0x13
 871 0133 00       		.byte	0
 872 0134 00       		.byte	0
 873 0135 19       		.uleb128 0x19
 874 0136 898201   		.uleb128 0x4109
 875 0139 00       		.byte	0
 876 013a 11       		.uleb128 0x11
 877 013b 01       		.uleb128 0x1
 878 013c 31       		.uleb128 0x31
 879 013d 13       		.uleb128 0x13
 880 013e 00       		.byte	0
 881 013f 00       		.byte	0
 882 0140 1A       		.uleb128 0x1a
 883 0141 2E       		.uleb128 0x2e
 884 0142 00       		.byte	0
 885 0143 3F       		.uleb128 0x3f
 886 0144 19       		.uleb128 0x19
 887 0145 3C       		.uleb128 0x3c
 888 0146 19       		.uleb128 0x19
 889 0147 6E       		.uleb128 0x6e
 890 0148 0E       		.uleb128 0xe
 891 0149 03       		.uleb128 0x3
 892 014a 0E       		.uleb128 0xe
 893 014b 00       		.byte	0
 894 014c 00       		.byte	0
 895 014d 1B       		.uleb128 0x1b
 896 014e 2E       		.uleb128 0x2e
 897 014f 00       		.byte	0
ARM GAS  C:\Users\lucbu\AppData\Local\Temp\ccwAdgqa.s 			page 22


 898 0150 3F       		.uleb128 0x3f
 899 0151 19       		.uleb128 0x19
 900 0152 3C       		.uleb128 0x3c
 901 0153 19       		.uleb128 0x19
 902 0154 6E       		.uleb128 0x6e
 903 0155 0E       		.uleb128 0xe
 904 0156 03       		.uleb128 0x3
 905 0157 0E       		.uleb128 0xe
 906 0158 3A       		.uleb128 0x3a
 907 0159 0B       		.uleb128 0xb
 908 015a 3B       		.uleb128 0x3b
 909 015b 0B       		.uleb128 0xb
 910 015c 00       		.byte	0
 911 015d 00       		.byte	0
 912 015e 00       		.byte	0
 913              		.section	.debug_loc,"",%progbits
 914              	.Ldebug_loc0:
 915              	.LLST0:
 916 0000 00000000 		.4byte	.LVL0
 917 0004 09000000 		.4byte	.LVL2-1
 918 0008 0100     		.2byte	0x1
 919 000a 50       		.byte	0x50
 920 000b 09000000 		.4byte	.LVL2-1
 921 000f 0C000000 		.4byte	.LFE0
 922 0013 0400     		.2byte	0x4
 923 0015 F3       		.byte	0xf3
 924 0016 01       		.uleb128 0x1
 925 0017 50       		.byte	0x50
 926 0018 9F       		.byte	0x9f
 927 0019 00000000 		.4byte	0
 928 001d 00000000 		.4byte	0
 929              	.LLST1:
 930 0021 00000000 		.4byte	.LVL0
 931 0025 06000000 		.4byte	.LVL1
 932 0029 0100     		.2byte	0x1
 933 002b 51       		.byte	0x51
 934 002c 06000000 		.4byte	.LVL1
 935 0030 09000000 		.4byte	.LVL2-1
 936 0034 0100     		.2byte	0x1
 937 0036 52       		.byte	0x52
 938 0037 09000000 		.4byte	.LVL2-1
 939 003b 0C000000 		.4byte	.LFE0
 940 003f 0400     		.2byte	0x4
 941 0041 F3       		.byte	0xf3
 942 0042 01       		.uleb128 0x1
 943 0043 51       		.byte	0x51
 944 0044 9F       		.byte	0x9f
 945 0045 00000000 		.4byte	0
 946 0049 00000000 		.4byte	0
 947              	.LLST2:
 948 004d 54000000 		.4byte	.LVL6
 949 0051 58000000 		.4byte	.LVL7
 950 0055 0200     		.2byte	0x2
 951 0057 30       		.byte	0x30
 952 0058 9F       		.byte	0x9f
 953 0059 58000000 		.4byte	.LVL7
 954 005d 76000000 		.4byte	.LVL9
ARM GAS  C:\Users\lucbu\AppData\Local\Temp\ccwAdgqa.s 			page 23


 955 0061 0100     		.2byte	0x1
 956 0063 54       		.byte	0x54
 957 0064 78000000 		.4byte	.LVL10
 958 0068 C4000000 		.4byte	.LVL12
 959 006c 0100     		.2byte	0x1
 960 006e 54       		.byte	0x54
 961 006f 00000000 		.4byte	0
 962 0073 00000000 		.4byte	0
 963              	.LLST3:
 964 0077 58000000 		.4byte	.LVL7
 965 007b 76000000 		.4byte	.LVL9
 966 007f 0B00     		.2byte	0xb
 967 0081 74       		.byte	0x74
 968 0082 00       		.sleb128 0
 969 0083 36       		.byte	0x36
 970 0084 1E       		.byte	0x1e
 971 0085 03       		.byte	0x3
 972 0086 00000000 		.4byte	cfg_memset_list.4847
 973 008a 22       		.byte	0x22
 974 008b 9F       		.byte	0x9f
 975 008c 76000000 		.4byte	.LVL9
 976 0090 78000000 		.4byte	.LVL10
 977 0094 0B00     		.2byte	0xb
 978 0096 74       		.byte	0x74
 979 0097 7F       		.sleb128 -1
 980 0098 36       		.byte	0x36
 981 0099 1E       		.byte	0x1e
 982 009a 03       		.byte	0x3
 983 009b 00000000 		.4byte	cfg_memset_list.4847
 984 009f 22       		.byte	0x22
 985 00a0 9F       		.byte	0x9f
 986 00a1 00000000 		.4byte	0
 987 00a5 00000000 		.4byte	0
 988              		.section	.debug_aranges,"",%progbits
 989 0000 2C000000 		.4byte	0x2c
 990 0004 0200     		.2byte	0x2
 991 0006 00000000 		.4byte	.Ldebug_info0
 992 000a 04       		.byte	0x4
 993 000b 00       		.byte	0
 994 000c 0000     		.2byte	0
 995 000e 0000     		.2byte	0
 996 0010 00000000 		.4byte	.LFB0
 997 0014 0C000000 		.4byte	.LFE0-.LFB0
 998 0018 00000000 		.4byte	.LFB3
 999 001c 50000000 		.4byte	.LFE3-.LFB3
 1000 0020 50000000 		.4byte	.LFB5
 1001 0024 A4000000 		.4byte	.LFE5-.LFB5
 1002 0028 00000000 		.4byte	0
 1003 002c 00000000 		.4byte	0
 1004              		.section	.debug_ranges,"",%progbits
 1005              	.Ldebug_ranges0:
 1006 0000 00000000 		.4byte	.LFB0
 1007 0004 0C000000 		.4byte	.LFE0
 1008 0008 00000000 		.4byte	.LFB3
 1009 000c 50000000 		.4byte	.LFE3
 1010 0010 50000000 		.4byte	.LFB5
 1011 0014 F4000000 		.4byte	.LFE5
ARM GAS  C:\Users\lucbu\AppData\Local\Temp\ccwAdgqa.s 			page 24


 1012 0018 00000000 		.4byte	0
 1013 001c 00000000 		.4byte	0
 1014              		.section	.debug_line,"",%progbits
 1015              	.Ldebug_line0:
 1016 0000 2B010000 		.section	.debug_str,"MS",%progbits,1
 1016      0200D600 
 1016      00000201 
 1016      FB0E0D00 
 1016      01010101 
 1017              	.LASF19:
 1018 0000 72656733 		.ascii	"reg32\000"
 1018      3200
 1019              	.LASF12:
 1020 0006 73697A65 		.ascii	"size_t\000"
 1020      5F7400
 1021              	.LASF27:
 1022 000d 4379496E 		.ascii	"CyIntSetVector\000"
 1022      74536574 
 1022      56656374 
 1022      6F7200
 1023              	.LASF25:
 1024 001c 6366675F 		.ascii	"cfg_memset_list\000"
 1024      6D656D73 
 1024      65745F6C 
 1024      69737400 
 1025              	.LASF21:
 1026 002c 436C6F63 		.ascii	"ClockSetup\000"
 1026      6B536574 
 1026      757000
 1027              	.LASF6:
 1028 0037 73686F72 		.ascii	"short unsigned int\000"
 1028      7420756E 
 1028      7369676E 
 1028      65642069 
 1028      6E7400
 1029              	.LASF16:
 1030 004a 666C6F61 		.ascii	"float\000"
 1030      7400
 1031              	.LASF23:
 1032 0050 73697A65 		.ascii	"size\000"
 1032      00
 1033              	.LASF18:
 1034 0055 72656738 		.ascii	"reg8\000"
 1034      00
 1035              	.LASF8:
 1036 005a 6C6F6E67 		.ascii	"long unsigned int\000"
 1036      20756E73 
 1036      69676E65 
 1036      6420696E 
 1036      7400
 1037              	.LASF13:
 1038 006c 75696E74 		.ascii	"uint8\000"
 1038      3800
 1039              	.LASF20:
 1040 0072 43594D45 		.ascii	"CYMEMZERO\000"
 1040      4D5A4552 
 1040      4F00
ARM GAS  C:\Users\lucbu\AppData\Local\Temp\ccwAdgqa.s 			page 25


 1041              	.LASF31:
 1042 007c 433A5C55 		.ascii	"C:\\Users\\lucbu\\OneDrive\\Documents\\GitHub\\BLDC"
 1042      73657273 
 1042      5C6C7563 
 1042      62755C4F 
 1042      6E654472 
 1043 00a9 5F4D6F74 		.ascii	"_Motor_Board_PY2023\\BLDCWorkspace_PSoC\\Design01.c"
 1043      6F725F42 
 1043      6F617264 
 1043      5F505932 
 1043      3032335C 
 1044 00da 7964736E 		.ascii	"ydsn\000"
 1044      00
 1045              	.LASF4:
 1046 00df 756E7369 		.ascii	"unsigned char\000"
 1046      676E6564 
 1046      20636861 
 1046      7200
 1047              	.LASF33:
 1048 00ed 6D656D73 		.ascii	"memset\000"
 1048      657400
 1049              	.LASF17:
 1050 00f4 646F7562 		.ascii	"double\000"
 1050      6C6500
 1051              	.LASF28:
 1052 00fb 4379496E 		.ascii	"CyIntEnable\000"
 1052      74456E61 
 1052      626C6500 
 1053              	.LASF14:
 1054 0107 75696E74 		.ascii	"uint16\000"
 1054      313600
 1055              	.LASF15:
 1056 010e 75696E74 		.ascii	"uint32\000"
 1056      333200
 1057              	.LASF0:
 1058 0115 756E7369 		.ascii	"unsigned int\000"
 1058      676E6564 
 1058      20696E74 
 1058      00
 1059              	.LASF32:
 1060 0122 63796669 		.ascii	"cyfitter_cfg\000"
 1060      74746572 
 1060      5F636667 
 1060      00
 1061              	.LASF22:
 1062 012f 61646472 		.ascii	"address\000"
 1062      65737300 
 1063              	.LASF9:
 1064 0137 6C6F6E67 		.ascii	"long long unsigned int\000"
 1064      206C6F6E 
 1064      6720756E 
 1064      7369676E 
 1064      65642069 
 1065              	.LASF29:
 1066 014e 474E5520 		.ascii	"GNU C11 5.4.1 20160609 (release) [ARM/embedded-5-br"
 1066      43313120 
 1066      352E342E 
ARM GAS  C:\Users\lucbu\AppData\Local\Temp\ccwAdgqa.s 			page 26


 1066      31203230 
 1066      31363036 
 1067 0181 616E6368 		.ascii	"anch revision 237715] -mcpu=cortex-m0 -mthumb -g -O"
 1067      20726576 
 1067      6973696F 
 1067      6E203233 
 1067      37373135 
 1068 01b4 67202D66 		.ascii	"g -ffunction-sections -ffat-lto-objects\000"
 1068      66756E63 
 1068      74696F6E 
 1068      2D736563 
 1068      74696F6E 
 1069              	.LASF24:
 1070 01dc 6366675F 		.ascii	"cfg_memset_t\000"
 1070      6D656D73 
 1070      65745F74 
 1070      00
 1071              	.LASF10:
 1072 01e9 73697A65 		.ascii	"sizetype\000"
 1072      74797065 
 1072      00
 1073              	.LASF1:
 1074 01f2 6C6F6E67 		.ascii	"long long int\000"
 1074      206C6F6E 
 1074      6720696E 
 1074      7400
 1075              	.LASF11:
 1076 0200 63686172 		.ascii	"char\000"
 1076      00
 1077              	.LASF5:
 1078 0205 73686F72 		.ascii	"short int\000"
 1078      7420696E 
 1078      7400
 1079              	.LASF26:
 1080 020f 43795379 		.ascii	"CySysClkWriteImoFreq\000"
 1080      73436C6B 
 1080      57726974 
 1080      65496D6F 
 1080      46726571 
 1081              	.LASF7:
 1082 0224 6C6F6E67 		.ascii	"long int\000"
 1082      20696E74 
 1082      00
 1083              	.LASF2:
 1084 022d 6C6F6E67 		.ascii	"long double\000"
 1084      20646F75 
 1084      626C6500 
 1085              	.LASF3:
 1086 0239 7369676E 		.ascii	"signed char\000"
 1086      65642063 
 1086      68617200 
 1087              	.LASF30:
 1088 0245 47656E65 		.ascii	"Generated_Source\\PSoC4\\cyfitter_cfg.c\000"
 1088      72617465 
 1088      645F536F 
 1088      75726365 
 1088      5C50536F 
ARM GAS  C:\Users\lucbu\AppData\Local\Temp\ccwAdgqa.s 			page 27


 1089              		.ident	"GCC: (GNU Tools for ARM Embedded Processors) 5.4.1 20160609 (release) [ARM/embedded-5-bran
