ARM GAS  C:\Users\lucbu\AppData\Local\Temp\ccRZ9paw.s 			page 1


   1              		.syntax unified
   2              		.cpu cortex-m0
   3              		.fpu softvfp
   4              		.eabi_attribute 20, 1
   5              		.eabi_attribute 21, 1
   6              		.eabi_attribute 23, 3
   7              		.eabi_attribute 24, 1
   8              		.eabi_attribute 25, 1
   9              		.eabi_attribute 26, 1
  10              		.eabi_attribute 30, 1
  11              		.eabi_attribute 34, 0
  12              		.eabi_attribute 18, 4
  13              		.thumb
  14              		.syntax unified
  15              		.file	"main.c"
  16              		.text
  17              	.Ltext0:
  18              		.cfi_sections	.debug_frame
  19              		.section	.text.main,"ax",%progbits
  20              		.align	2
  21              		.global	main
  22              		.code	16
  23              		.thumb_func
  24              		.type	main, %function
  25              	main:
  26              	.LFB32:
  27              		.file 1 "main.c"
   1:main.c        **** /* ========================================
   2:main.c        ****  *
   3:main.c        ****  * Copyright YOUR COMPANY, THE YEAR
   4:main.c        ****  * All Rights Reserved
   5:main.c        ****  * UNPUBLISHED, LICENSED SOFTWARE.
   6:main.c        ****  *
   7:main.c        ****  * CONFIDENTIAL AND PROPRIETARY INFORMATION
   8:main.c        ****  * WHICH IS THE PROPERTY OF your company.
   9:main.c        ****  *
  10:main.c        ****  * ========================================
  11:main.c        **** */
  12:main.c        **** #include "project.h"
  13:main.c        **** 
  14:main.c        **** int main(void)
  15:main.c        **** {
  28              		.loc 1 15 0
  29              		.cfi_startproc
  30              		@ Volatile: function does not return.
  31              		@ args = 0, pretend = 0, frame = 0
  32              		@ frame_needed = 0, uses_anonymous_args = 0
  33 0000 10B5     		push	{r4, lr}
  34              		.cfi_def_cfa_offset 8
  35              		.cfi_offset 4, -8
  36              		.cfi_offset 14, -4
  16:main.c        ****     CyGlobalIntEnable; /* Enable global interrupts. */
  37              		.loc 1 16 0
  38              		.syntax divided
  39              	@ 16 "main.c" 1
  40 0002 62B6     		CPSIE   i
  41              	@ 0 "" 2
ARM GAS  C:\Users\lucbu\AppData\Local\Temp\ccRZ9paw.s 			page 2


  42              		.thumb
  43              		.syntax unified
  44              	.L2:
  17:main.c        **** 
  18:main.c        ****     /* Place your initialization/startup code here (e.g. MyInst_Start()) */
  19:main.c        **** 
  20:main.c        ****     for(;;)
  21:main.c        ****     {
  22:main.c        ****         Pin_Red_Write( ~ Pin_Red_Read() );
  45              		.loc 1 22 0 discriminator 1
  46 0004 FFF7FEFF 		bl	Pin_Red_Read
  47              	.LVL0:
  48 0008 C043     		mvns	r0, r0
  49 000a C0B2     		uxtb	r0, r0
  50 000c FFF7FEFF 		bl	Pin_Red_Write
  51              	.LVL1:
  23:main.c        ****         CyDelay( 500);
  52              		.loc 1 23 0 discriminator 1
  53 0010 FA24     		movs	r4, #250
  54 0012 6400     		lsls	r4, r4, #1
  55 0014 2000     		movs	r0, r4
  56 0016 FFF7FEFF 		bl	CyDelay
  57              	.LVL2:
  24:main.c        ****         Pin_Red_Write(0);
  58              		.loc 1 24 0 discriminator 1
  59 001a 0020     		movs	r0, #0
  60 001c FFF7FEFF 		bl	Pin_Red_Write
  61              	.LVL3:
  25:main.c        ****         Pin_Green_Write( ~ Pin_Green_Read() );
  62              		.loc 1 25 0 discriminator 1
  63 0020 FFF7FEFF 		bl	Pin_Green_Read
  64              	.LVL4:
  65 0024 C043     		mvns	r0, r0
  66 0026 C0B2     		uxtb	r0, r0
  67 0028 FFF7FEFF 		bl	Pin_Green_Write
  68              	.LVL5:
  26:main.c        ****         CyDelay( 500);
  69              		.loc 1 26 0 discriminator 1
  70 002c 2000     		movs	r0, r4
  71 002e FFF7FEFF 		bl	CyDelay
  72              	.LVL6:
  27:main.c        ****         Pin_Green_Write(0);
  73              		.loc 1 27 0 discriminator 1
  74 0032 0020     		movs	r0, #0
  75 0034 FFF7FEFF 		bl	Pin_Green_Write
  76              	.LVL7:
  28:main.c        ****         Pin_Blue_Write( ~ Pin_Blue_Read() );
  77              		.loc 1 28 0 discriminator 1
  78 0038 FFF7FEFF 		bl	Pin_Blue_Read
  79              	.LVL8:
  80 003c C043     		mvns	r0, r0
  81 003e C0B2     		uxtb	r0, r0
  82 0040 FFF7FEFF 		bl	Pin_Blue_Write
  83              	.LVL9:
  29:main.c        ****         CyDelay( 500);
  84              		.loc 1 29 0 discriminator 1
  85 0044 2000     		movs	r0, r4
ARM GAS  C:\Users\lucbu\AppData\Local\Temp\ccRZ9paw.s 			page 3


  86 0046 FFF7FEFF 		bl	CyDelay
  87              	.LVL10:
  30:main.c        ****         Pin_Blue_Write(0);
  88              		.loc 1 30 0 discriminator 1
  89 004a 0020     		movs	r0, #0
  90 004c FFF7FEFF 		bl	Pin_Blue_Write
  91              	.LVL11:
  92 0050 D8E7     		b	.L2
  93              		.cfi_endproc
  94              	.LFE32:
  95              		.size	main, .-main
  96 0052 C046     		.text
  97              	.Letext0:
  98              		.file 2 "Generated_Source\\PSoC4/Pin_Red.h"
  99              		.file 3 "Generated_Source\\PSoC4/CyLib.h"
 100              		.file 4 "Generated_Source\\PSoC4/Pin_Green.h"
 101              		.file 5 "Generated_Source\\PSoC4/Pin_Blue.h"
 102              		.section	.debug_info,"",%progbits
 103              	.Ldebug_info0:
 104 0000 99010000 		.4byte	0x199
 105 0004 0400     		.2byte	0x4
 106 0006 00000000 		.4byte	.Ldebug_abbrev0
 107 000a 04       		.byte	0x4
 108 000b 01       		.uleb128 0x1
 109 000c B0000000 		.4byte	.LASF21
 110 0010 0C       		.byte	0xc
 111 0011 1E000000 		.4byte	.LASF22
 112 0015 5D010000 		.4byte	.LASF23
 113 0019 00000000 		.4byte	.Ldebug_ranges0+0
 114 001d 00000000 		.4byte	0
 115 0021 00000000 		.4byte	.Ldebug_line0
 116 0025 02       		.uleb128 0x2
 117 0026 01       		.byte	0x1
 118 0027 06       		.byte	0x6
 119 0028 51010000 		.4byte	.LASF0
 120 002c 02       		.uleb128 0x2
 121 002d 01       		.byte	0x1
 122 002e 08       		.byte	0x8
 123 002f 7E000000 		.4byte	.LASF1
 124 0033 02       		.uleb128 0x2
 125 0034 02       		.byte	0x2
 126 0035 05       		.byte	0x5
 127 0036 E7010000 		.4byte	.LASF2
 128 003a 02       		.uleb128 0x2
 129 003b 02       		.byte	0x2
 130 003c 07       		.byte	0x7
 131 003d 3E010000 		.4byte	.LASF3
 132 0041 02       		.uleb128 0x2
 133 0042 04       		.byte	0x4
 134 0043 05       		.byte	0x5
 135 0044 91000000 		.4byte	.LASF4
 136 0048 02       		.uleb128 0x2
 137 0049 04       		.byte	0x4
 138 004a 07       		.byte	0x7
 139 004b 41000000 		.4byte	.LASF5
 140 004f 02       		.uleb128 0x2
 141 0050 08       		.byte	0x8
ARM GAS  C:\Users\lucbu\AppData\Local\Temp\ccRZ9paw.s 			page 4


 142 0051 05       		.byte	0x5
 143 0052 00000000 		.4byte	.LASF6
 144 0056 02       		.uleb128 0x2
 145 0057 08       		.byte	0x8
 146 0058 07       		.byte	0x7
 147 0059 53000000 		.4byte	.LASF7
 148 005d 03       		.uleb128 0x3
 149 005e 04       		.byte	0x4
 150 005f 05       		.byte	0x5
 151 0060 696E7400 		.ascii	"int\000"
 152 0064 02       		.uleb128 0x2
 153 0065 04       		.byte	0x4
 154 0066 07       		.byte	0x7
 155 0067 F1010000 		.4byte	.LASF8
 156 006b 02       		.uleb128 0x2
 157 006c 04       		.byte	0x4
 158 006d 04       		.byte	0x4
 159 006e 6A000000 		.4byte	.LASF9
 160 0072 02       		.uleb128 0x2
 161 0073 08       		.byte	0x8
 162 0074 04       		.byte	0x4
 163 0075 A9000000 		.4byte	.LASF10
 164 0079 02       		.uleb128 0x2
 165 007a 01       		.byte	0x1
 166 007b 08       		.byte	0x8
 167 007c 8C000000 		.4byte	.LASF11
 168 0080 02       		.uleb128 0x2
 169 0081 04       		.byte	0x4
 170 0082 07       		.byte	0x7
 171 0083 FE010000 		.4byte	.LASF12
 172 0087 02       		.uleb128 0x2
 173 0088 08       		.byte	0x8
 174 0089 04       		.byte	0x4
 175 008a C0010000 		.4byte	.LASF13
 176 008e 04       		.uleb128 0x4
 177 008f 34000000 		.4byte	.LASF24
 178 0093 01       		.byte	0x1
 179 0094 0E       		.byte	0xe
 180 0095 5D000000 		.4byte	0x5d
 181 0099 00000000 		.4byte	.LFB32
 182 009d 52000000 		.4byte	.LFE32-.LFB32
 183 00a1 01       		.uleb128 0x1
 184 00a2 9C       		.byte	0x9c
 185 00a3 4F010000 		.4byte	0x14f
 186 00a7 05       		.uleb128 0x5
 187 00a8 08000000 		.4byte	.LVL0
 188 00ac 4F010000 		.4byte	0x14f
 189 00b0 05       		.uleb128 0x5
 190 00b1 10000000 		.4byte	.LVL1
 191 00b5 5A010000 		.4byte	0x15a
 192 00b9 06       		.uleb128 0x6
 193 00ba 1A000000 		.4byte	.LVL2
 194 00be 65010000 		.4byte	0x165
 195 00c2 CD000000 		.4byte	0xcd
 196 00c6 07       		.uleb128 0x7
 197 00c7 01       		.uleb128 0x1
 198 00c8 50       		.byte	0x50
ARM GAS  C:\Users\lucbu\AppData\Local\Temp\ccRZ9paw.s 			page 5


 199 00c9 02       		.uleb128 0x2
 200 00ca 74       		.byte	0x74
 201 00cb 00       		.sleb128 0
 202 00cc 00       		.byte	0
 203 00cd 06       		.uleb128 0x6
 204 00ce 20000000 		.4byte	.LVL3
 205 00d2 5A010000 		.4byte	0x15a
 206 00d6 E0000000 		.4byte	0xe0
 207 00da 07       		.uleb128 0x7
 208 00db 01       		.uleb128 0x1
 209 00dc 50       		.byte	0x50
 210 00dd 01       		.uleb128 0x1
 211 00de 30       		.byte	0x30
 212 00df 00       		.byte	0
 213 00e0 05       		.uleb128 0x5
 214 00e1 24000000 		.4byte	.LVL4
 215 00e5 70010000 		.4byte	0x170
 216 00e9 05       		.uleb128 0x5
 217 00ea 2C000000 		.4byte	.LVL5
 218 00ee 7B010000 		.4byte	0x17b
 219 00f2 06       		.uleb128 0x6
 220 00f3 32000000 		.4byte	.LVL6
 221 00f7 65010000 		.4byte	0x165
 222 00fb 06010000 		.4byte	0x106
 223 00ff 07       		.uleb128 0x7
 224 0100 01       		.uleb128 0x1
 225 0101 50       		.byte	0x50
 226 0102 02       		.uleb128 0x2
 227 0103 74       		.byte	0x74
 228 0104 00       		.sleb128 0
 229 0105 00       		.byte	0
 230 0106 06       		.uleb128 0x6
 231 0107 38000000 		.4byte	.LVL7
 232 010b 7B010000 		.4byte	0x17b
 233 010f 19010000 		.4byte	0x119
 234 0113 07       		.uleb128 0x7
 235 0114 01       		.uleb128 0x1
 236 0115 50       		.byte	0x50
 237 0116 01       		.uleb128 0x1
 238 0117 30       		.byte	0x30
 239 0118 00       		.byte	0
 240 0119 05       		.uleb128 0x5
 241 011a 3C000000 		.4byte	.LVL8
 242 011e 86010000 		.4byte	0x186
 243 0122 05       		.uleb128 0x5
 244 0123 44000000 		.4byte	.LVL9
 245 0127 91010000 		.4byte	0x191
 246 012b 06       		.uleb128 0x6
 247 012c 4A000000 		.4byte	.LVL10
 248 0130 65010000 		.4byte	0x165
 249 0134 3F010000 		.4byte	0x13f
 250 0138 07       		.uleb128 0x7
 251 0139 01       		.uleb128 0x1
 252 013a 50       		.byte	0x50
 253 013b 02       		.uleb128 0x2
 254 013c 74       		.byte	0x74
 255 013d 00       		.sleb128 0
ARM GAS  C:\Users\lucbu\AppData\Local\Temp\ccRZ9paw.s 			page 6


 256 013e 00       		.byte	0
 257 013f 08       		.uleb128 0x8
 258 0140 50000000 		.4byte	.LVL11
 259 0144 91010000 		.4byte	0x191
 260 0148 07       		.uleb128 0x7
 261 0149 01       		.uleb128 0x1
 262 014a 50       		.byte	0x50
 263 014b 01       		.uleb128 0x1
 264 014c 30       		.byte	0x30
 265 014d 00       		.byte	0
 266 014e 00       		.byte	0
 267 014f 09       		.uleb128 0x9
 268 0150 DA010000 		.4byte	.LASF14
 269 0154 DA010000 		.4byte	.LASF14
 270 0158 02       		.byte	0x2
 271 0159 32       		.byte	0x32
 272 015a 09       		.uleb128 0x9
 273 015b 70000000 		.4byte	.LASF15
 274 015f 70000000 		.4byte	.LASF15
 275 0163 02       		.byte	0x2
 276 0164 33       		.byte	0x33
 277 0165 09       		.uleb128 0x9
 278 0166 39000000 		.4byte	.LASF16
 279 016a 39000000 		.4byte	.LASF16
 280 016e 03       		.byte	0x3
 281 016f EC       		.byte	0xec
 282 0170 09       		.uleb128 0x9
 283 0171 9A000000 		.4byte	.LASF17
 284 0175 9A000000 		.4byte	.LASF17
 285 0179 04       		.byte	0x4
 286 017a 32       		.byte	0x32
 287 017b 09       		.uleb128 0x9
 288 017c 0E000000 		.4byte	.LASF18
 289 0180 0E000000 		.4byte	.LASF18
 290 0184 04       		.byte	0x4
 291 0185 33       		.byte	0x33
 292 0186 09       		.uleb128 0x9
 293 0187 CC010000 		.4byte	.LASF19
 294 018b CC010000 		.4byte	.LASF19
 295 018f 05       		.byte	0x5
 296 0190 32       		.byte	0x32
 297 0191 09       		.uleb128 0x9
 298 0192 25000000 		.4byte	.LASF20
 299 0196 25000000 		.4byte	.LASF20
 300 019a 05       		.byte	0x5
 301 019b 33       		.byte	0x33
 302 019c 00       		.byte	0
 303              		.section	.debug_abbrev,"",%progbits
 304              	.Ldebug_abbrev0:
 305 0000 01       		.uleb128 0x1
 306 0001 11       		.uleb128 0x11
 307 0002 01       		.byte	0x1
 308 0003 25       		.uleb128 0x25
 309 0004 0E       		.uleb128 0xe
 310 0005 13       		.uleb128 0x13
 311 0006 0B       		.uleb128 0xb
 312 0007 03       		.uleb128 0x3
ARM GAS  C:\Users\lucbu\AppData\Local\Temp\ccRZ9paw.s 			page 7


 313 0008 0E       		.uleb128 0xe
 314 0009 1B       		.uleb128 0x1b
 315 000a 0E       		.uleb128 0xe
 316 000b 55       		.uleb128 0x55
 317 000c 17       		.uleb128 0x17
 318 000d 11       		.uleb128 0x11
 319 000e 01       		.uleb128 0x1
 320 000f 10       		.uleb128 0x10
 321 0010 17       		.uleb128 0x17
 322 0011 00       		.byte	0
 323 0012 00       		.byte	0
 324 0013 02       		.uleb128 0x2
 325 0014 24       		.uleb128 0x24
 326 0015 00       		.byte	0
 327 0016 0B       		.uleb128 0xb
 328 0017 0B       		.uleb128 0xb
 329 0018 3E       		.uleb128 0x3e
 330 0019 0B       		.uleb128 0xb
 331 001a 03       		.uleb128 0x3
 332 001b 0E       		.uleb128 0xe
 333 001c 00       		.byte	0
 334 001d 00       		.byte	0
 335 001e 03       		.uleb128 0x3
 336 001f 24       		.uleb128 0x24
 337 0020 00       		.byte	0
 338 0021 0B       		.uleb128 0xb
 339 0022 0B       		.uleb128 0xb
 340 0023 3E       		.uleb128 0x3e
 341 0024 0B       		.uleb128 0xb
 342 0025 03       		.uleb128 0x3
 343 0026 08       		.uleb128 0x8
 344 0027 00       		.byte	0
 345 0028 00       		.byte	0
 346 0029 04       		.uleb128 0x4
 347 002a 2E       		.uleb128 0x2e
 348 002b 01       		.byte	0x1
 349 002c 3F       		.uleb128 0x3f
 350 002d 19       		.uleb128 0x19
 351 002e 03       		.uleb128 0x3
 352 002f 0E       		.uleb128 0xe
 353 0030 3A       		.uleb128 0x3a
 354 0031 0B       		.uleb128 0xb
 355 0032 3B       		.uleb128 0x3b
 356 0033 0B       		.uleb128 0xb
 357 0034 27       		.uleb128 0x27
 358 0035 19       		.uleb128 0x19
 359 0036 49       		.uleb128 0x49
 360 0037 13       		.uleb128 0x13
 361 0038 8701     		.uleb128 0x87
 362 003a 19       		.uleb128 0x19
 363 003b 11       		.uleb128 0x11
 364 003c 01       		.uleb128 0x1
 365 003d 12       		.uleb128 0x12
 366 003e 06       		.uleb128 0x6
 367 003f 40       		.uleb128 0x40
 368 0040 18       		.uleb128 0x18
 369 0041 9742     		.uleb128 0x2117
ARM GAS  C:\Users\lucbu\AppData\Local\Temp\ccRZ9paw.s 			page 8


 370 0043 19       		.uleb128 0x19
 371 0044 01       		.uleb128 0x1
 372 0045 13       		.uleb128 0x13
 373 0046 00       		.byte	0
 374 0047 00       		.byte	0
 375 0048 05       		.uleb128 0x5
 376 0049 898201   		.uleb128 0x4109
 377 004c 00       		.byte	0
 378 004d 11       		.uleb128 0x11
 379 004e 01       		.uleb128 0x1
 380 004f 31       		.uleb128 0x31
 381 0050 13       		.uleb128 0x13
 382 0051 00       		.byte	0
 383 0052 00       		.byte	0
 384 0053 06       		.uleb128 0x6
 385 0054 898201   		.uleb128 0x4109
 386 0057 01       		.byte	0x1
 387 0058 11       		.uleb128 0x11
 388 0059 01       		.uleb128 0x1
 389 005a 31       		.uleb128 0x31
 390 005b 13       		.uleb128 0x13
 391 005c 01       		.uleb128 0x1
 392 005d 13       		.uleb128 0x13
 393 005e 00       		.byte	0
 394 005f 00       		.byte	0
 395 0060 07       		.uleb128 0x7
 396 0061 8A8201   		.uleb128 0x410a
 397 0064 00       		.byte	0
 398 0065 02       		.uleb128 0x2
 399 0066 18       		.uleb128 0x18
 400 0067 9142     		.uleb128 0x2111
 401 0069 18       		.uleb128 0x18
 402 006a 00       		.byte	0
 403 006b 00       		.byte	0
 404 006c 08       		.uleb128 0x8
 405 006d 898201   		.uleb128 0x4109
 406 0070 01       		.byte	0x1
 407 0071 11       		.uleb128 0x11
 408 0072 01       		.uleb128 0x1
 409 0073 31       		.uleb128 0x31
 410 0074 13       		.uleb128 0x13
 411 0075 00       		.byte	0
 412 0076 00       		.byte	0
 413 0077 09       		.uleb128 0x9
 414 0078 2E       		.uleb128 0x2e
 415 0079 00       		.byte	0
 416 007a 3F       		.uleb128 0x3f
 417 007b 19       		.uleb128 0x19
 418 007c 3C       		.uleb128 0x3c
 419 007d 19       		.uleb128 0x19
 420 007e 6E       		.uleb128 0x6e
 421 007f 0E       		.uleb128 0xe
 422 0080 03       		.uleb128 0x3
 423 0081 0E       		.uleb128 0xe
 424 0082 3A       		.uleb128 0x3a
 425 0083 0B       		.uleb128 0xb
 426 0084 3B       		.uleb128 0x3b
ARM GAS  C:\Users\lucbu\AppData\Local\Temp\ccRZ9paw.s 			page 9


 427 0085 0B       		.uleb128 0xb
 428 0086 00       		.byte	0
 429 0087 00       		.byte	0
 430 0088 00       		.byte	0
 431              		.section	.debug_aranges,"",%progbits
 432 0000 1C000000 		.4byte	0x1c
 433 0004 0200     		.2byte	0x2
 434 0006 00000000 		.4byte	.Ldebug_info0
 435 000a 04       		.byte	0x4
 436 000b 00       		.byte	0
 437 000c 0000     		.2byte	0
 438 000e 0000     		.2byte	0
 439 0010 00000000 		.4byte	.LFB32
 440 0014 52000000 		.4byte	.LFE32-.LFB32
 441 0018 00000000 		.4byte	0
 442 001c 00000000 		.4byte	0
 443              		.section	.debug_ranges,"",%progbits
 444              	.Ldebug_ranges0:
 445 0000 00000000 		.4byte	.LFB32
 446 0004 52000000 		.4byte	.LFE32
 447 0008 00000000 		.4byte	0
 448 000c 00000000 		.4byte	0
 449              		.section	.debug_line,"",%progbits
 450              	.Ldebug_line0:
 451 0000 AC000000 		.section	.debug_str,"MS",%progbits,1
 451      02006900 
 451      00000201 
 451      FB0E0D00 
 451      01010101 
 452              	.LASF6:
 453 0000 6C6F6E67 		.ascii	"long long int\000"
 453      206C6F6E 
 453      6720696E 
 453      7400
 454              	.LASF18:
 455 000e 50696E5F 		.ascii	"Pin_Green_Write\000"
 455      47726565 
 455      6E5F5772 
 455      69746500 
 456              	.LASF22:
 457 001e 6D61696E 		.ascii	"main.c\000"
 457      2E6300
 458              	.LASF20:
 459 0025 50696E5F 		.ascii	"Pin_Blue_Write\000"
 459      426C7565 
 459      5F577269 
 459      746500
 460              	.LASF24:
 461 0034 6D61696E 		.ascii	"main\000"
 461      00
 462              	.LASF16:
 463 0039 43794465 		.ascii	"CyDelay\000"
 463      6C617900 
 464              	.LASF5:
 465 0041 6C6F6E67 		.ascii	"long unsigned int\000"
 465      20756E73 
 465      69676E65 
ARM GAS  C:\Users\lucbu\AppData\Local\Temp\ccRZ9paw.s 			page 10


 465      6420696E 
 465      7400
 466              	.LASF7:
 467 0053 6C6F6E67 		.ascii	"long long unsigned int\000"
 467      206C6F6E 
 467      6720756E 
 467      7369676E 
 467      65642069 
 468              	.LASF9:
 469 006a 666C6F61 		.ascii	"float\000"
 469      7400
 470              	.LASF15:
 471 0070 50696E5F 		.ascii	"Pin_Red_Write\000"
 471      5265645F 
 471      57726974 
 471      6500
 472              	.LASF1:
 473 007e 756E7369 		.ascii	"unsigned char\000"
 473      676E6564 
 473      20636861 
 473      7200
 474              	.LASF11:
 475 008c 63686172 		.ascii	"char\000"
 475      00
 476              	.LASF4:
 477 0091 6C6F6E67 		.ascii	"long int\000"
 477      20696E74 
 477      00
 478              	.LASF17:
 479 009a 50696E5F 		.ascii	"Pin_Green_Read\000"
 479      47726565 
 479      6E5F5265 
 479      616400
 480              	.LASF10:
 481 00a9 646F7562 		.ascii	"double\000"
 481      6C6500
 482              	.LASF21:
 483 00b0 474E5520 		.ascii	"GNU C11 5.4.1 20160609 (release) [ARM/embedded-5-br"
 483      43313120 
 483      352E342E 
 483      31203230 
 483      31363036 
 484 00e3 616E6368 		.ascii	"anch revision 237715] -mcpu=cortex-m0 -mthumb -g -O"
 484      20726576 
 484      6973696F 
 484      6E203233 
 484      37373135 
 485 0116 67202D66 		.ascii	"g -ffunction-sections -ffat-lto-objects\000"
 485      66756E63 
 485      74696F6E 
 485      2D736563 
 485      74696F6E 
 486              	.LASF3:
 487 013e 73686F72 		.ascii	"short unsigned int\000"
 487      7420756E 
 487      7369676E 
 487      65642069 
ARM GAS  C:\Users\lucbu\AppData\Local\Temp\ccRZ9paw.s 			page 11


 487      6E7400
 488              	.LASF0:
 489 0151 7369676E 		.ascii	"signed char\000"
 489      65642063 
 489      68617200 
 490              	.LASF23:
 491 015d 433A5C55 		.ascii	"C:\\Users\\lucbu\\OneDrive\\Documents\\GitHub\\BLDC"
 491      73657273 
 491      5C6C7563 
 491      62755C4F 
 491      6E654472 
 492 018a 5F4D6F74 		.ascii	"_Motor_Board_PY2023\\BLDCWorkspace_PSoC\\Design01.c"
 492      6F725F42 
 492      6F617264 
 492      5F505932 
 492      3032335C 
 493 01bb 7964736E 		.ascii	"ydsn\000"
 493      00
 494              	.LASF13:
 495 01c0 6C6F6E67 		.ascii	"long double\000"
 495      20646F75 
 495      626C6500 
 496              	.LASF19:
 497 01cc 50696E5F 		.ascii	"Pin_Blue_Read\000"
 497      426C7565 
 497      5F526561 
 497      6400
 498              	.LASF14:
 499 01da 50696E5F 		.ascii	"Pin_Red_Read\000"
 499      5265645F 
 499      52656164 
 499      00
 500              	.LASF2:
 501 01e7 73686F72 		.ascii	"short int\000"
 501      7420696E 
 501      7400
 502              	.LASF8:
 503 01f1 756E7369 		.ascii	"unsigned int\000"
 503      676E6564 
 503      20696E74 
 503      00
 504              	.LASF12:
 505 01fe 73697A65 		.ascii	"sizetype\000"
 505      74797065 
 505      00
 506              		.ident	"GCC: (GNU Tools for ARM Embedded Processors) 5.4.1 20160609 (release) [ARM/embedded-5-bran
