--------------- Build Started: 02/23/2024 15:34:00 Project: BLDC_Motor_Board, Configuration: ARM GCC 5.4-2016-q2-update Debug ---------------
cydsfit.exe -.appdatapath "C:\Users\casey\AppData\Local\Cypress Semiconductor\PSoC Creator\4.4" -.fdsnotice -.fdswarpdepfile=warp_dependencies.txt -.fdselabdepfile=elab_dependencies.txt -.fdsbldfile=generated_files.txt -.fdsreffile=referenced_files.txt -p "C:\Users\casey\Desktop\Robotics Stuff\BLDC_Motor_Board_PY2023\BLDC_Motor_Board.cydsn\BLDC_Motor_Board.cyprj" -d CY8C4248AZI-L485 -s "C:\Users\casey\Desktop\Robotics Stuff\BLDC_Motor_Board_PY2023\BLDC_Motor_Board.cydsn\Generated_Source\PSoC4" -- -yv2 -q10 -ygs -o2 -v3 -.fftcfgtype=LE
Elaborating Design...
HDL Generation...
Synthesis...
Tech Mapping...
Analog Placement...
Analog Routing...
Analog Code Generation...
Digital Placement...
Digital Routing...
Bitstream Generation...
Bitstream Verification...
Static timing analysis...
Warning: sta.M0019: BLDC_Motor_Board_timing.html: Warning-1366: Setup time violation found in a path from clock ( CyHFClk ) to clock ( CyHFClk ). (File=C:\Users\casey\Desktop\Robotics Stuff\BLDC_Motor_Board_PY2023\BLDC_Motor_Board.cydsn\BLDC_Motor_Board_timing.html)
API Generation...
Dependency Generation...
Cleanup...
arm-none-eabi-gcc.exe -mcpu=cortex-m0 -mthumb -I. -IGenerated_Source\PSoC4 -Wa,-alh=.\CortexM0\ARM_GCC_541\Debug/main.lst -g -D DEBUG -D CY_CORE_ID=0 -Wall -ffunction-sections -ffat-lto-objects -Og -D CHIP_TYPE=CHIP_TYPE_PSOC_CY8C4248AZI_L485 -c main.c -o .\CortexM0\ARM_GCC_541\Debug\main.o
main.c: In function 'Pin_Limit_Handler':
main.c:95:9: warning: implicit declaration of function 'setEncoderAtLimit' [-Wimplicit-function-declaration]
         setEncoderAtLimit(enc_lim_1);
         ^
main.c: In function 'main':
main.c:123:17: warning: implicit declaration of function 'SetPosition' [-Wimplicit-function-declaration]
                 SetPosition(millidegreeTarget);   
                 ^
main.c: In function 'DebugPrint':
main.c:191:57: warning: implicit declaration of function 'QuadDec_GetCounter' [-Wimplicit-function-declaration]
             sprintf(txData, "Encoder Value: %li  \r\n", QuadDec_GetCounter());
                                                         ^
main.c:191:29: warning: format '%li' expects argument of type 'long int', but argument 3 has type 'int' [-Wformat=]
             sprintf(txData, "Encoder Value: %li  \r\n", QuadDec_GetCounter());
                             ^
main.c:191:29: warning: format '%li' expects argument of type 'long int', but argument 3 has type 'int' [-Wformat=]
main.c:198:13: warning: implicit declaration of function 'GetkPosition' [-Wimplicit-function-declaration]
             GetkPosition(), GetkIntegral(), GetkDerivative(), (int) GetConversion(), PIDconstsSet());
             ^
main.c:198:29: warning: implicit declaration of function 'GetkIntegral' [-Wimplicit-function-declaration]
             GetkPosition(), GetkIntegral(), GetkDerivative(), (int) GetConversion(), PIDconstsSet());
                             ^
main.c:198:45: warning: implicit declaration of function 'GetkDerivative' [-Wimplicit-function-declaration]
             GetkPosition(), GetkIntegral(), GetkDerivative(), (int) GetConversion(), PIDconstsSet());
                                             ^
main.c:198:69: warning: implicit declaration of function 'GetConversion' [-Wimplicit-function-declaration]
             GetkPosition(), GetkIntegral(), GetkDerivative(), (int) GetConversion(), PIDconstsSet());
                                                                     ^
main.c:201:57: warning: implicit declaration of function 'GetPositionmDeg' [-Wimplicit-function-declaration]
             sprintf(txData, "Position (mDeg): %i \r\n", GetPositionmDeg());
                                                         ^
main.c:205:29: warning: implicit declaration of function 'GetPotVal' [-Wimplicit-function-declaration]
                             GetPotVal(), GetTickMin(), GetTickMax(),
                             ^
main.c:205:42: warning: implicit declaration of function 'GetTickMin' [-Wimplicit-function-declaration]
                             GetPotVal(), GetTickMin(), GetTickMax(),
                                          ^
main.c:205:56: warning: implicit declaration of function 'GetTickMax' [-Wimplicit-function-declaration]
                             GetPotVal(), GetTickMin(), GetTickMax(),
                                                        ^
main.c:206:29: warning: implicit declaration of function 'GetmDegMin' [-Wimplicit-function-declaration]
                             GetmDegMin(), GetmDegMax(), GetUsingPot());
                             ^
main.c:206:43: warning: implicit declaration of function 'GetmDegMax' [-Wimplicit-function-declaration]
                             GetmDegMin(), GetmDegMax(), GetUsingPot());
                                           ^
main.c:206:57: warning: implicit declaration of function 'GetUsingPot' [-Wimplicit-function-declaration]
                             GetmDegMin(), GetmDegMax(), GetUsingPot());
                                                         ^
arm-none-eabi-gcc.exe -mcpu=cortex-m0 -mthumb -I. -IGenerated_Source\PSoC4 -Wa,-alh=.\CortexM0\ARM_GCC_541\Debug/BLDC_FSM.lst -g -D DEBUG -D CY_CORE_ID=0 -Wall -ffunction-sections -ffat-lto-objects -Og -D CHIP_TYPE=CHIP_TYPE_PSOC_CY8C4248AZI_L485 -c BLDC_FSM.c -o .\CortexM0\ARM_GCC_541\Debug\BLDC_FSM.o
arm-none-eabi-gcc.exe -mcpu=cortex-m0 -mthumb -I. -IGenerated_Source\PSoC4 -Wa,-alh=.\CortexM0\ARM_GCC_541\Debug/BLDC_CAN.lst -g -D DEBUG -D CY_CORE_ID=0 -Wall -ffunction-sections -ffat-lto-objects -Og -D CHIP_TYPE=CHIP_TYPE_PSOC_CY8C4248AZI_L485 -c BLDC_CAN.c -o .\CortexM0\ARM_GCC_541\Debug\BLDC_CAN.o
BLDC_CAN.c: In function 'SendEncoderData':
BLDC_CAN.c:32:40: warning: implicit declaration of function 'GetPositionmDeg' [-Wimplicit-function-declaration]
         PACKET_TELEMETRY_ANG_POSITION, GetPositionmDeg());
                                        ^
BLDC_CAN.c: In function 'NextStateFromCAN':
BLDC_CAN.c:51:17: warning: implicit declaration of function 'InitializePID' [-Wimplicit-function-declaration]
                 InitializePID();
                 ^
BLDC_CAN.c:70:13: warning: implicit declaration of function 'SetkPosition' [-Wimplicit-function-declaration]
             SetkPosition(GetPFromPacket(receivedPacket));
             ^
BLDC_CAN.c:76:13: warning: implicit declaration of function 'SetkIntegral' [-Wimplicit-function-declaration]
             SetkIntegral(GetIFromPacket(receivedPacket));
             ^
BLDC_CAN.c:82:13: warning: implicit declaration of function 'SetkDerivative' [-Wimplicit-function-declaration]
             SetkDerivative(GetDFromPacket(receivedPacket));
             ^
BLDC_CAN.c:89:17: warning: implicit declaration of function 'EnablePID' [-Wimplicit-function-declaration]
                 EnablePID();
                 ^
BLDC_CAN.c:99:13: warning: implicit declaration of function 'SetConversion' [-Wimplicit-function-declaration]
             SetConversion(360.0*1000/GetEncoderPPJRFromPacket(receivedPacket));
             ^
BLDC_CAN.c:109:13: warning: implicit declaration of function 'setTickMin' [-Wimplicit-function-declaration]
             setTickMin(GetPotADCFromPacket(receivedPacket));
             ^
BLDC_CAN.c:109:24: warning: implicit declaration of function 'GetPotADCFromPacket' [-Wimplicit-function-declaration]
             setTickMin(GetPotADCFromPacket(receivedPacket));
                        ^
BLDC_CAN.c:110:13: warning: implicit declaration of function 'setmDegMin' [-Wimplicit-function-declaration]
             setmDegMin(GetPotmDegFromPacket(receivedPacket));
             ^
BLDC_CAN.c:110:24: warning: implicit declaration of function 'GetPotmDegFromPacket' [-Wimplicit-function-declaration]
             setmDegMin(GetPotmDegFromPacket(receivedPacket));
                        ^
BLDC_CAN.c:111:13: warning: implicit declaration of function 'UpdateConversion' [-Wimplicit-function-declaration]
             UpdateConversion();
             ^
BLDC_CAN.c:112:13: warning: implicit declaration of function 'setUsingPot' [-Wimplicit-function-declaration]
             setUsingPot(1);
             ^
BLDC_CAN.c:118:13: warning: implicit declaration of function 'setTickMax' [-Wimplicit-function-declaration]
             setTickMax(GetPotADCFromPacket(receivedPacket));
             ^
BLDC_CAN.c:119:13: warning: implicit declaration of function 'setmDegMax' [-Wimplicit-function-declaration]
             setmDegMax(GetPotmDegFromPacket(receivedPacket));
             ^
BLDC_CAN.c:127:17: warning: implicit declaration of function 'set_PWM' [-Wimplicit-function-declaration]
                 set_PWM(0, 1);
                 ^
BLDC_CAN.c:128:17: warning: implicit declaration of function 'ClearPIDProgress' [-Wimplicit-function-declaration]
                 ClearPIDProgress();
                 ^
BLDC_CAN.c:129:17: warning: implicit declaration of function 'DisablePID' [-Wimplicit-function-declaration]
                 DisablePID();
                 ^
BLDC_CAN.c:132:17: warning: implicit declaration of function 'QuadDec_SetCounter' [-Wimplicit-function-declaration]
                 QuadDec_SetCounter(0);                        
                 ^
BLDC_CAN.c:134:13: warning: implicit declaration of function 'SetEncoderDir' [-Wimplicit-function-declaration]
             SetEncoderDir(GetEncoderDirectionFromPacket(receivedPacket));
             ^
BLDC_CAN.c:138:13: warning: implicit declaration of function 'SetMaxPIDPWM' [-Wimplicit-function-declaration]
             SetMaxPIDPWM(GetMaxPIDPWMFromPacket(receivedPacket));
             ^
BLDC_CAN.c:169:77: warning: implicit declaration of function 'GetPotVal' [-Wimplicit-function-declaration]
                                                   PACKET_TELEMETRY_ADC_RAW, GetPotVal());
                                                                             ^
BLDC_CAN.c:39:13: warning: unused variable 'motor_serial' [-Wunused-variable]
     uint8_t motor_serial = GetDeviceSerialNumber(receivedPacket); //get which motor
             ^
arm-none-eabi-gcc.exe -mcpu=cortex-m0 -mthumb -I. -IGenerated_Source\PSoC4 -Wa,-alh=.\CortexM0\ARM_GCC_541\Debug/BLDC_Drive.lst -g -D DEBUG -D CY_CORE_ID=0 -Wall -ffunction-sections -ffat-lto-objects -Og -D CHIP_TYPE=CHIP_TYPE_PSOC_CY8C4248AZI_L485 -c BLDC_Drive.c -o .\CortexM0\ARM_GCC_541\Debug\BLDC_Drive.o
arm-none-eabi-gcc.exe -mcpu=cortex-m0 -mthumb -I. -IGenerated_Source\PSoC4 -Wa,-alh=.\CortexM0\ARM_GCC_541\Debug/BLDC_pid.lst -g -D DEBUG -D CY_CORE_ID=0 -Wall -ffunction-sections -ffat-lto-objects -Og -D CHIP_TYPE=CHIP_TYPE_PSOC_CY8C4248AZI_L485 -c BLDC_pid.c -o .\CortexM0\ARM_GCC_541\Debug\BLDC_pid.o
arm-none-eabi-gcc.exe -mcpu=cortex-m0 -mthumb -I. -IGenerated_Source\PSoC4 -Wa,-alh=.\CortexM0\ARM_GCC_541\Debug/setInterrupt.lst -g -D DEBUG -D CY_CORE_ID=0 -Wall -ffunction-sections -ffat-lto-objects -Og -D CHIP_TYPE=CHIP_TYPE_PSOC_CY8C4248AZI_L485 -c setInterrupt.c -o .\CortexM0\ARM_GCC_541\Debug\setInterrupt.o
setInterrupt.c: In function 'init_milliseconds':
setInterrupt.c:28:5: warning: implicit declaration of function 'isr_1_StartEx' [-Wimplicit-function-declaration]
     isr_1_StartEx(MillisecondInterrupt);
     ^
arm-none-eabi-gcc.exe -mcpu=cortex-m0 -mthumb -I. -IGenerated_Source\PSoC4 -Wa,-alh=.\CortexM0\ARM_GCC_541\Debug/CANCommon.lst -g -D DEBUG -D CY_CORE_ID=0 -Wall -ffunction-sections -ffat-lto-objects -Og -D CHIP_TYPE=CHIP_TYPE_PSOC_CY8C4248AZI_L485 -c CANLib\CANCommon.c -o .\CortexM0\ARM_GCC_541\Debug\CANCommon.o
arm-none-eabi-gcc.exe -mcpu=cortex-m0 -mthumb -I. -IGenerated_Source\PSoC4 -Wa,-alh=.\CortexM0\ARM_GCC_541\Debug/CANGPIO.lst -g -D DEBUG -D CY_CORE_ID=0 -Wall -ffunction-sections -ffat-lto-objects -Og -D CHIP_TYPE=CHIP_TYPE_PSOC_CY8C4248AZI_L485 -c CANLib\CANGPIO.c -o .\CortexM0\ARM_GCC_541\Debug\CANGPIO.o
arm-none-eabi-gcc.exe -mcpu=cortex-m0 -mthumb -I. -IGenerated_Source\PSoC4 -Wa,-alh=.\CortexM0\ARM_GCC_541\Debug/CANLocalization.lst -g -D DEBUG -D CY_CORE_ID=0 -Wall -ffunction-sections -ffat-lto-objects -Og -D CHIP_TYPE=CHIP_TYPE_PSOC_CY8C4248AZI_L485 -c CANLib\CANLocalization.c -o .\CortexM0\ARM_GCC_541\Debug\CANLocalization.o
arm-none-eabi-gcc.exe -mcpu=cortex-m0 -mthumb -I. -IGenerated_Source\PSoC4 -Wa,-alh=.\CortexM0\ARM_GCC_541\Debug/CANMotorUnit.lst -g -D DEBUG -D CY_CORE_ID=0 -Wall -ffunction-sections -ffat-lto-objects -Og -D CHIP_TYPE=CHIP_TYPE_PSOC_CY8C4248AZI_L485 -c CANLib\CANMotorUnit.c -o .\CortexM0\ARM_GCC_541\Debug\CANMotorUnit.o
arm-none-eabi-gcc.exe -mcpu=cortex-m0 -mthumb -I. -IGenerated_Source\PSoC4 -Wa,-alh=.\CortexM0\ARM_GCC_541\Debug/CANPacket.lst -g -D DEBUG -D CY_CORE_ID=0 -Wall -ffunction-sections -ffat-lto-objects -Og -D CHIP_TYPE=CHIP_TYPE_PSOC_CY8C4248AZI_L485 -c CANLib\CANPacket.c -o .\CortexM0\ARM_GCC_541\Debug\CANPacket.o
arm-none-eabi-gcc.exe -mcpu=cortex-m0 -mthumb -I. -IGenerated_Source\PSoC4 -Wa,-alh=.\CortexM0\ARM_GCC_541\Debug/CANPower.lst -g -D DEBUG -D CY_CORE_ID=0 -Wall -ffunction-sections -ffat-lto-objects -Og -D CHIP_TYPE=CHIP_TYPE_PSOC_CY8C4248AZI_L485 -c CANLib\CANPower.c -o .\CortexM0\ARM_GCC_541\Debug\CANPower.o
arm-none-eabi-gcc.exe -mcpu=cortex-m0 -mthumb -I. -IGenerated_Source\PSoC4 -Wa,-alh=.\CortexM0\ARM_GCC_541\Debug/CANScience.lst -g -D DEBUG -D CY_CORE_ID=0 -Wall -ffunction-sections -ffat-lto-objects -Og -D CHIP_TYPE=CHIP_TYPE_PSOC_CY8C4248AZI_L485 -c CANLib\CANScience.c -o .\CortexM0\ARM_GCC_541\Debug\CANScience.o
arm-none-eabi-gcc.exe -mcpu=cortex-m0 -mthumb -I. -IGenerated_Source\PSoC4 -Wa,-alh=.\CortexM0\ARM_GCC_541\Debug/PortPSOC_CY8C4248AZI_L485.lst -g -D DEBUG -D CY_CORE_ID=0 -Wall -ffunction-sections -ffat-lto-objects -Og -D CHIP_TYPE=CHIP_TYPE_PSOC_CY8C4248AZI_L485 -c CANLib\PortFiles\PortPSOC_CY8C4248AZI_L485.c -o .\CortexM0\ARM_GCC_541\Debug\PortPSOC_CY8C4248AZI_L485.o
In file included from Generated_Source\PSoC4/project.h:43:0,
                 from CANLib\PortFiles\PortPSOC_CY8C4248AZI_L485.c:12:
CANLib\PortFiles\PortPSOC_CY8C4248AZI_L485.c: In function 'CAN_FLAG_ISR':
Generated_Source\PSoC4/CAN.h:566:58: warning: 'mailbox' may be used uninitialized in this function [-Wmaybe-uninitialized]
 #define CAN_RX_CMD_REG(i)            (*(reg32 *) (&CAN_RX[i].rxcmd))
                                                          ^
CANLib\PortFiles\PortPSOC_CY8C4248AZI_L485.c:170:13: note: 'mailbox' was declared here
     uint8_t mailbox;
             ^
arm-none-eabi-gcc.exe -mcpu=cortex-m0 -mthumb -I. -IGenerated_Source\PSoC4 -Wa,-alh=.\CortexM0\ARM_GCC_541\Debug/cyfitter_cfg.lst -g -D DEBUG -D CY_CORE_ID=0 -Wall -ffunction-sections -ffat-lto-objects -Og -D CHIP_TYPE=CHIP_TYPE_PSOC_CY8C4248AZI_L485 -c Generated_Source\PSoC4\cyfitter_cfg.c -o .\CortexM0\ARM_GCC_541\Debug\cyfitter_cfg.o
arm-none-eabi-gcc.exe -mcpu=cortex-m0 -mthumb -I. -IGenerated_Source\PSoC4 -Wa,-alh=.\CortexM0\ARM_GCC_541\Debug/Cm0Start.lst -g -D DEBUG -D CY_CORE_ID=0 -Wall -ffunction-sections -ffat-lto-objects -Og -D CHIP_TYPE=CHIP_TYPE_PSOC_CY8C4248AZI_L485 -c Generated_Source\PSoC4\Cm0Start.c -o .\CortexM0\ARM_GCC_541\Debug\Cm0Start.o
arm-none-eabi-gcc.exe -mcpu=cortex-m0 -mthumb -I. -IGenerated_Source\PSoC4 -Wa,-alh=.\CortexM0\ARM_GCC_541\Debug/CyFlash.lst -g -D DEBUG -D CY_CORE_ID=0 -Wall -ffunction-sections -ffat-lto-objects -Og -D CHIP_TYPE=CHIP_TYPE_PSOC_CY8C4248AZI_L485 -c Generated_Source\PSoC4\CyFlash.c -o .\CortexM0\ARM_GCC_541\Debug\CyFlash.o
arm-none-eabi-gcc.exe -mcpu=cortex-m0 -mthumb -I. -IGenerated_Source\PSoC4 -Wa,-alh=.\CortexM0\ARM_GCC_541\Debug/CyLib.lst -g -D DEBUG -D CY_CORE_ID=0 -Wall -ffunction-sections -ffat-lto-objects -Og -D CHIP_TYPE=CHIP_TYPE_PSOC_CY8C4248AZI_L485 -c Generated_Source\PSoC4\CyLib.c -o .\CortexM0\ARM_GCC_541\Debug\CyLib.o
arm-none-eabi-gcc.exe -mcpu=cortex-m0 -mthumb -I. -IGenerated_Source\PSoC4 -Wa,-alh=.\CortexM0\ARM_GCC_541\Debug/cyPm.lst -g -D DEBUG -D CY_CORE_ID=0 -Wall -ffunction-sections -ffat-lto-objects -Og -D CHIP_TYPE=CHIP_TYPE_PSOC_CY8C4248AZI_L485 -c Generated_Source\PSoC4\cyPm.c -o .\CortexM0\ARM_GCC_541\Debug\cyPm.o
arm-none-eabi-gcc.exe -mcpu=cortex-m0 -mthumb -I. -IGenerated_Source\PSoC4 -Wa,-alh=.\CortexM0\ARM_GCC_541\Debug/cyutils.lst -g -D DEBUG -D CY_CORE_ID=0 -Wall -ffunction-sections -ffat-lto-objects -Og -D CHIP_TYPE=CHIP_TYPE_PSOC_CY8C4248AZI_L485 -c Generated_Source\PSoC4\cyutils.c -o .\CortexM0\ARM_GCC_541\Debug\cyutils.o
arm-none-eabi-gcc.exe -mcpu=cortex-m0 -mthumb -I. -IGenerated_Source\PSoC4 -Wa,-alh=.\CortexM0\ARM_GCC_541\Debug/CyDMA.lst -g -D DEBUG -D CY_CORE_ID=0 -Wall -ffunction-sections -ffat-lto-objects -Og -D CHIP_TYPE=CHIP_TYPE_PSOC_CY8C4248AZI_L485 -c Generated_Source\PSoC4\CyDMA.c -o .\CortexM0\ARM_GCC_541\Debug\CyDMA.o
arm-none-eabi-gcc.exe -mcpu=cortex-m0 -mthumb -I. -IGenerated_Source\PSoC4 -Wa,-alh=.\CortexM0\ARM_GCC_541\Debug/CyLFClk.lst -g -D DEBUG -D CY_CORE_ID=0 -Wall -ffunction-sections -ffat-lto-objects -Og -D CHIP_TYPE=CHIP_TYPE_PSOC_CY8C4248AZI_L485 -c Generated_Source\PSoC4\CyLFClk.c -o .\CortexM0\ARM_GCC_541\Debug\CyLFClk.o
arm-none-eabi-gcc.exe -mcpu=cortex-m0 -mthumb -I. -IGenerated_Source\PSoC4 -Wa,-alh=.\CortexM0\ARM_GCC_541\Debug/cy_em_eeprom.lst -g -D DEBUG -D CY_CORE_ID=0 -Wall -ffunction-sections -ffat-lto-objects -Og -D CHIP_TYPE=CHIP_TYPE_PSOC_CY8C4248AZI_L485 -c Generated_Source\PSoC4\cy_em_eeprom.c -o .\CortexM0\ARM_GCC_541\Debug\cy_em_eeprom.o
arm-none-eabi-gcc.exe -mcpu=cortex-m0 -mthumb -I. -IGenerated_Source\PSoC4 -Wa,-alh=.\CortexM0\ARM_GCC_541\Debug/HALL1.lst -g -D DEBUG -D CY_CORE_ID=0 -Wall -ffunction-sections -ffat-lto-objects -Og -D CHIP_TYPE=CHIP_TYPE_PSOC_CY8C4248AZI_L485 -c Generated_Source\PSoC4\HALL1.c -o .\CortexM0\ARM_GCC_541\Debug\HALL1.o
arm-none-eabi-gcc.exe -mcpu=cortex-m0 -mthumb -I. -IGenerated_Source\PSoC4 -Wa,-alh=.\CortexM0\ARM_GCC_541\Debug/HALL1_PM.lst -g -D DEBUG -D CY_CORE_ID=0 -Wall -ffunction-sections -ffat-lto-objects -Og -D CHIP_TYPE=CHIP_TYPE_PSOC_CY8C4248AZI_L485 -c Generated_Source\PSoC4\HALL1_PM.c -o .\CortexM0\ARM_GCC_541\Debug\HALL1_PM.o
arm-none-eabi-gcc.exe -mcpu=cortex-m0 -mthumb -I. -IGenerated_Source\PSoC4 -Wa,-alh=.\CortexM0\ARM_GCC_541\Debug/UH.lst -g -D DEBUG -D CY_CORE_ID=0 -Wall -ffunction-sections -ffat-lto-objects -Og -D CHIP_TYPE=CHIP_TYPE_PSOC_CY8C4248AZI_L485 -c Generated_Source\PSoC4\UH.c -o .\CortexM0\ARM_GCC_541\Debug\UH.o
arm-none-eabi-gcc.exe -mcpu=cortex-m0 -mthumb -I. -IGenerated_Source\PSoC4 -Wa,-alh=.\CortexM0\ARM_GCC_541\Debug/UH_PM.lst -g -D DEBUG -D CY_CORE_ID=0 -Wall -ffunction-sections -ffat-lto-objects -Og -D CHIP_TYPE=CHIP_TYPE_PSOC_CY8C4248AZI_L485 -c Generated_Source\PSoC4\UH_PM.c -o .\CortexM0\ARM_GCC_541\Debug\UH_PM.o
arm-none-eabi-gcc.exe -mcpu=cortex-m0 -mthumb -I. -IGenerated_Source\PSoC4 -Wa,-alh=.\CortexM0\ARM_GCC_541\Debug/UL.lst -g -D DEBUG -D CY_CORE_ID=0 -Wall -ffunction-sections -ffat-lto-objects -Og -D CHIP_TYPE=CHIP_TYPE_PSOC_CY8C4248AZI_L485 -c Generated_Source\PSoC4\UL.c -o .\CortexM0\ARM_GCC_541\Debug\UL.o
arm-none-eabi-gcc.exe -mcpu=cortex-m0 -mthumb -I. -IGenerated_Source\PSoC4 -Wa,-alh=.\CortexM0\ARM_GCC_541\Debug/UL_PM.lst -g -D DEBUG -D CY_CORE_ID=0 -Wall -ffunction-sections -ffat-lto-objects -Og -D CHIP_TYPE=CHIP_TYPE_PSOC_CY8C4248AZI_L485 -c Generated_Source\PSoC4\UL_PM.c -o .\CortexM0\ARM_GCC_541\Debug\UL_PM.o
arm-none-eabi-gcc.exe -mcpu=cortex-m0 -mthumb -I. -IGenerated_Source\PSoC4 -Wa,-alh=.\CortexM0\ARM_GCC_541\Debug/VH.lst -g -D DEBUG -D CY_CORE_ID=0 -Wall -ffunction-sections -ffat-lto-objects -Og -D CHIP_TYPE=CHIP_TYPE_PSOC_CY8C4248AZI_L485 -c Generated_Source\PSoC4\VH.c -o .\CortexM0\ARM_GCC_541\Debug\VH.o
arm-none-eabi-gcc.exe -mcpu=cortex-m0 -mthumb -I. -IGenerated_Source\PSoC4 -Wa,-alh=.\CortexM0\ARM_GCC_541\Debug/VH_PM.lst -g -D DEBUG -D CY_CORE_ID=0 -Wall -ffunction-sections -ffat-lto-objects -Og -D CHIP_TYPE=CHIP_TYPE_PSOC_CY8C4248AZI_L485 -c Generated_Source\PSoC4\VH_PM.c -o .\CortexM0\ARM_GCC_541\Debug\VH_PM.o
arm-none-eabi-gcc.exe -mcpu=cortex-m0 -mthumb -I. -IGenerated_Source\PSoC4 -Wa,-alh=.\CortexM0\ARM_GCC_541\Debug/VL.lst -g -D DEBUG -D CY_CORE_ID=0 -Wall -ffunction-sections -ffat-lto-objects -Og -D CHIP_TYPE=CHIP_TYPE_PSOC_CY8C4248AZI_L485 -c Generated_Source\PSoC4\VL.c -o .\CortexM0\ARM_GCC_541\Debug\VL.o
arm-none-eabi-gcc.exe -mcpu=cortex-m0 -mthumb -I. -IGenerated_Source\PSoC4 -Wa,-alh=.\CortexM0\ARM_GCC_541\Debug/VL_PM.lst -g -D DEBUG -D CY_CORE_ID=0 -Wall -ffunction-sections -ffat-lto-objects -Og -D CHIP_TYPE=CHIP_TYPE_PSOC_CY8C4248AZI_L485 -c Generated_Source\PSoC4\VL_PM.c -o .\CortexM0\ARM_GCC_541\Debug\VL_PM.o
arm-none-eabi-gcc.exe -mcpu=cortex-m0 -mthumb -I. -IGenerated_Source\PSoC4 -Wa,-alh=.\CortexM0\ARM_GCC_541\Debug/WH.lst -g -D DEBUG -D CY_CORE_ID=0 -Wall -ffunction-sections -ffat-lto-objects -Og -D CHIP_TYPE=CHIP_TYPE_PSOC_CY8C4248AZI_L485 -c Generated_Source\PSoC4\WH.c -o .\CortexM0\ARM_GCC_541\Debug\WH.o
arm-none-eabi-gcc.exe -mcpu=cortex-m0 -mthumb -I. -IGenerated_Source\PSoC4 -Wa,-alh=.\CortexM0\ARM_GCC_541\Debug/WH_PM.lst -g -D DEBUG -D CY_CORE_ID=0 -Wall -ffunction-sections -ffat-lto-objects -Og -D CHIP_TYPE=CHIP_TYPE_PSOC_CY8C4248AZI_L485 -c Generated_Source\PSoC4\WH_PM.c -o .\CortexM0\ARM_GCC_541\Debug\WH_PM.o
arm-none-eabi-gcc.exe -mcpu=cortex-m0 -mthumb -I. -IGenerated_Source\PSoC4 -Wa,-alh=.\CortexM0\ARM_GCC_541\Debug/WL.lst -g -D DEBUG -D CY_CORE_ID=0 -Wall -ffunction-sections -ffat-lto-objects -Og -D CHIP_TYPE=CHIP_TYPE_PSOC_CY8C4248AZI_L485 -c Generated_Source\PSoC4\WL.c -o .\CortexM0\ARM_GCC_541\Debug\WL.o
arm-none-eabi-gcc.exe -mcpu=cortex-m0 -mthumb -I. -IGenerated_Source\PSoC4 -Wa,-alh=.\CortexM0\ARM_GCC_541\Debug/WL_PM.lst -g -D DEBUG -D CY_CORE_ID=0 -Wall -ffunction-sections -ffat-lto-objects -Og -D CHIP_TYPE=CHIP_TYPE_PSOC_CY8C4248AZI_L485 -c Generated_Source\PSoC4\WL_PM.c -o .\CortexM0\ARM_GCC_541\Debug\WL_PM.o
arm-none-eabi-gcc.exe -mcpu=cortex-m0 -mthumb -I. -IGenerated_Source\PSoC4 -Wa,-alh=.\CortexM0\ARM_GCC_541\Debug/HALL2.lst -g -D DEBUG -D CY_CORE_ID=0 -Wall -ffunction-sections -ffat-lto-objects -Og -D CHIP_TYPE=CHIP_TYPE_PSOC_CY8C4248AZI_L485 -c Generated_Source\PSoC4\HALL2.c -o .\CortexM0\ARM_GCC_541\Debug\HALL2.o
arm-none-eabi-gcc.exe -mcpu=cortex-m0 -mthumb -I. -IGenerated_Source\PSoC4 -Wa,-alh=.\CortexM0\ARM_GCC_541\Debug/HALL2_PM.lst -g -D DEBUG -D CY_CORE_ID=0 -Wall -ffunction-sections -ffat-lto-objects -Og -D CHIP_TYPE=CHIP_TYPE_PSOC_CY8C4248AZI_L485 -c Generated_Source\PSoC4\HALL2_PM.c -o .\CortexM0\ARM_GCC_541\Debug\HALL2_PM.o
arm-none-eabi-gcc.exe -mcpu=cortex-m0 -mthumb -I. -IGenerated_Source\PSoC4 -Wa,-alh=.\CortexM0\ARM_GCC_541\Debug/HALL3.lst -g -D DEBUG -D CY_CORE_ID=0 -Wall -ffunction-sections -ffat-lto-objects -Og -D CHIP_TYPE=CHIP_TYPE_PSOC_CY8C4248AZI_L485 -c Generated_Source\PSoC4\HALL3.c -o .\CortexM0\ARM_GCC_541\Debug\HALL3.o
arm-none-eabi-gcc.exe -mcpu=cortex-m0 -mthumb -I. -IGenerated_Source\PSoC4 -Wa,-alh=.\CortexM0\ARM_GCC_541\Debug/HALL3_PM.lst -g -D DEBUG -D CY_CORE_ID=0 -Wall -ffunction-sections -ffat-lto-objects -Og -D CHIP_TYPE=CHIP_TYPE_PSOC_CY8C4248AZI_L485 -c Generated_Source\PSoC4\HALL3_PM.c -o .\CortexM0\ARM_GCC_541\Debug\HALL3_PM.o
arm-none-eabi-gcc.exe -mcpu=cortex-m0 -mthumb -I. -IGenerated_Source\PSoC4 -Wa,-alh=.\CortexM0\ARM_GCC_541\Debug/RX_1.lst -g -D DEBUG -D CY_CORE_ID=0 -Wall -ffunction-sections -ffat-lto-objects -Og -D CHIP_TYPE=CHIP_TYPE_PSOC_CY8C4248AZI_L485 -c Generated_Source\PSoC4\RX_1.c -o .\CortexM0\ARM_GCC_541\Debug\RX_1.o
arm-none-eabi-gcc.exe -mcpu=cortex-m0 -mthumb -I. -IGenerated_Source\PSoC4 -Wa,-alh=.\CortexM0\ARM_GCC_541\Debug/RX_1_PM.lst -g -D DEBUG -D CY_CORE_ID=0 -Wall -ffunction-sections -ffat-lto-objects -Og -D CHIP_TYPE=CHIP_TYPE_PSOC_CY8C4248AZI_L485 -c Generated_Source\PSoC4\RX_1_PM.c -o .\CortexM0\ARM_GCC_541\Debug\RX_1_PM.o
arm-none-eabi-gcc.exe -mcpu=cortex-m0 -mthumb -I. -IGenerated_Source\PSoC4 -Wa,-alh=.\CortexM0\ARM_GCC_541\Debug/TX_1.lst -g -D DEBUG -D CY_CORE_ID=0 -Wall -ffunction-sections -ffat-lto-objects -Og -D CHIP_TYPE=CHIP_TYPE_PSOC_CY8C4248AZI_L485 -c Generated_Source\PSoC4\TX_1.c -o .\CortexM0\ARM_GCC_541\Debug\TX_1.o
arm-none-eabi-gcc.exe -mcpu=cortex-m0 -mthumb -I. -IGenerated_Source\PSoC4 -Wa,-alh=.\CortexM0\ARM_GCC_541\Debug/TX_1_PM.lst -g -D DEBUG -D CY_CORE_ID=0 -Wall -ffunction-sections -ffat-lto-objects -Og -D CHIP_TYPE=CHIP_TYPE_PSOC_CY8C4248AZI_L485 -c Generated_Source\PSoC4\TX_1_PM.c -o .\CortexM0\ARM_GCC_541\Debug\TX_1_PM.o
arm-none-eabi-gcc.exe -mcpu=cortex-m0 -mthumb -I. -IGenerated_Source\PSoC4 -Wa,-alh=.\CortexM0\ARM_GCC_541\Debug/CAN.lst -g -D DEBUG -D CY_CORE_ID=0 -Wall -ffunction-sections -ffat-lto-objects -Og -D CHIP_TYPE=CHIP_TYPE_PSOC_CY8C4248AZI_L485 -c Generated_Source\PSoC4\CAN.c -o .\CortexM0\ARM_GCC_541\Debug\CAN.o
arm-none-eabi-gcc.exe -mcpu=cortex-m0 -mthumb -I. -IGenerated_Source\PSoC4 -Wa,-alh=.\CortexM0\ARM_GCC_541\Debug/CAN_INT.lst -g -D DEBUG -D CY_CORE_ID=0 -Wall -ffunction-sections -ffat-lto-objects -Og -D CHIP_TYPE=CHIP_TYPE_PSOC_CY8C4248AZI_L485 -c Generated_Source\PSoC4\CAN_INT.c -o .\CortexM0\ARM_GCC_541\Debug\CAN_INT.o
arm-none-eabi-gcc.exe -mcpu=cortex-m0 -mthumb -I. -IGenerated_Source\PSoC4 -Wa,-alh=.\CortexM0\ARM_GCC_541\Debug/CAN_PM.lst -g -D DEBUG -D CY_CORE_ID=0 -Wall -ffunction-sections -ffat-lto-objects -Og -D CHIP_TYPE=CHIP_TYPE_PSOC_CY8C4248AZI_L485 -c Generated_Source\PSoC4\CAN_PM.c -o .\CortexM0\ARM_GCC_541\Debug\CAN_PM.o
arm-none-eabi-gcc.exe -mcpu=cortex-m0 -mthumb -I. -IGenerated_Source\PSoC4 -Wa,-alh=.\CortexM0\ARM_GCC_541\Debug/CAN_TX_RX_func.lst -g -D DEBUG -D CY_CORE_ID=0 -Wall -ffunction-sections -ffat-lto-objects -Og -D CHIP_TYPE=CHIP_TYPE_PSOC_CY8C4248AZI_L485 -c Generated_Source\PSoC4\CAN_TX_RX_func.c -o .\CortexM0\ARM_GCC_541\Debug\CAN_TX_RX_func.o
arm-none-eabi-gcc.exe -mcpu=cortex-m0 -mthumb -I. -IGenerated_Source\PSoC4 -Wa,-alh=.\CortexM0\ARM_GCC_541\Debug/UART.lst -g -D DEBUG -D CY_CORE_ID=0 -Wall -ffunction-sections -ffat-lto-objects -Og -D CHIP_TYPE=CHIP_TYPE_PSOC_CY8C4248AZI_L485 -c Generated_Source\PSoC4\UART.c -o .\CortexM0\ARM_GCC_541\Debug\UART.o
arm-none-eabi-gcc.exe -mcpu=cortex-m0 -mthumb -I. -IGenerated_Source\PSoC4 -Wa,-alh=.\CortexM0\ARM_GCC_541\Debug/UART_SPI_UART.lst -g -D DEBUG -D CY_CORE_ID=0 -Wall -ffunction-sections -ffat-lto-objects -Og -D CHIP_TYPE=CHIP_TYPE_PSOC_CY8C4248AZI_L485 -c Generated_Source\PSoC4\UART_SPI_UART.c -o .\CortexM0\ARM_GCC_541\Debug\UART_SPI_UART.o
arm-none-eabi-gcc.exe -mcpu=cortex-m0 -mthumb -I. -IGenerated_Source\PSoC4 -Wa,-alh=.\CortexM0\ARM_GCC_541\Debug/UART_SPI_UART_INT.lst -g -D DEBUG -D CY_CORE_ID=0 -Wall -ffunction-sections -ffat-lto-objects -Og -D CHIP_TYPE=CHIP_TYPE_PSOC_CY8C4248AZI_L485 -c Generated_Source\PSoC4\UART_SPI_UART_INT.c -o .\CortexM0\ARM_GCC_541\Debug\UART_SPI_UART_INT.o
arm-none-eabi-gcc.exe -mcpu=cortex-m0 -mthumb -I. -IGenerated_Source\PSoC4 -Wa,-alh=.\CortexM0\ARM_GCC_541\Debug/UART_PM.lst -g -D DEBUG -D CY_CORE_ID=0 -Wall -ffunction-sections -ffat-lto-objects -Og -D CHIP_TYPE=CHIP_TYPE_PSOC_CY8C4248AZI_L485 -c Generated_Source\PSoC4\UART_PM.c -o .\CortexM0\ARM_GCC_541\Debug\UART_PM.o
arm-none-eabi-gcc.exe -mcpu=cortex-m0 -mthumb -I. -IGenerated_Source\PSoC4 -Wa,-alh=.\CortexM0\ARM_GCC_541\Debug/UART_UART.lst -g -D DEBUG -D CY_CORE_ID=0 -Wall -ffunction-sections -ffat-lto-objects -Og -D CHIP_TYPE=CHIP_TYPE_PSOC_CY8C4248AZI_L485 -c Generated_Source\PSoC4\UART_UART.c -o .\CortexM0\ARM_GCC_541\Debug\UART_UART.o
arm-none-eabi-gcc.exe -mcpu=cortex-m0 -mthumb -I. -IGenerated_Source\PSoC4 -Wa,-alh=.\CortexM0\ARM_GCC_541\Debug/UART_BOOT.lst -g -D DEBUG -D CY_CORE_ID=0 -Wall -ffunction-sections -ffat-lto-objects -Og -D CHIP_TYPE=CHIP_TYPE_PSOC_CY8C4248AZI_L485 -c Generated_Source\PSoC4\UART_BOOT.c -o .\CortexM0\ARM_GCC_541\Debug\UART_BOOT.o
arm-none-eabi-gcc.exe -mcpu=cortex-m0 -mthumb -I. -IGenerated_Source\PSoC4 -Wa,-alh=.\CortexM0\ARM_GCC_541\Debug/UART_UART_BOOT.lst -g -D DEBUG -D CY_CORE_ID=0 -Wall -ffunction-sections -ffat-lto-objects -Og -D CHIP_TYPE=CHIP_TYPE_PSOC_CY8C4248AZI_L485 -c Generated_Source\PSoC4\UART_UART_BOOT.c -o .\CortexM0\ARM_GCC_541\Debug\UART_UART_BOOT.o
arm-none-eabi-gcc.exe -mcpu=cortex-m0 -mthumb -I. -IGenerated_Source\PSoC4 -Wa,-alh=.\CortexM0\ARM_GCC_541\Debug/CAN_isr.lst -g -D DEBUG -D CY_CORE_ID=0 -Wall -ffunction-sections -ffat-lto-objects -Og -D CHIP_TYPE=CHIP_TYPE_PSOC_CY8C4248AZI_L485 -c Generated_Source\PSoC4\CAN_isr.c -o .\CortexM0\ARM_GCC_541\Debug\CAN_isr.o
arm-none-eabi-gcc.exe -mcpu=cortex-m0 -mthumb -I. -IGenerated_Source\PSoC4 -Wa,-alh=.\CortexM0\ARM_GCC_541\Debug/CAN_HFCLK.lst -g -D DEBUG -D CY_CORE_ID=0 -Wall -ffunction-sections -ffat-lto-objects -Og -D CHIP_TYPE=CHIP_TYPE_PSOC_CY8C4248AZI_L485 -c Generated_Source\PSoC4\CAN_HFCLK.c -o .\CortexM0\ARM_GCC_541\Debug\CAN_HFCLK.o
arm-none-eabi-gcc.exe -mcpu=cortex-m0 -mthumb -I. -IGenerated_Source\PSoC4 -Wa,-alh=.\CortexM0\ARM_GCC_541\Debug/UART_SCBCLK.lst -g -D DEBUG -D CY_CORE_ID=0 -Wall -ffunction-sections -ffat-lto-objects -Og -D CHIP_TYPE=CHIP_TYPE_PSOC_CY8C4248AZI_L485 -c Generated_Source\PSoC4\UART_SCBCLK.c -o .\CortexM0\ARM_GCC_541\Debug\UART_SCBCLK.o
arm-none-eabi-gcc.exe -mcpu=cortex-m0 -mthumb -I. -IGenerated_Source\PSoC4 -Wa,-alh=.\CortexM0\ARM_GCC_541\Debug/UART_tx.lst -g -D DEBUG -D CY_CORE_ID=0 -Wall -ffunction-sections -ffat-lto-objects -Og -D CHIP_TYPE=CHIP_TYPE_PSOC_CY8C4248AZI_L485 -c Generated_Source\PSoC4\UART_tx.c -o .\CortexM0\ARM_GCC_541\Debug\UART_tx.o
arm-none-eabi-gcc.exe -mcpu=cortex-m0 -mthumb -I. -IGenerated_Source\PSoC4 -Wa,-alh=.\CortexM0\ARM_GCC_541\Debug/UART_tx_PM.lst -g -D DEBUG -D CY_CORE_ID=0 -Wall -ffunction-sections -ffat-lto-objects -Og -D CHIP_TYPE=CHIP_TYPE_PSOC_CY8C4248AZI_L485 -c Generated_Source\PSoC4\UART_tx_PM.c -o .\CortexM0\ARM_GCC_541\Debug\UART_tx_PM.o
arm-none-eabi-gcc.exe -mcpu=cortex-m0 -mthumb -I. -IGenerated_Source\PSoC4 -Wa,-alh=.\CortexM0\ARM_GCC_541\Debug/UART_rx.lst -g -D DEBUG -D CY_CORE_ID=0 -Wall -ffunction-sections -ffat-lto-objects -Og -D CHIP_TYPE=CHIP_TYPE_PSOC_CY8C4248AZI_L485 -c Generated_Source\PSoC4\UART_rx.c -o .\CortexM0\ARM_GCC_541\Debug\UART_rx.o
arm-none-eabi-gcc.exe -mcpu=cortex-m0 -mthumb -I. -IGenerated_Source\PSoC4 -Wa,-alh=.\CortexM0\ARM_GCC_541\Debug/UART_rx_PM.lst -g -D DEBUG -D CY_CORE_ID=0 -Wall -ffunction-sections -ffat-lto-objects -Og -D CHIP_TYPE=CHIP_TYPE_PSOC_CY8C4248AZI_L485 -c Generated_Source\PSoC4\UART_rx_PM.c -o .\CortexM0\ARM_GCC_541\Debug\UART_rx_PM.o
arm-none-eabi-gcc.exe -mcpu=cortex-m0 -mthumb -I. -IGenerated_Source\PSoC4 -Wa,-alh=.\CortexM0\ARM_GCC_541\Debug/ERROR_LED.lst -g -D DEBUG -D CY_CORE_ID=0 -Wall -ffunction-sections -ffat-lto-objects -Og -D CHIP_TYPE=CHIP_TYPE_PSOC_CY8C4248AZI_L485 -c Generated_Source\PSoC4\ERROR_LED.c -o .\CortexM0\ARM_GCC_541\Debug\ERROR_LED.o
arm-none-eabi-gcc.exe -mcpu=cortex-m0 -mthumb -I. -IGenerated_Source\PSoC4 -Wa,-alh=.\CortexM0\ARM_GCC_541\Debug/ERROR_LED_PM.lst -g -D DEBUG -D CY_CORE_ID=0 -Wall -ffunction-sections -ffat-lto-objects -Og -D CHIP_TYPE=CHIP_TYPE_PSOC_CY8C4248AZI_L485 -c Generated_Source\PSoC4\ERROR_LED_PM.c -o .\CortexM0\ARM_GCC_541\Debug\ERROR_LED_PM.o
arm-none-eabi-gcc.exe -mcpu=cortex-m0 -mthumb -I. -IGenerated_Source\PSoC4 -Wa,-alh=.\CortexM0\ARM_GCC_541\Debug/DEBUG_LED.lst -g -D DEBUG -D CY_CORE_ID=0 -Wall -ffunction-sections -ffat-lto-objects -Og -D CHIP_TYPE=CHIP_TYPE_PSOC_CY8C4248AZI_L485 -c Generated_Source\PSoC4\DEBUG_LED.c -o .\CortexM0\ARM_GCC_541\Debug\DEBUG_LED.o
arm-none-eabi-gcc.exe -mcpu=cortex-m0 -mthumb -I. -IGenerated_Source\PSoC4 -Wa,-alh=.\CortexM0\ARM_GCC_541\Debug/DEBUG_LED_PM.lst -g -D DEBUG -D CY_CORE_ID=0 -Wall -ffunction-sections -ffat-lto-objects -Og -D CHIP_TYPE=CHIP_TYPE_PSOC_CY8C4248AZI_L485 -c Generated_Source\PSoC4\DEBUG_LED_PM.c -o .\CortexM0\ARM_GCC_541\Debug\DEBUG_LED_PM.o
arm-none-eabi-gcc.exe -mcpu=cortex-m0 -mthumb -I. -IGenerated_Source\PSoC4 -Wa,-alh=.\CortexM0\ARM_GCC_541\Debug/Current_Sensor_I2C.lst -g -D DEBUG -D CY_CORE_ID=0 -Wall -ffunction-sections -ffat-lto-objects -Og -D CHIP_TYPE=CHIP_TYPE_PSOC_CY8C4248AZI_L485 -c Generated_Source\PSoC4\Current_Sensor_I2C.c -o .\CortexM0\ARM_GCC_541\Debug\Current_Sensor_I2C.o
arm-none-eabi-gcc.exe -mcpu=cortex-m0 -mthumb -I. -IGenerated_Source\PSoC4 -Wa,-alh=.\CortexM0\ARM_GCC_541\Debug/Current_Sensor_I2C_I2C_INT.lst -g -D DEBUG -D CY_CORE_ID=0 -Wall -ffunction-sections -ffat-lto-objects -Og -D CHIP_TYPE=CHIP_TYPE_PSOC_CY8C4248AZI_L485 -c Generated_Source\PSoC4\Current_Sensor_I2C_I2C_INT.c -o .\CortexM0\ARM_GCC_541\Debug\Current_Sensor_I2C_I2C_INT.o
arm-none-eabi-gcc.exe -mcpu=cortex-m0 -mthumb -I. -IGenerated_Source\PSoC4 -Wa,-alh=.\CortexM0\ARM_GCC_541\Debug/Current_Sensor_I2C_I2C.lst -g -D DEBUG -D CY_CORE_ID=0 -Wall -ffunction-sections -ffat-lto-objects -Og -D CHIP_TYPE=CHIP_TYPE_PSOC_CY8C4248AZI_L485 -c Generated_Source\PSoC4\Current_Sensor_I2C_I2C.c -o .\CortexM0\ARM_GCC_541\Debug\Current_Sensor_I2C_I2C.o
arm-none-eabi-gcc.exe -mcpu=cortex-m0 -mthumb -I. -IGenerated_Source\PSoC4 -Wa,-alh=.\CortexM0\ARM_GCC_541\Debug/Current_Sensor_I2C_I2C_BOOT.lst -g -D DEBUG -D CY_CORE_ID=0 -Wall -ffunction-sections -ffat-lto-objects -Og -D CHIP_TYPE=CHIP_TYPE_PSOC_CY8C4248AZI_L485 -c Generated_Source\PSoC4\Current_Sensor_I2C_I2C_BOOT.c -o .\CortexM0\ARM_GCC_541\Debug\Current_Sensor_I2C_I2C_BOOT.o
arm-none-eabi-gcc.exe -mcpu=cortex-m0 -mthumb -I. -IGenerated_Source\PSoC4 -Wa,-alh=.\CortexM0\ARM_GCC_541\Debug/Current_Sensor_I2C_I2C_MASTER.lst -g -D DEBUG -D CY_CORE_ID=0 -Wall -ffunction-sections -ffat-lto-objects -Og -D CHIP_TYPE=CHIP_TYPE_PSOC_CY8C4248AZI_L485 -c Generated_Source\PSoC4\Current_Sensor_I2C_I2C_MASTER.c -o .\CortexM0\ARM_GCC_541\Debug\Current_Sensor_I2C_I2C_MASTER.o
arm-none-eabi-gcc.exe -mcpu=cortex-m0 -mthumb -I. -IGenerated_Source\PSoC4 -Wa,-alh=.\CortexM0\ARM_GCC_541\Debug/Current_Sensor_I2C_PM.lst -g -D DEBUG -D CY_CORE_ID=0 -Wall -ffunction-sections -ffat-lto-objects -Og -D CHIP_TYPE=CHIP_TYPE_PSOC_CY8C4248AZI_L485 -c Generated_Source\PSoC4\Current_Sensor_I2C_PM.c -o .\CortexM0\ARM_GCC_541\Debug\Current_Sensor_I2C_PM.o
arm-none-eabi-gcc.exe -mcpu=cortex-m0 -mthumb -I. -IGenerated_Source\PSoC4 -Wa,-alh=.\CortexM0\ARM_GCC_541\Debug/Current_Sensor_I2C_BOOT.lst -g -D DEBUG -D CY_CORE_ID=0 -Wall -ffunction-sections -ffat-lto-objects -Og -D CHIP_TYPE=CHIP_TYPE_PSOC_CY8C4248AZI_L485 -c Generated_Source\PSoC4\Current_Sensor_I2C_BOOT.c -o .\CortexM0\ARM_GCC_541\Debug\Current_Sensor_I2C_BOOT.o
arm-none-eabi-gcc.exe -mcpu=cortex-m0 -mthumb -I. -IGenerated_Source\PSoC4 -Wa,-alh=.\CortexM0\ARM_GCC_541\Debug/CAN_LED.lst -g -D DEBUG -D CY_CORE_ID=0 -Wall -ffunction-sections -ffat-lto-objects -Og -D CHIP_TYPE=CHIP_TYPE_PSOC_CY8C4248AZI_L485 -c Generated_Source\PSoC4\CAN_LED.c -o .\CortexM0\ARM_GCC_541\Debug\CAN_LED.o
arm-none-eabi-gcc.exe -mcpu=cortex-m0 -mthumb -I. -IGenerated_Source\PSoC4 -Wa,-alh=.\CortexM0\ARM_GCC_541\Debug/CAN_LED_PM.lst -g -D DEBUG -D CY_CORE_ID=0 -Wall -ffunction-sections -ffat-lto-objects -Og -D CHIP_TYPE=CHIP_TYPE_PSOC_CY8C4248AZI_L485 -c Generated_Source\PSoC4\CAN_LED_PM.c -o .\CortexM0\ARM_GCC_541\Debug\CAN_LED_PM.o
arm-none-eabi-gcc.exe -mcpu=cortex-m0 -mthumb -I. -IGenerated_Source\PSoC4 -Wa,-alh=.\CortexM0\ARM_GCC_541\Debug/DRV_EN.lst -g -D DEBUG -D CY_CORE_ID=0 -Wall -ffunction-sections -ffat-lto-objects -Og -D CHIP_TYPE=CHIP_TYPE_PSOC_CY8C4248AZI_L485 -c Generated_Source\PSoC4\DRV_EN.c -o .\CortexM0\ARM_GCC_541\Debug\DRV_EN.o
arm-none-eabi-gcc.exe -mcpu=cortex-m0 -mthumb -I. -IGenerated_Source\PSoC4 -Wa,-alh=.\CortexM0\ARM_GCC_541\Debug/DRV_EN_PM.lst -g -D DEBUG -D CY_CORE_ID=0 -Wall -ffunction-sections -ffat-lto-objects -Og -D CHIP_TYPE=CHIP_TYPE_PSOC_CY8C4248AZI_L485 -c Generated_Source\PSoC4\DRV_EN_PM.c -o .\CortexM0\ARM_GCC_541\Debug\DRV_EN_PM.o
arm-none-eabi-gcc.exe -mcpu=cortex-m0 -mthumb -I. -IGenerated_Source\PSoC4 -Wa,-alh=.\CortexM0\ARM_GCC_541\Debug/TMC6100_SPI.lst -g -D DEBUG -D CY_CORE_ID=0 -Wall -ffunction-sections -ffat-lto-objects -Og -D CHIP_TYPE=CHIP_TYPE_PSOC_CY8C4248AZI_L485 -c Generated_Source\PSoC4\TMC6100_SPI.c -o .\CortexM0\ARM_GCC_541\Debug\TMC6100_SPI.o
arm-none-eabi-gcc.exe -mcpu=cortex-m0 -mthumb -I. -IGenerated_Source\PSoC4 -Wa,-alh=.\CortexM0\ARM_GCC_541\Debug/TMC6100_SPI_SPI_UART.lst -g -D DEBUG -D CY_CORE_ID=0 -Wall -ffunction-sections -ffat-lto-objects -Og -D CHIP_TYPE=CHIP_TYPE_PSOC_CY8C4248AZI_L485 -c Generated_Source\PSoC4\TMC6100_SPI_SPI_UART.c -o .\CortexM0\ARM_GCC_541\Debug\TMC6100_SPI_SPI_UART.o
arm-none-eabi-gcc.exe -mcpu=cortex-m0 -mthumb -I. -IGenerated_Source\PSoC4 -Wa,-alh=.\CortexM0\ARM_GCC_541\Debug/TMC6100_SPI_PM.lst -g -D DEBUG -D CY_CORE_ID=0 -Wall -ffunction-sections -ffat-lto-objects -Og -D CHIP_TYPE=CHIP_TYPE_PSOC_CY8C4248AZI_L485 -c Generated_Source\PSoC4\TMC6100_SPI_PM.c -o .\CortexM0\ARM_GCC_541\Debug\TMC6100_SPI_PM.o
arm-none-eabi-gcc.exe -mcpu=cortex-m0 -mthumb -I. -IGenerated_Source\PSoC4 -Wa,-alh=.\CortexM0\ARM_GCC_541\Debug/TMC6100_SPI_SPI.lst -g -D DEBUG -D CY_CORE_ID=0 -Wall -ffunction-sections -ffat-lto-objects -Og -D CHIP_TYPE=CHIP_TYPE_PSOC_CY8C4248AZI_L485 -c Generated_Source\PSoC4\TMC6100_SPI_SPI.c -o .\CortexM0\ARM_GCC_541\Debug\TMC6100_SPI_SPI.o
arm-none-eabi-gcc.exe -mcpu=cortex-m0 -mthumb -I. -IGenerated_Source\PSoC4 -Wa,-alh=.\CortexM0\ARM_GCC_541\Debug/TMC6100_SPI_BOOT.lst -g -D DEBUG -D CY_CORE_ID=0 -Wall -ffunction-sections -ffat-lto-objects -Og -D CHIP_TYPE=CHIP_TYPE_PSOC_CY8C4248AZI_L485 -c Generated_Source\PSoC4\TMC6100_SPI_BOOT.c -o .\CortexM0\ARM_GCC_541\Debug\TMC6100_SPI_BOOT.o
arm-none-eabi-gcc.exe -mcpu=cortex-m0 -mthumb -I. -IGenerated_Source\PSoC4 -Wa,-alh=.\CortexM0\ARM_GCC_541\Debug/TMC6100_SPI_SPI_BOOT.lst -g -D DEBUG -D CY_CORE_ID=0 -Wall -ffunction-sections -ffat-lto-objects -Og -D CHIP_TYPE=CHIP_TYPE_PSOC_CY8C4248AZI_L485 -c Generated_Source\PSoC4\TMC6100_SPI_SPI_BOOT.c -o .\CortexM0\ARM_GCC_541\Debug\TMC6100_SPI_SPI_BOOT.o
arm-none-eabi-gcc.exe -mcpu=cortex-m0 -mthumb -I. -IGenerated_Source\PSoC4 -Wa,-alh=.\CortexM0\ARM_GCC_541\Debug/DIP_1.lst -g -D DEBUG -D CY_CORE_ID=0 -Wall -ffunction-sections -ffat-lto-objects -Og -D CHIP_TYPE=CHIP_TYPE_PSOC_CY8C4248AZI_L485 -c Generated_Source\PSoC4\DIP_1.c -o .\CortexM0\ARM_GCC_541\Debug\DIP_1.o
arm-none-eabi-gcc.exe -mcpu=cortex-m0 -mthumb -I. -IGenerated_Source\PSoC4 -Wa,-alh=.\CortexM0\ARM_GCC_541\Debug/DIP_1_PM.lst -g -D DEBUG -D CY_CORE_ID=0 -Wall -ffunction-sections -ffat-lto-objects -Og -D CHIP_TYPE=CHIP_TYPE_PSOC_CY8C4248AZI_L485 -c Generated_Source\PSoC4\DIP_1_PM.c -o .\CortexM0\ARM_GCC_541\Debug\DIP_1_PM.o
arm-none-eabi-gcc.exe -mcpu=cortex-m0 -mthumb -I. -IGenerated_Source\PSoC4 -Wa,-alh=.\CortexM0\ARM_GCC_541\Debug/Clock_2.lst -g -D DEBUG -D CY_CORE_ID=0 -Wall -ffunction-sections -ffat-lto-objects -Og -D CHIP_TYPE=CHIP_TYPE_PSOC_CY8C4248AZI_L485 -c Generated_Source\PSoC4\Clock_2.c -o .\CortexM0\ARM_GCC_541\Debug\Clock_2.o
arm-none-eabi-gcc.exe -mcpu=cortex-m0 -mthumb -I. -IGenerated_Source\PSoC4 -Wa,-alh=.\CortexM0\ARM_GCC_541\Debug/FAULT.lst -g -D DEBUG -D CY_CORE_ID=0 -Wall -ffunction-sections -ffat-lto-objects -Og -D CHIP_TYPE=CHIP_TYPE_PSOC_CY8C4248AZI_L485 -c Generated_Source\PSoC4\FAULT.c -o .\CortexM0\ARM_GCC_541\Debug\FAULT.o
arm-none-eabi-gcc.exe -mcpu=cortex-m0 -mthumb -I. -IGenerated_Source\PSoC4 -Wa,-alh=.\CortexM0\ARM_GCC_541\Debug/FAULT_PM.lst -g -D DEBUG -D CY_CORE_ID=0 -Wall -ffunction-sections -ffat-lto-objects -Og -D CHIP_TYPE=CHIP_TYPE_PSOC_CY8C4248AZI_L485 -c Generated_Source\PSoC4\FAULT_PM.c -o .\CortexM0\ARM_GCC_541\Debug\FAULT_PM.o
arm-none-eabi-gcc.exe -mcpu=cortex-m0 -mthumb -I. -IGenerated_Source\PSoC4 -Wa,-alh=.\CortexM0\ARM_GCC_541\Debug/Cur_Alert_1.lst -g -D DEBUG -D CY_CORE_ID=0 -Wall -ffunction-sections -ffat-lto-objects -Og -D CHIP_TYPE=CHIP_TYPE_PSOC_CY8C4248AZI_L485 -c Generated_Source\PSoC4\Cur_Alert_1.c -o .\CortexM0\ARM_GCC_541\Debug\Cur_Alert_1.o
arm-none-eabi-gcc.exe -mcpu=cortex-m0 -mthumb -I. -IGenerated_Source\PSoC4 -Wa,-alh=.\CortexM0\ARM_GCC_541\Debug/Cur_Alert_1_PM.lst -g -D DEBUG -D CY_CORE_ID=0 -Wall -ffunction-sections -ffat-lto-objects -Og -D CHIP_TYPE=CHIP_TYPE_PSOC_CY8C4248AZI_L485 -c Generated_Source\PSoC4\Cur_Alert_1_PM.c -o .\CortexM0\ARM_GCC_541\Debug\Cur_Alert_1_PM.o
arm-none-eabi-gcc.exe -mcpu=cortex-m0 -mthumb -I. -IGenerated_Source\PSoC4 -Wa,-alh=.\CortexM0\ARM_GCC_541\Debug/Cur_Alert_2.lst -g -D DEBUG -D CY_CORE_ID=0 -Wall -ffunction-sections -ffat-lto-objects -Og -D CHIP_TYPE=CHIP_TYPE_PSOC_CY8C4248AZI_L485 -c Generated_Source\PSoC4\Cur_Alert_2.c -o .\CortexM0\ARM_GCC_541\Debug\Cur_Alert_2.o
arm-none-eabi-gcc.exe -mcpu=cortex-m0 -mthumb -I. -IGenerated_Source\PSoC4 -Wa,-alh=.\CortexM0\ARM_GCC_541\Debug/Cur_Alert_2_PM.lst -g -D DEBUG -D CY_CORE_ID=0 -Wall -ffunction-sections -ffat-lto-objects -Og -D CHIP_TYPE=CHIP_TYPE_PSOC_CY8C4248AZI_L485 -c Generated_Source\PSoC4\Cur_Alert_2_PM.c -o .\CortexM0\ARM_GCC_541\Debug\Cur_Alert_2_PM.o
arm-none-eabi-gcc.exe -mcpu=cortex-m0 -mthumb -I. -IGenerated_Source\PSoC4 -Wa,-alh=.\CortexM0\ARM_GCC_541\Debug/Cur_Alert_3.lst -g -D DEBUG -D CY_CORE_ID=0 -Wall -ffunction-sections -ffat-lto-objects -Og -D CHIP_TYPE=CHIP_TYPE_PSOC_CY8C4248AZI_L485 -c Generated_Source\PSoC4\Cur_Alert_3.c -o .\CortexM0\ARM_GCC_541\Debug\Cur_Alert_3.o
arm-none-eabi-gcc.exe -mcpu=cortex-m0 -mthumb -I. -IGenerated_Source\PSoC4 -Wa,-alh=.\CortexM0\ARM_GCC_541\Debug/Cur_Alert_3_PM.lst -g -D DEBUG -D CY_CORE_ID=0 -Wall -ffunction-sections -ffat-lto-objects -Og -D CHIP_TYPE=CHIP_TYPE_PSOC_CY8C4248AZI_L485 -c Generated_Source\PSoC4\Cur_Alert_3_PM.c -o .\CortexM0\ARM_GCC_541\Debug\Cur_Alert_3_PM.o
arm-none-eabi-gcc.exe -mcpu=cortex-m0 -mthumb -I. -IGenerated_Source\PSoC4 -Wa,-alh=.\CortexM0\ARM_GCC_541\Debug/Current_Sensor_I2C_SCBCLK.lst -g -D DEBUG -D CY_CORE_ID=0 -Wall -ffunction-sections -ffat-lto-objects -Og -D CHIP_TYPE=CHIP_TYPE_PSOC_CY8C4248AZI_L485 -c Generated_Source\PSoC4\Current_Sensor_I2C_SCBCLK.c -o .\CortexM0\ARM_GCC_541\Debug\Current_Sensor_I2C_SCBCLK.o
arm-none-eabi-gcc.exe -mcpu=cortex-m0 -mthumb -I. -IGenerated_Source\PSoC4 -Wa,-alh=.\CortexM0\ARM_GCC_541\Debug/Current_Sensor_I2C_sda.lst -g -D DEBUG -D CY_CORE_ID=0 -Wall -ffunction-sections -ffat-lto-objects -Og -D CHIP_TYPE=CHIP_TYPE_PSOC_CY8C4248AZI_L485 -c Generated_Source\PSoC4\Current_Sensor_I2C_sda.c -o .\CortexM0\ARM_GCC_541\Debug\Current_Sensor_I2C_sda.o
arm-none-eabi-gcc.exe -mcpu=cortex-m0 -mthumb -I. -IGenerated_Source\PSoC4 -Wa,-alh=.\CortexM0\ARM_GCC_541\Debug/Current_Sensor_I2C_sda_PM.lst -g -D DEBUG -D CY_CORE_ID=0 -Wall -ffunction-sections -ffat-lto-objects -Og -D CHIP_TYPE=CHIP_TYPE_PSOC_CY8C4248AZI_L485 -c Generated_Source\PSoC4\Current_Sensor_I2C_sda_PM.c -o .\CortexM0\ARM_GCC_541\Debug\Current_Sensor_I2C_sda_PM.o
arm-none-eabi-gcc.exe -mcpu=cortex-m0 -mthumb -I. -IGenerated_Source\PSoC4 -Wa,-alh=.\CortexM0\ARM_GCC_541\Debug/Current_Sensor_I2C_scl.lst -g -D DEBUG -D CY_CORE_ID=0 -Wall -ffunction-sections -ffat-lto-objects -Og -D CHIP_TYPE=CHIP_TYPE_PSOC_CY8C4248AZI_L485 -c Generated_Source\PSoC4\Current_Sensor_I2C_scl.c -o .\CortexM0\ARM_GCC_541\Debug\Current_Sensor_I2C_scl.o
arm-none-eabi-gcc.exe -mcpu=cortex-m0 -mthumb -I. -IGenerated_Source\PSoC4 -Wa,-alh=.\CortexM0\ARM_GCC_541\Debug/Current_Sensor_I2C_scl_PM.lst -g -D DEBUG -D CY_CORE_ID=0 -Wall -ffunction-sections -ffat-lto-objects -Og -D CHIP_TYPE=CHIP_TYPE_PSOC_CY8C4248AZI_L485 -c Generated_Source\PSoC4\Current_Sensor_I2C_scl_PM.c -o .\CortexM0\ARM_GCC_541\Debug\Current_Sensor_I2C_scl_PM.o
arm-none-eabi-gcc.exe -mcpu=cortex-m0 -mthumb -I. -IGenerated_Source\PSoC4 -Wa,-alh=.\CortexM0\ARM_GCC_541\Debug/Current_Sensor_I2C_SCB_IRQ.lst -g -D DEBUG -D CY_CORE_ID=0 -Wall -ffunction-sections -ffat-lto-objects -Og -D CHIP_TYPE=CHIP_TYPE_PSOC_CY8C4248AZI_L485 -c Generated_Source\PSoC4\Current_Sensor_I2C_SCB_IRQ.c -o .\CortexM0\ARM_GCC_541\Debug\Current_Sensor_I2C_SCB_IRQ.o
arm-none-eabi-gcc.exe -mcpu=cortex-m0 -mthumb -I. -IGenerated_Source\PSoC4 -Wa,-alh=.\CortexM0\ARM_GCC_541\Debug/TMC6100_SPI_SCBCLK.lst -g -D DEBUG -D CY_CORE_ID=0 -Wall -ffunction-sections -ffat-lto-objects -Og -D CHIP_TYPE=CHIP_TYPE_PSOC_CY8C4248AZI_L485 -c Generated_Source\PSoC4\TMC6100_SPI_SCBCLK.c -o .\CortexM0\ARM_GCC_541\Debug\TMC6100_SPI_SCBCLK.o
arm-none-eabi-gcc.exe -mcpu=cortex-m0 -mthumb -I. -IGenerated_Source\PSoC4 -Wa,-alh=.\CortexM0\ARM_GCC_541\Debug/TMC6100_SPI_ss_s.lst -g -D DEBUG -D CY_CORE_ID=0 -Wall -ffunction-sections -ffat-lto-objects -Og -D CHIP_TYPE=CHIP_TYPE_PSOC_CY8C4248AZI_L485 -c Generated_Source\PSoC4\TMC6100_SPI_ss_s.c -o .\CortexM0\ARM_GCC_541\Debug\TMC6100_SPI_ss_s.o
arm-none-eabi-gcc.exe -mcpu=cortex-m0 -mthumb -I. -IGenerated_Source\PSoC4 -Wa,-alh=.\CortexM0\ARM_GCC_541\Debug/TMC6100_SPI_ss_s_PM.lst -g -D DEBUG -D CY_CORE_ID=0 -Wall -ffunction-sections -ffat-lto-objects -Og -D CHIP_TYPE=CHIP_TYPE_PSOC_CY8C4248AZI_L485 -c Generated_Source\PSoC4\TMC6100_SPI_ss_s_PM.c -o .\CortexM0\ARM_GCC_541\Debug\TMC6100_SPI_ss_s_PM.o
arm-none-eabi-gcc.exe -mcpu=cortex-m0 -mthumb -I. -IGenerated_Source\PSoC4 -Wa,-alh=.\CortexM0\ARM_GCC_541\Debug/TMC6100_SPI_miso_s.lst -g -D DEBUG -D CY_CORE_ID=0 -Wall -ffunction-sections -ffat-lto-objects -Og -D CHIP_TYPE=CHIP_TYPE_PSOC_CY8C4248AZI_L485 -c Generated_Source\PSoC4\TMC6100_SPI_miso_s.c -o .\CortexM0\ARM_GCC_541\Debug\TMC6100_SPI_miso_s.o
arm-none-eabi-gcc.exe -mcpu=cortex-m0 -mthumb -I. -IGenerated_Source\PSoC4 -Wa,-alh=.\CortexM0\ARM_GCC_541\Debug/TMC6100_SPI_miso_s_PM.lst -g -D DEBUG -D CY_CORE_ID=0 -Wall -ffunction-sections -ffat-lto-objects -Og -D CHIP_TYPE=CHIP_TYPE_PSOC_CY8C4248AZI_L485 -c Generated_Source\PSoC4\TMC6100_SPI_miso_s_PM.c -o .\CortexM0\ARM_GCC_541\Debug\TMC6100_SPI_miso_s_PM.o
arm-none-eabi-gcc.exe -mcpu=cortex-m0 -mthumb -I. -IGenerated_Source\PSoC4 -Wa,-alh=.\CortexM0\ARM_GCC_541\Debug/TMC6100_SPI_sclk_s.lst -g -D DEBUG -D CY_CORE_ID=0 -Wall -ffunction-sections -ffat-lto-objects -Og -D CHIP_TYPE=CHIP_TYPE_PSOC_CY8C4248AZI_L485 -c Generated_Source\PSoC4\TMC6100_SPI_sclk_s.c -o .\CortexM0\ARM_GCC_541\Debug\TMC6100_SPI_sclk_s.o
arm-none-eabi-gcc.exe -mcpu=cortex-m0 -mthumb -I. -IGenerated_Source\PSoC4 -Wa,-alh=.\CortexM0\ARM_GCC_541\Debug/TMC6100_SPI_sclk_s_PM.lst -g -D DEBUG -D CY_CORE_ID=0 -Wall -ffunction-sections -ffat-lto-objects -Og -D CHIP_TYPE=CHIP_TYPE_PSOC_CY8C4248AZI_L485 -c Generated_Source\PSoC4\TMC6100_SPI_sclk_s_PM.c -o .\CortexM0\ARM_GCC_541\Debug\TMC6100_SPI_sclk_s_PM.o
arm-none-eabi-gcc.exe -mcpu=cortex-m0 -mthumb -I. -IGenerated_Source\PSoC4 -Wa,-alh=.\CortexM0\ARM_GCC_541\Debug/TMC6100_SPI_mosi_s.lst -g -D DEBUG -D CY_CORE_ID=0 -Wall -ffunction-sections -ffat-lto-objects -Og -D CHIP_TYPE=CHIP_TYPE_PSOC_CY8C4248AZI_L485 -c Generated_Source\PSoC4\TMC6100_SPI_mosi_s.c -o .\CortexM0\ARM_GCC_541\Debug\TMC6100_SPI_mosi_s.o
arm-none-eabi-gcc.exe -mcpu=cortex-m0 -mthumb -I. -IGenerated_Source\PSoC4 -Wa,-alh=.\CortexM0\ARM_GCC_541\Debug/TMC6100_SPI_mosi_s_PM.lst -g -D DEBUG -D CY_CORE_ID=0 -Wall -ffunction-sections -ffat-lto-objects -Og -D CHIP_TYPE=CHIP_TYPE_PSOC_CY8C4248AZI_L485 -c Generated_Source\PSoC4\TMC6100_SPI_mosi_s_PM.c -o .\CortexM0\ARM_GCC_541\Debug\TMC6100_SPI_mosi_s_PM.o
arm-none-eabi-gcc.exe -mcpu=cortex-m0 -mthumb -I. -IGenerated_Source\PSoC4 -Wa,-alh=.\CortexM0\ARM_GCC_541\Debug/isr_Limit_1.lst -g -D DEBUG -D CY_CORE_ID=0 -Wall -ffunction-sections -ffat-lto-objects -Og -D CHIP_TYPE=CHIP_TYPE_PSOC_CY8C4248AZI_L485 -c Generated_Source\PSoC4\isr_Limit_1.c -o .\CortexM0\ARM_GCC_541\Debug\isr_Limit_1.o
arm-none-eabi-gcc.exe -mcpu=cortex-m0 -mthumb -I. -IGenerated_Source\PSoC4 -Wa,-alh=.\CortexM0\ARM_GCC_541\Debug/Pin_Limit_2.lst -g -D DEBUG -D CY_CORE_ID=0 -Wall -ffunction-sections -ffat-lto-objects -Og -D CHIP_TYPE=CHIP_TYPE_PSOC_CY8C4248AZI_L485 -c Generated_Source\PSoC4\Pin_Limit_2.c -o .\CortexM0\ARM_GCC_541\Debug\Pin_Limit_2.o
arm-none-eabi-gcc.exe -mcpu=cortex-m0 -mthumb -I. -IGenerated_Source\PSoC4 -Wa,-alh=.\CortexM0\ARM_GCC_541\Debug/Pin_Limit_2_PM.lst -g -D DEBUG -D CY_CORE_ID=0 -Wall -ffunction-sections -ffat-lto-objects -Og -D CHIP_TYPE=CHIP_TYPE_PSOC_CY8C4248AZI_L485 -c Generated_Source\PSoC4\Pin_Limit_2_PM.c -o .\CortexM0\ARM_GCC_541\Debug\Pin_Limit_2_PM.o
arm-none-eabi-gcc.exe -mcpu=cortex-m0 -mthumb -I. -IGenerated_Source\PSoC4 -Wa,-alh=.\CortexM0\ARM_GCC_541\Debug/Pin_Limit_1.lst -g -D DEBUG -D CY_CORE_ID=0 -Wall -ffunction-sections -ffat-lto-objects -Og -D CHIP_TYPE=CHIP_TYPE_PSOC_CY8C4248AZI_L485 -c Generated_Source\PSoC4\Pin_Limit_1.c -o .\CortexM0\ARM_GCC_541\Debug\Pin_Limit_1.o
arm-none-eabi-gcc.exe -mcpu=cortex-m0 -mthumb -I. -IGenerated_Source\PSoC4 -Wa,-alh=.\CortexM0\ARM_GCC_541\Debug/Pin_Limit_1_PM.lst -g -D DEBUG -D CY_CORE_ID=0 -Wall -ffunction-sections -ffat-lto-objects -Og -D CHIP_TYPE=CHIP_TYPE_PSOC_CY8C4248AZI_L485 -c Generated_Source\PSoC4\Pin_Limit_1_PM.c -o .\CortexM0\ARM_GCC_541\Debug\Pin_Limit_1_PM.o
arm-none-eabi-gcc.exe -mcpu=cortex-m0 -mthumb -I. -IGenerated_Source\PSoC4 -Wa,-alh=.\CortexM0\ARM_GCC_541\Debug/Timer_Rotor_Delay.lst -g -D DEBUG -D CY_CORE_ID=0 -Wall -ffunction-sections -ffat-lto-objects -Og -D CHIP_TYPE=CHIP_TYPE_PSOC_CY8C4248AZI_L485 -c Generated_Source\PSoC4\Timer_Rotor_Delay.c -o .\CortexM0\ARM_GCC_541\Debug\Timer_Rotor_Delay.o
arm-none-eabi-gcc.exe -mcpu=cortex-m0 -mthumb -I. -IGenerated_Source\PSoC4 -Wa,-alh=.\CortexM0\ARM_GCC_541\Debug/Timer_Rotor_Delay_PM.lst -g -D DEBUG -D CY_CORE_ID=0 -Wall -ffunction-sections -ffat-lto-objects -Og -D CHIP_TYPE=CHIP_TYPE_PSOC_CY8C4248AZI_L485 -c Generated_Source\PSoC4\Timer_Rotor_Delay_PM.c -o .\CortexM0\ARM_GCC_541\Debug\Timer_Rotor_Delay_PM.o
arm-none-eabi-gcc.exe -mcpu=cortex-m0 -mthumb -I. -IGenerated_Source\PSoC4 -Wa,-alh=.\CortexM0\ARM_GCC_541\Debug/isr_Hall.lst -g -D DEBUG -D CY_CORE_ID=0 -Wall -ffunction-sections -ffat-lto-objects -Og -D CHIP_TYPE=CHIP_TYPE_PSOC_CY8C4248AZI_L485 -c Generated_Source\PSoC4\isr_Hall.c -o .\CortexM0\ARM_GCC_541\Debug\isr_Hall.o
arm-none-eabi-gcc.exe -mcpu=cortex-m0 -mthumb -I. -IGenerated_Source\PSoC4 -Wa,-alh=.\CortexM0\ARM_GCC_541\Debug/Address_Register.lst -g -D DEBUG -D CY_CORE_ID=0 -Wall -ffunction-sections -ffat-lto-objects -Og -D CHIP_TYPE=CHIP_TYPE_PSOC_CY8C4248AZI_L485 -c Generated_Source\PSoC4\Address_Register.c -o .\CortexM0\ARM_GCC_541\Debug\Address_Register.o
arm-none-eabi-gcc.exe -mcpu=cortex-m0 -mthumb -I. -IGenerated_Source\PSoC4 -Wa,-alh=.\CortexM0\ARM_GCC_541\Debug/Limit_Register.lst -g -D DEBUG -D CY_CORE_ID=0 -Wall -ffunction-sections -ffat-lto-objects -Og -D CHIP_TYPE=CHIP_TYPE_PSOC_CY8C4248AZI_L485 -c Generated_Source\PSoC4\Limit_Register.c -o .\CortexM0\ARM_GCC_541\Debug\Limit_Register.o
arm-none-eabi-gcc.exe -mcpu=cortex-m0 -mthumb -I. -IGenerated_Source\PSoC4 -Wa,-alh=.\CortexM0\ARM_GCC_541\Debug/Timer_Period_Reset.lst -g -D DEBUG -D CY_CORE_ID=0 -Wall -ffunction-sections -ffat-lto-objects -Og -D CHIP_TYPE=CHIP_TYPE_PSOC_CY8C4248AZI_L485 -c Generated_Source\PSoC4\Timer_Period_Reset.c -o .\CortexM0\ARM_GCC_541\Debug\Timer_Period_Reset.o
arm-none-eabi-gcc.exe -mcpu=cortex-m0 -mthumb -I. -IGenerated_Source\PSoC4 -Wa,-alh=.\CortexM0\ARM_GCC_541\Debug/Timer_Period_Reset_PM.lst -g -D DEBUG -D CY_CORE_ID=0 -Wall -ffunction-sections -ffat-lto-objects -Og -D CHIP_TYPE=CHIP_TYPE_PSOC_CY8C4248AZI_L485 -c Generated_Source\PSoC4\Timer_Period_Reset_PM.c -o .\CortexM0\ARM_GCC_541\Debug\Timer_Period_Reset_PM.o
arm-none-eabi-gcc.exe -mcpu=cortex-m0 -mthumb -I. -IGenerated_Source\PSoC4 -Wa,-alh=.\CortexM0\ARM_GCC_541\Debug/isr_Period_Reset.lst -g -D DEBUG -D CY_CORE_ID=0 -Wall -ffunction-sections -ffat-lto-objects -Og -D CHIP_TYPE=CHIP_TYPE_PSOC_CY8C4248AZI_L485 -c Generated_Source\PSoC4\isr_Period_Reset.c -o .\CortexM0\ARM_GCC_541\Debug\isr_Period_Reset.o
arm-none-eabi-as.exe -mcpu=cortex-m0 -mthumb -I. -IGenerated_Source\PSoC4 -alh=.\CortexM0\ARM_GCC_541\Debug/CyBootAsmGnu.lst -g -W -o .\CortexM0\ARM_GCC_541\Debug\CyBootAsmGnu.o Generated_Source\PSoC4\CyBootAsmGnu.s
arm-none-eabi-ar.exe -rs .\CortexM0\ARM_GCC_541\Debug\BLDC_Motor_Board.a .\CortexM0\ARM_GCC_541\Debug\CyFlash.o .\CortexM0\ARM_GCC_541\Debug\CyLib.o .\CortexM0\ARM_GCC_541\Debug\cyPm.o .\CortexM0\ARM_GCC_541\Debug\cyutils.o .\CortexM0\ARM_GCC_541\Debug\CyDMA.o .\CortexM0\ARM_GCC_541\Debug\CyLFClk.o .\CortexM0\ARM_GCC_541\Debug\cy_em_eeprom.o .\CortexM0\ARM_GCC_541\Debug\HALL1.o .\CortexM0\ARM_GCC_541\Debug\HALL1_PM.o .\CortexM0\ARM_GCC_541\Debug\UH.o .\CortexM0\ARM_GCC_541\Debug\UH_PM.o .\CortexM0\ARM_GCC_541\Debug\UL.o .\CortexM0\ARM_GCC_541\Debug\UL_PM.o .\CortexM0\ARM_GCC_541\Debug\VH.o .\CortexM0\ARM_GCC_541\Debug\VH_PM.o .\CortexM0\ARM_GCC_541\Debug\VL.o .\CortexM0\ARM_GCC_541\Debug\VL_PM.o .\CortexM0\ARM_GCC_541\Debug\WH.o .\CortexM0\ARM_GCC_541\Debug\WH_PM.o .\CortexM0\ARM_GCC_541\Debug\WL.o .\CortexM0\ARM_GCC_541\Debug\WL_PM.o .\CortexM0\ARM_GCC_541\Debug\HALL2.o .\CortexM0\ARM_GCC_541\Debug\HALL2_PM.o .\CortexM0\ARM_GCC_541\Debug\HALL3.o .\CortexM0\ARM_GCC_541\Debug\HALL3_PM.o .\CortexM0\ARM_GCC_541\Debug\RX_1.o .\CortexM0\ARM_GCC_541\Debug\RX_1_PM.o .\CortexM0\ARM_GCC_541\Debug\TX_1.o .\CortexM0\ARM_GCC_541\Debug\TX_1_PM.o .\CortexM0\ARM_GCC_541\Debug\CAN.o .\CortexM0\ARM_GCC_541\Debug\CAN_INT.o .\CortexM0\ARM_GCC_541\Debug\CAN_PM.o .\CortexM0\ARM_GCC_541\Debug\CAN_TX_RX_func.o .\CortexM0\ARM_GCC_541\Debug\UART.o .\CortexM0\ARM_GCC_541\Debug\UART_SPI_UART.o .\CortexM0\ARM_GCC_541\Debug\UART_SPI_UART_INT.o .\CortexM0\ARM_GCC_541\Debug\UART_PM.o .\CortexM0\ARM_GCC_541\Debug\UART_UART.o .\CortexM0\ARM_GCC_541\Debug\UART_BOOT.o .\CortexM0\ARM_GCC_541\Debug\UART_UART_BOOT.o .\CortexM0\ARM_GCC_541\Debug\CAN_isr.o .\CortexM0\ARM_GCC_541\Debug\CAN_HFCLK.o .\CortexM0\ARM_GCC_541\Debug\UART_SCBCLK.o .\CortexM0\ARM_GCC_541\Debug\UART_tx.o .\CortexM0\ARM_GCC_541\Debug\UART_tx_PM.o .\CortexM0\ARM_GCC_541\Debug\UART_rx.o .\CortexM0\ARM_GCC_541\Debug\UART_rx_PM.o .\CortexM0\ARM_GCC_541\Debug\ERROR_LED.o .\CortexM0\ARM_GCC_541\Debug\ERROR_LED_PM.o .\CortexM0\ARM_GCC_541\Debug\DEBUG_LED.o .\CortexM0\ARM_GCC_541\Debug\DEBUG_LED_PM.o .\CortexM0\ARM_GCC_541\Debug\Current_Sensor_I2C.o .\CortexM0\ARM_GCC_541\Debug\Current_Sensor_I2C_I2C_INT.o .\CortexM0\ARM_GCC_541\Debug\Current_Sensor_I2C_I2C.o .\CortexM0\ARM_GCC_541\Debug\Current_Sensor_I2C_I2C_BOOT.o .\CortexM0\ARM_GCC_541\Debug\Current_Sensor_I2C_I2C_MASTER.o .\CortexM0\ARM_GCC_541\Debug\Current_Sensor_I2C_PM.o .\CortexM0\ARM_GCC_541\Debug\Current_Sensor_I2C_BOOT.o .\CortexM0\ARM_GCC_541\Debug\CAN_LED.o .\CortexM0\ARM_GCC_541\Debug\CAN_LED_PM.o .\CortexM0\ARM_GCC_541\Debug\DRV_EN.o .\CortexM0\ARM_GCC_541\Debug\DRV_EN_PM.o .\CortexM0\ARM_GCC_541\Debug\TMC6100_SPI.o .\CortexM0\ARM_GCC_541\Debug\TMC6100_SPI_SPI_UART.o .\CortexM0\ARM_GCC_541\Debug\TMC6100_SPI_PM.o .\CortexM0\ARM_GCC_541\Debug\TMC6100_SPI_SPI.o .\CortexM0\ARM_GCC_541\Debug\TMC6100_SPI_BOOT.o .\CortexM0\ARM_GCC_541\Debug\TMC6100_SPI_SPI_BOOT.o .\CortexM0\ARM_GCC_541\Debug\DIP_1.o .\CortexM0\ARM_GCC_541\Debug\DIP_1_PM.o .\CortexM0\ARM_GCC_541\Debug\Clock_2.o .\CortexM0\ARM_GCC_541\Debug\FAULT.o .\CortexM0\ARM_GCC_541\Debug\FAULT_PM.o .\CortexM0\ARM_GCC_541\Debug\Cur_Alert_1.o .\CortexM0\ARM_GCC_541\Debug\Cur_Alert_1_PM.o .\CortexM0\ARM_GCC_541\Debug\Cur_Alert_2.o .\CortexM0\ARM_GCC_541\Debug\Cur_Alert_2_PM.o .\CortexM0\ARM_GCC_541\Debug\Cur_Alert_3.o .\CortexM0\ARM_GCC_541\Debug\Cur_Alert_3_PM.o .\CortexM0\ARM_GCC_541\Debug\Current_Sensor_I2C_SCBCLK.o .\CortexM0\ARM_GCC_541\Debug\Current_Sensor_I2C_sda.o .\CortexM0\ARM_GCC_541\Debug\Current_Sensor_I2C_sda_PM.o .\CortexM0\ARM_GCC_541\Debug\Current_Sensor_I2C_scl.o .\CortexM0\ARM_GCC_541\Debug\Current_Sensor_I2C_scl_PM.o .\CortexM0\ARM_GCC_541\Debug\Current_Sensor_I2C_SCB_IRQ.o .\CortexM0\ARM_GCC_541\Debug\TMC6100_SPI_SCBCLK.o .\CortexM0\ARM_GCC_541\Debug\TMC6100_SPI_ss_s.o .\CortexM0\ARM_GCC_541\Debug\TMC6100_SPI_ss_s_PM.o .\CortexM0\ARM_GCC_541\Debug\TMC6100_SPI_miso_s.o .\CortexM0\ARM_GCC_541\Debug\TMC6100_SPI_miso_s_PM.o .\CortexM0\ARM_GCC_541\Debug\TMC6100_SPI_sclk_s.o .\CortexM0\ARM_GCC_541\Debug\TMC6100_SPI_sclk_s_PM.o .\CortexM0\ARM_GCC_541\Debug\TMC6100_SPI_mosi_s.o .\CortexM0\ARM_GCC_541\Debug\TMC6100_SPI_mosi_s_PM.o .\CortexM0\ARM_GCC_541\Debug\isr_Limit_1.o .\CortexM0\ARM_GCC_541\Debug\Pin_Limit_2.o .\CortexM0\ARM_GCC_541\Debug\Pin_Limit_2_PM.o .\CortexM0\ARM_GCC_541\Debug\Pin_Limit_1.o .\CortexM0\ARM_GCC_541\Debug\Pin_Limit_1_PM.o .\CortexM0\ARM_GCC_541\Debug\Timer_Rotor_Delay.o .\CortexM0\ARM_GCC_541\Debug\Timer_Rotor_Delay_PM.o .\CortexM0\ARM_GCC_541\Debug\isr_Hall.o .\CortexM0\ARM_GCC_541\Debug\Address_Register.o .\CortexM0\ARM_GCC_541\Debug\Limit_Register.o .\CortexM0\ARM_GCC_541\Debug\Timer_Period_Reset.o .\CortexM0\ARM_GCC_541\Debug\Timer_Period_Reset_PM.o .\CortexM0\ARM_GCC_541\Debug\isr_Period_Reset.o .\CortexM0\ARM_GCC_541\Debug\CyBootAsmGnu.o
arm-none-eabi-ar.exe: creating .\CortexM0\ARM_GCC_541\Debug\BLDC_Motor_Board.a
arm-none-eabi-gcc.exe -Wl,--start-group -o "C:\Users\casey\Desktop\Robotics Stuff\BLDC_Motor_Board_PY2023\BLDC_Motor_Board.cydsn\CortexM0\ARM_GCC_541\Debug\BLDC_Motor_Board.elf" .\CortexM0\ARM_GCC_541\Debug\main.o .\CortexM0\ARM_GCC_541\Debug\BLDC_FSM.o .\CortexM0\ARM_GCC_541\Debug\BLDC_CAN.o .\CortexM0\ARM_GCC_541\Debug\BLDC_Drive.o .\CortexM0\ARM_GCC_541\Debug\BLDC_pid.o .\CortexM0\ARM_GCC_541\Debug\setInterrupt.o .\CortexM0\ARM_GCC_541\Debug\CANCommon.o .\CortexM0\ARM_GCC_541\Debug\CANGPIO.o .\CortexM0\ARM_GCC_541\Debug\CANLocalization.o .\CortexM0\ARM_GCC_541\Debug\CANMotorUnit.o .\CortexM0\ARM_GCC_541\Debug\CANPacket.o .\CortexM0\ARM_GCC_541\Debug\CANPower.o .\CortexM0\ARM_GCC_541\Debug\CANScience.o .\CortexM0\ARM_GCC_541\Debug\PortPSOC_CY8C4248AZI_L485.o .\CortexM0\ARM_GCC_541\Debug\cyfitter_cfg.o .\CortexM0\ARM_GCC_541\Debug\cymetadata.o .\CortexM0\ARM_GCC_541\Debug\Cm0Start.o .\CortexM0\ARM_GCC_541\Debug\BLDC_Motor_Board.a -mcpu=cortex-m0 -mthumb -L Generated_Source\PSoC4 -Wl,-Map,.\CortexM0\ARM_GCC_541\Debug/BLDC_Motor_Board.map -T Generated_Source\PSoC4\cm0gcc.ld -specs=nano.specs -Wl,--gc-sections -g -ffunction-sections -Og -ffat-lto-objects -Wl,--end-group
.\CortexM0\ARM_GCC_541\Debug\main.o: In function `Pin_Limit_Handler':
C:\Users\casey\Desktop\Robotics Stuff\BLDC_Motor_Board_PY2023\BLDC_Motor_Board.cydsn/main.c:95: undefined reference to `setEncoderAtLimit'
C:\Users\casey\Desktop\Robotics Stuff\BLDC_Motor_Board_PY2023\BLDC_Motor_Board.cydsn/main.c:99: undefined reference to `setEncoderAtLimit'
.\CortexM0\ARM_GCC_541\Debug\main.o: In function `DebugPrint':
C:\Users\casey\Desktop\Robotics Stuff\BLDC_Motor_Board_PY2023\BLDC_Motor_Board.cydsn/main.c:191: undefined reference to `QuadDec_GetCounter'
C:\Users\casey\Desktop\Robotics Stuff\BLDC_Motor_Board_PY2023\BLDC_Motor_Board.cydsn/main.c:204: undefined reference to `GetPotVal'
C:\Users\casey\Desktop\Robotics Stuff\BLDC_Motor_Board_PY2023\BLDC_Motor_Board.cydsn/main.c:204: undefined reference to `GetUsingPot'
.\CortexM0\ARM_GCC_541\Debug\BLDC_CAN.o: In function `NextStateFromCAN':
C:\Users\casey\Desktop\Robotics Stuff\BLDC_Motor_Board_PY2023\BLDC_Motor_Board.cydsn/BLDC_CAN.c:112: undefined reference to `setUsingPot'
C:\Users\casey\Desktop\Robotics Stuff\BLDC_Motor_Board_PY2023\BLDC_Motor_Board.cydsn/BLDC_CAN.c:121: undefined reference to `setUsingPot'
C:\Users\casey\Desktop\Robotics Stuff\BLDC_Motor_Board_PY2023\BLDC_Motor_Board.cydsn/BLDC_CAN.c:125: undefined reference to `setUsingPot'
C:\Users\casey\Desktop\Robotics Stuff\BLDC_Motor_Board_PY2023\BLDC_Motor_Board.cydsn/BLDC_CAN.c:127: undefined reference to `set_PWM'
C:\Users\casey\Desktop\Robotics Stuff\BLDC_Motor_Board_PY2023\BLDC_Motor_Board.cydsn/BLDC_CAN.c:132: undefined reference to `QuadDec_SetCounter'
C:\Users\casey\Desktop\Robotics Stuff\BLDC_Motor_Board_PY2023\BLDC_Motor_Board.cydsn/BLDC_CAN.c:134: undefined reference to `SetEncoderDir'
C:\Users\casey\Desktop\Robotics Stuff\BLDC_Motor_Board_PY2023\BLDC_Motor_Board.cydsn/BLDC_CAN.c:138: undefined reference to `SetMaxPIDPWM'
C:\Users\casey\Desktop\Robotics Stuff\BLDC_Motor_Board_PY2023\BLDC_Motor_Board.cydsn/BLDC_CAN.c:169: undefined reference to `GetPotVal'
collect2.exe: error: ld returned 1 exit status
The command 'arm-none-eabi-gcc.exe' failed with exit code '1'.
--------------- Build Failed: 02/23/2024 15:34:31 ---------------
