ARM GAS  C:\Users\M4rz4n\AppData\Local\Temp\ccudlwCb.s 			page 1


   1              		.syntax unified
   2              		.cpu cortex-m0
   3              		.fpu softvfp
   4              		.eabi_attribute 20, 1
   5              		.eabi_attribute 21, 1
   6              		.eabi_attribute 23, 3
   7              		.eabi_attribute 24, 1
   8              		.eabi_attribute 25, 1
   9              		.eabi_attribute 26, 1
  10              		.eabi_attribute 30, 1
  11              		.eabi_attribute 34, 0
  12              		.eabi_attribute 18, 4
  13              		.thumb
  14              		.syntax unified
  15              		.file	"BLDC_FSM.c"
  16              		.text
  17              	.Ltext0:
  18              		.cfi_sections	.debug_frame
  19              		.section	.text.GotoUninitState,"ax",%progbits
  20              		.align	2
  21              		.global	GotoUninitState
  22              		.code	16
  23              		.thumb_func
  24              		.type	GotoUninitState, %function
  25              	GotoUninitState:
  26              	.LFB35:
  27              		.file 1 "BLDC_FSM.c"
   1:BLDC_FSM.c    **** /*
   2:BLDC_FSM.c    **** 
   3:BLDC_FSM.c    ****     Control FSM
   4:BLDC_FSM.c    **** 
   5:BLDC_FSM.c    **** */
   6:BLDC_FSM.c    **** 
   7:BLDC_FSM.c    **** #include "BLDC_FSM.h"
   8:BLDC_FSM.c    **** #include "BLDC_Drive.h"
   9:BLDC_FSM.c    **** #include "project.h"
  10:BLDC_FSM.c    **** #include "BLDC_pid.h"
  11:BLDC_FSM.c    **** 
  12:BLDC_FSM.c    **** /*drive mode
  13:BLDC_FSM.c    **** 0xFF = un-init
  14:BLDC_FSM.c    **** 0x0 = pwm
  15:BLDC_FSM.c    **** 0x1 = PID*/
  16:BLDC_FSM.c    **** uint8_t motorUnitMode   = 0xFF;
  17:BLDC_FSM.c    **** uint8_t motorUnitState  = UNINIT; // motorUnitState - 
  18:BLDC_FSM.c    **** uint8_t PIDConstSetReg      = 0;
  19:BLDC_FSM.c    **** 
  20:BLDC_FSM.c    **** extern const uint32 StripLights_CLUT[ ];
  21:BLDC_FSM.c    **** 
  22:BLDC_FSM.c    **** 
  23:BLDC_FSM.c    **** // all the xxxIsSet methods check if the constant has been set by the Jetson,
  24:BLDC_FSM.c    **** // they set PID register to different values, since the Jetson needs to tell
  25:BLDC_FSM.c    **** // the board what units to use on startup
  26:BLDC_FSM.c    **** void GotoUninitState() {
  28              		.loc 1 26 0
  29              		.cfi_startproc
  30              		@ args = 0, pretend = 0, frame = 0
  31              		@ frame_needed = 0, uses_anonymous_args = 0
ARM GAS  C:\Users\M4rz4n\AppData\Local\Temp\ccudlwCb.s 			page 2


  32 0000 10B5     		push	{r4, lr}
  33              		.cfi_def_cfa_offset 8
  34              		.cfi_offset 4, -8
  35              		.cfi_offset 14, -4
  27:BLDC_FSM.c    ****     //halt motor
  28:BLDC_FSM.c    ****     #ifdef RGB_LED_ARRAY
  29:BLDC_FSM.c    ****     StripLights_DisplayClear(StripLights_BLACK);
  30:BLDC_FSM.c    ****     #endif
  31:BLDC_FSM.c    ****     ClearPIDProgress();
  36              		.loc 1 31 0
  37 0002 FFF7FEFF 		bl	ClearPIDProgress
  38              	.LVL0:
  32:BLDC_FSM.c    ****     motorUnitMode = 0xFF;
  39              		.loc 1 32 0
  40 0006 024B     		ldr	r3, .L2
  41 0008 FF22     		movs	r2, #255
  42 000a 1A70     		strb	r2, [r3]
  33:BLDC_FSM.c    ****     motorUnitState = UNINIT;
  43              		.loc 1 33 0
  44 000c 5A70     		strb	r2, [r3, #1]
  34:BLDC_FSM.c    **** }
  45              		.loc 1 34 0
  46              		@ sp needed
  47 000e 10BD     		pop	{r4, pc}
  48              	.L3:
  49              		.align	2
  50              	.L2:
  51 0010 00000000 		.word	.LANCHOR0
  52              		.cfi_endproc
  53              	.LFE35:
  54              		.size	GotoUninitState, .-GotoUninitState
  55              		.section	.text.SetStateTo,"ax",%progbits
  56              		.align	2
  57              		.global	SetStateTo
  58              		.code	16
  59              		.thumb_func
  60              		.type	SetStateTo, %function
  61              	SetStateTo:
  62              	.LFB36:
  35:BLDC_FSM.c    **** void SetStateTo(uint8_t state) {
  63              		.loc 1 35 0
  64              		.cfi_startproc
  65              		@ args = 0, pretend = 0, frame = 0
  66              		@ frame_needed = 0, uses_anonymous_args = 0
  67              		@ link register save eliminated.
  68              	.LVL1:
  36:BLDC_FSM.c    ****     motorUnitState = state;
  69              		.loc 1 36 0
  70 0000 014B     		ldr	r3, .L5
  71 0002 5870     		strb	r0, [r3, #1]
  37:BLDC_FSM.c    **** }
  72              		.loc 1 37 0
  73              		@ sp needed
  74 0004 7047     		bx	lr
  75              	.L6:
  76 0006 C046     		.align	2
  77              	.L5:
ARM GAS  C:\Users\M4rz4n\AppData\Local\Temp\ccudlwCb.s 			page 3


  78 0008 00000000 		.word	.LANCHOR0
  79              		.cfi_endproc
  80              	.LFE36:
  81              		.size	SetStateTo, .-SetStateTo
  82              		.section	.text.SetModeTo,"ax",%progbits
  83              		.align	2
  84              		.global	SetModeTo
  85              		.code	16
  86              		.thumb_func
  87              		.type	SetModeTo, %function
  88              	SetModeTo:
  89              	.LFB37:
  38:BLDC_FSM.c    **** void SetModeTo(uint8_t mode) {
  90              		.loc 1 38 0
  91              		.cfi_startproc
  92              		@ args = 0, pretend = 0, frame = 0
  93              		@ frame_needed = 0, uses_anonymous_args = 0
  94              		@ link register save eliminated.
  95              	.LVL2:
  39:BLDC_FSM.c    ****     motorUnitMode = mode;
  96              		.loc 1 39 0
  97 0000 014B     		ldr	r3, .L8
  98 0002 1870     		strb	r0, [r3]
  40:BLDC_FSM.c    **** }
  99              		.loc 1 40 0
 100              		@ sp needed
 101 0004 7047     		bx	lr
 102              	.L9:
 103 0006 C046     		.align	2
 104              	.L8:
 105 0008 00000000 		.word	.LANCHOR0
 106              		.cfi_endproc
 107              	.LFE37:
 108              		.size	SetModeTo, .-SetModeTo
 109              		.section	.text.GetState,"ax",%progbits
 110              		.align	2
 111              		.global	GetState
 112              		.code	16
 113              		.thumb_func
 114              		.type	GetState, %function
 115              	GetState:
 116              	.LFB38:
  41:BLDC_FSM.c    **** uint8_t GetState(){
 117              		.loc 1 41 0
 118              		.cfi_startproc
 119              		@ args = 0, pretend = 0, frame = 0
 120              		@ frame_needed = 0, uses_anonymous_args = 0
 121              		@ link register save eliminated.
  42:BLDC_FSM.c    ****     return motorUnitState;
 122              		.loc 1 42 0
 123 0000 014B     		ldr	r3, .L11
 124 0002 5878     		ldrb	r0, [r3, #1]
  43:BLDC_FSM.c    **** }
 125              		.loc 1 43 0
 126              		@ sp needed
 127 0004 7047     		bx	lr
 128              	.L12:
ARM GAS  C:\Users\M4rz4n\AppData\Local\Temp\ccudlwCb.s 			page 4


 129 0006 C046     		.align	2
 130              	.L11:
 131 0008 00000000 		.word	.LANCHOR0
 132              		.cfi_endproc
 133              	.LFE38:
 134              		.size	GetState, .-GetState
 135              		.section	.text.GetMode,"ax",%progbits
 136              		.align	2
 137              		.global	GetMode
 138              		.code	16
 139              		.thumb_func
 140              		.type	GetMode, %function
 141              	GetMode:
 142              	.LFB39:
  44:BLDC_FSM.c    **** uint8_t GetMode(){
 143              		.loc 1 44 0
 144              		.cfi_startproc
 145              		@ args = 0, pretend = 0, frame = 0
 146              		@ frame_needed = 0, uses_anonymous_args = 0
 147              		@ link register save eliminated.
  45:BLDC_FSM.c    ****     return motorUnitMode;
 148              		.loc 1 45 0
 149 0000 014B     		ldr	r3, .L14
 150 0002 1878     		ldrb	r0, [r3]
  46:BLDC_FSM.c    **** }
 151              		.loc 1 46 0
 152              		@ sp needed
 153 0004 7047     		bx	lr
 154              	.L15:
 155 0006 C046     		.align	2
 156              	.L14:
 157 0008 00000000 		.word	.LANCHOR0
 158              		.cfi_endproc
 159              	.LFE39:
 160              		.size	GetMode, .-GetMode
 161              		.section	.text.PositionConstIsSet,"ax",%progbits
 162              		.align	2
 163              		.global	PositionConstIsSet
 164              		.code	16
 165              		.thumb_func
 166              		.type	PositionConstIsSet, %function
 167              	PositionConstIsSet:
 168              	.LFB40:
  47:BLDC_FSM.c    **** 
  48:BLDC_FSM.c    **** // The next three methods check for the PID constants
  49:BLDC_FSM.c    **** void PositionConstIsSet() {
 169              		.loc 1 49 0
 170              		.cfi_startproc
 171              		@ args = 0, pretend = 0, frame = 0
 172              		@ frame_needed = 0, uses_anonymous_args = 0
 173              		@ link register save eliminated.
  50:BLDC_FSM.c    ****     PIDConstSetReg |= 0b100;
 174              		.loc 1 50 0
 175 0000 024A     		ldr	r2, .L17
 176 0002 1178     		ldrb	r1, [r2]
 177 0004 0423     		movs	r3, #4
 178 0006 0B43     		orrs	r3, r1
ARM GAS  C:\Users\M4rz4n\AppData\Local\Temp\ccudlwCb.s 			page 5


 179 0008 1370     		strb	r3, [r2]
  51:BLDC_FSM.c    **** }
 180              		.loc 1 51 0
 181              		@ sp needed
 182 000a 7047     		bx	lr
 183              	.L18:
 184              		.align	2
 185              	.L17:
 186 000c 00000000 		.word	.LANCHOR1
 187              		.cfi_endproc
 188              	.LFE40:
 189              		.size	PositionConstIsSet, .-PositionConstIsSet
 190              		.section	.text.IntegralConstIsSet,"ax",%progbits
 191              		.align	2
 192              		.global	IntegralConstIsSet
 193              		.code	16
 194              		.thumb_func
 195              		.type	IntegralConstIsSet, %function
 196              	IntegralConstIsSet:
 197              	.LFB41:
  52:BLDC_FSM.c    **** void IntegralConstIsSet(){
 198              		.loc 1 52 0
 199              		.cfi_startproc
 200              		@ args = 0, pretend = 0, frame = 0
 201              		@ frame_needed = 0, uses_anonymous_args = 0
 202              		@ link register save eliminated.
  53:BLDC_FSM.c    ****     PIDConstSetReg |= 0b10;
 203              		.loc 1 53 0
 204 0000 024A     		ldr	r2, .L20
 205 0002 1178     		ldrb	r1, [r2]
 206 0004 0223     		movs	r3, #2
 207 0006 0B43     		orrs	r3, r1
 208 0008 1370     		strb	r3, [r2]
  54:BLDC_FSM.c    **** }
 209              		.loc 1 54 0
 210              		@ sp needed
 211 000a 7047     		bx	lr
 212              	.L21:
 213              		.align	2
 214              	.L20:
 215 000c 00000000 		.word	.LANCHOR1
 216              		.cfi_endproc
 217              	.LFE41:
 218              		.size	IntegralConstIsSet, .-IntegralConstIsSet
 219              		.section	.text.DerivativeConstIsSet,"ax",%progbits
 220              		.align	2
 221              		.global	DerivativeConstIsSet
 222              		.code	16
 223              		.thumb_func
 224              		.type	DerivativeConstIsSet, %function
 225              	DerivativeConstIsSet:
 226              	.LFB42:
  55:BLDC_FSM.c    **** void DerivativeConstIsSet(){
 227              		.loc 1 55 0
 228              		.cfi_startproc
 229              		@ args = 0, pretend = 0, frame = 0
 230              		@ frame_needed = 0, uses_anonymous_args = 0
ARM GAS  C:\Users\M4rz4n\AppData\Local\Temp\ccudlwCb.s 			page 6


 231              		@ link register save eliminated.
  56:BLDC_FSM.c    ****     PIDConstSetReg |= 0b1;
 232              		.loc 1 56 0
 233 0000 024A     		ldr	r2, .L23
 234 0002 1178     		ldrb	r1, [r2]
 235 0004 0123     		movs	r3, #1
 236 0006 0B43     		orrs	r3, r1
 237 0008 1370     		strb	r3, [r2]
  57:BLDC_FSM.c    **** }
 238              		.loc 1 57 0
 239              		@ sp needed
 240 000a 7047     		bx	lr
 241              	.L24:
 242              		.align	2
 243              	.L23:
 244 000c 00000000 		.word	.LANCHOR1
 245              		.cfi_endproc
 246              	.LFE42:
 247              		.size	DerivativeConstIsSet, .-DerivativeConstIsSet
 248              		.section	.text.PPJRConstIsSet,"ax",%progbits
 249              		.align	2
 250              		.global	PPJRConstIsSet
 251              		.code	16
 252              		.thumb_func
 253              		.type	PPJRConstIsSet, %function
 254              	PPJRConstIsSet:
 255              	.LFB43:
  58:BLDC_FSM.c    **** 
  59:BLDC_FSM.c    **** void PPJRConstIsSet() {
 256              		.loc 1 59 0
 257              		.cfi_startproc
 258              		@ args = 0, pretend = 0, frame = 0
 259              		@ frame_needed = 0, uses_anonymous_args = 0
 260              		@ link register save eliminated.
  60:BLDC_FSM.c    ****     PIDConstSetReg |= 0b1000;
 261              		.loc 1 60 0
 262 0000 024A     		ldr	r2, .L26
 263 0002 1178     		ldrb	r1, [r2]
 264 0004 0823     		movs	r3, #8
 265 0006 0B43     		orrs	r3, r1
 266 0008 1370     		strb	r3, [r2]
  61:BLDC_FSM.c    **** }
 267              		.loc 1 61 0
 268              		@ sp needed
 269 000a 7047     		bx	lr
 270              	.L27:
 271              		.align	2
 272              	.L26:
 273 000c 00000000 		.word	.LANCHOR1
 274              		.cfi_endproc
 275              	.LFE43:
 276              		.size	PPJRConstIsSet, .-PPJRConstIsSet
 277              		.section	.text.MaxJointRevIsSet,"ax",%progbits
 278              		.align	2
 279              		.global	MaxJointRevIsSet
 280              		.code	16
 281              		.thumb_func
ARM GAS  C:\Users\M4rz4n\AppData\Local\Temp\ccudlwCb.s 			page 7


 282              		.type	MaxJointRevIsSet, %function
 283              	MaxJointRevIsSet:
 284              	.LFB44:
  62:BLDC_FSM.c    **** 
  63:BLDC_FSM.c    **** 
  64:BLDC_FSM.c    **** void MaxJointRevIsSet(){
 285              		.loc 1 64 0
 286              		.cfi_startproc
 287              		@ args = 0, pretend = 0, frame = 0
 288              		@ frame_needed = 0, uses_anonymous_args = 0
 289              		@ link register save eliminated.
  65:BLDC_FSM.c    **** }
 290              		.loc 1 65 0
 291              		@ sp needed
 292 0000 7047     		bx	lr
 293              		.cfi_endproc
 294              	.LFE44:
 295              		.size	MaxJointRevIsSet, .-MaxJointRevIsSet
 296 0002 C046     		.section	.text.PIDconstsSet,"ax",%progbits
 297              		.align	2
 298              		.global	PIDconstsSet
 299              		.code	16
 300              		.thumb_func
 301              		.type	PIDconstsSet, %function
 302              	PIDconstsSet:
 303              	.LFB45:
  66:BLDC_FSM.c    **** 
  67:BLDC_FSM.c    **** //return 1 if all PID const are set. Return 0 if not
  68:BLDC_FSM.c    **** uint8_t PIDconstsSet(){
 304              		.loc 1 68 0
 305              		.cfi_startproc
 306              		@ args = 0, pretend = 0, frame = 0
 307              		@ frame_needed = 0, uses_anonymous_args = 0
 308              		@ link register save eliminated.
  69:BLDC_FSM.c    ****     return PIDConstSetReg == 0b1111; 
 309              		.loc 1 69 0
 310 0000 034B     		ldr	r3, .L30
 311 0002 1878     		ldrb	r0, [r3]
 312 0004 0F38     		subs	r0, r0, #15
 313 0006 4342     		rsbs	r3, r0, #0
 314 0008 5841     		adcs	r0, r0, r3
 315 000a C0B2     		uxtb	r0, r0
  70:BLDC_FSM.c    **** }
 316              		.loc 1 70 0
 317              		@ sp needed
 318 000c 7047     		bx	lr
 319              	.L31:
 320 000e C046     		.align	2
 321              	.L30:
 322 0010 00000000 		.word	.LANCHOR1
 323              		.cfi_endproc
 324              	.LFE45:
 325              		.size	PIDconstsSet, .-PIDconstsSet
 326              		.section	.text.ClearPIDconst,"ax",%progbits
 327              		.align	2
 328              		.global	ClearPIDconst
 329              		.code	16
ARM GAS  C:\Users\M4rz4n\AppData\Local\Temp\ccudlwCb.s 			page 8


 330              		.thumb_func
 331              		.type	ClearPIDconst, %function
 332              	ClearPIDconst:
 333              	.LFB46:
  71:BLDC_FSM.c    **** 
  72:BLDC_FSM.c    **** void ClearPIDconst() {
 334              		.loc 1 72 0
 335              		.cfi_startproc
 336              		@ args = 0, pretend = 0, frame = 0
 337              		@ frame_needed = 0, uses_anonymous_args = 0
 338              		@ link register save eliminated.
  73:BLDC_FSM.c    ****     PIDConstSetReg = 0;
 339              		.loc 1 73 0
 340 0000 0022     		movs	r2, #0
 341 0002 014B     		ldr	r3, .L33
 342 0004 1A70     		strb	r2, [r3]
  74:BLDC_FSM.c    **** }...
 343              		.loc 1 74 0
 344              		@ sp needed
 345 0006 7047     		bx	lr
 346              	.L34:
 347              		.align	2
 348              	.L33:
 349 0008 00000000 		.word	.LANCHOR1
 350              		.cfi_endproc
 351              	.LFE46:
 352              		.size	ClearPIDconst, .-ClearPIDconst
 353              		.global	PIDConstSetReg
 354              		.global	motorUnitState
 355              		.global	motorUnitMode
 356              		.data
 357              		.set	.LANCHOR0,. + 0
 358              		.type	motorUnitMode, %object
 359              		.size	motorUnitMode, 1
 360              	motorUnitMode:
 361 0000 FF       		.byte	-1
 362              		.type	motorUnitState, %object
 363              		.size	motorUnitState, 1
 364              	motorUnitState:
 365 0001 FF       		.byte	-1
 366              		.bss
 367              		.set	.LANCHOR1,. + 0
 368              		.type	PIDConstSetReg, %object
 369              		.size	PIDConstSetReg, 1
 370              	PIDConstSetReg:
 371 0000 00       		.space	1
 372              		.text
 373              	.Letext0:
 374              		.file 2 "c:\\program files (x86)\\cypress\\psoc creator\\4.4\\psoc creator\\import\\gnu\\arm\\5.4.
 375              		.file 3 "c:\\program files (x86)\\cypress\\psoc creator\\4.4\\psoc creator\\import\\gnu\\arm\\5.4.
 376              		.file 4 "BLDC_pid.h"
 377              		.section	.debug_info,"",%progbits
 378              	.Ldebug_info0:
 379 0000 E9010000 		.4byte	0x1e9
 380 0004 0400     		.2byte	0x4
 381 0006 00000000 		.4byte	.Ldebug_abbrev0
 382 000a 04       		.byte	0x4
ARM GAS  C:\Users\M4rz4n\AppData\Local\Temp\ccudlwCb.s 			page 9


 383 000b 01       		.uleb128 0x1
 384 000c 77010000 		.4byte	.LASF32
 385 0010 0C       		.byte	0xc
 386 0011 25010000 		.4byte	.LASF33
 387 0015 30000000 		.4byte	.LASF34
 388 0019 00000000 		.4byte	.Ldebug_ranges0+0
 389 001d 00000000 		.4byte	0
 390 0021 00000000 		.4byte	.Ldebug_line0
 391 0025 02       		.uleb128 0x2
 392 0026 01       		.byte	0x1
 393 0027 06       		.byte	0x6
 394 0028 88020000 		.4byte	.LASF0
 395 002c 03       		.uleb128 0x3
 396 002d 26000000 		.4byte	.LASF9
 397 0031 02       		.byte	0x2
 398 0032 1D       		.byte	0x1d
 399 0033 37000000 		.4byte	0x37
 400 0037 02       		.uleb128 0x2
 401 0038 01       		.byte	0x1
 402 0039 08       		.byte	0x8
 403 003a CE000000 		.4byte	.LASF1
 404 003e 02       		.uleb128 0x2
 405 003f 02       		.byte	0x2
 406 0040 05       		.byte	0x5
 407 0041 56020000 		.4byte	.LASF2
 408 0045 02       		.uleb128 0x2
 409 0046 02       		.byte	0x2
 410 0047 07       		.byte	0x7
 411 0048 01010000 		.4byte	.LASF3
 412 004c 02       		.uleb128 0x2
 413 004d 04       		.byte	0x4
 414 004e 05       		.byte	0x5
 415 004f 73020000 		.4byte	.LASF4
 416 0053 02       		.uleb128 0x2
 417 0054 04       		.byte	0x4
 418 0055 07       		.byte	0x7
 419 0056 DC000000 		.4byte	.LASF5
 420 005a 02       		.uleb128 0x2
 421 005b 08       		.byte	0x8
 422 005c 05       		.byte	0x5
 423 005d 36020000 		.4byte	.LASF6
 424 0061 02       		.uleb128 0x2
 425 0062 08       		.byte	0x8
 426 0063 07       		.byte	0x7
 427 0064 53010000 		.4byte	.LASF7
 428 0068 04       		.uleb128 0x4
 429 0069 04       		.byte	0x4
 430 006a 05       		.byte	0x5
 431 006b 696E7400 		.ascii	"int\000"
 432 006f 02       		.uleb128 0x2
 433 0070 04       		.byte	0x4
 434 0071 07       		.byte	0x7
 435 0072 46010000 		.4byte	.LASF8
 436 0076 03       		.uleb128 0x3
 437 0077 6A010000 		.4byte	.LASF10
 438 007b 03       		.byte	0x3
 439 007c 18       		.byte	0x18
ARM GAS  C:\Users\M4rz4n\AppData\Local\Temp\ccudlwCb.s 			page 10


 440 007d 2C000000 		.4byte	0x2c
 441 0081 02       		.uleb128 0x2
 442 0082 08       		.byte	0x8
 443 0083 04       		.byte	0x4
 444 0084 7C020000 		.4byte	.LASF11
 445 0088 02       		.uleb128 0x2
 446 0089 04       		.byte	0x4
 447 008a 07       		.byte	0x7
 448 008b 22020000 		.4byte	.LASF12
 449 008f 02       		.uleb128 0x2
 450 0090 01       		.byte	0x1
 451 0091 08       		.byte	0x8
 452 0092 44020000 		.4byte	.LASF13
 453 0096 02       		.uleb128 0x2
 454 0097 04       		.byte	0x4
 455 0098 04       		.byte	0x4
 456 0099 B9000000 		.4byte	.LASF14
 457 009d 02       		.uleb128 0x2
 458 009e 08       		.byte	0x8
 459 009f 04       		.byte	0x4
 460 00a0 3F010000 		.4byte	.LASF15
 461 00a4 05       		.uleb128 0x5
 462 00a5 9E020000 		.4byte	.LASF35
 463 00a9 01       		.byte	0x1
 464 00aa 1A       		.byte	0x1a
 465 00ab 00000000 		.4byte	.LFB35
 466 00af 14000000 		.4byte	.LFE35-.LFB35
 467 00b3 01       		.uleb128 0x1
 468 00b4 9C       		.byte	0x9c
 469 00b5 C3000000 		.4byte	0xc3
 470 00b9 06       		.uleb128 0x6
 471 00ba 06000000 		.4byte	.LVL0
 472 00be E1010000 		.4byte	0x1e1
 473 00c2 00       		.byte	0
 474 00c3 07       		.uleb128 0x7
 475 00c4 2B020000 		.4byte	.LASF16
 476 00c8 01       		.byte	0x1
 477 00c9 23       		.byte	0x23
 478 00ca 00000000 		.4byte	.LFB36
 479 00ce 0C000000 		.4byte	.LFE36-.LFB36
 480 00d2 01       		.uleb128 0x1
 481 00d3 9C       		.byte	0x9c
 482 00d4 E6000000 		.4byte	0xe6
 483 00d8 08       		.uleb128 0x8
 484 00d9 B3000000 		.4byte	.LASF18
 485 00dd 01       		.byte	0x1
 486 00de 23       		.byte	0x23
 487 00df 76000000 		.4byte	0x76
 488 00e3 01       		.uleb128 0x1
 489 00e4 50       		.byte	0x50
 490 00e5 00       		.byte	0
 491 00e6 07       		.uleb128 0x7
 492 00e7 94020000 		.4byte	.LASF17
 493 00eb 01       		.byte	0x1
 494 00ec 26       		.byte	0x26
 495 00ed 00000000 		.4byte	.LFB37
 496 00f1 0C000000 		.4byte	.LFE37-.LFB37
ARM GAS  C:\Users\M4rz4n\AppData\Local\Temp\ccudlwCb.s 			page 11


 497 00f5 01       		.uleb128 0x1
 498 00f6 9C       		.byte	0x9c
 499 00f7 09010000 		.4byte	0x109
 500 00fb 08       		.uleb128 0x8
 501 00fc 72010000 		.4byte	.LASF19
 502 0100 01       		.byte	0x1
 503 0101 26       		.byte	0x26
 504 0102 76000000 		.4byte	0x76
 505 0106 01       		.uleb128 0x1
 506 0107 50       		.byte	0x50
 507 0108 00       		.byte	0
 508 0109 09       		.uleb128 0x9
 509 010a AA000000 		.4byte	.LASF20
 510 010e 01       		.byte	0x1
 511 010f 29       		.byte	0x29
 512 0110 76000000 		.4byte	0x76
 513 0114 00000000 		.4byte	.LFB38
 514 0118 0C000000 		.4byte	.LFE38-.LFB38
 515 011c 01       		.uleb128 0x1
 516 011d 9C       		.byte	0x9c
 517 011e 09       		.uleb128 0x9
 518 011f A2000000 		.4byte	.LASF21
 519 0123 01       		.byte	0x1
 520 0124 2C       		.byte	0x2c
 521 0125 76000000 		.4byte	0x76
 522 0129 00000000 		.4byte	.LFB39
 523 012d 0C000000 		.4byte	.LFE39-.LFB39
 524 0131 01       		.uleb128 0x1
 525 0132 9C       		.byte	0x9c
 526 0133 0A       		.uleb128 0xa
 527 0134 60020000 		.4byte	.LASF22
 528 0138 01       		.byte	0x1
 529 0139 31       		.byte	0x31
 530 013a 00000000 		.4byte	.LFB40
 531 013e 10000000 		.4byte	.LFE40-.LFB40
 532 0142 01       		.uleb128 0x1
 533 0143 9C       		.byte	0x9c
 534 0144 0A       		.uleb128 0xa
 535 0145 EE000000 		.4byte	.LASF23
 536 0149 01       		.byte	0x1
 537 014a 34       		.byte	0x34
 538 014b 00000000 		.4byte	.LFB41
 539 014f 10000000 		.4byte	.LFE41-.LFB41
 540 0153 01       		.uleb128 0x1
 541 0154 9C       		.byte	0x9c
 542 0155 0A       		.uleb128 0xa
 543 0156 00000000 		.4byte	.LASF24
 544 015a 01       		.byte	0x1
 545 015b 37       		.byte	0x37
 546 015c 00000000 		.4byte	.LFB42
 547 0160 10000000 		.4byte	.LFE42-.LFB42
 548 0164 01       		.uleb128 0x1
 549 0165 9C       		.byte	0x9c
 550 0166 0A       		.uleb128 0xa
 551 0167 BF000000 		.4byte	.LASF25
 552 016b 01       		.byte	0x1
 553 016c 3B       		.byte	0x3b
ARM GAS  C:\Users\M4rz4n\AppData\Local\Temp\ccudlwCb.s 			page 12


 554 016d 00000000 		.4byte	.LFB43
 555 0171 10000000 		.4byte	.LFE43-.LFB43
 556 0175 01       		.uleb128 0x1
 557 0176 9C       		.byte	0x9c
 558 0177 0A       		.uleb128 0xa
 559 0178 14010000 		.4byte	.LASF26
 560 017c 01       		.byte	0x1
 561 017d 40       		.byte	0x40
 562 017e 00000000 		.4byte	.LFB44
 563 0182 02000000 		.4byte	.LFE44-.LFB44
 564 0186 01       		.uleb128 0x1
 565 0187 9C       		.byte	0x9c
 566 0188 09       		.uleb128 0x9
 567 0189 49020000 		.4byte	.LASF27
 568 018d 01       		.byte	0x1
 569 018e 44       		.byte	0x44
 570 018f 76000000 		.4byte	0x76
 571 0193 00000000 		.4byte	.LFB45
 572 0197 14000000 		.4byte	.LFE45-.LFB45
 573 019b 01       		.uleb128 0x1
 574 019c 9C       		.byte	0x9c
 575 019d 0A       		.uleb128 0xa
 576 019e 14020000 		.4byte	.LASF28
 577 01a2 01       		.byte	0x1
 578 01a3 48       		.byte	0x48
 579 01a4 00000000 		.4byte	.LFB46
 580 01a8 0C000000 		.4byte	.LFE46-.LFB46
 581 01ac 01       		.uleb128 0x1
 582 01ad 9C       		.byte	0x9c
 583 01ae 0B       		.uleb128 0xb
 584 01af 94000000 		.4byte	.LASF29
 585 01b3 01       		.byte	0x1
 586 01b4 10       		.byte	0x10
 587 01b5 76000000 		.4byte	0x76
 588 01b9 05       		.uleb128 0x5
 589 01ba 03       		.byte	0x3
 590 01bb 00000000 		.4byte	motorUnitMode
 591 01bf 0B       		.uleb128 0xb
 592 01c0 05020000 		.4byte	.LASF30
 593 01c4 01       		.byte	0x1
 594 01c5 11       		.byte	0x11
 595 01c6 76000000 		.4byte	0x76
 596 01ca 05       		.uleb128 0x5
 597 01cb 03       		.byte	0x3
 598 01cc 00000000 		.4byte	motorUnitState
 599 01d0 0B       		.uleb128 0xb
 600 01d1 30010000 		.4byte	.LASF31
 601 01d5 01       		.byte	0x1
 602 01d6 12       		.byte	0x12
 603 01d7 76000000 		.4byte	0x76
 604 01db 05       		.uleb128 0x5
 605 01dc 03       		.byte	0x3
 606 01dd 00000000 		.4byte	PIDConstSetReg
 607 01e1 0C       		.uleb128 0xc
 608 01e2 15000000 		.4byte	.LASF36
 609 01e6 15000000 		.4byte	.LASF36
 610 01ea 04       		.byte	0x4
ARM GAS  C:\Users\M4rz4n\AppData\Local\Temp\ccudlwCb.s 			page 13


 611 01eb 1D       		.byte	0x1d
 612 01ec 00       		.byte	0
 613              		.section	.debug_abbrev,"",%progbits
 614              	.Ldebug_abbrev0:
 615 0000 01       		.uleb128 0x1
 616 0001 11       		.uleb128 0x11
 617 0002 01       		.byte	0x1
 618 0003 25       		.uleb128 0x25
 619 0004 0E       		.uleb128 0xe
 620 0005 13       		.uleb128 0x13
 621 0006 0B       		.uleb128 0xb
 622 0007 03       		.uleb128 0x3
 623 0008 0E       		.uleb128 0xe
 624 0009 1B       		.uleb128 0x1b
 625 000a 0E       		.uleb128 0xe
 626 000b 55       		.uleb128 0x55
 627 000c 17       		.uleb128 0x17
 628 000d 11       		.uleb128 0x11
 629 000e 01       		.uleb128 0x1
 630 000f 10       		.uleb128 0x10
 631 0010 17       		.uleb128 0x17
 632 0011 00       		.byte	0
 633 0012 00       		.byte	0
 634 0013 02       		.uleb128 0x2
 635 0014 24       		.uleb128 0x24
 636 0015 00       		.byte	0
 637 0016 0B       		.uleb128 0xb
 638 0017 0B       		.uleb128 0xb
 639 0018 3E       		.uleb128 0x3e
 640 0019 0B       		.uleb128 0xb
 641 001a 03       		.uleb128 0x3
 642 001b 0E       		.uleb128 0xe
 643 001c 00       		.byte	0
 644 001d 00       		.byte	0
 645 001e 03       		.uleb128 0x3
 646 001f 16       		.uleb128 0x16
 647 0020 00       		.byte	0
 648 0021 03       		.uleb128 0x3
 649 0022 0E       		.uleb128 0xe
 650 0023 3A       		.uleb128 0x3a
 651 0024 0B       		.uleb128 0xb
 652 0025 3B       		.uleb128 0x3b
 653 0026 0B       		.uleb128 0xb
 654 0027 49       		.uleb128 0x49
 655 0028 13       		.uleb128 0x13
 656 0029 00       		.byte	0
 657 002a 00       		.byte	0
 658 002b 04       		.uleb128 0x4
 659 002c 24       		.uleb128 0x24
 660 002d 00       		.byte	0
 661 002e 0B       		.uleb128 0xb
 662 002f 0B       		.uleb128 0xb
 663 0030 3E       		.uleb128 0x3e
 664 0031 0B       		.uleb128 0xb
 665 0032 03       		.uleb128 0x3
 666 0033 08       		.uleb128 0x8
 667 0034 00       		.byte	0
ARM GAS  C:\Users\M4rz4n\AppData\Local\Temp\ccudlwCb.s 			page 14


 668 0035 00       		.byte	0
 669 0036 05       		.uleb128 0x5
 670 0037 2E       		.uleb128 0x2e
 671 0038 01       		.byte	0x1
 672 0039 3F       		.uleb128 0x3f
 673 003a 19       		.uleb128 0x19
 674 003b 03       		.uleb128 0x3
 675 003c 0E       		.uleb128 0xe
 676 003d 3A       		.uleb128 0x3a
 677 003e 0B       		.uleb128 0xb
 678 003f 3B       		.uleb128 0x3b
 679 0040 0B       		.uleb128 0xb
 680 0041 11       		.uleb128 0x11
 681 0042 01       		.uleb128 0x1
 682 0043 12       		.uleb128 0x12
 683 0044 06       		.uleb128 0x6
 684 0045 40       		.uleb128 0x40
 685 0046 18       		.uleb128 0x18
 686 0047 9742     		.uleb128 0x2117
 687 0049 19       		.uleb128 0x19
 688 004a 01       		.uleb128 0x1
 689 004b 13       		.uleb128 0x13
 690 004c 00       		.byte	0
 691 004d 00       		.byte	0
 692 004e 06       		.uleb128 0x6
 693 004f 898201   		.uleb128 0x4109
 694 0052 00       		.byte	0
 695 0053 11       		.uleb128 0x11
 696 0054 01       		.uleb128 0x1
 697 0055 31       		.uleb128 0x31
 698 0056 13       		.uleb128 0x13
 699 0057 00       		.byte	0
 700 0058 00       		.byte	0
 701 0059 07       		.uleb128 0x7
 702 005a 2E       		.uleb128 0x2e
 703 005b 01       		.byte	0x1
 704 005c 3F       		.uleb128 0x3f
 705 005d 19       		.uleb128 0x19
 706 005e 03       		.uleb128 0x3
 707 005f 0E       		.uleb128 0xe
 708 0060 3A       		.uleb128 0x3a
 709 0061 0B       		.uleb128 0xb
 710 0062 3B       		.uleb128 0x3b
 711 0063 0B       		.uleb128 0xb
 712 0064 27       		.uleb128 0x27
 713 0065 19       		.uleb128 0x19
 714 0066 11       		.uleb128 0x11
 715 0067 01       		.uleb128 0x1
 716 0068 12       		.uleb128 0x12
 717 0069 06       		.uleb128 0x6
 718 006a 40       		.uleb128 0x40
 719 006b 18       		.uleb128 0x18
 720 006c 9742     		.uleb128 0x2117
 721 006e 19       		.uleb128 0x19
 722 006f 01       		.uleb128 0x1
 723 0070 13       		.uleb128 0x13
 724 0071 00       		.byte	0
ARM GAS  C:\Users\M4rz4n\AppData\Local\Temp\ccudlwCb.s 			page 15


 725 0072 00       		.byte	0
 726 0073 08       		.uleb128 0x8
 727 0074 05       		.uleb128 0x5
 728 0075 00       		.byte	0
 729 0076 03       		.uleb128 0x3
 730 0077 0E       		.uleb128 0xe
 731 0078 3A       		.uleb128 0x3a
 732 0079 0B       		.uleb128 0xb
 733 007a 3B       		.uleb128 0x3b
 734 007b 0B       		.uleb128 0xb
 735 007c 49       		.uleb128 0x49
 736 007d 13       		.uleb128 0x13
 737 007e 02       		.uleb128 0x2
 738 007f 18       		.uleb128 0x18
 739 0080 00       		.byte	0
 740 0081 00       		.byte	0
 741 0082 09       		.uleb128 0x9
 742 0083 2E       		.uleb128 0x2e
 743 0084 00       		.byte	0
 744 0085 3F       		.uleb128 0x3f
 745 0086 19       		.uleb128 0x19
 746 0087 03       		.uleb128 0x3
 747 0088 0E       		.uleb128 0xe
 748 0089 3A       		.uleb128 0x3a
 749 008a 0B       		.uleb128 0xb
 750 008b 3B       		.uleb128 0x3b
 751 008c 0B       		.uleb128 0xb
 752 008d 49       		.uleb128 0x49
 753 008e 13       		.uleb128 0x13
 754 008f 11       		.uleb128 0x11
 755 0090 01       		.uleb128 0x1
 756 0091 12       		.uleb128 0x12
 757 0092 06       		.uleb128 0x6
 758 0093 40       		.uleb128 0x40
 759 0094 18       		.uleb128 0x18
 760 0095 9742     		.uleb128 0x2117
 761 0097 19       		.uleb128 0x19
 762 0098 00       		.byte	0
 763 0099 00       		.byte	0
 764 009a 0A       		.uleb128 0xa
 765 009b 2E       		.uleb128 0x2e
 766 009c 00       		.byte	0
 767 009d 3F       		.uleb128 0x3f
 768 009e 19       		.uleb128 0x19
 769 009f 03       		.uleb128 0x3
 770 00a0 0E       		.uleb128 0xe
 771 00a1 3A       		.uleb128 0x3a
 772 00a2 0B       		.uleb128 0xb
 773 00a3 3B       		.uleb128 0x3b
 774 00a4 0B       		.uleb128 0xb
 775 00a5 11       		.uleb128 0x11
 776 00a6 01       		.uleb128 0x1
 777 00a7 12       		.uleb128 0x12
 778 00a8 06       		.uleb128 0x6
 779 00a9 40       		.uleb128 0x40
 780 00aa 18       		.uleb128 0x18
 781 00ab 9742     		.uleb128 0x2117
ARM GAS  C:\Users\M4rz4n\AppData\Local\Temp\ccudlwCb.s 			page 16


 782 00ad 19       		.uleb128 0x19
 783 00ae 00       		.byte	0
 784 00af 00       		.byte	0
 785 00b0 0B       		.uleb128 0xb
 786 00b1 34       		.uleb128 0x34
 787 00b2 00       		.byte	0
 788 00b3 03       		.uleb128 0x3
 789 00b4 0E       		.uleb128 0xe
 790 00b5 3A       		.uleb128 0x3a
 791 00b6 0B       		.uleb128 0xb
 792 00b7 3B       		.uleb128 0x3b
 793 00b8 0B       		.uleb128 0xb
 794 00b9 49       		.uleb128 0x49
 795 00ba 13       		.uleb128 0x13
 796 00bb 3F       		.uleb128 0x3f
 797 00bc 19       		.uleb128 0x19
 798 00bd 02       		.uleb128 0x2
 799 00be 18       		.uleb128 0x18
 800 00bf 00       		.byte	0
 801 00c0 00       		.byte	0
 802 00c1 0C       		.uleb128 0xc
 803 00c2 2E       		.uleb128 0x2e
 804 00c3 00       		.byte	0
 805 00c4 3F       		.uleb128 0x3f
 806 00c5 19       		.uleb128 0x19
 807 00c6 3C       		.uleb128 0x3c
 808 00c7 19       		.uleb128 0x19
 809 00c8 6E       		.uleb128 0x6e
 810 00c9 0E       		.uleb128 0xe
 811 00ca 03       		.uleb128 0x3
 812 00cb 0E       		.uleb128 0xe
 813 00cc 3A       		.uleb128 0x3a
 814 00cd 0B       		.uleb128 0xb
 815 00ce 3B       		.uleb128 0x3b
 816 00cf 0B       		.uleb128 0xb
 817 00d0 00       		.byte	0
 818 00d1 00       		.byte	0
 819 00d2 00       		.byte	0
 820              		.section	.debug_aranges,"",%progbits
 821 0000 74000000 		.4byte	0x74
 822 0004 0200     		.2byte	0x2
 823 0006 00000000 		.4byte	.Ldebug_info0
 824 000a 04       		.byte	0x4
 825 000b 00       		.byte	0
 826 000c 0000     		.2byte	0
 827 000e 0000     		.2byte	0
 828 0010 00000000 		.4byte	.LFB35
 829 0014 14000000 		.4byte	.LFE35-.LFB35
 830 0018 00000000 		.4byte	.LFB36
 831 001c 0C000000 		.4byte	.LFE36-.LFB36
 832 0020 00000000 		.4byte	.LFB37
 833 0024 0C000000 		.4byte	.LFE37-.LFB37
 834 0028 00000000 		.4byte	.LFB38
 835 002c 0C000000 		.4byte	.LFE38-.LFB38
 836 0030 00000000 		.4byte	.LFB39
 837 0034 0C000000 		.4byte	.LFE39-.LFB39
 838 0038 00000000 		.4byte	.LFB40
ARM GAS  C:\Users\M4rz4n\AppData\Local\Temp\ccudlwCb.s 			page 17


 839 003c 10000000 		.4byte	.LFE40-.LFB40
 840 0040 00000000 		.4byte	.LFB41
 841 0044 10000000 		.4byte	.LFE41-.LFB41
 842 0048 00000000 		.4byte	.LFB42
 843 004c 10000000 		.4byte	.LFE42-.LFB42
 844 0050 00000000 		.4byte	.LFB43
 845 0054 10000000 		.4byte	.LFE43-.LFB43
 846 0058 00000000 		.4byte	.LFB44
 847 005c 02000000 		.4byte	.LFE44-.LFB44
 848 0060 00000000 		.4byte	.LFB45
 849 0064 14000000 		.4byte	.LFE45-.LFB45
 850 0068 00000000 		.4byte	.LFB46
 851 006c 0C000000 		.4byte	.LFE46-.LFB46
 852 0070 00000000 		.4byte	0
 853 0074 00000000 		.4byte	0
 854              		.section	.debug_ranges,"",%progbits
 855              	.Ldebug_ranges0:
 856 0000 00000000 		.4byte	.LFB35
 857 0004 14000000 		.4byte	.LFE35
 858 0008 00000000 		.4byte	.LFB36
 859 000c 0C000000 		.4byte	.LFE36
 860 0010 00000000 		.4byte	.LFB37
 861 0014 0C000000 		.4byte	.LFE37
 862 0018 00000000 		.4byte	.LFB38
 863 001c 0C000000 		.4byte	.LFE38
 864 0020 00000000 		.4byte	.LFB39
 865 0024 0C000000 		.4byte	.LFE39
 866 0028 00000000 		.4byte	.LFB40
 867 002c 10000000 		.4byte	.LFE40
 868 0030 00000000 		.4byte	.LFB41
 869 0034 10000000 		.4byte	.LFE41
 870 0038 00000000 		.4byte	.LFB42
 871 003c 10000000 		.4byte	.LFE42
 872 0040 00000000 		.4byte	.LFB43
 873 0044 10000000 		.4byte	.LFE43
 874 0048 00000000 		.4byte	.LFB44
 875 004c 02000000 		.4byte	.LFE44
 876 0050 00000000 		.4byte	.LFB45
 877 0054 14000000 		.4byte	.LFE45
 878 0058 00000000 		.4byte	.LFB46
 879 005c 0C000000 		.4byte	.LFE46
 880 0060 00000000 		.4byte	0
 881 0064 00000000 		.4byte	0
 882              		.section	.debug_line,"",%progbits
 883              	.Ldebug_line0:
 884 0000 01020000 		.section	.debug_str,"MS",%progbits,1
 884      02002C01 
 884      00000201 
 884      FB0E0D00 
 884      01010101 
 885              	.LASF24:
 886 0000 44657269 		.ascii	"DerivativeConstIsSet\000"
 886      76617469 
 886      7665436F 
 886      6E737449 
 886      73536574 
 887              	.LASF36:
ARM GAS  C:\Users\M4rz4n\AppData\Local\Temp\ccudlwCb.s 			page 18


 888 0015 436C6561 		.ascii	"ClearPIDProgress\000"
 888      72504944 
 888      50726F67 
 888      72657373 
 888      00
 889              	.LASF9:
 890 0026 5F5F7569 		.ascii	"__uint8_t\000"
 890      6E74385F 
 890      7400
 891              	.LASF34:
 892 0030 433A5C55 		.ascii	"C:\\Users\\M4rz4n\\Desktop\\Husky Robotics\\Firmwar"
 892      73657273 
 892      5C4D3472 
 892      7A346E5C 
 892      4465736B 
 893 005e 655C424C 		.ascii	"e\\BLDC\\BLDC_Motor_Board_PY2023\\BLDC_Motor_Board."
 893      44435C42 
 893      4C44435F 
 893      4D6F746F 
 893      725F426F 
 894 008e 63796473 		.ascii	"cydsn\000"
 894      6E00
 895              	.LASF29:
 896 0094 6D6F746F 		.ascii	"motorUnitMode\000"
 896      72556E69 
 896      744D6F64 
 896      6500
 897              	.LASF21:
 898 00a2 4765744D 		.ascii	"GetMode\000"
 898      6F646500 
 899              	.LASF20:
 900 00aa 47657453 		.ascii	"GetState\000"
 900      74617465 
 900      00
 901              	.LASF18:
 902 00b3 73746174 		.ascii	"state\000"
 902      6500
 903              	.LASF14:
 904 00b9 666C6F61 		.ascii	"float\000"
 904      7400
 905              	.LASF25:
 906 00bf 50504A52 		.ascii	"PPJRConstIsSet\000"
 906      436F6E73 
 906      74497353 
 906      657400
 907              	.LASF1:
 908 00ce 756E7369 		.ascii	"unsigned char\000"
 908      676E6564 
 908      20636861 
 908      7200
 909              	.LASF5:
 910 00dc 6C6F6E67 		.ascii	"long unsigned int\000"
 910      20756E73 
 910      69676E65 
 910      6420696E 
 910      7400
 911              	.LASF23:
ARM GAS  C:\Users\M4rz4n\AppData\Local\Temp\ccudlwCb.s 			page 19


 912 00ee 496E7465 		.ascii	"IntegralConstIsSet\000"
 912      6772616C 
 912      436F6E73 
 912      74497353 
 912      657400
 913              	.LASF3:
 914 0101 73686F72 		.ascii	"short unsigned int\000"
 914      7420756E 
 914      7369676E 
 914      65642069 
 914      6E7400
 915              	.LASF26:
 916 0114 4D61784A 		.ascii	"MaxJointRevIsSet\000"
 916      6F696E74 
 916      52657649 
 916      73536574 
 916      00
 917              	.LASF33:
 918 0125 424C4443 		.ascii	"BLDC_FSM.c\000"
 918      5F46534D 
 918      2E6300
 919              	.LASF31:
 920 0130 50494443 		.ascii	"PIDConstSetReg\000"
 920      6F6E7374 
 920      53657452 
 920      656700
 921              	.LASF15:
 922 013f 646F7562 		.ascii	"double\000"
 922      6C6500
 923              	.LASF8:
 924 0146 756E7369 		.ascii	"unsigned int\000"
 924      676E6564 
 924      20696E74 
 924      00
 925              	.LASF7:
 926 0153 6C6F6E67 		.ascii	"long long unsigned int\000"
 926      206C6F6E 
 926      6720756E 
 926      7369676E 
 926      65642069 
 927              	.LASF10:
 928 016a 75696E74 		.ascii	"uint8_t\000"
 928      385F7400 
 929              	.LASF19:
 930 0172 6D6F6465 		.ascii	"mode\000"
 930      00
 931              	.LASF32:
 932 0177 474E5520 		.ascii	"GNU C11 5.4.1 20160609 (release) [ARM/embedded-5-br"
 932      43313120 
 932      352E342E 
 932      31203230 
 932      31363036 
 933 01aa 616E6368 		.ascii	"anch revision 237715] -mcpu=cortex-m0 -mthumb -g -O"
 933      20726576 
 933      6973696F 
 933      6E203233 
 933      37373135 
ARM GAS  C:\Users\M4rz4n\AppData\Local\Temp\ccudlwCb.s 			page 20


 934 01dd 67202D66 		.ascii	"g -ffunction-sections -ffat-lto-objects\000"
 934      66756E63 
 934      74696F6E 
 934      2D736563 
 934      74696F6E 
 935              	.LASF30:
 936 0205 6D6F746F 		.ascii	"motorUnitState\000"
 936      72556E69 
 936      74537461 
 936      746500
 937              	.LASF28:
 938 0214 436C6561 		.ascii	"ClearPIDconst\000"
 938      72504944 
 938      636F6E73 
 938      7400
 939              	.LASF12:
 940 0222 73697A65 		.ascii	"sizetype\000"
 940      74797065 
 940      00
 941              	.LASF16:
 942 022b 53657453 		.ascii	"SetStateTo\000"
 942      74617465 
 942      546F00
 943              	.LASF6:
 944 0236 6C6F6E67 		.ascii	"long long int\000"
 944      206C6F6E 
 944      6720696E 
 944      7400
 945              	.LASF13:
 946 0244 63686172 		.ascii	"char\000"
 946      00
 947              	.LASF27:
 948 0249 50494463 		.ascii	"PIDconstsSet\000"
 948      6F6E7374 
 948      73536574 
 948      00
 949              	.LASF2:
 950 0256 73686F72 		.ascii	"short int\000"
 950      7420696E 
 950      7400
 951              	.LASF22:
 952 0260 506F7369 		.ascii	"PositionConstIsSet\000"
 952      74696F6E 
 952      436F6E73 
 952      74497353 
 952      657400
 953              	.LASF4:
 954 0273 6C6F6E67 		.ascii	"long int\000"
 954      20696E74 
 954      00
 955              	.LASF11:
 956 027c 6C6F6E67 		.ascii	"long double\000"
 956      20646F75 
 956      626C6500 
 957              	.LASF0:
 958 0288 7369676E 		.ascii	"signed char\000"
 958      65642063 
ARM GAS  C:\Users\M4rz4n\AppData\Local\Temp\ccudlwCb.s 			page 21


 958      68617200 
 959              	.LASF17:
 960 0294 5365744D 		.ascii	"SetModeTo\000"
 960      6F646554 
 960      6F00
 961              	.LASF35:
 962 029e 476F746F 		.ascii	"GotoUninitState\000"
 962      556E696E 
 962      69745374 
 962      61746500 
 963              		.ident	"GCC: (GNU Tools for ARM Embedded Processors) 5.4.1 20160609 (release) [ARM/embedded-5-bran
