ARM GAS  C:\Users\casey\AppData\Local\Temp\ccDnK7J5.s 			page 1


   1              		.syntax unified
   2              		.cpu cortex-m0
   3              		.fpu softvfp
   4              		.eabi_attribute 20, 1
   5              		.eabi_attribute 21, 1
   6              		.eabi_attribute 23, 3
   7              		.eabi_attribute 24, 1
   8              		.eabi_attribute 25, 1
   9              		.eabi_attribute 26, 1
  10              		.eabi_attribute 30, 1
  11              		.eabi_attribute 34, 0
  12              		.eabi_attribute 18, 4
  13              		.thumb
  14              		.syntax unified
  15              		.file	"BLDC_pid.c"
  16              		.text
  17              	.Ltext0:
  18              		.cfi_sections	.debug_frame
  19              		.section	.text.ClearPIDProgress,"ax",%progbits
  20              		.align	2
  21              		.global	ClearPIDProgress
  22              		.code	16
  23              		.thumb_func
  24              		.type	ClearPIDProgress, %function
  25              	ClearPIDProgress:
  26              	.LFB35:
  27              		.file 1 "BLDC_pid.c"
   1:BLDC_pid.c    **** 
   2:BLDC_pid.c    **** // ---------------------------------------------------use delay instead of PWM---------------------
   3:BLDC_pid.c    **** 
   4:BLDC_pid.c    **** // #include "Motor_Unit_Debug.h"
   5:BLDC_pid.c    **** #include <project.h>
   6:BLDC_pid.c    **** #include "BLDC_pid.h"
   7:BLDC_pid.c    **** #include "BLDC_Drive.h"
   8:BLDC_pid.c    **** #include "main.h"
   9:BLDC_pid.c    **** #include <math.h>
  10:BLDC_pid.c    **** 
  11:BLDC_pid.c    **** int32_t delayTime = 1000;
  12:BLDC_pid.c    **** // int32_t PWM = 0;
  13:BLDC_pid.c    **** int32_t kPosition = 0, kIntegral = 0, kDerivative = 0;
  14:BLDC_pid.c    **** int32_t tickMax = 0, tickMin = 0, mDegMax = 0, mDegMin = 0;
  15:BLDC_pid.c    **** double mDegPerTick = 0.0;
  16:BLDC_pid.c    **** 
  17:BLDC_pid.c    **** int integral = 0;     //needs to be reset upon mode change
  18:BLDC_pid.c    **** int lastError = 0;    //needs to be reset upon mode change
  19:BLDC_pid.c    **** int integralClamp = 5000;
  20:BLDC_pid.c    **** 
  21:BLDC_pid.c    **** // double ratio;
  22:BLDC_pid.c    **** // uint8 complete = 0;
  23:BLDC_pid.c    **** 
  24:BLDC_pid.c    **** uint8_t enabledPID = 0;
  25:BLDC_pid.c    **** 
  26:BLDC_pid.c    **** uint32_t maxSpeed = 32768;
  27:BLDC_pid.c    **** 
  28:BLDC_pid.c    **** extern uint8_t ignoreLimSw;
  29:BLDC_pid.c    **** extern char txData[TX_DATA_SIZE];
  30:BLDC_pid.c    **** 
ARM GAS  C:\Users\casey\AppData\Local\Temp\ccDnK7J5.s 			page 2


  31:BLDC_pid.c    **** void ClearPIDProgress() {
  28              		.loc 1 31 0
  29              		.cfi_startproc
  30              		@ args = 0, pretend = 0, frame = 0
  31              		@ frame_needed = 0, uses_anonymous_args = 0
  32              		@ link register save eliminated.
  32:BLDC_pid.c    ****     integral = 0;
  33              		.loc 1 32 0
  34 0000 024B     		ldr	r3, .L2
  35 0002 0022     		movs	r2, #0
  36 0004 1A60     		str	r2, [r3]
  33:BLDC_pid.c    ****     lastError = 0;
  37              		.loc 1 33 0
  38 0006 5A60     		str	r2, [r3, #4]
  34:BLDC_pid.c    **** }
  39              		.loc 1 34 0
  40              		@ sp needed
  41 0008 7047     		bx	lr
  42              	.L3:
  43 000a C046     		.align	2
  44              	.L2:
  45 000c 00000000 		.word	.LANCHOR0
  46              		.cfi_endproc
  47              	.LFE35:
  48              		.size	ClearPIDProgress, .-ClearPIDProgress
  49              		.section	.text.DisablePID,"ax",%progbits
  50              		.align	2
  51              		.global	DisablePID
  52              		.code	16
  53              		.thumb_func
  54              		.type	DisablePID, %function
  55              	DisablePID:
  56              	.LFB36:
  35:BLDC_pid.c    **** void DisablePID() {
  57              		.loc 1 35 0
  58              		.cfi_startproc
  59              		@ args = 0, pretend = 0, frame = 0
  60              		@ frame_needed = 0, uses_anonymous_args = 0
  61              		@ link register save eliminated.
  36:BLDC_pid.c    ****     enabledPID = 0;
  62              		.loc 1 36 0
  63 0000 0022     		movs	r2, #0
  64 0002 014B     		ldr	r3, .L5
  65 0004 1A72     		strb	r2, [r3, #8]
  37:BLDC_pid.c    **** }
  66              		.loc 1 37 0
  67              		@ sp needed
  68 0006 7047     		bx	lr
  69              	.L6:
  70              		.align	2
  71              	.L5:
  72 0008 00000000 		.word	.LANCHOR0
  73              		.cfi_endproc
  74              	.LFE36:
  75              		.size	DisablePID, .-DisablePID
  76              		.section	.text.EnablePID,"ax",%progbits
  77              		.align	2
ARM GAS  C:\Users\casey\AppData\Local\Temp\ccDnK7J5.s 			page 3


  78              		.global	EnablePID
  79              		.code	16
  80              		.thumb_func
  81              		.type	EnablePID, %function
  82              	EnablePID:
  83              	.LFB37:
  38:BLDC_pid.c    **** void EnablePID() {
  84              		.loc 1 38 0
  85              		.cfi_startproc
  86              		@ args = 0, pretend = 0, frame = 0
  87              		@ frame_needed = 0, uses_anonymous_args = 0
  88              		@ link register save eliminated.
  39:BLDC_pid.c    ****     enabledPID = 1;
  89              		.loc 1 39 0
  90 0000 0122     		movs	r2, #1
  91 0002 014B     		ldr	r3, .L8
  92 0004 1A72     		strb	r2, [r3, #8]
  40:BLDC_pid.c    **** }
  93              		.loc 1 40 0
  94              		@ sp needed
  95 0006 7047     		bx	lr
  96              	.L9:
  97              		.align	2
  98              	.L8:
  99 0008 00000000 		.word	.LANCHOR0
 100              		.cfi_endproc
 101              	.LFE37:
 102              		.size	EnablePID, .-EnablePID
 103              		.section	.text.PIDIsEnabled,"ax",%progbits
 104              		.align	2
 105              		.global	PIDIsEnabled
 106              		.code	16
 107              		.thumb_func
 108              		.type	PIDIsEnabled, %function
 109              	PIDIsEnabled:
 110              	.LFB38:
  41:BLDC_pid.c    **** uint8_t PIDIsEnabled() {
 111              		.loc 1 41 0
 112              		.cfi_startproc
 113              		@ args = 0, pretend = 0, frame = 0
 114              		@ frame_needed = 0, uses_anonymous_args = 0
 115              		@ link register save eliminated.
  42:BLDC_pid.c    ****     return(enabledPID);
 116              		.loc 1 42 0
 117 0000 014B     		ldr	r3, .L11
 118 0002 187A     		ldrb	r0, [r3, #8]
  43:BLDC_pid.c    **** }
 119              		.loc 1 43 0
 120              		@ sp needed
 121 0004 7047     		bx	lr
 122              	.L12:
 123 0006 C046     		.align	2
 124              	.L11:
 125 0008 00000000 		.word	.LANCHOR0
 126              		.cfi_endproc
 127              	.LFE38:
 128              		.size	PIDIsEnabled, .-PIDIsEnabled
ARM GAS  C:\Users\casey\AppData\Local\Temp\ccDnK7J5.s 			page 4


 129              		.section	.text.InitializePID,"ax",%progbits
 130              		.align	2
 131              		.global	InitializePID
 132              		.code	16
 133              		.thumb_func
 134              		.type	InitializePID, %function
 135              	InitializePID:
 136              	.LFB39:
  44:BLDC_pid.c    **** void InitializePID() {
 137              		.loc 1 44 0
 138              		.cfi_startproc
 139              		@ args = 0, pretend = 0, frame = 0
 140              		@ frame_needed = 0, uses_anonymous_args = 0
 141 0000 10B5     		push	{r4, lr}
 142              		.cfi_def_cfa_offset 8
 143              		.cfi_offset 4, -8
 144              		.cfi_offset 14, -4
  45:BLDC_pid.c    ****     // set_PWM(0, 0, 0);
  46:BLDC_pid.c    ****     ClearPIDProgress();
 145              		.loc 1 46 0
 146 0002 FFF7FEFF 		bl	ClearPIDProgress
 147              	.LVL0:
  47:BLDC_pid.c    ****     DisablePID();
 148              		.loc 1 47 0
 149 0006 FFF7FEFF 		bl	DisablePID
 150              	.LVL1:
  48:BLDC_pid.c    ****     lastError = 0;
 151              		.loc 1 48 0
 152 000a 0022     		movs	r2, #0
 153 000c 014B     		ldr	r3, .L14
 154 000e 5A60     		str	r2, [r3, #4]
  49:BLDC_pid.c    **** }
 155              		.loc 1 49 0
 156              		@ sp needed
 157 0010 10BD     		pop	{r4, pc}
 158              	.L15:
 159 0012 C046     		.align	2
 160              	.L14:
 161 0014 00000000 		.word	.LANCHOR0
 162              		.cfi_endproc
 163              	.LFE39:
 164              		.size	InitializePID, .-InitializePID
 165              		.global	__aeabi_i2d
 166              		.global	__aeabi_ddiv
 167              		.section	.text.UpdateConversion,"ax",%progbits
 168              		.align	2
 169              		.global	UpdateConversion
 170              		.code	16
 171              		.thumb_func
 172              		.type	UpdateConversion, %function
 173              	UpdateConversion:
 174              	.LFB40:
  50:BLDC_pid.c    **** 
  51:BLDC_pid.c    **** double UpdateConversion() {
 175              		.loc 1 51 0
 176              		.cfi_startproc
 177              		@ args = 0, pretend = 0, frame = 0
ARM GAS  C:\Users\casey\AppData\Local\Temp\ccDnK7J5.s 			page 5


 178              		@ frame_needed = 0, uses_anonymous_args = 0
 179 0000 D0B5     		push	{r4, r6, r7, lr}
 180              		.cfi_def_cfa_offset 16
 181              		.cfi_offset 4, -16
 182              		.cfi_offset 6, -12
 183              		.cfi_offset 7, -8
 184              		.cfi_offset 14, -4
  52:BLDC_pid.c    ****     if (mDegMin == mDegMax) return 0;
 185              		.loc 1 52 0
 186 0002 0E4A     		ldr	r2, .L19
 187 0004 D068     		ldr	r0, [r2, #12]
 188 0006 1369     		ldr	r3, [r2, #16]
 189 0008 9842     		cmp	r0, r3
 190 000a 13D0     		beq	.L18
  53:BLDC_pid.c    ****     mDegPerTick = (double) (mDegMax-mDegMin)/(tickMax-tickMin);
 191              		.loc 1 53 0
 192 000c 181A     		subs	r0, r3, r0
 193 000e FFF7FEFF 		bl	__aeabi_i2d
 194              	.LVL2:
 195 0012 0600     		movs	r6, r0
 196 0014 0F00     		movs	r7, r1
 197 0016 094C     		ldr	r4, .L19
 198 0018 6369     		ldr	r3, [r4, #20]
 199 001a A269     		ldr	r2, [r4, #24]
 200 001c 981A     		subs	r0, r3, r2
 201 001e FFF7FEFF 		bl	__aeabi_i2d
 202              	.LVL3:
 203 0022 0200     		movs	r2, r0
 204 0024 0B00     		movs	r3, r1
 205 0026 3000     		movs	r0, r6
 206 0028 3900     		movs	r1, r7
 207 002a FFF7FEFF 		bl	__aeabi_ddiv
 208              	.LVL4:
 209 002e 2062     		str	r0, [r4, #32]
 210 0030 6162     		str	r1, [r4, #36]
  54:BLDC_pid.c    ****     return mDegPerTick;
 211              		.loc 1 54 0
 212 0032 01E0     		b	.L17
 213              	.L18:
  52:BLDC_pid.c    ****     if (mDegMin == mDegMax) return 0;
 214              		.loc 1 52 0
 215 0034 0020     		movs	r0, #0
 216 0036 0021     		movs	r1, #0
 217              	.L17:
  55:BLDC_pid.c    **** }
 218              		.loc 1 55 0
 219              		@ sp needed
 220 0038 D0BD     		pop	{r4, r6, r7, pc}
 221              	.L20:
 222 003a C046     		.align	2
 223              	.L19:
 224 003c 00000000 		.word	.LANCHOR0
 225              		.cfi_endproc
 226              	.LFE40:
 227              		.size	UpdateConversion, .-UpdateConversion
 228              		.section	.text.GetMaxPIDSpeed,"ax",%progbits
 229              		.align	2
ARM GAS  C:\Users\casey\AppData\Local\Temp\ccDnK7J5.s 			page 6


 230              		.global	GetMaxPIDSpeed
 231              		.code	16
 232              		.thumb_func
 233              		.type	GetMaxPIDSpeed, %function
 234              	GetMaxPIDSpeed:
 235              	.LFB41:
  56:BLDC_pid.c    **** 
  57:BLDC_pid.c    **** int32_t GetMaxPIDSpeed(){ return maxSpeed; }
 236              		.loc 1 57 0
 237              		.cfi_startproc
 238              		@ args = 0, pretend = 0, frame = 0
 239              		@ frame_needed = 0, uses_anonymous_args = 0
 240              		@ link register save eliminated.
 241              		.loc 1 57 0
 242 0000 014B     		ldr	r3, .L22
 243 0002 1868     		ldr	r0, [r3]
 244              		@ sp needed
 245 0004 7047     		bx	lr
 246              	.L23:
 247 0006 C046     		.align	2
 248              	.L22:
 249 0008 00000000 		.word	.LANCHOR1
 250              		.cfi_endproc
 251              	.LFE41:
 252              		.size	GetMaxPIDSpeed, .-GetMaxPIDSpeed
 253              		.section	.text.GetkPosition,"ax",%progbits
 254              		.align	2
 255              		.global	GetkPosition
 256              		.code	16
 257              		.thumb_func
 258              		.type	GetkPosition, %function
 259              	GetkPosition:
 260              	.LFB42:
  58:BLDC_pid.c    **** int32_t GetkPosition(){ return kPosition; }
 261              		.loc 1 58 0
 262              		.cfi_startproc
 263              		@ args = 0, pretend = 0, frame = 0
 264              		@ frame_needed = 0, uses_anonymous_args = 0
 265              		@ link register save eliminated.
 266              		.loc 1 58 0
 267 0000 014B     		ldr	r3, .L25
 268 0002 986A     		ldr	r0, [r3, #40]
 269              		@ sp needed
 270 0004 7047     		bx	lr
 271              	.L26:
 272 0006 C046     		.align	2
 273              	.L25:
 274 0008 00000000 		.word	.LANCHOR0
 275              		.cfi_endproc
 276              	.LFE42:
 277              		.size	GetkPosition, .-GetkPosition
 278              		.section	.text.GetkIntegral,"ax",%progbits
 279              		.align	2
 280              		.global	GetkIntegral
 281              		.code	16
 282              		.thumb_func
 283              		.type	GetkIntegral, %function
ARM GAS  C:\Users\casey\AppData\Local\Temp\ccDnK7J5.s 			page 7


 284              	GetkIntegral:
 285              	.LFB43:
  59:BLDC_pid.c    **** int32_t GetkIntegral(){ return kIntegral; }
 286              		.loc 1 59 0
 287              		.cfi_startproc
 288              		@ args = 0, pretend = 0, frame = 0
 289              		@ frame_needed = 0, uses_anonymous_args = 0
 290              		@ link register save eliminated.
 291              		.loc 1 59 0
 292 0000 014B     		ldr	r3, .L28
 293 0002 D86A     		ldr	r0, [r3, #44]
 294              		@ sp needed
 295 0004 7047     		bx	lr
 296              	.L29:
 297 0006 C046     		.align	2
 298              	.L28:
 299 0008 00000000 		.word	.LANCHOR0
 300              		.cfi_endproc
 301              	.LFE43:
 302              		.size	GetkIntegral, .-GetkIntegral
 303              		.section	.text.GetkDerivative,"ax",%progbits
 304              		.align	2
 305              		.global	GetkDerivative
 306              		.code	16
 307              		.thumb_func
 308              		.type	GetkDerivative, %function
 309              	GetkDerivative:
 310              	.LFB44:
  60:BLDC_pid.c    **** int32_t GetkDerivative(){ return kDerivative; }
 311              		.loc 1 60 0
 312              		.cfi_startproc
 313              		@ args = 0, pretend = 0, frame = 0
 314              		@ frame_needed = 0, uses_anonymous_args = 0
 315              		@ link register save eliminated.
 316              		.loc 1 60 0
 317 0000 014B     		ldr	r3, .L31
 318 0002 186B     		ldr	r0, [r3, #48]
 319              		@ sp needed
 320 0004 7047     		bx	lr
 321              	.L32:
 322 0006 C046     		.align	2
 323              	.L31:
 324 0008 00000000 		.word	.LANCHOR0
 325              		.cfi_endproc
 326              	.LFE44:
 327              		.size	GetkDerivative, .-GetkDerivative
 328              		.section	.text.GetConversion,"ax",%progbits
 329              		.align	2
 330              		.global	GetConversion
 331              		.code	16
 332              		.thumb_func
 333              		.type	GetConversion, %function
 334              	GetConversion:
 335              	.LFB45:
  61:BLDC_pid.c    **** double GetConversion(){ return mDegPerTick; }
 336              		.loc 1 61 0
 337              		.cfi_startproc
ARM GAS  C:\Users\casey\AppData\Local\Temp\ccDnK7J5.s 			page 8


 338              		@ args = 0, pretend = 0, frame = 0
 339              		@ frame_needed = 0, uses_anonymous_args = 0
 340              		@ link register save eliminated.
 341              		.loc 1 61 0
 342 0000 014B     		ldr	r3, .L34
 343 0002 186A     		ldr	r0, [r3, #32]
 344 0004 596A     		ldr	r1, [r3, #36]
 345              		@ sp needed
 346 0006 7047     		bx	lr
 347              	.L35:
 348              		.align	2
 349              	.L34:
 350 0008 00000000 		.word	.LANCHOR0
 351              		.cfi_endproc
 352              	.LFE45:
 353              		.size	GetConversion, .-GetConversion
 354              		.section	.text.GetTickMax,"ax",%progbits
 355              		.align	2
 356              		.global	GetTickMax
 357              		.code	16
 358              		.thumb_func
 359              		.type	GetTickMax, %function
 360              	GetTickMax:
 361              	.LFB46:
  62:BLDC_pid.c    **** int32_t GetTickMax(){ return tickMax; }
 362              		.loc 1 62 0
 363              		.cfi_startproc
 364              		@ args = 0, pretend = 0, frame = 0
 365              		@ frame_needed = 0, uses_anonymous_args = 0
 366              		@ link register save eliminated.
 367              		.loc 1 62 0
 368 0000 014B     		ldr	r3, .L37
 369 0002 5869     		ldr	r0, [r3, #20]
 370              		@ sp needed
 371 0004 7047     		bx	lr
 372              	.L38:
 373 0006 C046     		.align	2
 374              	.L37:
 375 0008 00000000 		.word	.LANCHOR0
 376              		.cfi_endproc
 377              	.LFE46:
 378              		.size	GetTickMax, .-GetTickMax
 379              		.section	.text.GetTickMin,"ax",%progbits
 380              		.align	2
 381              		.global	GetTickMin
 382              		.code	16
 383              		.thumb_func
 384              		.type	GetTickMin, %function
 385              	GetTickMin:
 386              	.LFB47:
  63:BLDC_pid.c    **** int32_t GetTickMin(){ return tickMin; }
 387              		.loc 1 63 0
 388              		.cfi_startproc
 389              		@ args = 0, pretend = 0, frame = 0
 390              		@ frame_needed = 0, uses_anonymous_args = 0
 391              		@ link register save eliminated.
 392              		.loc 1 63 0
ARM GAS  C:\Users\casey\AppData\Local\Temp\ccDnK7J5.s 			page 9


 393 0000 014B     		ldr	r3, .L40
 394 0002 9869     		ldr	r0, [r3, #24]
 395              		@ sp needed
 396 0004 7047     		bx	lr
 397              	.L41:
 398 0006 C046     		.align	2
 399              	.L40:
 400 0008 00000000 		.word	.LANCHOR0
 401              		.cfi_endproc
 402              	.LFE47:
 403              		.size	GetTickMin, .-GetTickMin
 404              		.section	.text.GetmDegMax,"ax",%progbits
 405              		.align	2
 406              		.global	GetmDegMax
 407              		.code	16
 408              		.thumb_func
 409              		.type	GetmDegMax, %function
 410              	GetmDegMax:
 411              	.LFB48:
  64:BLDC_pid.c    **** int32_t GetmDegMax(){ return mDegMax; }
 412              		.loc 1 64 0
 413              		.cfi_startproc
 414              		@ args = 0, pretend = 0, frame = 0
 415              		@ frame_needed = 0, uses_anonymous_args = 0
 416              		@ link register save eliminated.
 417              		.loc 1 64 0
 418 0000 014B     		ldr	r3, .L43
 419 0002 1869     		ldr	r0, [r3, #16]
 420              		@ sp needed
 421 0004 7047     		bx	lr
 422              	.L44:
 423 0006 C046     		.align	2
 424              	.L43:
 425 0008 00000000 		.word	.LANCHOR0
 426              		.cfi_endproc
 427              	.LFE48:
 428              		.size	GetmDegMax, .-GetmDegMax
 429              		.section	.text.GetmDegMin,"ax",%progbits
 430              		.align	2
 431              		.global	GetmDegMin
 432              		.code	16
 433              		.thumb_func
 434              		.type	GetmDegMin, %function
 435              	GetmDegMin:
 436              	.LFB49:
  65:BLDC_pid.c    **** int32_t GetmDegMin(){ return mDegMin; }
 437              		.loc 1 65 0
 438              		.cfi_startproc
 439              		@ args = 0, pretend = 0, frame = 0
 440              		@ frame_needed = 0, uses_anonymous_args = 0
 441              		@ link register save eliminated.
 442              		.loc 1 65 0
 443 0000 014B     		ldr	r3, .L46
 444 0002 D868     		ldr	r0, [r3, #12]
 445              		@ sp needed
 446 0004 7047     		bx	lr
 447              	.L47:
ARM GAS  C:\Users\casey\AppData\Local\Temp\ccDnK7J5.s 			page 10


 448 0006 C046     		.align	2
 449              	.L46:
 450 0008 00000000 		.word	.LANCHOR0
 451              		.cfi_endproc
 452              	.LFE49:
 453              		.size	GetmDegMin, .-GetmDegMin
 454              		.section	.text.SetMaxPIDSpeed,"ax",%progbits
 455              		.align	2
 456              		.global	SetMaxPIDSpeed
 457              		.code	16
 458              		.thumb_func
 459              		.type	SetMaxPIDSpeed, %function
 460              	SetMaxPIDSpeed:
 461              	.LFB50:
  66:BLDC_pid.c    **** 
  67:BLDC_pid.c    **** void SetMaxPIDSpeed(uint16_t setValue){ maxSpeed = setValue; }
 462              		.loc 1 67 0
 463              		.cfi_startproc
 464              		@ args = 0, pretend = 0, frame = 0
 465              		@ frame_needed = 0, uses_anonymous_args = 0
 466              		@ link register save eliminated.
 467              	.LVL5:
 468              		.loc 1 67 0
 469 0000 014B     		ldr	r3, .L49
 470 0002 1860     		str	r0, [r3]
 471              		@ sp needed
 472 0004 7047     		bx	lr
 473              	.L50:
 474 0006 C046     		.align	2
 475              	.L49:
 476 0008 00000000 		.word	.LANCHOR1
 477              		.cfi_endproc
 478              	.LFE50:
 479              		.size	SetMaxPIDSpeed, .-SetMaxPIDSpeed
 480              		.section	.text.SetkPosition,"ax",%progbits
 481              		.align	2
 482              		.global	SetkPosition
 483              		.code	16
 484              		.thumb_func
 485              		.type	SetkPosition, %function
 486              	SetkPosition:
 487              	.LFB51:
  68:BLDC_pid.c    **** void SetkPosition(int32_t kP){ kPosition = kP; }
 488              		.loc 1 68 0
 489              		.cfi_startproc
 490              		@ args = 0, pretend = 0, frame = 0
 491              		@ frame_needed = 0, uses_anonymous_args = 0
 492              		@ link register save eliminated.
 493              	.LVL6:
 494              		.loc 1 68 0
 495 0000 014B     		ldr	r3, .L52
 496 0002 9862     		str	r0, [r3, #40]
 497              		@ sp needed
 498 0004 7047     		bx	lr
 499              	.L53:
 500 0006 C046     		.align	2
 501              	.L52:
ARM GAS  C:\Users\casey\AppData\Local\Temp\ccDnK7J5.s 			page 11


 502 0008 00000000 		.word	.LANCHOR0
 503              		.cfi_endproc
 504              	.LFE51:
 505              		.size	SetkPosition, .-SetkPosition
 506              		.section	.text.SetkIntegral,"ax",%progbits
 507              		.align	2
 508              		.global	SetkIntegral
 509              		.code	16
 510              		.thumb_func
 511              		.type	SetkIntegral, %function
 512              	SetkIntegral:
 513              	.LFB52:
  69:BLDC_pid.c    **** void SetkIntegral(int32_t kI){ kIntegral = kI; }
 514              		.loc 1 69 0
 515              		.cfi_startproc
 516              		@ args = 0, pretend = 0, frame = 0
 517              		@ frame_needed = 0, uses_anonymous_args = 0
 518              		@ link register save eliminated.
 519              	.LVL7:
 520              		.loc 1 69 0
 521 0000 014B     		ldr	r3, .L55
 522 0002 D862     		str	r0, [r3, #44]
 523              		@ sp needed
 524 0004 7047     		bx	lr
 525              	.L56:
 526 0006 C046     		.align	2
 527              	.L55:
 528 0008 00000000 		.word	.LANCHOR0
 529              		.cfi_endproc
 530              	.LFE52:
 531              		.size	SetkIntegral, .-SetkIntegral
 532              		.section	.text.SetkDerivative,"ax",%progbits
 533              		.align	2
 534              		.global	SetkDerivative
 535              		.code	16
 536              		.thumb_func
 537              		.type	SetkDerivative, %function
 538              	SetkDerivative:
 539              	.LFB53:
  70:BLDC_pid.c    **** void SetkDerivative(int32_t kD){ kDerivative = kD; }
 540              		.loc 1 70 0
 541              		.cfi_startproc
 542              		@ args = 0, pretend = 0, frame = 0
 543              		@ frame_needed = 0, uses_anonymous_args = 0
 544              		@ link register save eliminated.
 545              	.LVL8:
 546              		.loc 1 70 0
 547 0000 014B     		ldr	r3, .L58
 548 0002 1863     		str	r0, [r3, #48]
 549              		@ sp needed
 550 0004 7047     		bx	lr
 551              	.L59:
 552 0006 C046     		.align	2
 553              	.L58:
 554 0008 00000000 		.word	.LANCHOR0
 555              		.cfi_endproc
 556              	.LFE53:
ARM GAS  C:\Users\casey\AppData\Local\Temp\ccDnK7J5.s 			page 12


 557              		.size	SetkDerivative, .-SetkDerivative
 558              		.section	.text.setTickMin,"ax",%progbits
 559              		.align	2
 560              		.global	setTickMin
 561              		.code	16
 562              		.thumb_func
 563              		.type	setTickMin, %function
 564              	setTickMin:
 565              	.LFB54:
  71:BLDC_pid.c    **** void setTickMin(int32_t val){ tickMin = val; }
 566              		.loc 1 71 0
 567              		.cfi_startproc
 568              		@ args = 0, pretend = 0, frame = 0
 569              		@ frame_needed = 0, uses_anonymous_args = 0
 570              		@ link register save eliminated.
 571              	.LVL9:
 572              		.loc 1 71 0
 573 0000 014B     		ldr	r3, .L61
 574 0002 9861     		str	r0, [r3, #24]
 575              		@ sp needed
 576 0004 7047     		bx	lr
 577              	.L62:
 578 0006 C046     		.align	2
 579              	.L61:
 580 0008 00000000 		.word	.LANCHOR0
 581              		.cfi_endproc
 582              	.LFE54:
 583              		.size	setTickMin, .-setTickMin
 584              		.section	.text.setTickMax,"ax",%progbits
 585              		.align	2
 586              		.global	setTickMax
 587              		.code	16
 588              		.thumb_func
 589              		.type	setTickMax, %function
 590              	setTickMax:
 591              	.LFB55:
  72:BLDC_pid.c    **** void setTickMax(int32_t val){ tickMax = val; }
 592              		.loc 1 72 0
 593              		.cfi_startproc
 594              		@ args = 0, pretend = 0, frame = 0
 595              		@ frame_needed = 0, uses_anonymous_args = 0
 596              		@ link register save eliminated.
 597              	.LVL10:
 598              		.loc 1 72 0
 599 0000 014B     		ldr	r3, .L64
 600 0002 5861     		str	r0, [r3, #20]
 601              		@ sp needed
 602 0004 7047     		bx	lr
 603              	.L65:
 604 0006 C046     		.align	2
 605              	.L64:
 606 0008 00000000 		.word	.LANCHOR0
 607              		.cfi_endproc
 608              	.LFE55:
 609              		.size	setTickMax, .-setTickMax
 610              		.section	.text.setmDegMin,"ax",%progbits
 611              		.align	2
ARM GAS  C:\Users\casey\AppData\Local\Temp\ccDnK7J5.s 			page 13


 612              		.global	setmDegMin
 613              		.code	16
 614              		.thumb_func
 615              		.type	setmDegMin, %function
 616              	setmDegMin:
 617              	.LFB56:
  73:BLDC_pid.c    **** void setmDegMin(int32_t val){ mDegMin = val; }
 618              		.loc 1 73 0
 619              		.cfi_startproc
 620              		@ args = 0, pretend = 0, frame = 0
 621              		@ frame_needed = 0, uses_anonymous_args = 0
 622              		@ link register save eliminated.
 623              	.LVL11:
 624              		.loc 1 73 0
 625 0000 014B     		ldr	r3, .L67
 626 0002 D860     		str	r0, [r3, #12]
 627              		@ sp needed
 628 0004 7047     		bx	lr
 629              	.L68:
 630 0006 C046     		.align	2
 631              	.L67:
 632 0008 00000000 		.word	.LANCHOR0
 633              		.cfi_endproc
 634              	.LFE56:
 635              		.size	setmDegMin, .-setmDegMin
 636              		.section	.text.setmDegMax,"ax",%progbits
 637              		.align	2
 638              		.global	setmDegMax
 639              		.code	16
 640              		.thumb_func
 641              		.type	setmDegMax, %function
 642              	setmDegMax:
 643              	.LFB57:
  74:BLDC_pid.c    **** void setmDegMax(int32_t val){ mDegMax = val; }
 644              		.loc 1 74 0
 645              		.cfi_startproc
 646              		@ args = 0, pretend = 0, frame = 0
 647              		@ frame_needed = 0, uses_anonymous_args = 0
 648              		@ link register save eliminated.
 649              	.LVL12:
 650              		.loc 1 74 0
 651 0000 014B     		ldr	r3, .L70
 652 0002 1861     		str	r0, [r3, #16]
 653              		@ sp needed
 654 0004 7047     		bx	lr
 655              	.L71:
 656 0006 C046     		.align	2
 657              	.L70:
 658 0008 00000000 		.word	.LANCHOR0
 659              		.cfi_endproc
 660              	.LFE57:
 661              		.size	setmDegMax, .-setmDegMax
 662              		.section	.text.SetConversion,"ax",%progbits
 663              		.align	2
 664              		.global	SetConversion
 665              		.code	16
 666              		.thumb_func
ARM GAS  C:\Users\casey\AppData\Local\Temp\ccDnK7J5.s 			page 14


 667              		.type	SetConversion, %function
 668              	SetConversion:
 669              	.LFB58:
  75:BLDC_pid.c    **** void SetConversion(double conv){ mDegPerTick = conv; }
 670              		.loc 1 75 0
 671              		.cfi_startproc
 672              		@ args = 0, pretend = 0, frame = 0
 673              		@ frame_needed = 0, uses_anonymous_args = 0
 674              		@ link register save eliminated.
 675              	.LVL13:
 676              		.loc 1 75 0
 677 0000 014B     		ldr	r3, .L73
 678 0002 1862     		str	r0, [r3, #32]
 679 0004 5962     		str	r1, [r3, #36]
 680              		@ sp needed
 681 0006 7047     		bx	lr
 682              	.L74:
 683              		.align	2
 684              	.L73:
 685 0008 00000000 		.word	.LANCHOR0
 686              		.cfi_endproc
 687              	.LFE58:
 688              		.size	SetConversion, .-SetConversion
 689              		.section	.text.GetPositionmDeg,"ax",%progbits
 690              		.align	2
 691              		.global	GetPositionmDeg
 692              		.code	16
 693              		.thumb_func
 694              		.type	GetPositionmDeg, %function
 695              	GetPositionmDeg:
 696              	.LFB59:
  76:BLDC_pid.c    **** 
  77:BLDC_pid.c    **** // void SetEncoderDir(uint8_t flip){
  78:BLDC_pid.c    **** //     flipEncoder = (flip ? -1 : 1);
  79:BLDC_pid.c    **** // }
  80:BLDC_pid.c    **** 
  81:BLDC_pid.c    **** // void setEncoderAtLimit(int enc_limit){
  82:BLDC_pid.c    ****     // TODO   
  83:BLDC_pid.c    **** // }
  84:BLDC_pid.c    **** 
  85:BLDC_pid.c    **** int32_t GetPositionmDeg() {
 697              		.loc 1 85 0
 698              		.cfi_startproc
 699              		@ args = 0, pretend = 0, frame = 0
 700              		@ frame_needed = 0, uses_anonymous_args = 0
 701              		@ link register save eliminated.
  86:BLDC_pid.c    ****     if (mDegPerTick == 0.0)
  87:BLDC_pid.c    ****         return(0);
  88:BLDC_pid.c    ****     // TODO
  89:BLDC_pid.c    ****     return 0;
  90:BLDC_pid.c    **** }
 702              		.loc 1 90 0
 703 0000 0020     		movs	r0, #0
 704              		@ sp needed
 705 0002 7047     		bx	lr
 706              		.cfi_endproc
 707              	.LFE59:
ARM GAS  C:\Users\casey\AppData\Local\Temp\ccDnK7J5.s 			page 15


 708              		.size	GetPositionmDeg, .-GetPositionmDeg
 709              		.global	__aeabi_idiv
 710              		.section	.text.Position_PID,"ax",%progbits
 711              		.align	2
 712              		.global	Position_PID
 713              		.code	16
 714              		.thumb_func
 715              		.type	Position_PID, %function
 716              	Position_PID:
 717              	.LFB61:
  91:BLDC_pid.c    **** 
  92:BLDC_pid.c    **** void SetPosition(int32_t mDegs) {       
  93:BLDC_pid.c    ****         set_speed(Position_PID(mDegs), ignoreLimSw);   
  94:BLDC_pid.c    **** }
  95:BLDC_pid.c    **** 
  96:BLDC_pid.c    **** int32_t Position_PID(int32 targetmDeg){
 718              		.loc 1 96 0
 719              		.cfi_startproc
 720              		@ args = 0, pretend = 0, frame = 0
 721              		@ frame_needed = 0, uses_anonymous_args = 0
 722              	.LVL14:
 723 0000 F8B5     		push	{r3, r4, r5, r6, r7, lr}
 724              		.cfi_def_cfa_offset 24
 725              		.cfi_offset 3, -24
 726              		.cfi_offset 4, -20
 727              		.cfi_offset 5, -16
 728              		.cfi_offset 6, -12
 729              		.cfi_offset 7, -8
 730              		.cfi_offset 14, -4
 731 0002 0500     		movs	r5, r0
  97:BLDC_pid.c    ****         
  98:BLDC_pid.c    ****     if(!PIDIsEnabled()){
 732              		.loc 1 98 0
 733 0004 FFF7FEFF 		bl	PIDIsEnabled
 734              	.LVL15:
 735 0008 0028     		cmp	r0, #0
 736 000a 2ED0     		beq	.L80
  99:BLDC_pid.c    ****         return(0);
 100:BLDC_pid.c    ****     }
 101:BLDC_pid.c    ****     
 102:BLDC_pid.c    ****     int32 current = GetPositionmDeg();
 737              		.loc 1 102 0
 738 000c FFF7FEFF 		bl	GetPositionmDeg
 739              	.LVL16:
 103:BLDC_pid.c    ****     int32 error = targetmDeg - current;
 740              		.loc 1 103 0
 741 0010 2C1A     		subs	r4, r5, r0
 742              	.LVL17:
 104:BLDC_pid.c    ****     
 105:BLDC_pid.c    ****     //if within tolerance exit
 106:BLDC_pid.c    ****     if(error <= 5 && error >= -5) {
 743              		.loc 1 106 0
 744 0012 631D     		adds	r3, r4, #5
 745 0014 0A2B     		cmp	r3, #10
 746 0016 2AD9     		bls	.L81
 107:BLDC_pid.c    ****       return(0);
 108:BLDC_pid.c    ****     }
ARM GAS  C:\Users\casey\AppData\Local\Temp\ccDnK7J5.s 			page 16


 109:BLDC_pid.c    ****     
 110:BLDC_pid.c    ****     integral = integral + error;
 747              		.loc 1 110 0
 748 0018 164B     		ldr	r3, .L82
 749 001a 1A68     		ldr	r2, [r3]
 750 001c A218     		adds	r2, r4, r2
 751 001e 1A60     		str	r2, [r3]
 111:BLDC_pid.c    ****     
 112:BLDC_pid.c    ****     //integral clamp
 113:BLDC_pid.c    ****     if (integral > integralClamp) {
 752              		.loc 1 113 0
 753 0020 154B     		ldr	r3, .L82+4
 754 0022 5B68     		ldr	r3, [r3, #4]
 755 0024 9A42     		cmp	r2, r3
 756 0026 01DD     		ble	.L78
 114:BLDC_pid.c    ****         integral = integralClamp;   
 757              		.loc 1 114 0
 758 0028 124A     		ldr	r2, .L82
 759 002a 1360     		str	r3, [r2]
 760              	.L78:
 115:BLDC_pid.c    ****     }
 116:BLDC_pid.c    ****     if (integral < -integralClamp) {
 761              		.loc 1 116 0
 762 002c 5B42     		rsbs	r3, r3, #0
 763 002e 114A     		ldr	r2, .L82
 764 0030 1268     		ldr	r2, [r2]
 765 0032 9342     		cmp	r3, r2
 766 0034 01DD     		ble	.L79
 117:BLDC_pid.c    ****         integral = -integralClamp;
 767              		.loc 1 117 0
 768 0036 0F4A     		ldr	r2, .L82
 769 0038 1360     		str	r3, [r2]
 770              	.L79:
 118:BLDC_pid.c    ****     }
 119:BLDC_pid.c    ****     
 120:BLDC_pid.c    ****     int derivative = error - lastError;
 771              		.loc 1 120 0
 772 003a 0E4D     		ldr	r5, .L82
 773              	.LVL18:
 774 003c 6B68     		ldr	r3, [r5, #4]
 775 003e E71A     		subs	r7, r4, r3
 776              	.LVL19:
 121:BLDC_pid.c    ****     int PWMOut = error*kPosition/10 + integral*kIntegral/10 + derivative*kDerivative/10;
 777              		.loc 1 121 0
 778 0040 A86A     		ldr	r0, [r5, #40]
 779              	.LVL20:
 780 0042 6043     		muls	r0, r4
 781 0044 0A21     		movs	r1, #10
 782 0046 FFF7FEFF 		bl	__aeabi_idiv
 783              	.LVL21:
 784 004a 0600     		movs	r6, r0
 785 004c E86A     		ldr	r0, [r5, #44]
 786 004e 2B68     		ldr	r3, [r5]
 787 0050 5843     		muls	r0, r3
 788 0052 0A21     		movs	r1, #10
 789 0054 FFF7FEFF 		bl	__aeabi_idiv
 790              	.LVL22:
ARM GAS  C:\Users\casey\AppData\Local\Temp\ccDnK7J5.s 			page 17


 791 0058 3618     		adds	r6, r6, r0
 792 005a 286B     		ldr	r0, [r5, #48]
 793 005c 7843     		muls	r0, r7
 794 005e 0A21     		movs	r1, #10
 795 0060 FFF7FEFF 		bl	__aeabi_idiv
 796              	.LVL23:
 122:BLDC_pid.c    ****     lastError = error;
 797              		.loc 1 122 0
 798 0064 6C60     		str	r4, [r5, #4]
 123:BLDC_pid.c    ****     
 124:BLDC_pid.c    ****     #ifdef PRINT_PID_DEBUG
 125:BLDC_pid.c    ****         sprintf(txData,"c:%li, P:%li, I%d, D:%d, Out:%d Time:%lu\n\r", current, error, integral, de
 126:BLDC_pid.c    ****         UART_UartPutString(txData);   
 127:BLDC_pid.c    ****     #endif
 128:BLDC_pid.c    ****  
 129:BLDC_pid.c    ****     return (PWMOut);
 799              		.loc 1 129 0
 800 0066 3018     		adds	r0, r6, r0
 801              	.LVL24:
 802 0068 02E0     		b	.L77
 803              	.LVL25:
 804              	.L80:
  99:BLDC_pid.c    ****     }
 805              		.loc 1 99 0
 806 006a 0020     		movs	r0, #0
 807 006c 00E0     		b	.L77
 808              	.LVL26:
 809              	.L81:
 107:BLDC_pid.c    ****     }
 810              		.loc 1 107 0
 811 006e 0020     		movs	r0, #0
 812              	.LVL27:
 813              	.L77:
 130:BLDC_pid.c    **** }
 814              		.loc 1 130 0
 815              		@ sp needed
 816 0070 F8BD     		pop	{r3, r4, r5, r6, r7, pc}
 817              	.L83:
 818 0072 C046     		.align	2
 819              	.L82:
 820 0074 00000000 		.word	.LANCHOR0
 821 0078 00000000 		.word	.LANCHOR1
 822              		.cfi_endproc
 823              	.LFE61:
 824              		.size	Position_PID, .-Position_PID
 825              		.section	.text.SetPosition,"ax",%progbits
 826              		.align	2
 827              		.global	SetPosition
 828              		.code	16
 829              		.thumb_func
 830              		.type	SetPosition, %function
 831              	SetPosition:
 832              	.LFB60:
  92:BLDC_pid.c    ****         set_speed(Position_PID(mDegs), ignoreLimSw);   
 833              		.loc 1 92 0
 834              		.cfi_startproc
 835              		@ args = 0, pretend = 0, frame = 0
ARM GAS  C:\Users\casey\AppData\Local\Temp\ccDnK7J5.s 			page 18


 836              		@ frame_needed = 0, uses_anonymous_args = 0
 837              	.LVL28:
 838 0000 10B5     		push	{r4, lr}
 839              		.cfi_def_cfa_offset 8
 840              		.cfi_offset 4, -8
 841              		.cfi_offset 14, -4
  93:BLDC_pid.c    **** }
 842              		.loc 1 93 0
 843 0002 FFF7FEFF 		bl	Position_PID
 844              	.LVL29:
 845 0006 034B     		ldr	r3, .L85
 846 0008 1978     		ldrb	r1, [r3]
 847 000a 00B2     		sxth	r0, r0
 848 000c FFF7FEFF 		bl	set_speed
 849              	.LVL30:
  94:BLDC_pid.c    **** 
 850              		.loc 1 94 0
 851              		@ sp needed
 852 0010 10BD     		pop	{r4, pc}
 853              	.L86:
 854 0012 C046     		.align	2
 855              	.L85:
 856 0014 00000000 		.word	ignoreLimSw
 857              		.cfi_endproc
 858              	.LFE60:
 859              		.size	SetPosition, .-SetPosition
 860              		.global	maxSpeed
 861              		.global	enabledPID
 862              		.global	integralClamp
 863              		.global	lastError
 864              		.global	integral
 865              		.global	mDegPerTick
 866              		.global	mDegMin
 867              		.global	mDegMax
 868              		.global	tickMin
 869              		.global	tickMax
 870              		.global	kDerivative
 871              		.global	kIntegral
 872              		.global	kPosition
 873              		.global	delayTime
 874              		.data
 875              		.align	2
 876              		.set	.LANCHOR1,. + 0
 877              		.type	maxSpeed, %object
 878              		.size	maxSpeed, 4
 879              	maxSpeed:
 880 0000 00800000 		.word	32768
 881              		.type	integralClamp, %object
 882              		.size	integralClamp, 4
 883              	integralClamp:
 884 0004 88130000 		.word	5000
 885              		.type	delayTime, %object
 886              		.size	delayTime, 4
 887              	delayTime:
 888 0008 E8030000 		.word	1000
 889              		.bss
 890              		.align	3
ARM GAS  C:\Users\casey\AppData\Local\Temp\ccDnK7J5.s 			page 19


 891              		.set	.LANCHOR0,. + 0
 892              		.type	integral, %object
 893              		.size	integral, 4
 894              	integral:
 895 0000 00000000 		.space	4
 896              		.type	lastError, %object
 897              		.size	lastError, 4
 898              	lastError:
 899 0004 00000000 		.space	4
 900              		.type	enabledPID, %object
 901              		.size	enabledPID, 1
 902              	enabledPID:
 903 0008 00       		.space	1
 904 0009 000000   		.space	3
 905              		.type	mDegMin, %object
 906              		.size	mDegMin, 4
 907              	mDegMin:
 908 000c 00000000 		.space	4
 909              		.type	mDegMax, %object
 910              		.size	mDegMax, 4
 911              	mDegMax:
 912 0010 00000000 		.space	4
 913              		.type	tickMax, %object
 914              		.size	tickMax, 4
 915              	tickMax:
 916 0014 00000000 		.space	4
 917              		.type	tickMin, %object
 918              		.size	tickMin, 4
 919              	tickMin:
 920 0018 00000000 		.space	4
 921 001c 00000000 		.space	4
 922              		.type	mDegPerTick, %object
 923              		.size	mDegPerTick, 8
 924              	mDegPerTick:
 925 0020 00000000 		.space	8
 925      00000000 
 926              		.type	kPosition, %object
 927              		.size	kPosition, 4
 928              	kPosition:
 929 0028 00000000 		.space	4
 930              		.type	kIntegral, %object
 931              		.size	kIntegral, 4
 932              	kIntegral:
 933 002c 00000000 		.space	4
 934              		.type	kDerivative, %object
 935              		.size	kDerivative, 4
 936              	kDerivative:
 937 0030 00000000 		.space	4
 938              		.text
 939              	.Letext0:
 940              		.file 2 "c:\\program files (x86)\\cypress\\psoc creator\\4.4\\psoc creator\\import\\gnu\\arm\\5.4.
 941              		.file 3 "c:\\program files (x86)\\cypress\\psoc creator\\4.4\\psoc creator\\import\\gnu\\arm\\5.4.
 942              		.file 4 "Generated_Source\\PSoC4/cytypes.h"
 943              		.file 5 "BLDC_Drive.h"
 944              		.section	.debug_info,"",%progbits
 945              	.Ldebug_info0:
 946 0000 41050000 		.4byte	0x541
ARM GAS  C:\Users\casey\AppData\Local\Temp\ccDnK7J5.s 			page 20


 947 0004 0400     		.2byte	0x4
 948 0006 00000000 		.4byte	.Ldebug_abbrev0
 949 000a 04       		.byte	0x4
 950 000b 01       		.uleb128 0x1
 951 000c 32010000 		.4byte	.LASF71
 952 0010 0C       		.byte	0xc
 953 0011 D5030000 		.4byte	.LASF72
 954 0015 B8000000 		.4byte	.LASF73
 955 0019 00000000 		.4byte	.Ldebug_ranges0+0
 956 001d 00000000 		.4byte	0
 957 0021 00000000 		.4byte	.Ldebug_line0
 958 0025 02       		.uleb128 0x2
 959 0026 01       		.byte	0x1
 960 0027 06       		.byte	0x6
 961 0028 93020000 		.4byte	.LASF0
 962 002c 03       		.uleb128 0x3
 963 002d 2D020000 		.4byte	.LASF3
 964 0031 02       		.byte	0x2
 965 0032 1D       		.byte	0x1d
 966 0033 37000000 		.4byte	0x37
 967 0037 02       		.uleb128 0x2
 968 0038 01       		.byte	0x1
 969 0039 08       		.byte	0x8
 970 003a 64020000 		.4byte	.LASF1
 971 003e 02       		.uleb128 0x2
 972 003f 02       		.byte	0x2
 973 0040 05       		.byte	0x5
 974 0041 70000000 		.4byte	.LASF2
 975 0045 03       		.uleb128 0x3
 976 0046 0D010000 		.4byte	.LASF4
 977 004a 02       		.byte	0x2
 978 004b 2B       		.byte	0x2b
 979 004c 50000000 		.4byte	0x50
 980 0050 02       		.uleb128 0x2
 981 0051 02       		.byte	0x2
 982 0052 07       		.byte	0x7
 983 0053 F8020000 		.4byte	.LASF5
 984 0057 03       		.uleb128 0x3
 985 0058 E0030000 		.4byte	.LASF6
 986 005c 02       		.byte	0x2
 987 005d 3F       		.byte	0x3f
 988 005e 62000000 		.4byte	0x62
 989 0062 02       		.uleb128 0x2
 990 0063 04       		.byte	0x4
 991 0064 05       		.byte	0x5
 992 0065 1B020000 		.4byte	.LASF7
 993 0069 03       		.uleb128 0x3
 994 006a 6F030000 		.4byte	.LASF8
 995 006e 02       		.byte	0x2
 996 006f 41       		.byte	0x41
 997 0070 74000000 		.4byte	0x74
 998 0074 02       		.uleb128 0x2
 999 0075 04       		.byte	0x4
 1000 0076 07       		.byte	0x7
 1001 0077 A0030000 		.4byte	.LASF9
 1002 007b 02       		.uleb128 0x2
 1003 007c 08       		.byte	0x8
ARM GAS  C:\Users\casey\AppData\Local\Temp\ccDnK7J5.s 			page 21


 1004 007d 05       		.byte	0x5
 1005 007e F4010000 		.4byte	.LASF10
 1006 0082 02       		.uleb128 0x2
 1007 0083 08       		.byte	0x8
 1008 0084 07       		.byte	0x7
 1009 0085 9F020000 		.4byte	.LASF11
 1010 0089 04       		.uleb128 0x4
 1011 008a 04       		.byte	0x4
 1012 008b 05       		.byte	0x5
 1013 008c 696E7400 		.ascii	"int\000"
 1014 0090 02       		.uleb128 0x2
 1015 0091 04       		.byte	0x4
 1016 0092 07       		.byte	0x7
 1017 0093 BF020000 		.4byte	.LASF12
 1018 0097 03       		.uleb128 0x3
 1019 0098 C0010000 		.4byte	.LASF13
 1020 009c 03       		.byte	0x3
 1021 009d 18       		.byte	0x18
 1022 009e 2C000000 		.4byte	0x2c
 1023 00a2 03       		.uleb128 0x3
 1024 00a3 CC020000 		.4byte	.LASF14
 1025 00a7 03       		.byte	0x3
 1026 00a8 24       		.byte	0x24
 1027 00a9 45000000 		.4byte	0x45
 1028 00ad 03       		.uleb128 0x3
 1029 00ae 43030000 		.4byte	.LASF15
 1030 00b2 03       		.byte	0x3
 1031 00b3 2C       		.byte	0x2c
 1032 00b4 57000000 		.4byte	0x57
 1033 00b8 03       		.uleb128 0x3
 1034 00b9 B6020000 		.4byte	.LASF16
 1035 00bd 03       		.byte	0x3
 1036 00be 30       		.byte	0x30
 1037 00bf 69000000 		.4byte	0x69
 1038 00c3 05       		.uleb128 0x5
 1039 00c4 B2030000 		.4byte	.LASF17
 1040 00c8 04       		.byte	0x4
 1041 00c9 0002     		.2byte	0x200
 1042 00cb 62000000 		.4byte	0x62
 1043 00cf 02       		.uleb128 0x2
 1044 00d0 04       		.byte	0x4
 1045 00d1 04       		.byte	0x4
 1046 00d2 DB010000 		.4byte	.LASF18
 1047 00d6 02       		.uleb128 0x2
 1048 00d7 08       		.byte	0x8
 1049 00d8 04       		.byte	0x4
 1050 00d9 FA030000 		.4byte	.LASF19
 1051 00dd 02       		.uleb128 0x2
 1052 00de 01       		.byte	0x1
 1053 00df 08       		.byte	0x8
 1054 00e0 2A030000 		.4byte	.LASF20
 1055 00e4 02       		.uleb128 0x2
 1056 00e5 08       		.byte	0x8
 1057 00e6 04       		.byte	0x4
 1058 00e7 58020000 		.4byte	.LASF21
 1059 00eb 02       		.uleb128 0x2
 1060 00ec 04       		.byte	0x4
ARM GAS  C:\Users\casey\AppData\Local\Temp\ccDnK7J5.s 			page 22


 1061 00ed 07       		.byte	0x7
 1062 00ee 90000000 		.4byte	.LASF22
 1063 00f2 06       		.uleb128 0x6
 1064 00f3 72020000 		.4byte	.LASF23
 1065 00f7 01       		.byte	0x1
 1066 00f8 1F       		.byte	0x1f
 1067 00f9 00000000 		.4byte	.LFB35
 1068 00fd 10000000 		.4byte	.LFE35-.LFB35
 1069 0101 01       		.uleb128 0x1
 1070 0102 9C       		.byte	0x9c
 1071 0103 06       		.uleb128 0x6
 1072 0104 D0010000 		.4byte	.LASF24
 1073 0108 01       		.byte	0x1
 1074 0109 23       		.byte	0x23
 1075 010a 00000000 		.4byte	.LFB36
 1076 010e 0C000000 		.4byte	.LFE36-.LFB36
 1077 0112 01       		.uleb128 0x1
 1078 0113 9C       		.byte	0x9c
 1079 0114 06       		.uleb128 0x6
 1080 0115 F0030000 		.4byte	.LASF25
 1081 0119 01       		.byte	0x1
 1082 011a 26       		.byte	0x26
 1083 011b 00000000 		.4byte	.LFB37
 1084 011f 0C000000 		.4byte	.LFE37-.LFB37
 1085 0123 01       		.uleb128 0x1
 1086 0124 9C       		.byte	0x9c
 1087 0125 07       		.uleb128 0x7
 1088 0126 D5020000 		.4byte	.LASF26
 1089 012a 01       		.byte	0x1
 1090 012b 29       		.byte	0x29
 1091 012c 97000000 		.4byte	0x97
 1092 0130 00000000 		.4byte	.LFB38
 1093 0134 0C000000 		.4byte	.LFE38-.LFB38
 1094 0138 01       		.uleb128 0x1
 1095 0139 9C       		.byte	0x9c
 1096 013a 08       		.uleb128 0x8
 1097 013b E6010000 		.4byte	.LASF74
 1098 013f 01       		.byte	0x1
 1099 0140 2C       		.byte	0x2c
 1100 0141 00000000 		.4byte	.LFB39
 1101 0145 18000000 		.4byte	.LFE39-.LFB39
 1102 0149 01       		.uleb128 0x1
 1103 014a 9C       		.byte	0x9c
 1104 014b 62010000 		.4byte	0x162
 1105 014f 09       		.uleb128 0x9
 1106 0150 06000000 		.4byte	.LVL0
 1107 0154 F2000000 		.4byte	0xf2
 1108 0158 09       		.uleb128 0x9
 1109 0159 0A000000 		.4byte	.LVL1
 1110 015d 03010000 		.4byte	0x103
 1111 0161 00       		.byte	0
 1112 0162 0A       		.uleb128 0xa
 1113 0163 48000000 		.4byte	.LASF27
 1114 0167 01       		.byte	0x1
 1115 0168 33       		.byte	0x33
 1116 0169 D6000000 		.4byte	0xd6
 1117 016d 00000000 		.4byte	.LFB40
ARM GAS  C:\Users\casey\AppData\Local\Temp\ccDnK7J5.s 			page 23


 1118 0171 40000000 		.4byte	.LFE40-.LFB40
 1119 0175 01       		.uleb128 0x1
 1120 0176 9C       		.byte	0x9c
 1121 0177 07       		.uleb128 0x7
 1122 0178 01040000 		.4byte	.LASF28
 1123 017c 01       		.byte	0x1
 1124 017d 39       		.byte	0x39
 1125 017e AD000000 		.4byte	0xad
 1126 0182 00000000 		.4byte	.LFB41
 1127 0186 0C000000 		.4byte	.LFE41-.LFB41
 1128 018a 01       		.uleb128 0x1
 1129 018b 9C       		.byte	0x9c
 1130 018c 07       		.uleb128 0x7
 1131 018d A5000000 		.4byte	.LASF29
 1132 0191 01       		.byte	0x1
 1133 0192 3A       		.byte	0x3a
 1134 0193 AD000000 		.4byte	0xad
 1135 0197 00000000 		.4byte	.LFB42
 1136 019b 0C000000 		.4byte	.LFE42-.LFB42
 1137 019f 01       		.uleb128 0x1
 1138 01a0 9C       		.byte	0x9c
 1139 01a1 07       		.uleb128 0x7
 1140 01a2 0B030000 		.4byte	.LASF30
 1141 01a6 01       		.byte	0x1
 1142 01a7 3B       		.byte	0x3b
 1143 01a8 AD000000 		.4byte	0xad
 1144 01ac 00000000 		.4byte	.LFB43
 1145 01b0 0C000000 		.4byte	.LFE43-.LFB43
 1146 01b4 01       		.uleb128 0x1
 1147 01b5 9C       		.byte	0x9c
 1148 01b6 07       		.uleb128 0x7
 1149 01b7 10040000 		.4byte	.LASF31
 1150 01bb 01       		.byte	0x1
 1151 01bc 3C       		.byte	0x3c
 1152 01bd AD000000 		.4byte	0xad
 1153 01c1 00000000 		.4byte	.LFB44
 1154 01c5 0C000000 		.4byte	.LFE44-.LFB44
 1155 01c9 01       		.uleb128 0x1
 1156 01ca 9C       		.byte	0x9c
 1157 01cb 07       		.uleb128 0x7
 1158 01cc E2020000 		.4byte	.LASF32
 1159 01d0 01       		.byte	0x1
 1160 01d1 3D       		.byte	0x3d
 1161 01d2 D6000000 		.4byte	0xd6
 1162 01d6 00000000 		.4byte	.LFB45
 1163 01da 0C000000 		.4byte	.LFE45-.LFB45
 1164 01de 01       		.uleb128 0x1
 1165 01df 9C       		.byte	0x9c
 1166 01e0 07       		.uleb128 0x7
 1167 01e1 00000000 		.4byte	.LASF33
 1168 01e5 01       		.byte	0x1
 1169 01e6 3E       		.byte	0x3e
 1170 01e7 AD000000 		.4byte	0xad
 1171 01eb 00000000 		.4byte	.LFB46
 1172 01ef 0C000000 		.4byte	.LFE46-.LFB46
 1173 01f3 01       		.uleb128 0x1
 1174 01f4 9C       		.byte	0x9c
ARM GAS  C:\Users\casey\AppData\Local\Temp\ccDnK7J5.s 			page 24


 1175 01f5 07       		.uleb128 0x7
 1176 01f6 85000000 		.4byte	.LASF34
 1177 01fa 01       		.byte	0x1
 1178 01fb 3F       		.byte	0x3f
 1179 01fc AD000000 		.4byte	0xad
 1180 0200 00000000 		.4byte	.LFB47
 1181 0204 0C000000 		.4byte	.LFE47-.LFB47
 1182 0208 01       		.uleb128 0x1
 1183 0209 9C       		.byte	0x9c
 1184 020a 07       		.uleb128 0x7
 1185 020b 1F040000 		.4byte	.LASF35
 1186 020f 01       		.byte	0x1
 1187 0210 40       		.byte	0x40
 1188 0211 AD000000 		.4byte	0xad
 1189 0215 00000000 		.4byte	.LFB48
 1190 0219 0C000000 		.4byte	.LFE48-.LFB48
 1191 021d 01       		.uleb128 0x1
 1192 021e 9C       		.byte	0x9c
 1193 021f 07       		.uleb128 0x7
 1194 0220 59000000 		.4byte	.LASF36
 1195 0224 01       		.byte	0x1
 1196 0225 41       		.byte	0x41
 1197 0226 AD000000 		.4byte	0xad
 1198 022a 00000000 		.4byte	.LFB49
 1199 022e 0C000000 		.4byte	.LFE49-.LFB49
 1200 0232 01       		.uleb128 0x1
 1201 0233 9C       		.byte	0x9c
 1202 0234 0B       		.uleb128 0xb
 1203 0235 56030000 		.4byte	.LASF37
 1204 0239 01       		.byte	0x1
 1205 023a 43       		.byte	0x43
 1206 023b 00000000 		.4byte	.LFB50
 1207 023f 0C000000 		.4byte	.LFE50-.LFB50
 1208 0243 01       		.uleb128 0x1
 1209 0244 9C       		.byte	0x9c
 1210 0245 57020000 		.4byte	0x257
 1211 0249 0C       		.uleb128 0xc
 1212 024a 2F030000 		.4byte	.LASF39
 1213 024e 01       		.byte	0x1
 1214 024f 43       		.byte	0x43
 1215 0250 A2000000 		.4byte	0xa2
 1216 0254 01       		.uleb128 0x1
 1217 0255 50       		.byte	0x50
 1218 0256 00       		.byte	0
 1219 0257 0B       		.uleb128 0xb
 1220 0258 24000000 		.4byte	.LASF38
 1221 025c 01       		.byte	0x1
 1222 025d 44       		.byte	0x44
 1223 025e 00000000 		.4byte	.LFB51
 1224 0262 0C000000 		.4byte	.LFE51-.LFB51
 1225 0266 01       		.uleb128 0x1
 1226 0267 9C       		.byte	0x9c
 1227 0268 79020000 		.4byte	0x279
 1228 026c 0D       		.uleb128 0xd
 1229 026d 6B5000   		.ascii	"kP\000"
 1230 0270 01       		.byte	0x1
 1231 0271 44       		.byte	0x44
ARM GAS  C:\Users\casey\AppData\Local\Temp\ccDnK7J5.s 			page 25


 1232 0272 AD000000 		.4byte	0xad
 1233 0276 01       		.uleb128 0x1
 1234 0277 50       		.byte	0x50
 1235 0278 00       		.byte	0
 1236 0279 0B       		.uleb128 0xb
 1237 027a 17000000 		.4byte	.LASF40
 1238 027e 01       		.byte	0x1
 1239 027f 45       		.byte	0x45
 1240 0280 00000000 		.4byte	.LFB52
 1241 0284 0C000000 		.4byte	.LFE52-.LFB52
 1242 0288 01       		.uleb128 0x1
 1243 0289 9C       		.byte	0x9c
 1244 028a 9B020000 		.4byte	0x29b
 1245 028e 0D       		.uleb128 0xd
 1246 028f 6B4900   		.ascii	"kI\000"
 1247 0292 01       		.byte	0x1
 1248 0293 45       		.byte	0x45
 1249 0294 AD000000 		.4byte	0xad
 1250 0298 01       		.uleb128 0x1
 1251 0299 50       		.byte	0x50
 1252 029a 00       		.byte	0
 1253 029b 0B       		.uleb128 0xb
 1254 029c 18010000 		.4byte	.LASF41
 1255 02a0 01       		.byte	0x1
 1256 02a1 46       		.byte	0x46
 1257 02a2 00000000 		.4byte	.LFB53
 1258 02a6 0C000000 		.4byte	.LFE53-.LFB53
 1259 02aa 01       		.uleb128 0x1
 1260 02ab 9C       		.byte	0x9c
 1261 02ac BD020000 		.4byte	0x2bd
 1262 02b0 0D       		.uleb128 0xd
 1263 02b1 6B4400   		.ascii	"kD\000"
 1264 02b4 01       		.byte	0x1
 1265 02b5 46       		.byte	0x46
 1266 02b6 AD000000 		.4byte	0xad
 1267 02ba 01       		.uleb128 0x1
 1268 02bb 50       		.byte	0x50
 1269 02bc 00       		.byte	0
 1270 02bd 0B       		.uleb128 0xb
 1271 02be 4D020000 		.4byte	.LASF42
 1272 02c2 01       		.byte	0x1
 1273 02c3 47       		.byte	0x47
 1274 02c4 00000000 		.4byte	.LFB54
 1275 02c8 0C000000 		.4byte	.LFE54-.LFB54
 1276 02cc 01       		.uleb128 0x1
 1277 02cd 9C       		.byte	0x9c
 1278 02ce E0020000 		.4byte	0x2e0
 1279 02d2 0D       		.uleb128 0xd
 1280 02d3 76616C00 		.ascii	"val\000"
 1281 02d7 01       		.byte	0x1
 1282 02d8 47       		.byte	0x47
 1283 02d9 AD000000 		.4byte	0xad
 1284 02dd 01       		.uleb128 0x1
 1285 02de 50       		.byte	0x50
 1286 02df 00       		.byte	0
 1287 02e0 0B       		.uleb128 0xb
 1288 02e1 4B030000 		.4byte	.LASF43
ARM GAS  C:\Users\casey\AppData\Local\Temp\ccDnK7J5.s 			page 26


 1289 02e5 01       		.byte	0x1
 1290 02e6 48       		.byte	0x48
 1291 02e7 00000000 		.4byte	.LFB55
 1292 02eb 0C000000 		.4byte	.LFE55-.LFB55
 1293 02ef 01       		.uleb128 0x1
 1294 02f0 9C       		.byte	0x9c
 1295 02f1 03030000 		.4byte	0x303
 1296 02f5 0D       		.uleb128 0xd
 1297 02f6 76616C00 		.ascii	"val\000"
 1298 02fa 01       		.byte	0x1
 1299 02fb 48       		.byte	0x48
 1300 02fc AD000000 		.4byte	0xad
 1301 0300 01       		.uleb128 0x1
 1302 0301 50       		.byte	0x50
 1303 0302 00       		.byte	0
 1304 0303 0B       		.uleb128 0xb
 1305 0304 95030000 		.4byte	.LASF44
 1306 0308 01       		.byte	0x1
 1307 0309 49       		.byte	0x49
 1308 030a 00000000 		.4byte	.LFB56
 1309 030e 0C000000 		.4byte	.LFE56-.LFB56
 1310 0312 01       		.uleb128 0x1
 1311 0313 9C       		.byte	0x9c
 1312 0314 26030000 		.4byte	0x326
 1313 0318 0D       		.uleb128 0xd
 1314 0319 76616C00 		.ascii	"val\000"
 1315 031d 01       		.byte	0x1
 1316 031e 49       		.byte	0x49
 1317 031f AD000000 		.4byte	0xad
 1318 0323 01       		.uleb128 0x1
 1319 0324 50       		.byte	0x50
 1320 0325 00       		.byte	0
 1321 0326 0B       		.uleb128 0xb
 1322 0327 38030000 		.4byte	.LASF45
 1323 032b 01       		.byte	0x1
 1324 032c 4A       		.byte	0x4a
 1325 032d 00000000 		.4byte	.LFB57
 1326 0331 0C000000 		.4byte	.LFE57-.LFB57
 1327 0335 01       		.uleb128 0x1
 1328 0336 9C       		.byte	0x9c
 1329 0337 49030000 		.4byte	0x349
 1330 033b 0D       		.uleb128 0xd
 1331 033c 76616C00 		.ascii	"val\000"
 1332 0340 01       		.byte	0x1
 1333 0341 4A       		.byte	0x4a
 1334 0342 AD000000 		.4byte	0xad
 1335 0346 01       		.uleb128 0x1
 1336 0347 50       		.byte	0x50
 1337 0348 00       		.byte	0
 1338 0349 0B       		.uleb128 0xb
 1339 034a C0030000 		.4byte	.LASF46
 1340 034e 01       		.byte	0x1
 1341 034f 4B       		.byte	0x4b
 1342 0350 00000000 		.4byte	.LFB58
 1343 0354 0C000000 		.4byte	.LFE58-.LFB58
 1344 0358 01       		.uleb128 0x1
 1345 0359 9C       		.byte	0x9c
ARM GAS  C:\Users\casey\AppData\Local\Temp\ccDnK7J5.s 			page 27


 1346 035a 71030000 		.4byte	0x371
 1347 035e 0C       		.uleb128 0xc
 1348 035f E1010000 		.4byte	.LASF47
 1349 0363 01       		.byte	0x1
 1350 0364 4B       		.byte	0x4b
 1351 0365 D6000000 		.4byte	0xd6
 1352 0369 06       		.uleb128 0x6
 1353 036a 50       		.byte	0x50
 1354 036b 93       		.byte	0x93
 1355 036c 04       		.uleb128 0x4
 1356 036d 51       		.byte	0x51
 1357 036e 93       		.byte	0x93
 1358 036f 04       		.uleb128 0x4
 1359 0370 00       		.byte	0
 1360 0371 07       		.uleb128 0x7
 1361 0372 83020000 		.4byte	.LASF48
 1362 0376 01       		.byte	0x1
 1363 0377 55       		.byte	0x55
 1364 0378 AD000000 		.4byte	0xad
 1365 037c 00000000 		.4byte	.LFB59
 1366 0380 04000000 		.4byte	.LFE59-.LFB59
 1367 0384 01       		.uleb128 0x1
 1368 0385 9C       		.byte	0x9c
 1369 0386 0E       		.uleb128 0xe
 1370 0387 31000000 		.4byte	.LASF75
 1371 038b 01       		.byte	0x1
 1372 038c 60       		.byte	0x60
 1373 038d AD000000 		.4byte	0xad
 1374 0391 00000000 		.4byte	.LFB61
 1375 0395 7C000000 		.4byte	.LFE61-.LFB61
 1376 0399 01       		.uleb128 0x1
 1377 039a 9C       		.byte	0x9c
 1378 039b FD030000 		.4byte	0x3fd
 1379 039f 0F       		.uleb128 0xf
 1380 03a0 7A000000 		.4byte	.LASF49
 1381 03a4 01       		.byte	0x1
 1382 03a5 60       		.byte	0x60
 1383 03a6 C3000000 		.4byte	0xc3
 1384 03aa 00000000 		.4byte	.LLST0
 1385 03ae 10       		.uleb128 0x10
 1386 03af F0020000 		.4byte	.LASF50
 1387 03b3 01       		.byte	0x1
 1388 03b4 66       		.byte	0x66
 1389 03b5 C3000000 		.4byte	0xc3
 1390 03b9 45000000 		.4byte	.LLST1
 1391 03bd 10       		.uleb128 0x10
 1392 03be EA030000 		.4byte	.LASF51
 1393 03c2 01       		.byte	0x1
 1394 03c3 67       		.byte	0x67
 1395 03c4 C3000000 		.4byte	0xc3
 1396 03c8 63000000 		.4byte	.LLST2
 1397 03cc 10       		.uleb128 0x10
 1398 03cd 27010000 		.4byte	.LASF52
 1399 03d1 01       		.byte	0x1
 1400 03d2 78       		.byte	0x78
 1401 03d3 89000000 		.4byte	0x89
 1402 03d7 81000000 		.4byte	.LLST3
ARM GAS  C:\Users\casey\AppData\Local\Temp\ccDnK7J5.s 			page 28


 1403 03db 10       		.uleb128 0x10
 1404 03dc CE030000 		.4byte	.LASF53
 1405 03e0 01       		.byte	0x1
 1406 03e1 79       		.byte	0x79
 1407 03e2 89000000 		.4byte	0x89
 1408 03e6 94000000 		.4byte	.LLST4
 1409 03ea 09       		.uleb128 0x9
 1410 03eb 08000000 		.4byte	.LVL15
 1411 03ef 25010000 		.4byte	0x125
 1412 03f3 09       		.uleb128 0x9
 1413 03f4 10000000 		.4byte	.LVL16
 1414 03f8 71030000 		.4byte	0x371
 1415 03fc 00       		.byte	0
 1416 03fd 0B       		.uleb128 0xb
 1417 03fe 64000000 		.4byte	.LASF54
 1418 0402 01       		.byte	0x1
 1419 0403 5C       		.byte	0x5c
 1420 0404 00000000 		.4byte	.LFB60
 1421 0408 18000000 		.4byte	.LFE60-.LFB60
 1422 040c 01       		.uleb128 0x1
 1423 040d 9C       		.byte	0x9c
 1424 040e 40040000 		.4byte	0x440
 1425 0412 0F       		.uleb128 0xf
 1426 0413 B2000000 		.4byte	.LASF55
 1427 0417 01       		.byte	0x1
 1428 0418 5C       		.byte	0x5c
 1429 0419 AD000000 		.4byte	0xad
 1430 041d B7000000 		.4byte	.LLST5
 1431 0421 11       		.uleb128 0x11
 1432 0422 06000000 		.4byte	.LVL29
 1433 0426 86030000 		.4byte	0x386
 1434 042a 36040000 		.4byte	0x436
 1435 042e 12       		.uleb128 0x12
 1436 042f 01       		.uleb128 0x1
 1437 0430 50       		.byte	0x50
 1438 0431 03       		.uleb128 0x3
 1439 0432 F3       		.byte	0xf3
 1440 0433 01       		.uleb128 0x1
 1441 0434 50       		.byte	0x50
 1442 0435 00       		.byte	0
 1443 0436 09       		.uleb128 0x9
 1444 0437 10000000 		.4byte	.LVL30
 1445 043b 39050000 		.4byte	0x539
 1446 043f 00       		.byte	0
 1447 0440 13       		.uleb128 0x13
 1448 0441 37020000 		.4byte	.LASF56
 1449 0445 01       		.byte	0x1
 1450 0446 0B       		.byte	0xb
 1451 0447 AD000000 		.4byte	0xad
 1452 044b 05       		.uleb128 0x5
 1453 044c 03       		.byte	0x3
 1454 044d 00000000 		.4byte	delayTime
 1455 0451 13       		.uleb128 0x13
 1456 0452 65030000 		.4byte	.LASF57
 1457 0456 01       		.byte	0x1
 1458 0457 0D       		.byte	0xd
 1459 0458 AD000000 		.4byte	0xad
ARM GAS  C:\Users\casey\AppData\Local\Temp\ccDnK7J5.s 			page 29


 1460 045c 05       		.uleb128 0x5
 1461 045d 03       		.byte	0x3
 1462 045e 00000000 		.4byte	kPosition
 1463 0462 13       		.uleb128 0x13
 1464 0463 7A030000 		.4byte	.LASF58
 1465 0467 01       		.byte	0x1
 1466 0468 0D       		.byte	0xd
 1467 0469 AD000000 		.4byte	0xad
 1468 046d 05       		.uleb128 0x5
 1469 046e 03       		.byte	0x3
 1470 046f 00000000 		.4byte	kIntegral
 1471 0473 13       		.uleb128 0x13
 1472 0474 41020000 		.4byte	.LASF59
 1473 0478 01       		.byte	0x1
 1474 0479 0D       		.byte	0xd
 1475 047a AD000000 		.4byte	0xad
 1476 047e 05       		.uleb128 0x5
 1477 047f 03       		.byte	0x3
 1478 0480 00000000 		.4byte	kDerivative
 1479 0484 13       		.uleb128 0x13
 1480 0485 18030000 		.4byte	.LASF60
 1481 0489 01       		.byte	0x1
 1482 048a 0E       		.byte	0xe
 1483 048b AD000000 		.4byte	0xad
 1484 048f 05       		.uleb128 0x5
 1485 0490 03       		.byte	0x3
 1486 0491 00000000 		.4byte	tickMax
 1487 0495 13       		.uleb128 0x13
 1488 0496 84030000 		.4byte	.LASF61
 1489 049a 01       		.byte	0x1
 1490 049b 0E       		.byte	0xe
 1491 049c AD000000 		.4byte	0xad
 1492 04a0 05       		.uleb128 0x5
 1493 04a1 03       		.byte	0x3
 1494 04a2 00000000 		.4byte	tickMin
 1495 04a6 13       		.uleb128 0x13
 1496 04a7 C8010000 		.4byte	.LASF62
 1497 04ab 01       		.byte	0x1
 1498 04ac 0E       		.byte	0xe
 1499 04ad AD000000 		.4byte	0xad
 1500 04b1 05       		.uleb128 0x5
 1501 04b2 03       		.byte	0x3
 1502 04b3 00000000 		.4byte	mDegMax
 1503 04b7 13       		.uleb128 0x13
 1504 04b8 B8030000 		.4byte	.LASF63
 1505 04bc 01       		.byte	0x1
 1506 04bd 0E       		.byte	0xe
 1507 04be AD000000 		.4byte	0xad
 1508 04c2 05       		.uleb128 0x5
 1509 04c3 03       		.byte	0x3
 1510 04c4 00000000 		.4byte	mDegMin
 1511 04c8 13       		.uleb128 0x13
 1512 04c9 99000000 		.4byte	.LASF64
 1513 04cd 01       		.byte	0x1
 1514 04ce 0F       		.byte	0xf
 1515 04cf D6000000 		.4byte	0xd6
 1516 04d3 05       		.uleb128 0x5
ARM GAS  C:\Users\casey\AppData\Local\Temp\ccDnK7J5.s 			page 30


 1517 04d4 03       		.byte	0x3
 1518 04d5 00000000 		.4byte	mDegPerTick
 1519 04d9 13       		.uleb128 0x13
 1520 04da 24020000 		.4byte	.LASF65
 1521 04de 01       		.byte	0x1
 1522 04df 11       		.byte	0x11
 1523 04e0 89000000 		.4byte	0x89
 1524 04e4 05       		.uleb128 0x5
 1525 04e5 03       		.byte	0x3
 1526 04e6 00000000 		.4byte	integral
 1527 04ea 13       		.uleb128 0x13
 1528 04eb 3E000000 		.4byte	.LASF66
 1529 04ef 01       		.byte	0x1
 1530 04f0 12       		.byte	0x12
 1531 04f1 89000000 		.4byte	0x89
 1532 04f5 05       		.uleb128 0x5
 1533 04f6 03       		.byte	0x3
 1534 04f7 00000000 		.4byte	lastError
 1535 04fb 13       		.uleb128 0x13
 1536 04fc 0D020000 		.4byte	.LASF67
 1537 0500 01       		.byte	0x1
 1538 0501 13       		.byte	0x13
 1539 0502 89000000 		.4byte	0x89
 1540 0506 05       		.uleb128 0x5
 1541 0507 03       		.byte	0x3
 1542 0508 00000000 		.4byte	integralClamp
 1543 050c 13       		.uleb128 0x13
 1544 050d 02020000 		.4byte	.LASF68
 1545 0511 01       		.byte	0x1
 1546 0512 18       		.byte	0x18
 1547 0513 97000000 		.4byte	0x97
 1548 0517 05       		.uleb128 0x5
 1549 0518 03       		.byte	0x3
 1550 0519 00000000 		.4byte	enabledPID
 1551 051d 13       		.uleb128 0x13
 1552 051e 8C030000 		.4byte	.LASF69
 1553 0522 01       		.byte	0x1
 1554 0523 1A       		.byte	0x1a
 1555 0524 B8000000 		.4byte	0xb8
 1556 0528 05       		.uleb128 0x5
 1557 0529 03       		.byte	0x3
 1558 052a 00000000 		.4byte	maxSpeed
 1559 052e 14       		.uleb128 0x14
 1560 052f 0B000000 		.4byte	.LASF70
 1561 0533 01       		.byte	0x1
 1562 0534 1C       		.byte	0x1c
 1563 0535 97000000 		.4byte	0x97
 1564 0539 15       		.uleb128 0x15
 1565 053a 20030000 		.4byte	.LASF76
 1566 053e 20030000 		.4byte	.LASF76
 1567 0542 05       		.byte	0x5
 1568 0543 25       		.byte	0x25
 1569 0544 00       		.byte	0
 1570              		.section	.debug_abbrev,"",%progbits
 1571              	.Ldebug_abbrev0:
 1572 0000 01       		.uleb128 0x1
 1573 0001 11       		.uleb128 0x11
ARM GAS  C:\Users\casey\AppData\Local\Temp\ccDnK7J5.s 			page 31


 1574 0002 01       		.byte	0x1
 1575 0003 25       		.uleb128 0x25
 1576 0004 0E       		.uleb128 0xe
 1577 0005 13       		.uleb128 0x13
 1578 0006 0B       		.uleb128 0xb
 1579 0007 03       		.uleb128 0x3
 1580 0008 0E       		.uleb128 0xe
 1581 0009 1B       		.uleb128 0x1b
 1582 000a 0E       		.uleb128 0xe
 1583 000b 55       		.uleb128 0x55
 1584 000c 17       		.uleb128 0x17
 1585 000d 11       		.uleb128 0x11
 1586 000e 01       		.uleb128 0x1
 1587 000f 10       		.uleb128 0x10
 1588 0010 17       		.uleb128 0x17
 1589 0011 00       		.byte	0
 1590 0012 00       		.byte	0
 1591 0013 02       		.uleb128 0x2
 1592 0014 24       		.uleb128 0x24
 1593 0015 00       		.byte	0
 1594 0016 0B       		.uleb128 0xb
 1595 0017 0B       		.uleb128 0xb
 1596 0018 3E       		.uleb128 0x3e
 1597 0019 0B       		.uleb128 0xb
 1598 001a 03       		.uleb128 0x3
 1599 001b 0E       		.uleb128 0xe
 1600 001c 00       		.byte	0
 1601 001d 00       		.byte	0
 1602 001e 03       		.uleb128 0x3
 1603 001f 16       		.uleb128 0x16
 1604 0020 00       		.byte	0
 1605 0021 03       		.uleb128 0x3
 1606 0022 0E       		.uleb128 0xe
 1607 0023 3A       		.uleb128 0x3a
 1608 0024 0B       		.uleb128 0xb
 1609 0025 3B       		.uleb128 0x3b
 1610 0026 0B       		.uleb128 0xb
 1611 0027 49       		.uleb128 0x49
 1612 0028 13       		.uleb128 0x13
 1613 0029 00       		.byte	0
 1614 002a 00       		.byte	0
 1615 002b 04       		.uleb128 0x4
 1616 002c 24       		.uleb128 0x24
 1617 002d 00       		.byte	0
 1618 002e 0B       		.uleb128 0xb
 1619 002f 0B       		.uleb128 0xb
 1620 0030 3E       		.uleb128 0x3e
 1621 0031 0B       		.uleb128 0xb
 1622 0032 03       		.uleb128 0x3
 1623 0033 08       		.uleb128 0x8
 1624 0034 00       		.byte	0
 1625 0035 00       		.byte	0
 1626 0036 05       		.uleb128 0x5
 1627 0037 16       		.uleb128 0x16
 1628 0038 00       		.byte	0
 1629 0039 03       		.uleb128 0x3
 1630 003a 0E       		.uleb128 0xe
ARM GAS  C:\Users\casey\AppData\Local\Temp\ccDnK7J5.s 			page 32


 1631 003b 3A       		.uleb128 0x3a
 1632 003c 0B       		.uleb128 0xb
 1633 003d 3B       		.uleb128 0x3b
 1634 003e 05       		.uleb128 0x5
 1635 003f 49       		.uleb128 0x49
 1636 0040 13       		.uleb128 0x13
 1637 0041 00       		.byte	0
 1638 0042 00       		.byte	0
 1639 0043 06       		.uleb128 0x6
 1640 0044 2E       		.uleb128 0x2e
 1641 0045 00       		.byte	0
 1642 0046 3F       		.uleb128 0x3f
 1643 0047 19       		.uleb128 0x19
 1644 0048 03       		.uleb128 0x3
 1645 0049 0E       		.uleb128 0xe
 1646 004a 3A       		.uleb128 0x3a
 1647 004b 0B       		.uleb128 0xb
 1648 004c 3B       		.uleb128 0x3b
 1649 004d 0B       		.uleb128 0xb
 1650 004e 11       		.uleb128 0x11
 1651 004f 01       		.uleb128 0x1
 1652 0050 12       		.uleb128 0x12
 1653 0051 06       		.uleb128 0x6
 1654 0052 40       		.uleb128 0x40
 1655 0053 18       		.uleb128 0x18
 1656 0054 9742     		.uleb128 0x2117
 1657 0056 19       		.uleb128 0x19
 1658 0057 00       		.byte	0
 1659 0058 00       		.byte	0
 1660 0059 07       		.uleb128 0x7
 1661 005a 2E       		.uleb128 0x2e
 1662 005b 00       		.byte	0
 1663 005c 3F       		.uleb128 0x3f
 1664 005d 19       		.uleb128 0x19
 1665 005e 03       		.uleb128 0x3
 1666 005f 0E       		.uleb128 0xe
 1667 0060 3A       		.uleb128 0x3a
 1668 0061 0B       		.uleb128 0xb
 1669 0062 3B       		.uleb128 0x3b
 1670 0063 0B       		.uleb128 0xb
 1671 0064 49       		.uleb128 0x49
 1672 0065 13       		.uleb128 0x13
 1673 0066 11       		.uleb128 0x11
 1674 0067 01       		.uleb128 0x1
 1675 0068 12       		.uleb128 0x12
 1676 0069 06       		.uleb128 0x6
 1677 006a 40       		.uleb128 0x40
 1678 006b 18       		.uleb128 0x18
 1679 006c 9742     		.uleb128 0x2117
 1680 006e 19       		.uleb128 0x19
 1681 006f 00       		.byte	0
 1682 0070 00       		.byte	0
 1683 0071 08       		.uleb128 0x8
 1684 0072 2E       		.uleb128 0x2e
 1685 0073 01       		.byte	0x1
 1686 0074 3F       		.uleb128 0x3f
 1687 0075 19       		.uleb128 0x19
ARM GAS  C:\Users\casey\AppData\Local\Temp\ccDnK7J5.s 			page 33


 1688 0076 03       		.uleb128 0x3
 1689 0077 0E       		.uleb128 0xe
 1690 0078 3A       		.uleb128 0x3a
 1691 0079 0B       		.uleb128 0xb
 1692 007a 3B       		.uleb128 0x3b
 1693 007b 0B       		.uleb128 0xb
 1694 007c 11       		.uleb128 0x11
 1695 007d 01       		.uleb128 0x1
 1696 007e 12       		.uleb128 0x12
 1697 007f 06       		.uleb128 0x6
 1698 0080 40       		.uleb128 0x40
 1699 0081 18       		.uleb128 0x18
 1700 0082 9742     		.uleb128 0x2117
 1701 0084 19       		.uleb128 0x19
 1702 0085 01       		.uleb128 0x1
 1703 0086 13       		.uleb128 0x13
 1704 0087 00       		.byte	0
 1705 0088 00       		.byte	0
 1706 0089 09       		.uleb128 0x9
 1707 008a 898201   		.uleb128 0x4109
 1708 008d 00       		.byte	0
 1709 008e 11       		.uleb128 0x11
 1710 008f 01       		.uleb128 0x1
 1711 0090 31       		.uleb128 0x31
 1712 0091 13       		.uleb128 0x13
 1713 0092 00       		.byte	0
 1714 0093 00       		.byte	0
 1715 0094 0A       		.uleb128 0xa
 1716 0095 2E       		.uleb128 0x2e
 1717 0096 00       		.byte	0
 1718 0097 3F       		.uleb128 0x3f
 1719 0098 19       		.uleb128 0x19
 1720 0099 03       		.uleb128 0x3
 1721 009a 0E       		.uleb128 0xe
 1722 009b 3A       		.uleb128 0x3a
 1723 009c 0B       		.uleb128 0xb
 1724 009d 3B       		.uleb128 0x3b
 1725 009e 0B       		.uleb128 0xb
 1726 009f 49       		.uleb128 0x49
 1727 00a0 13       		.uleb128 0x13
 1728 00a1 11       		.uleb128 0x11
 1729 00a2 01       		.uleb128 0x1
 1730 00a3 12       		.uleb128 0x12
 1731 00a4 06       		.uleb128 0x6
 1732 00a5 40       		.uleb128 0x40
 1733 00a6 18       		.uleb128 0x18
 1734 00a7 9642     		.uleb128 0x2116
 1735 00a9 19       		.uleb128 0x19
 1736 00aa 00       		.byte	0
 1737 00ab 00       		.byte	0
 1738 00ac 0B       		.uleb128 0xb
 1739 00ad 2E       		.uleb128 0x2e
 1740 00ae 01       		.byte	0x1
 1741 00af 3F       		.uleb128 0x3f
 1742 00b0 19       		.uleb128 0x19
 1743 00b1 03       		.uleb128 0x3
 1744 00b2 0E       		.uleb128 0xe
ARM GAS  C:\Users\casey\AppData\Local\Temp\ccDnK7J5.s 			page 34


 1745 00b3 3A       		.uleb128 0x3a
 1746 00b4 0B       		.uleb128 0xb
 1747 00b5 3B       		.uleb128 0x3b
 1748 00b6 0B       		.uleb128 0xb
 1749 00b7 27       		.uleb128 0x27
 1750 00b8 19       		.uleb128 0x19
 1751 00b9 11       		.uleb128 0x11
 1752 00ba 01       		.uleb128 0x1
 1753 00bb 12       		.uleb128 0x12
 1754 00bc 06       		.uleb128 0x6
 1755 00bd 40       		.uleb128 0x40
 1756 00be 18       		.uleb128 0x18
 1757 00bf 9742     		.uleb128 0x2117
 1758 00c1 19       		.uleb128 0x19
 1759 00c2 01       		.uleb128 0x1
 1760 00c3 13       		.uleb128 0x13
 1761 00c4 00       		.byte	0
 1762 00c5 00       		.byte	0
 1763 00c6 0C       		.uleb128 0xc
 1764 00c7 05       		.uleb128 0x5
 1765 00c8 00       		.byte	0
 1766 00c9 03       		.uleb128 0x3
 1767 00ca 0E       		.uleb128 0xe
 1768 00cb 3A       		.uleb128 0x3a
 1769 00cc 0B       		.uleb128 0xb
 1770 00cd 3B       		.uleb128 0x3b
 1771 00ce 0B       		.uleb128 0xb
 1772 00cf 49       		.uleb128 0x49
 1773 00d0 13       		.uleb128 0x13
 1774 00d1 02       		.uleb128 0x2
 1775 00d2 18       		.uleb128 0x18
 1776 00d3 00       		.byte	0
 1777 00d4 00       		.byte	0
 1778 00d5 0D       		.uleb128 0xd
 1779 00d6 05       		.uleb128 0x5
 1780 00d7 00       		.byte	0
 1781 00d8 03       		.uleb128 0x3
 1782 00d9 08       		.uleb128 0x8
 1783 00da 3A       		.uleb128 0x3a
 1784 00db 0B       		.uleb128 0xb
 1785 00dc 3B       		.uleb128 0x3b
 1786 00dd 0B       		.uleb128 0xb
 1787 00de 49       		.uleb128 0x49
 1788 00df 13       		.uleb128 0x13
 1789 00e0 02       		.uleb128 0x2
 1790 00e1 18       		.uleb128 0x18
 1791 00e2 00       		.byte	0
 1792 00e3 00       		.byte	0
 1793 00e4 0E       		.uleb128 0xe
 1794 00e5 2E       		.uleb128 0x2e
 1795 00e6 01       		.byte	0x1
 1796 00e7 3F       		.uleb128 0x3f
 1797 00e8 19       		.uleb128 0x19
 1798 00e9 03       		.uleb128 0x3
 1799 00ea 0E       		.uleb128 0xe
 1800 00eb 3A       		.uleb128 0x3a
 1801 00ec 0B       		.uleb128 0xb
ARM GAS  C:\Users\casey\AppData\Local\Temp\ccDnK7J5.s 			page 35


 1802 00ed 3B       		.uleb128 0x3b
 1803 00ee 0B       		.uleb128 0xb
 1804 00ef 27       		.uleb128 0x27
 1805 00f0 19       		.uleb128 0x19
 1806 00f1 49       		.uleb128 0x49
 1807 00f2 13       		.uleb128 0x13
 1808 00f3 11       		.uleb128 0x11
 1809 00f4 01       		.uleb128 0x1
 1810 00f5 12       		.uleb128 0x12
 1811 00f6 06       		.uleb128 0x6
 1812 00f7 40       		.uleb128 0x40
 1813 00f8 18       		.uleb128 0x18
 1814 00f9 9642     		.uleb128 0x2116
 1815 00fb 19       		.uleb128 0x19
 1816 00fc 01       		.uleb128 0x1
 1817 00fd 13       		.uleb128 0x13
 1818 00fe 00       		.byte	0
 1819 00ff 00       		.byte	0
 1820 0100 0F       		.uleb128 0xf
 1821 0101 05       		.uleb128 0x5
 1822 0102 00       		.byte	0
 1823 0103 03       		.uleb128 0x3
 1824 0104 0E       		.uleb128 0xe
 1825 0105 3A       		.uleb128 0x3a
 1826 0106 0B       		.uleb128 0xb
 1827 0107 3B       		.uleb128 0x3b
 1828 0108 0B       		.uleb128 0xb
 1829 0109 49       		.uleb128 0x49
 1830 010a 13       		.uleb128 0x13
 1831 010b 02       		.uleb128 0x2
 1832 010c 17       		.uleb128 0x17
 1833 010d 00       		.byte	0
 1834 010e 00       		.byte	0
 1835 010f 10       		.uleb128 0x10
 1836 0110 34       		.uleb128 0x34
 1837 0111 00       		.byte	0
 1838 0112 03       		.uleb128 0x3
 1839 0113 0E       		.uleb128 0xe
 1840 0114 3A       		.uleb128 0x3a
 1841 0115 0B       		.uleb128 0xb
 1842 0116 3B       		.uleb128 0x3b
 1843 0117 0B       		.uleb128 0xb
 1844 0118 49       		.uleb128 0x49
 1845 0119 13       		.uleb128 0x13
 1846 011a 02       		.uleb128 0x2
 1847 011b 17       		.uleb128 0x17
 1848 011c 00       		.byte	0
 1849 011d 00       		.byte	0
 1850 011e 11       		.uleb128 0x11
 1851 011f 898201   		.uleb128 0x4109
 1852 0122 01       		.byte	0x1
 1853 0123 11       		.uleb128 0x11
 1854 0124 01       		.uleb128 0x1
 1855 0125 31       		.uleb128 0x31
 1856 0126 13       		.uleb128 0x13
 1857 0127 01       		.uleb128 0x1
 1858 0128 13       		.uleb128 0x13
ARM GAS  C:\Users\casey\AppData\Local\Temp\ccDnK7J5.s 			page 36


 1859 0129 00       		.byte	0
 1860 012a 00       		.byte	0
 1861 012b 12       		.uleb128 0x12
 1862 012c 8A8201   		.uleb128 0x410a
 1863 012f 00       		.byte	0
 1864 0130 02       		.uleb128 0x2
 1865 0131 18       		.uleb128 0x18
 1866 0132 9142     		.uleb128 0x2111
 1867 0134 18       		.uleb128 0x18
 1868 0135 00       		.byte	0
 1869 0136 00       		.byte	0
 1870 0137 13       		.uleb128 0x13
 1871 0138 34       		.uleb128 0x34
 1872 0139 00       		.byte	0
 1873 013a 03       		.uleb128 0x3
 1874 013b 0E       		.uleb128 0xe
 1875 013c 3A       		.uleb128 0x3a
 1876 013d 0B       		.uleb128 0xb
 1877 013e 3B       		.uleb128 0x3b
 1878 013f 0B       		.uleb128 0xb
 1879 0140 49       		.uleb128 0x49
 1880 0141 13       		.uleb128 0x13
 1881 0142 3F       		.uleb128 0x3f
 1882 0143 19       		.uleb128 0x19
 1883 0144 02       		.uleb128 0x2
 1884 0145 18       		.uleb128 0x18
 1885 0146 00       		.byte	0
 1886 0147 00       		.byte	0
 1887 0148 14       		.uleb128 0x14
 1888 0149 34       		.uleb128 0x34
 1889 014a 00       		.byte	0
 1890 014b 03       		.uleb128 0x3
 1891 014c 0E       		.uleb128 0xe
 1892 014d 3A       		.uleb128 0x3a
 1893 014e 0B       		.uleb128 0xb
 1894 014f 3B       		.uleb128 0x3b
 1895 0150 0B       		.uleb128 0xb
 1896 0151 49       		.uleb128 0x49
 1897 0152 13       		.uleb128 0x13
 1898 0153 3F       		.uleb128 0x3f
 1899 0154 19       		.uleb128 0x19
 1900 0155 3C       		.uleb128 0x3c
 1901 0156 19       		.uleb128 0x19
 1902 0157 00       		.byte	0
 1903 0158 00       		.byte	0
 1904 0159 15       		.uleb128 0x15
 1905 015a 2E       		.uleb128 0x2e
 1906 015b 00       		.byte	0
 1907 015c 3F       		.uleb128 0x3f
 1908 015d 19       		.uleb128 0x19
 1909 015e 3C       		.uleb128 0x3c
 1910 015f 19       		.uleb128 0x19
 1911 0160 6E       		.uleb128 0x6e
 1912 0161 0E       		.uleb128 0xe
 1913 0162 03       		.uleb128 0x3
 1914 0163 0E       		.uleb128 0xe
 1915 0164 3A       		.uleb128 0x3a
ARM GAS  C:\Users\casey\AppData\Local\Temp\ccDnK7J5.s 			page 37


 1916 0165 0B       		.uleb128 0xb
 1917 0166 3B       		.uleb128 0x3b
 1918 0167 0B       		.uleb128 0xb
 1919 0168 00       		.byte	0
 1920 0169 00       		.byte	0
 1921 016a 00       		.byte	0
 1922              		.section	.debug_loc,"",%progbits
 1923              	.Ldebug_loc0:
 1924              	.LLST0:
 1925 0000 00000000 		.4byte	.LVL14
 1926 0004 07000000 		.4byte	.LVL15-1
 1927 0008 0100     		.2byte	0x1
 1928 000a 50       		.byte	0x50
 1929 000b 07000000 		.4byte	.LVL15-1
 1930 000f 3C000000 		.4byte	.LVL18
 1931 0013 0100     		.2byte	0x1
 1932 0015 55       		.byte	0x55
 1933 0016 3C000000 		.4byte	.LVL18
 1934 001a 6A000000 		.4byte	.LVL25
 1935 001e 0400     		.2byte	0x4
 1936 0020 F3       		.byte	0xf3
 1937 0021 01       		.uleb128 0x1
 1938 0022 50       		.byte	0x50
 1939 0023 9F       		.byte	0x9f
 1940 0024 6A000000 		.4byte	.LVL25
 1941 0028 70000000 		.4byte	.LVL27
 1942 002c 0100     		.2byte	0x1
 1943 002e 55       		.byte	0x55
 1944 002f 70000000 		.4byte	.LVL27
 1945 0033 7C000000 		.4byte	.LFE61
 1946 0037 0400     		.2byte	0x4
 1947 0039 F3       		.byte	0xf3
 1948 003a 01       		.uleb128 0x1
 1949 003b 50       		.byte	0x50
 1950 003c 9F       		.byte	0x9f
 1951 003d 00000000 		.4byte	0
 1952 0041 00000000 		.4byte	0
 1953              	.LLST1:
 1954 0045 10000000 		.4byte	.LVL16
 1955 0049 42000000 		.4byte	.LVL20
 1956 004d 0100     		.2byte	0x1
 1957 004f 50       		.byte	0x50
 1958 0050 6E000000 		.4byte	.LVL26
 1959 0054 70000000 		.4byte	.LVL27
 1960 0058 0100     		.2byte	0x1
 1961 005a 50       		.byte	0x50
 1962 005b 00000000 		.4byte	0
 1963 005f 00000000 		.4byte	0
 1964              	.LLST2:
 1965 0063 12000000 		.4byte	.LVL17
 1966 0067 6A000000 		.4byte	.LVL25
 1967 006b 0100     		.2byte	0x1
 1968 006d 54       		.byte	0x54
 1969 006e 6E000000 		.4byte	.LVL26
 1970 0072 70000000 		.4byte	.LVL27
 1971 0076 0100     		.2byte	0x1
 1972 0078 54       		.byte	0x54
ARM GAS  C:\Users\casey\AppData\Local\Temp\ccDnK7J5.s 			page 38


 1973 0079 00000000 		.4byte	0
 1974 007d 00000000 		.4byte	0
 1975              	.LLST3:
 1976 0081 40000000 		.4byte	.LVL19
 1977 0085 6A000000 		.4byte	.LVL25
 1978 0089 0100     		.2byte	0x1
 1979 008b 57       		.byte	0x57
 1980 008c 00000000 		.4byte	0
 1981 0090 00000000 		.4byte	0
 1982              	.LLST4:
 1983 0094 64000000 		.4byte	.LVL23
 1984 0098 68000000 		.4byte	.LVL24
 1985 009c 0600     		.2byte	0x6
 1986 009e 76       		.byte	0x76
 1987 009f 00       		.sleb128 0
 1988 00a0 70       		.byte	0x70
 1989 00a1 00       		.sleb128 0
 1990 00a2 22       		.byte	0x22
 1991 00a3 9F       		.byte	0x9f
 1992 00a4 68000000 		.4byte	.LVL24
 1993 00a8 6A000000 		.4byte	.LVL25
 1994 00ac 0100     		.2byte	0x1
 1995 00ae 50       		.byte	0x50
 1996 00af 00000000 		.4byte	0
 1997 00b3 00000000 		.4byte	0
 1998              	.LLST5:
 1999 00b7 00000000 		.4byte	.LVL28
 2000 00bb 05000000 		.4byte	.LVL29-1
 2001 00bf 0100     		.2byte	0x1
 2002 00c1 50       		.byte	0x50
 2003 00c2 05000000 		.4byte	.LVL29-1
 2004 00c6 18000000 		.4byte	.LFE60
 2005 00ca 0400     		.2byte	0x4
 2006 00cc F3       		.byte	0xf3
 2007 00cd 01       		.uleb128 0x1
 2008 00ce 50       		.byte	0x50
 2009 00cf 9F       		.byte	0x9f
 2010 00d0 00000000 		.4byte	0
 2011 00d4 00000000 		.4byte	0
 2012              		.section	.debug_aranges,"",%progbits
 2013 0000 EC000000 		.4byte	0xec
 2014 0004 0200     		.2byte	0x2
 2015 0006 00000000 		.4byte	.Ldebug_info0
 2016 000a 04       		.byte	0x4
 2017 000b 00       		.byte	0
 2018 000c 0000     		.2byte	0
 2019 000e 0000     		.2byte	0
 2020 0010 00000000 		.4byte	.LFB35
 2021 0014 10000000 		.4byte	.LFE35-.LFB35
 2022 0018 00000000 		.4byte	.LFB36
 2023 001c 0C000000 		.4byte	.LFE36-.LFB36
 2024 0020 00000000 		.4byte	.LFB37
 2025 0024 0C000000 		.4byte	.LFE37-.LFB37
 2026 0028 00000000 		.4byte	.LFB38
 2027 002c 0C000000 		.4byte	.LFE38-.LFB38
 2028 0030 00000000 		.4byte	.LFB39
 2029 0034 18000000 		.4byte	.LFE39-.LFB39
ARM GAS  C:\Users\casey\AppData\Local\Temp\ccDnK7J5.s 			page 39


 2030 0038 00000000 		.4byte	.LFB40
 2031 003c 40000000 		.4byte	.LFE40-.LFB40
 2032 0040 00000000 		.4byte	.LFB41
 2033 0044 0C000000 		.4byte	.LFE41-.LFB41
 2034 0048 00000000 		.4byte	.LFB42
 2035 004c 0C000000 		.4byte	.LFE42-.LFB42
 2036 0050 00000000 		.4byte	.LFB43
 2037 0054 0C000000 		.4byte	.LFE43-.LFB43
 2038 0058 00000000 		.4byte	.LFB44
 2039 005c 0C000000 		.4byte	.LFE44-.LFB44
 2040 0060 00000000 		.4byte	.LFB45
 2041 0064 0C000000 		.4byte	.LFE45-.LFB45
 2042 0068 00000000 		.4byte	.LFB46
 2043 006c 0C000000 		.4byte	.LFE46-.LFB46
 2044 0070 00000000 		.4byte	.LFB47
 2045 0074 0C000000 		.4byte	.LFE47-.LFB47
 2046 0078 00000000 		.4byte	.LFB48
 2047 007c 0C000000 		.4byte	.LFE48-.LFB48
 2048 0080 00000000 		.4byte	.LFB49
 2049 0084 0C000000 		.4byte	.LFE49-.LFB49
 2050 0088 00000000 		.4byte	.LFB50
 2051 008c 0C000000 		.4byte	.LFE50-.LFB50
 2052 0090 00000000 		.4byte	.LFB51
 2053 0094 0C000000 		.4byte	.LFE51-.LFB51
 2054 0098 00000000 		.4byte	.LFB52
 2055 009c 0C000000 		.4byte	.LFE52-.LFB52
 2056 00a0 00000000 		.4byte	.LFB53
 2057 00a4 0C000000 		.4byte	.LFE53-.LFB53
 2058 00a8 00000000 		.4byte	.LFB54
 2059 00ac 0C000000 		.4byte	.LFE54-.LFB54
 2060 00b0 00000000 		.4byte	.LFB55
 2061 00b4 0C000000 		.4byte	.LFE55-.LFB55
 2062 00b8 00000000 		.4byte	.LFB56
 2063 00bc 0C000000 		.4byte	.LFE56-.LFB56
 2064 00c0 00000000 		.4byte	.LFB57
 2065 00c4 0C000000 		.4byte	.LFE57-.LFB57
 2066 00c8 00000000 		.4byte	.LFB58
 2067 00cc 0C000000 		.4byte	.LFE58-.LFB58
 2068 00d0 00000000 		.4byte	.LFB59
 2069 00d4 04000000 		.4byte	.LFE59-.LFB59
 2070 00d8 00000000 		.4byte	.LFB61
 2071 00dc 7C000000 		.4byte	.LFE61-.LFB61
 2072 00e0 00000000 		.4byte	.LFB60
 2073 00e4 18000000 		.4byte	.LFE60-.LFB60
 2074 00e8 00000000 		.4byte	0
 2075 00ec 00000000 		.4byte	0
 2076              		.section	.debug_ranges,"",%progbits
 2077              	.Ldebug_ranges0:
 2078 0000 00000000 		.4byte	.LFB35
 2079 0004 10000000 		.4byte	.LFE35
 2080 0008 00000000 		.4byte	.LFB36
 2081 000c 0C000000 		.4byte	.LFE36
 2082 0010 00000000 		.4byte	.LFB37
 2083 0014 0C000000 		.4byte	.LFE37
 2084 0018 00000000 		.4byte	.LFB38
 2085 001c 0C000000 		.4byte	.LFE38
 2086 0020 00000000 		.4byte	.LFB39
ARM GAS  C:\Users\casey\AppData\Local\Temp\ccDnK7J5.s 			page 40


 2087 0024 18000000 		.4byte	.LFE39
 2088 0028 00000000 		.4byte	.LFB40
 2089 002c 40000000 		.4byte	.LFE40
 2090 0030 00000000 		.4byte	.LFB41
 2091 0034 0C000000 		.4byte	.LFE41
 2092 0038 00000000 		.4byte	.LFB42
 2093 003c 0C000000 		.4byte	.LFE42
 2094 0040 00000000 		.4byte	.LFB43
 2095 0044 0C000000 		.4byte	.LFE43
 2096 0048 00000000 		.4byte	.LFB44
 2097 004c 0C000000 		.4byte	.LFE44
 2098 0050 00000000 		.4byte	.LFB45
 2099 0054 0C000000 		.4byte	.LFE45
 2100 0058 00000000 		.4byte	.LFB46
 2101 005c 0C000000 		.4byte	.LFE46
 2102 0060 00000000 		.4byte	.LFB47
 2103 0064 0C000000 		.4byte	.LFE47
 2104 0068 00000000 		.4byte	.LFB48
 2105 006c 0C000000 		.4byte	.LFE48
 2106 0070 00000000 		.4byte	.LFB49
 2107 0074 0C000000 		.4byte	.LFE49
 2108 0078 00000000 		.4byte	.LFB50
 2109 007c 0C000000 		.4byte	.LFE50
 2110 0080 00000000 		.4byte	.LFB51
 2111 0084 0C000000 		.4byte	.LFE51
 2112 0088 00000000 		.4byte	.LFB52
 2113 008c 0C000000 		.4byte	.LFE52
 2114 0090 00000000 		.4byte	.LFB53
 2115 0094 0C000000 		.4byte	.LFE53
 2116 0098 00000000 		.4byte	.LFB54
 2117 009c 0C000000 		.4byte	.LFE54
 2118 00a0 00000000 		.4byte	.LFB55
 2119 00a4 0C000000 		.4byte	.LFE55
 2120 00a8 00000000 		.4byte	.LFB56
 2121 00ac 0C000000 		.4byte	.LFE56
 2122 00b0 00000000 		.4byte	.LFB57
 2123 00b4 0C000000 		.4byte	.LFE57
 2124 00b8 00000000 		.4byte	.LFB58
 2125 00bc 0C000000 		.4byte	.LFE58
 2126 00c0 00000000 		.4byte	.LFB59
 2127 00c4 04000000 		.4byte	.LFE59
 2128 00c8 00000000 		.4byte	.LFB61
 2129 00cc 7C000000 		.4byte	.LFE61
 2130 00d0 00000000 		.4byte	.LFB60
 2131 00d4 18000000 		.4byte	.LFE60
 2132 00d8 00000000 		.4byte	0
 2133 00dc 00000000 		.4byte	0
 2134              		.section	.debug_line,"",%progbits
 2135              	.Ldebug_line0:
 2136 0000 37030000 		.section	.debug_str,"MS",%progbits,1
 2136      02005201 
 2136      00000201 
 2136      FB0E0D00 
 2136      01010101 
 2137              	.LASF33:
 2138 0000 47657454 		.ascii	"GetTickMax\000"
 2138      69636B4D 
ARM GAS  C:\Users\casey\AppData\Local\Temp\ccDnK7J5.s 			page 41


 2138      617800
 2139              	.LASF70:
 2140 000b 69676E6F 		.ascii	"ignoreLimSw\000"
 2140      72654C69 
 2140      6D537700 
 2141              	.LASF40:
 2142 0017 5365746B 		.ascii	"SetkIntegral\000"
 2142      496E7465 
 2142      6772616C 
 2142      00
 2143              	.LASF38:
 2144 0024 5365746B 		.ascii	"SetkPosition\000"
 2144      506F7369 
 2144      74696F6E 
 2144      00
 2145              	.LASF75:
 2146 0031 506F7369 		.ascii	"Position_PID\000"
 2146      74696F6E 
 2146      5F504944 
 2146      00
 2147              	.LASF66:
 2148 003e 6C617374 		.ascii	"lastError\000"
 2148      4572726F 
 2148      7200
 2149              	.LASF27:
 2150 0048 55706461 		.ascii	"UpdateConversion\000"
 2150      7465436F 
 2150      6E766572 
 2150      73696F6E 
 2150      00
 2151              	.LASF36:
 2152 0059 4765746D 		.ascii	"GetmDegMin\000"
 2152      4465674D 
 2152      696E00
 2153              	.LASF54:
 2154 0064 53657450 		.ascii	"SetPosition\000"
 2154      6F736974 
 2154      696F6E00 
 2155              	.LASF2:
 2156 0070 73686F72 		.ascii	"short int\000"
 2156      7420696E 
 2156      7400
 2157              	.LASF49:
 2158 007a 74617267 		.ascii	"targetmDeg\000"
 2158      65746D44 
 2158      656700
 2159              	.LASF34:
 2160 0085 47657454 		.ascii	"GetTickMin\000"
 2160      69636B4D 
 2160      696E00
 2161              	.LASF22:
 2162 0090 73697A65 		.ascii	"sizetype\000"
 2162      74797065 
 2162      00
 2163              	.LASF64:
 2164 0099 6D446567 		.ascii	"mDegPerTick\000"
 2164      50657254 
ARM GAS  C:\Users\casey\AppData\Local\Temp\ccDnK7J5.s 			page 42


 2164      69636B00 
 2165              	.LASF29:
 2166 00a5 4765746B 		.ascii	"GetkPosition\000"
 2166      506F7369 
 2166      74696F6E 
 2166      00
 2167              	.LASF55:
 2168 00b2 6D446567 		.ascii	"mDegs\000"
 2168      7300
 2169              	.LASF73:
 2170 00b8 433A5C55 		.ascii	"C:\\Users\\casey\\Desktop\\Robotics Stuff\\BLDC_Mot"
 2170      73657273 
 2170      5C636173 
 2170      65795C44 
 2170      65736B74 
 2171 00e6 6F725F42 		.ascii	"or_Board_PY2023\\BLDC_Motor_Board.cydsn\000"
 2171      6F617264 
 2171      5F505932 
 2171      3032335C 
 2171      424C4443 
 2172              	.LASF4:
 2173 010d 5F5F7569 		.ascii	"__uint16_t\000"
 2173      6E743136 
 2173      5F7400
 2174              	.LASF41:
 2175 0118 5365746B 		.ascii	"SetkDerivative\000"
 2175      44657269 
 2175      76617469 
 2175      766500
 2176              	.LASF52:
 2177 0127 64657269 		.ascii	"derivative\000"
 2177      76617469 
 2177      766500
 2178              	.LASF71:
 2179 0132 474E5520 		.ascii	"GNU C11 5.4.1 20160609 (release) [ARM/embedded-5-br"
 2179      43313120 
 2179      352E342E 
 2179      31203230 
 2179      31363036 
 2180 0165 616E6368 		.ascii	"anch revision 237715] -mcpu=cortex-m0 -mthumb -g -O"
 2180      20726576 
 2180      6973696F 
 2180      6E203233 
 2180      37373135 
 2181 0198 67202D66 		.ascii	"g -ffunction-sections -ffat-lto-objects\000"
 2181      66756E63 
 2181      74696F6E 
 2181      2D736563 
 2181      74696F6E 
 2182              	.LASF13:
 2183 01c0 75696E74 		.ascii	"uint8_t\000"
 2183      385F7400 
 2184              	.LASF62:
 2185 01c8 6D446567 		.ascii	"mDegMax\000"
 2185      4D617800 
 2186              	.LASF24:
 2187 01d0 44697361 		.ascii	"DisablePID\000"
ARM GAS  C:\Users\casey\AppData\Local\Temp\ccDnK7J5.s 			page 43


 2187      626C6550 
 2187      494400
 2188              	.LASF18:
 2189 01db 666C6F61 		.ascii	"float\000"
 2189      7400
 2190              	.LASF47:
 2191 01e1 636F6E76 		.ascii	"conv\000"
 2191      00
 2192              	.LASF74:
 2193 01e6 496E6974 		.ascii	"InitializePID\000"
 2193      69616C69 
 2193      7A655049 
 2193      4400
 2194              	.LASF10:
 2195 01f4 6C6F6E67 		.ascii	"long long int\000"
 2195      206C6F6E 
 2195      6720696E 
 2195      7400
 2196              	.LASF68:
 2197 0202 656E6162 		.ascii	"enabledPID\000"
 2197      6C656450 
 2197      494400
 2198              	.LASF67:
 2199 020d 696E7465 		.ascii	"integralClamp\000"
 2199      6772616C 
 2199      436C616D 
 2199      7000
 2200              	.LASF7:
 2201 021b 6C6F6E67 		.ascii	"long int\000"
 2201      20696E74 
 2201      00
 2202              	.LASF65:
 2203 0224 696E7465 		.ascii	"integral\000"
 2203      6772616C 
 2203      00
 2204              	.LASF3:
 2205 022d 5F5F7569 		.ascii	"__uint8_t\000"
 2205      6E74385F 
 2205      7400
 2206              	.LASF56:
 2207 0237 64656C61 		.ascii	"delayTime\000"
 2207      7954696D 
 2207      6500
 2208              	.LASF59:
 2209 0241 6B446572 		.ascii	"kDerivative\000"
 2209      69766174 
 2209      69766500 
 2210              	.LASF42:
 2211 024d 73657454 		.ascii	"setTickMin\000"
 2211      69636B4D 
 2211      696E00
 2212              	.LASF21:
 2213 0258 6C6F6E67 		.ascii	"long double\000"
 2213      20646F75 
 2213      626C6500 
 2214              	.LASF1:
 2215 0264 756E7369 		.ascii	"unsigned char\000"
ARM GAS  C:\Users\casey\AppData\Local\Temp\ccDnK7J5.s 			page 44


 2215      676E6564 
 2215      20636861 
 2215      7200
 2216              	.LASF23:
 2217 0272 436C6561 		.ascii	"ClearPIDProgress\000"
 2217      72504944 
 2217      50726F67 
 2217      72657373 
 2217      00
 2218              	.LASF48:
 2219 0283 47657450 		.ascii	"GetPositionmDeg\000"
 2219      6F736974 
 2219      696F6E6D 
 2219      44656700 
 2220              	.LASF0:
 2221 0293 7369676E 		.ascii	"signed char\000"
 2221      65642063 
 2221      68617200 
 2222              	.LASF11:
 2223 029f 6C6F6E67 		.ascii	"long long unsigned int\000"
 2223      206C6F6E 
 2223      6720756E 
 2223      7369676E 
 2223      65642069 
 2224              	.LASF16:
 2225 02b6 75696E74 		.ascii	"uint32_t\000"
 2225      33325F74 
 2225      00
 2226              	.LASF12:
 2227 02bf 756E7369 		.ascii	"unsigned int\000"
 2227      676E6564 
 2227      20696E74 
 2227      00
 2228              	.LASF14:
 2229 02cc 75696E74 		.ascii	"uint16_t\000"
 2229      31365F74 
 2229      00
 2230              	.LASF26:
 2231 02d5 50494449 		.ascii	"PIDIsEnabled\000"
 2231      73456E61 
 2231      626C6564 
 2231      00
 2232              	.LASF32:
 2233 02e2 47657443 		.ascii	"GetConversion\000"
 2233      6F6E7665 
 2233      7273696F 
 2233      6E00
 2234              	.LASF50:
 2235 02f0 63757272 		.ascii	"current\000"
 2235      656E7400 
 2236              	.LASF5:
 2237 02f8 73686F72 		.ascii	"short unsigned int\000"
 2237      7420756E 
 2237      7369676E 
 2237      65642069 
 2237      6E7400
 2238              	.LASF30:
ARM GAS  C:\Users\casey\AppData\Local\Temp\ccDnK7J5.s 			page 45


 2239 030b 4765746B 		.ascii	"GetkIntegral\000"
 2239      496E7465 
 2239      6772616C 
 2239      00
 2240              	.LASF60:
 2241 0318 7469636B 		.ascii	"tickMax\000"
 2241      4D617800 
 2242              	.LASF76:
 2243 0320 7365745F 		.ascii	"set_speed\000"
 2243      73706565 
 2243      6400
 2244              	.LASF20:
 2245 032a 63686172 		.ascii	"char\000"
 2245      00
 2246              	.LASF39:
 2247 032f 73657456 		.ascii	"setValue\000"
 2247      616C7565 
 2247      00
 2248              	.LASF45:
 2249 0338 7365746D 		.ascii	"setmDegMax\000"
 2249      4465674D 
 2249      617800
 2250              	.LASF15:
 2251 0343 696E7433 		.ascii	"int32_t\000"
 2251      325F7400 
 2252              	.LASF43:
 2253 034b 73657454 		.ascii	"setTickMax\000"
 2253      69636B4D 
 2253      617800
 2254              	.LASF37:
 2255 0356 5365744D 		.ascii	"SetMaxPIDSpeed\000"
 2255      61785049 
 2255      44537065 
 2255      656400
 2256              	.LASF57:
 2257 0365 6B506F73 		.ascii	"kPosition\000"
 2257      6974696F 
 2257      6E00
 2258              	.LASF8:
 2259 036f 5F5F7569 		.ascii	"__uint32_t\000"
 2259      6E743332 
 2259      5F7400
 2260              	.LASF58:
 2261 037a 6B496E74 		.ascii	"kIntegral\000"
 2261      65677261 
 2261      6C00
 2262              	.LASF61:
 2263 0384 7469636B 		.ascii	"tickMin\000"
 2263      4D696E00 
 2264              	.LASF69:
 2265 038c 6D617853 		.ascii	"maxSpeed\000"
 2265      70656564 
 2265      00
 2266              	.LASF44:
 2267 0395 7365746D 		.ascii	"setmDegMin\000"
 2267      4465674D 
 2267      696E00
ARM GAS  C:\Users\casey\AppData\Local\Temp\ccDnK7J5.s 			page 46


 2268              	.LASF9:
 2269 03a0 6C6F6E67 		.ascii	"long unsigned int\000"
 2269      20756E73 
 2269      69676E65 
 2269      6420696E 
 2269      7400
 2270              	.LASF17:
 2271 03b2 696E7433 		.ascii	"int32\000"
 2271      3200
 2272              	.LASF63:
 2273 03b8 6D446567 		.ascii	"mDegMin\000"
 2273      4D696E00 
 2274              	.LASF46:
 2275 03c0 53657443 		.ascii	"SetConversion\000"
 2275      6F6E7665 
 2275      7273696F 
 2275      6E00
 2276              	.LASF53:
 2277 03ce 50574D4F 		.ascii	"PWMOut\000"
 2277      757400
 2278              	.LASF72:
 2279 03d5 424C4443 		.ascii	"BLDC_pid.c\000"
 2279      5F706964 
 2279      2E6300
 2280              	.LASF6:
 2281 03e0 5F5F696E 		.ascii	"__int32_t\000"
 2281      7433325F 
 2281      7400
 2282              	.LASF51:
 2283 03ea 6572726F 		.ascii	"error\000"
 2283      7200
 2284              	.LASF25:
 2285 03f0 456E6162 		.ascii	"EnablePID\000"
 2285      6C655049 
 2285      4400
 2286              	.LASF19:
 2287 03fa 646F7562 		.ascii	"double\000"
 2287      6C6500
 2288              	.LASF28:
 2289 0401 4765744D 		.ascii	"GetMaxPIDSpeed\000"
 2289      61785049 
 2289      44537065 
 2289      656400
 2290              	.LASF31:
 2291 0410 4765746B 		.ascii	"GetkDerivative\000"
 2291      44657269 
 2291      76617469 
 2291      766500
 2292              	.LASF35:
 2293 041f 4765746D 		.ascii	"GetmDegMax\000"
 2293      4465674D 
 2293      617800
 2294              		.ident	"GCC: (GNU Tools for ARM Embedded Processors) 5.4.1 20160609 (release) [ARM/embedded-5-bran
