ARM GAS  C:\Users\casey\AppData\Local\Temp\ccnEz6na.s 			page 1


   1              		.syntax unified
   2              		.cpu cortex-m0
   3              		.fpu softvfp
   4              		.eabi_attribute 20, 1
   5              		.eabi_attribute 21, 1
   6              		.eabi_attribute 23, 3
   7              		.eabi_attribute 24, 1
   8              		.eabi_attribute 25, 1
   9              		.eabi_attribute 26, 1
  10              		.eabi_attribute 30, 1
  11              		.eabi_attribute 34, 0
  12              		.eabi_attribute 18, 4
  13              		.thumb
  14              		.syntax unified
  15              		.file	"BLDC_Drive.c"
  16              		.text
  17              	.Ltext0:
  18              		.cfi_sections	.debug_frame
  19              		.section	.text.commutateMotor,"ax",%progbits
  20              		.align	2
  21              		.global	commutateMotor
  22              		.code	16
  23              		.thumb_func
  24              		.type	commutateMotor, %function
  25              	commutateMotor:
  26              	.LFB35:
  27              		.file 1 "BLDC_Drive.c"
   1:BLDC_Drive.c  **** /*
   2:BLDC_Drive.c  **** 
   3:BLDC_Drive.c  ****     Rotor FSM:
   4:BLDC_Drive.c  ****         - Phase shifting logic
   5:BLDC_Drive.c  ****         
   6:BLDC_Drive.c  **** */
   7:BLDC_Drive.c  **** 
   8:BLDC_Drive.c  **** // -------------------------------------------------------------------------WE ARE NOT USING PWM
   9:BLDC_Drive.c  **** #include <project.h>
  10:BLDC_Drive.c  **** #include <stdio.h>
  11:BLDC_Drive.c  **** #include "main.h"
  12:BLDC_Drive.c  **** #include <stdint.h>
  13:BLDC_Drive.c  **** #include "BLDC_Drive.h"
  14:BLDC_Drive.c  **** #include <project.h>
  15:BLDC_Drive.c  **** 
  16:BLDC_Drive.c  **** uint8_t invalidate = 0;
  17:BLDC_Drive.c  **** extern char txData[TX_DATA_SIZE];
  18:BLDC_Drive.c  **** 
  19:BLDC_Drive.c  **** int32_t currentSpeed = 0;
  20:BLDC_Drive.c  **** int8_t currentDir = 0;
  21:BLDC_Drive.c  **** 
  22:BLDC_Drive.c  **** #define MAX_RPM 1000
  23:BLDC_Drive.c  **** 
  24:BLDC_Drive.c  **** // Timer
  25:BLDC_Drive.c  **** float delay_ms;
  26:BLDC_Drive.c  **** 
  27:BLDC_Drive.c  **** void commutateMotor(uint8_t hallState) {
  28              		.loc 1 27 0
  29              		.cfi_startproc
  30              		@ args = 0, pretend = 0, frame = 0
ARM GAS  C:\Users\casey\AppData\Local\Temp\ccnEz6na.s 			page 2


  31              		@ frame_needed = 0, uses_anonymous_args = 0
  32              		@ link register save eliminated.
  33              	.LVL0:
  28:BLDC_Drive.c  ****     // determine the motor phase to energize based on the hall state
  29:BLDC_Drive.c  ****         
  30:BLDC_Drive.c  ****         // TODO: implement th appropriate logic to switch the motor phases
  31:BLDC_Drive.c  **** }
  34              		.loc 1 31 0
  35              		@ sp needed
  36 0000 7047     		bx	lr
  37              		.cfi_endproc
  38              	.LFE35:
  39              		.size	commutateMotor, .-commutateMotor
  40              		.global	__aeabi_i2f
  41              		.global	__aeabi_fdiv
  42 0002 C046     		.section	.text.set_speed,"ax",%progbits
  43              		.align	2
  44              		.global	set_speed
  45              		.code	16
  46              		.thumb_func
  47              		.type	set_speed, %function
  48              	set_speed:
  49              	.LFB36:
  32:BLDC_Drive.c  **** 
  33:BLDC_Drive.c  **** // -32768 <= speed < 32768
  34:BLDC_Drive.c  **** void set_speed(int16_t speed, uint8_t disable_limit, uint8 limitSW) {
  50              		.loc 1 34 0
  51              		.cfi_startproc
  52              		@ args = 0, pretend = 0, frame = 0
  53              		@ frame_needed = 0, uses_anonymous_args = 0
  54              	.LVL1:
  55 0000 10B5     		push	{r4, lr}
  56              		.cfi_def_cfa_offset 8
  57              		.cfi_offset 4, -8
  58              		.cfi_offset 14, -4
  35:BLDC_Drive.c  ****     #ifdef PRINT_PWM_COMMAND
  36:BLDC_Drive.c  ****     sprintf(txData, "PWM:%d disable_limit: %d\r\n",compare,disable_limit);
  37:BLDC_Drive.c  ****     UART_UartPutString(txData); 
  38:BLDC_Drive.c  ****     #endif
  39:BLDC_Drive.c  ****     
  40:BLDC_Drive.c  ****     invalidate = 0;
  59              		.loc 1 40 0
  60 0002 0024     		movs	r4, #0
  61 0004 174B     		ldr	r3, .L10
  62 0006 1C70     		strb	r4, [r3]
  41:BLDC_Drive.c  ****     if (speed < 0 && (!(limitSW & 0b10) || disable_limit) ) { // check if speed is negative, if not
  63              		.loc 1 41 0
  64 0008 0028     		cmp	r0, #0
  65 000a 09DA     		bge	.L3
  66              		.loc 1 41 0 is_stmt 0 discriminator 1
  67 000c 9307     		lsls	r3, r2, #30
  68 000e 01D5     		bpl	.L4
  69              		.loc 1 41 0 discriminator 2
  70 0010 0029     		cmp	r1, #0
  71 0012 05D0     		beq	.L3
  72              	.L4:
  42:BLDC_Drive.c  ****         currentDir = 0;
ARM GAS  C:\Users\casey\AppData\Local\Temp\ccnEz6na.s 			page 3


  73              		.loc 1 42 0 is_stmt 1
  74 0014 134B     		ldr	r3, .L10
  75 0016 0022     		movs	r2, #0
  76              	.LVL2:
  77 0018 5A70     		strb	r2, [r3, #1]
  43:BLDC_Drive.c  ****         currentSpeed = -speed;
  78              		.loc 1 43 0
  79 001a 4042     		rsbs	r0, r0, #0
  80              	.LVL3:
  81 001c 5860     		str	r0, [r3, #4]
  82 001e 0DE0     		b	.L5
  83              	.LVL4:
  84              	.L3:
  44:BLDC_Drive.c  ****     } else if (speed > 0 && (!(limitSW & 0b01) || disable_limit) ){ // check if speed is positive, 
  85              		.loc 1 44 0
  86 0020 0028     		cmp	r0, #0
  87 0022 08DD     		ble	.L6
  88              		.loc 1 44 0 is_stmt 0 discriminator 1
  89 0024 D307     		lsls	r3, r2, #31
  90 0026 01D5     		bpl	.L7
  91              		.loc 1 44 0 discriminator 2
  92 0028 0029     		cmp	r1, #0
  93 002a 04D0     		beq	.L6
  94              	.L7:
  45:BLDC_Drive.c  ****         currentDir = 1;
  95              		.loc 1 45 0 is_stmt 1
  96 002c 0D4B     		ldr	r3, .L10
  97 002e 0122     		movs	r2, #1
  98              	.LVL5:
  99 0030 5A70     		strb	r2, [r3, #1]
  46:BLDC_Drive.c  ****         currentSpeed = speed;
 100              		.loc 1 46 0
 101 0032 5860     		str	r0, [r3, #4]
 102 0034 02E0     		b	.L5
 103              	.LVL6:
 104              	.L6:
  47:BLDC_Drive.c  ****     } else { // set speed = 0; (special case
  48:BLDC_Drive.c  ****         currentSpeed = 0;
 105              		.loc 1 48 0
 106 0036 0022     		movs	r2, #0
 107              	.LVL7:
 108 0038 0A4B     		ldr	r3, .L10
 109 003a 5A60     		str	r2, [r3, #4]
 110              	.LVL8:
 111              	.L5:
  49:BLDC_Drive.c  ****     }
  50:BLDC_Drive.c  ****     
  51:BLDC_Drive.c  ****     if (currentSpeed != 0) {
 112              		.loc 1 51 0
 113 003c 094B     		ldr	r3, .L10
 114 003e 5868     		ldr	r0, [r3, #4]
 115 0040 0028     		cmp	r0, #0
 116 0042 0BD0     		beq	.L8
  52:BLDC_Drive.c  ****         delay_ms = (float)(1 << 15)*10000/currentSpeed/MAX_RPM;
 117              		.loc 1 52 0
 118 0044 FFF7FEFF 		bl	__aeabi_i2f
 119              	.LVL9:
ARM GAS  C:\Users\casey\AppData\Local\Temp\ccnEz6na.s 			page 4


 120 0048 011C     		adds	r1, r0, #0
 121 004a 0748     		ldr	r0, .L10+4
 122 004c FFF7FEFF 		bl	__aeabi_fdiv
 123              	.LVL10:
 124 0050 0649     		ldr	r1, .L10+8
 125 0052 FFF7FEFF 		bl	__aeabi_fdiv
 126              	.LVL11:
 127 0056 064B     		ldr	r3, .L10+12
 128 0058 1860     		str	r0, [r3]
 129 005a 02E0     		b	.L2
 130              	.LVL12:
 131              	.L8:
  53:BLDC_Drive.c  ****     }
  54:BLDC_Drive.c  ****     else {
  55:BLDC_Drive.c  ****         delay_ms = 0;
 132              		.loc 1 55 0
 133 005c 0022     		movs	r2, #0
 134 005e 044B     		ldr	r3, .L10+12
 135 0060 1A60     		str	r2, [r3]
 136              	.LVL13:
 137              	.L2:
  56:BLDC_Drive.c  ****         // stop motor (stop state machine)
  57:BLDC_Drive.c  ****         
  58:BLDC_Drive.c  ****     }
  59:BLDC_Drive.c  **** }
 138              		.loc 1 59 0
 139              		@ sp needed
 140 0062 10BD     		pop	{r4, pc}
 141              	.L11:
 142              		.align	2
 143              	.L10:
 144 0064 00000000 		.word	.LANCHOR0
 145 0068 00409C4D 		.word	1302085632
 146 006c 00007A44 		.word	1148846080
 147 0070 00000000 		.word	delay_ms
 148              		.cfi_endproc
 149              	.LFE36:
 150              		.size	set_speed, .-set_speed
 151              		.section	.text.GetCurrentSpeed,"ax",%progbits
 152              		.align	2
 153              		.global	GetCurrentSpeed
 154              		.code	16
 155              		.thumb_func
 156              		.type	GetCurrentSpeed, %function
 157              	GetCurrentSpeed:
 158              	.LFB37:
  60:BLDC_Drive.c  **** 
  61:BLDC_Drive.c  **** int16_t GetCurrentSpeed() {
 159              		.loc 1 61 0
 160              		.cfi_startproc
 161              		@ args = 0, pretend = 0, frame = 0
 162              		@ frame_needed = 0, uses_anonymous_args = 0
 163              		@ link register save eliminated.
  62:BLDC_Drive.c  ****     return currentSpeed;
 164              		.loc 1 62 0
 165 0000 014B     		ldr	r3, .L13
 166 0002 0420     		movs	r0, #4
ARM GAS  C:\Users\casey\AppData\Local\Temp\ccnEz6na.s 			page 5


 167 0004 185E     		ldrsh	r0, [r3, r0]
  63:BLDC_Drive.c  **** }
 168              		.loc 1 63 0
 169              		@ sp needed
 170 0006 7047     		bx	lr
 171              	.L14:
 172              		.align	2
 173              	.L13:
 174 0008 00000000 		.word	.LANCHOR0
 175              		.cfi_endproc
 176              	.LFE37:
 177              		.size	GetCurrentSpeed, .-GetCurrentSpeed
 178              		.section	.text.readHallState,"ax",%progbits
 179              		.align	2
 180              		.global	readHallState
 181              		.code	16
 182              		.thumb_func
 183              		.type	readHallState, %function
 184              	readHallState:
 185              	.LFB38:
  64:BLDC_Drive.c  **** 
  65:BLDC_Drive.c  **** struct CoilState coilState = {0,0,0,0,0,0};
  66:BLDC_Drive.c  **** struct HallState hallState = {0,0,0};
  67:BLDC_Drive.c  **** 
  68:BLDC_Drive.c  **** // FSM changing through states
  69:BLDC_Drive.c  **** // "--state = X" means "don't-care"
  70:BLDC_Drive.c  **** // Read the states
  71:BLDC_Drive.c  **** 
  72:BLDC_Drive.c  **** // turn this into a long case statement???
  73:BLDC_Drive.c  **** 
  74:BLDC_Drive.c  **** // add a method that stops this finite state machine
  75:BLDC_Drive.c  **** 
  76:BLDC_Drive.c  **** 
  77:BLDC_Drive.c  **** void readHallState() {
 186              		.loc 1 77 0
 187              		.cfi_startproc
 188              		@ args = 0, pretend = 0, frame = 0
 189              		@ frame_needed = 0, uses_anonymous_args = 0
 190 0000 F8B5     		push	{r3, r4, r5, r6, r7, lr}
 191              		.cfi_def_cfa_offset 24
 192              		.cfi_offset 3, -24
 193              		.cfi_offset 4, -20
 194              		.cfi_offset 5, -16
 195              		.cfi_offset 6, -12
 196              		.cfi_offset 7, -8
 197              		.cfi_offset 14, -4
 198 0002 4F46     		mov	r7, r9
 199 0004 4646     		mov	r6, r8
 200 0006 C0B4     		push	{r6, r7}
 201              		.cfi_def_cfa_offset 32
 202              		.cfi_offset 8, -32
 203              		.cfi_offset 9, -28
  78:BLDC_Drive.c  ****     hallState.A = HALL1_Read();
 204              		.loc 1 78 0
 205 0008 FFF7FEFF 		bl	HALL1_Read
 206              	.LVL14:
 207 000c 3D4C     		ldr	r4, .L16
ARM GAS  C:\Users\casey\AppData\Local\Temp\ccnEz6na.s 			page 6


 208 000e 0127     		movs	r7, #1
 209 0010 0125     		movs	r5, #1
 210 0012 2840     		ands	r0, r5
 211 0014 237A     		ldrb	r3, [r4, #8]
 212 0016 BB43     		bics	r3, r7
 213 0018 1843     		orrs	r0, r3
 214 001a 2072     		strb	r0, [r4, #8]
  79:BLDC_Drive.c  ****     hallState.B = HALL2_Read();
 215              		.loc 1 79 0
 216 001c FFF7FEFF 		bl	HALL2_Read
 217              	.LVL15:
 218 0020 2840     		ands	r0, r5
 219 0022 4300     		lsls	r3, r0, #1
 220 0024 207A     		ldrb	r0, [r4, #8]
 221 0026 0226     		movs	r6, #2
 222 0028 B043     		bics	r0, r6
 223 002a 1843     		orrs	r0, r3
 224 002c 2072     		strb	r0, [r4, #8]
  80:BLDC_Drive.c  ****     hallState.C = HALL3_Read();
 225              		.loc 1 80 0
 226 002e FFF7FEFF 		bl	HALL3_Read
 227              	.LVL16:
 228 0032 0200     		movs	r2, r0
 229 0034 2A40     		ands	r2, r5
 230 0036 9000     		lsls	r0, r2, #2
 231 0038 227A     		ldrb	r2, [r4, #8]
 232 003a 0423     		movs	r3, #4
 233 003c 9946     		mov	r9, r3
 234 003e 9A43     		bics	r2, r3
 235 0040 0243     		orrs	r2, r0
 236 0042 2272     		strb	r2, [r4, #8]
  81:BLDC_Drive.c  ****     
  82:BLDC_Drive.c  ****     coilState.UH = !hallState.B && hallState.C;
 237              		.loc 1 82 0
 238 0044 0233     		adds	r3, r3, #2
 239 0046 1340     		ands	r3, r2
 240 0048 181F     		subs	r0, r3, #4
 241 004a 4142     		rsbs	r1, r0, #0
 242 004c 4141     		adcs	r1, r1, r0
 243 004e C8B2     		uxtb	r0, r1
 244 0050 217B     		ldrb	r1, [r4, #12]
 245 0052 B943     		bics	r1, r7
 246 0054 0F00     		movs	r7, r1
  83:BLDC_Drive.c  **** 	coilState.UL = !hallState.C && hallState.B;
 247              		.loc 1 83 0
 248 0056 023B     		subs	r3, r3, #2
 249 0058 5942     		rsbs	r1, r3, #0
 250 005a 5941     		adcs	r1, r1, r3
 251 005c CBB2     		uxtb	r3, r1
 252 005e 2B40     		ands	r3, r5
 253 0060 5B00     		lsls	r3, r3, #1
 254 0062 9C46     		mov	ip, r3
 255 0064 3B00     		movs	r3, r7
 256 0066 0343     		orrs	r3, r0
 257 0068 B343     		bics	r3, r6
 258 006a 1E00     		movs	r6, r3
  84:BLDC_Drive.c  **** 	coilState.VH = !hallState.C && hallState.A;
ARM GAS  C:\Users\casey\AppData\Local\Temp\ccnEz6na.s 			page 7


 259              		.loc 1 84 0
 260 006c 0523     		movs	r3, #5
 261 006e 1340     		ands	r3, r2
 262 0070 5F1E     		subs	r7, r3, #1
 263 0072 7942     		rsbs	r1, r7, #0
 264 0074 7941     		adcs	r1, r1, r7
 265 0076 CFB2     		uxtb	r7, r1
 266 0078 2F40     		ands	r7, r5
 267 007a BF00     		lsls	r7, r7, #2
 268 007c 6146     		mov	r1, ip
 269 007e 0E43     		orrs	r6, r1
 270 0080 4946     		mov	r1, r9
 271 0082 8E43     		bics	r6, r1
  85:BLDC_Drive.c  **** 	coilState.VL = !hallState.A && hallState.C;
 272              		.loc 1 85 0
 273 0084 191F     		subs	r1, r3, #4
 274 0086 4B42     		rsbs	r3, r1, #0
 275 0088 5941     		adcs	r1, r1, r3
 276 008a C9B2     		uxtb	r1, r1
 277 008c 2940     		ands	r1, r5
 278 008e CB00     		lsls	r3, r1, #3
 279 0090 3100     		movs	r1, r6
 280 0092 3943     		orrs	r1, r7
 281 0094 0826     		movs	r6, #8
 282 0096 B143     		bics	r1, r6
  86:BLDC_Drive.c  **** 	coilState.WH = !hallState.A && hallState.B;
 283              		.loc 1 86 0
 284 0098 053E     		subs	r6, r6, #5
 285 009a 3240     		ands	r2, r6
 286 009c 961E     		subs	r6, r2, #2
 287 009e 7742     		rsbs	r7, r6, #0
 288 00a0 7E41     		adcs	r6, r6, r7
 289 00a2 F6B2     		uxtb	r6, r6
 290 00a4 2E40     		ands	r6, r5
 291 00a6 3601     		lsls	r6, r6, #4
 292 00a8 1943     		orrs	r1, r3
 293 00aa 1023     		movs	r3, #16
 294 00ac 9943     		bics	r1, r3
  87:BLDC_Drive.c  **** 	coilState.WL = !hallState.B && hallState.A;
 295              		.loc 1 87 0
 296 00ae 013A     		subs	r2, r2, #1
 297 00b0 5342     		rsbs	r3, r2, #0
 298 00b2 5341     		adcs	r3, r3, r2
 299 00b4 DAB2     		uxtb	r2, r3
 300 00b6 2A40     		ands	r2, r5
 301 00b8 5301     		lsls	r3, r2, #5
 302 00ba 0A00     		movs	r2, r1
 303 00bc 3243     		orrs	r2, r6
 304 00be 2021     		movs	r1, #32
 305 00c0 8A43     		bics	r2, r1
 306 00c2 1A43     		orrs	r2, r3
 307 00c4 2273     		strb	r2, [r4, #12]
  88:BLDC_Drive.c  ****     
  89:BLDC_Drive.c  ****     // write registers in UVW
  90:BLDC_Drive.c  ****     UH_Write(coilState.UH);
 308              		.loc 1 90 0
 309 00c6 FFF7FEFF 		bl	UH_Write
ARM GAS  C:\Users\casey\AppData\Local\Temp\ccnEz6na.s 			page 8


 310              	.LVL17:
  91:BLDC_Drive.c  ****     UL_Write(coilState.UL);
 311              		.loc 1 91 0
 312 00ca 207B     		ldrb	r0, [r4, #12]
 313 00cc 8007     		lsls	r0, r0, #30
 314 00ce C00F     		lsrs	r0, r0, #31
 315 00d0 FFF7FEFF 		bl	UL_Write
 316              	.LVL18:
  92:BLDC_Drive.c  ****     VH_Write(coilState.VH);
 317              		.loc 1 92 0
 318 00d4 207B     		ldrb	r0, [r4, #12]
 319 00d6 4007     		lsls	r0, r0, #29
 320 00d8 C00F     		lsrs	r0, r0, #31
 321 00da FFF7FEFF 		bl	VH_Write
 322              	.LVL19:
  93:BLDC_Drive.c  ****     VL_Write(coilState.VL);
 323              		.loc 1 93 0
 324 00de 207B     		ldrb	r0, [r4, #12]
 325 00e0 0007     		lsls	r0, r0, #28
 326 00e2 C00F     		lsrs	r0, r0, #31
 327 00e4 FFF7FEFF 		bl	VL_Write
 328              	.LVL20:
  94:BLDC_Drive.c  ****     WH_Write(coilState.WH);
 329              		.loc 1 94 0
 330 00e8 207B     		ldrb	r0, [r4, #12]
 331 00ea C006     		lsls	r0, r0, #27
 332 00ec C00F     		lsrs	r0, r0, #31
 333 00ee FFF7FEFF 		bl	WH_Write
 334              	.LVL21:
  95:BLDC_Drive.c  ****     WL_Write(coilState.WL);
 335              		.loc 1 95 0
 336 00f2 207B     		ldrb	r0, [r4, #12]
 337 00f4 8006     		lsls	r0, r0, #26
 338 00f6 C00F     		lsrs	r0, r0, #31
 339 00f8 FFF7FEFF 		bl	WL_Write
 340              	.LVL22:
  96:BLDC_Drive.c  **** }...
 341              		.loc 1 96 0
 342              		@ sp needed
 343 00fc 0CBC     		pop	{r2, r3}
 344 00fe 9046     		mov	r8, r2
 345 0100 9946     		mov	r9, r3
 346 0102 F8BD     		pop	{r3, r4, r5, r6, r7, pc}
 347              	.L17:
 348              		.align	2
 349              	.L16:
 350 0104 00000000 		.word	.LANCHOR0
 351              		.cfi_endproc
 352              	.LFE38:
 353              		.size	readHallState, .-readHallState
 354              		.global	hallState
 355              		.global	coilState
 356              		.comm	delay_ms,4,4
 357              		.global	currentDir
 358              		.global	currentSpeed
 359              		.global	invalidate
 360              		.bss
ARM GAS  C:\Users\casey\AppData\Local\Temp\ccnEz6na.s 			page 9


 361              		.align	2
 362              		.set	.LANCHOR0,. + 0
 363              		.type	invalidate, %object
 364              		.size	invalidate, 1
 365              	invalidate:
 366 0000 00       		.space	1
 367              		.type	currentDir, %object
 368              		.size	currentDir, 1
 369              	currentDir:
 370 0001 00       		.space	1
 371 0002 0000     		.space	2
 372              		.type	currentSpeed, %object
 373              		.size	currentSpeed, 4
 374              	currentSpeed:
 375 0004 00000000 		.space	4
 376              		.type	hallState, %object
 377              		.size	hallState, 1
 378              	hallState:
 379 0008 00       		.space	1
 380 0009 000000   		.space	3
 381              		.type	coilState, %object
 382              		.size	coilState, 1
 383              	coilState:
 384 000c 00       		.space	1
 385              		.text
 386              	.Letext0:
 387              		.file 2 "c:\\program files (x86)\\cypress\\psoc creator\\4.4\\psoc creator\\import\\gnu\\arm\\5.4.
 388              		.file 3 "c:\\program files (x86)\\cypress\\psoc creator\\4.4\\psoc creator\\import\\gnu\\arm\\5.4.
 389              		.file 4 "Generated_Source\\PSoC4/cytypes.h"
 390              		.file 5 "BLDC_Drive.h"
 391              		.file 6 "Generated_Source\\PSoC4/HALL1.h"
 392              		.file 7 "Generated_Source\\PSoC4/HALL2.h"
 393              		.file 8 "Generated_Source\\PSoC4/HALL3.h"
 394              		.file 9 "Generated_Source\\PSoC4/UH.h"
 395              		.file 10 "Generated_Source\\PSoC4/UL.h"
 396              		.file 11 "Generated_Source\\PSoC4/VH.h"
 397              		.file 12 "Generated_Source\\PSoC4/VL.h"
 398              		.file 13 "Generated_Source\\PSoC4/WH.h"
 399              		.file 14 "Generated_Source\\PSoC4/WL.h"
 400              		.section	.debug_info,"",%progbits
 401              	.Ldebug_info0:
 402 0000 2F030000 		.4byte	0x32f
 403 0004 0400     		.2byte	0x4
 404 0006 00000000 		.4byte	.Ldebug_abbrev0
 405 000a 04       		.byte	0x4
 406 000b 01       		.uleb128 0x1
 407 000c B6010000 		.4byte	.LASF45
 408 0010 0C       		.byte	0xc
 409 0011 00000000 		.4byte	.LASF46
 410 0015 00010000 		.4byte	.LASF47
 411 0019 00000000 		.4byte	.Ldebug_ranges0+0
 412 001d 00000000 		.4byte	0
 413 0021 00000000 		.4byte	.Ldebug_line0
 414 0025 02       		.uleb128 0x2
 415 0026 0D000000 		.4byte	.LASF0
 416 002a 02       		.byte	0x2
 417 002b 1B       		.byte	0x1b
ARM GAS  C:\Users\casey\AppData\Local\Temp\ccnEz6na.s 			page 10


 418 002c 30000000 		.4byte	0x30
 419 0030 03       		.uleb128 0x3
 420 0031 01       		.byte	0x1
 421 0032 06       		.byte	0x6
 422 0033 D2020000 		.4byte	.LASF2
 423 0037 02       		.uleb128 0x2
 424 0038 2F000000 		.4byte	.LASF1
 425 003c 02       		.byte	0x2
 426 003d 1D       		.byte	0x1d
 427 003e 42000000 		.4byte	0x42
 428 0042 03       		.uleb128 0x3
 429 0043 01       		.byte	0x1
 430 0044 08       		.byte	0x8
 431 0045 A7000000 		.4byte	.LASF3
 432 0049 02       		.uleb128 0x2
 433 004a 5E010000 		.4byte	.LASF4
 434 004e 02       		.byte	0x2
 435 004f 29       		.byte	0x29
 436 0050 54000000 		.4byte	0x54
 437 0054 03       		.uleb128 0x3
 438 0055 02       		.byte	0x2
 439 0056 05       		.byte	0x5
 440 0057 9C020000 		.4byte	.LASF5
 441 005b 03       		.uleb128 0x3
 442 005c 02       		.byte	0x2
 443 005d 07       		.byte	0x7
 444 005e 5A000000 		.4byte	.LASF6
 445 0062 02       		.uleb128 0x2
 446 0063 42000000 		.4byte	.LASF7
 447 0067 02       		.byte	0x2
 448 0068 3F       		.byte	0x3f
 449 0069 6D000000 		.4byte	0x6d
 450 006d 03       		.uleb128 0x3
 451 006e 04       		.byte	0x4
 452 006f 05       		.byte	0x5
 453 0070 C0020000 		.4byte	.LASF8
 454 0074 03       		.uleb128 0x3
 455 0075 04       		.byte	0x4
 456 0076 07       		.byte	0x7
 457 0077 D1000000 		.4byte	.LASF9
 458 007b 03       		.uleb128 0x3
 459 007c 08       		.byte	0x8
 460 007d 05       		.byte	0x5
 461 007e 6A020000 		.4byte	.LASF10
 462 0082 03       		.uleb128 0x3
 463 0083 08       		.byte	0x8
 464 0084 07       		.byte	0x7
 465 0085 8F010000 		.4byte	.LASF11
 466 0089 04       		.uleb128 0x4
 467 008a 04       		.byte	0x4
 468 008b 05       		.byte	0x5
 469 008c 696E7400 		.ascii	"int\000"
 470 0090 03       		.uleb128 0x3
 471 0091 04       		.byte	0x4
 472 0092 07       		.byte	0x7
 473 0093 73010000 		.4byte	.LASF12
 474 0097 02       		.uleb128 0x2
ARM GAS  C:\Users\casey\AppData\Local\Temp\ccnEz6na.s 			page 11


 475 0098 78000000 		.4byte	.LASF13
 476 009c 03       		.byte	0x3
 477 009d 14       		.byte	0x14
 478 009e 25000000 		.4byte	0x25
 479 00a2 02       		.uleb128 0x2
 480 00a3 A6010000 		.4byte	.LASF14
 481 00a7 03       		.byte	0x3
 482 00a8 18       		.byte	0x18
 483 00a9 37000000 		.4byte	0x37
 484 00ad 02       		.uleb128 0x2
 485 00ae AE010000 		.4byte	.LASF15
 486 00b2 03       		.byte	0x3
 487 00b3 20       		.byte	0x20
 488 00b4 49000000 		.4byte	0x49
 489 00b8 02       		.uleb128 0x2
 490 00b9 7F000000 		.4byte	.LASF16
 491 00bd 03       		.byte	0x3
 492 00be 2C       		.byte	0x2c
 493 00bf 62000000 		.4byte	0x62
 494 00c3 05       		.uleb128 0x5
 495 00c4 B0020000 		.4byte	.LASF17
 496 00c8 04       		.byte	0x4
 497 00c9 FB01     		.2byte	0x1fb
 498 00cb 42000000 		.4byte	0x42
 499 00cf 03       		.uleb128 0x3
 500 00d0 04       		.byte	0x4
 501 00d1 04       		.byte	0x4
 502 00d2 93000000 		.4byte	.LASF18
 503 00d6 03       		.uleb128 0x3
 504 00d7 08       		.byte	0x8
 505 00d8 04       		.byte	0x4
 506 00d9 DE020000 		.4byte	.LASF19
 507 00dd 03       		.uleb128 0x3
 508 00de 01       		.byte	0x1
 509 00df 08       		.byte	0x8
 510 00e0 81020000 		.4byte	.LASF20
 511 00e4 03       		.uleb128 0x3
 512 00e5 08       		.byte	0x8
 513 00e6 04       		.byte	0x4
 514 00e7 87000000 		.4byte	.LASF21
 515 00eb 03       		.uleb128 0x3
 516 00ec 04       		.byte	0x4
 517 00ed 07       		.byte	0x7
 518 00ee 57020000 		.4byte	.LASF22
 519 00f2 06       		.uleb128 0x6
 520 00f3 60020000 		.4byte	.LASF23
 521 00f7 01       		.byte	0x1
 522 00f8 05       		.byte	0x5
 523 00f9 13       		.byte	0x13
 524 00fa 53010000 		.4byte	0x153
 525 00fe 07       		.uleb128 0x7
 526 00ff 554800   		.ascii	"UH\000"
 527 0102 05       		.byte	0x5
 528 0103 15       		.byte	0x15
 529 0104 A2000000 		.4byte	0xa2
 530 0108 01       		.byte	0x1
 531 0109 01       		.byte	0x1
ARM GAS  C:\Users\casey\AppData\Local\Temp\ccnEz6na.s 			page 12


 532 010a 07       		.byte	0x7
 533 010b 00       		.byte	0
 534 010c 07       		.uleb128 0x7
 535 010d 554C00   		.ascii	"UL\000"
 536 0110 05       		.byte	0x5
 537 0111 16       		.byte	0x16
 538 0112 A2000000 		.4byte	0xa2
 539 0116 01       		.byte	0x1
 540 0117 01       		.byte	0x1
 541 0118 06       		.byte	0x6
 542 0119 00       		.byte	0
 543 011a 07       		.uleb128 0x7
 544 011b 564800   		.ascii	"VH\000"
 545 011e 05       		.byte	0x5
 546 011f 17       		.byte	0x17
 547 0120 A2000000 		.4byte	0xa2
 548 0124 01       		.byte	0x1
 549 0125 01       		.byte	0x1
 550 0126 05       		.byte	0x5
 551 0127 00       		.byte	0
 552 0128 07       		.uleb128 0x7
 553 0129 564C00   		.ascii	"VL\000"
 554 012c 05       		.byte	0x5
 555 012d 18       		.byte	0x18
 556 012e A2000000 		.4byte	0xa2
 557 0132 01       		.byte	0x1
 558 0133 01       		.byte	0x1
 559 0134 04       		.byte	0x4
 560 0135 00       		.byte	0
 561 0136 07       		.uleb128 0x7
 562 0137 574800   		.ascii	"WH\000"
 563 013a 05       		.byte	0x5
 564 013b 19       		.byte	0x19
 565 013c A2000000 		.4byte	0xa2
 566 0140 01       		.byte	0x1
 567 0141 01       		.byte	0x1
 568 0142 03       		.byte	0x3
 569 0143 00       		.byte	0
 570 0144 07       		.uleb128 0x7
 571 0145 574C00   		.ascii	"WL\000"
 572 0148 05       		.byte	0x5
 573 0149 1A       		.byte	0x1a
 574 014a A2000000 		.4byte	0xa2
 575 014e 01       		.byte	0x1
 576 014f 01       		.byte	0x1
 577 0150 02       		.byte	0x2
 578 0151 00       		.byte	0
 579 0152 00       		.byte	0
 580 0153 06       		.uleb128 0x6
 581 0154 B6020000 		.4byte	.LASF24
 582 0158 01       		.byte	0x1
 583 0159 05       		.byte	0x5
 584 015a 1E       		.byte	0x1e
 585 015b 87010000 		.4byte	0x187
 586 015f 07       		.uleb128 0x7
 587 0160 4100     		.ascii	"A\000"
 588 0162 05       		.byte	0x5
ARM GAS  C:\Users\casey\AppData\Local\Temp\ccnEz6na.s 			page 13


 589 0163 20       		.byte	0x20
 590 0164 A2000000 		.4byte	0xa2
 591 0168 01       		.byte	0x1
 592 0169 01       		.byte	0x1
 593 016a 07       		.byte	0x7
 594 016b 00       		.byte	0
 595 016c 07       		.uleb128 0x7
 596 016d 4200     		.ascii	"B\000"
 597 016f 05       		.byte	0x5
 598 0170 21       		.byte	0x21
 599 0171 A2000000 		.4byte	0xa2
 600 0175 01       		.byte	0x1
 601 0176 01       		.byte	0x1
 602 0177 06       		.byte	0x6
 603 0178 00       		.byte	0
 604 0179 07       		.uleb128 0x7
 605 017a 4300     		.ascii	"C\000"
 606 017c 05       		.byte	0x5
 607 017d 22       		.byte	0x22
 608 017e A2000000 		.4byte	0xa2
 609 0182 01       		.byte	0x1
 610 0183 01       		.byte	0x1
 611 0184 05       		.byte	0x5
 612 0185 00       		.byte	0
 613 0186 00       		.byte	0
 614 0187 08       		.uleb128 0x8
 615 0188 80010000 		.4byte	.LASF25
 616 018c 01       		.byte	0x1
 617 018d 1B       		.byte	0x1b
 618 018e 00000000 		.4byte	.LFB35
 619 0192 02000000 		.4byte	.LFE35-.LFB35
 620 0196 01       		.uleb128 0x1
 621 0197 9C       		.byte	0x9c
 622 0198 AA010000 		.4byte	0x1aa
 623 019c 09       		.uleb128 0x9
 624 019d A6020000 		.4byte	.LASF27
 625 01a1 01       		.byte	0x1
 626 01a2 1B       		.byte	0x1b
 627 01a3 A2000000 		.4byte	0xa2
 628 01a7 01       		.uleb128 0x1
 629 01a8 50       		.byte	0x50
 630 01a9 00       		.byte	0
 631 01aa 0A       		.uleb128 0xa
 632 01ab BE000000 		.4byte	.LASF26
 633 01af 01       		.byte	0x1
 634 01b0 22       		.byte	0x22
 635 01b1 00000000 		.4byte	.LFB36
 636 01b5 74000000 		.4byte	.LFE36-.LFB36
 637 01b9 01       		.uleb128 0x1
 638 01ba 9C       		.byte	0x9c
 639 01bb ED010000 		.4byte	0x1ed
 640 01bf 0B       		.uleb128 0xb
 641 01c0 51020000 		.4byte	.LASF28
 642 01c4 01       		.byte	0x1
 643 01c5 22       		.byte	0x22
 644 01c6 AD000000 		.4byte	0xad
 645 01ca 00000000 		.4byte	.LLST0
ARM GAS  C:\Users\casey\AppData\Local\Temp\ccnEz6na.s 			page 14


 646 01ce 0B       		.uleb128 0xb
 647 01cf 99000000 		.4byte	.LASF29
 648 01d3 01       		.byte	0x1
 649 01d4 22       		.byte	0x22
 650 01d5 A2000000 		.4byte	0xa2
 651 01d9 3A000000 		.4byte	.LLST1
 652 01dd 0B       		.uleb128 0xb
 653 01de EE000000 		.4byte	.LASF30
 654 01e2 01       		.byte	0x1
 655 01e3 22       		.byte	0x22
 656 01e4 C3000000 		.4byte	0xc3
 657 01e8 74000000 		.4byte	.LLST2
 658 01ec 00       		.byte	0
 659 01ed 0C       		.uleb128 0xc
 660 01ee 1F000000 		.4byte	.LASF48
 661 01f2 01       		.byte	0x1
 662 01f3 3D       		.byte	0x3d
 663 01f4 AD000000 		.4byte	0xad
 664 01f8 00000000 		.4byte	.LFB37
 665 01fc 0C000000 		.4byte	.LFE37-.LFB37
 666 0200 01       		.uleb128 0x1
 667 0201 9C       		.byte	0x9c
 668 0202 0D       		.uleb128 0xd
 669 0203 4C000000 		.4byte	.LASF49
 670 0207 01       		.byte	0x1
 671 0208 4D       		.byte	0x4d
 672 0209 00000000 		.4byte	.LFB38
 673 020d 08010000 		.4byte	.LFE38-.LFB38
 674 0211 01       		.uleb128 0x1
 675 0212 9C       		.byte	0x9c
 676 0213 69020000 		.4byte	0x269
 677 0217 0E       		.uleb128 0xe
 678 0218 0C000000 		.4byte	.LVL14
 679 021c CF020000 		.4byte	0x2cf
 680 0220 0E       		.uleb128 0xe
 681 0221 20000000 		.4byte	.LVL15
 682 0225 DA020000 		.4byte	0x2da
 683 0229 0E       		.uleb128 0xe
 684 022a 32000000 		.4byte	.LVL16
 685 022e E5020000 		.4byte	0x2e5
 686 0232 0E       		.uleb128 0xe
 687 0233 CA000000 		.4byte	.LVL17
 688 0237 F0020000 		.4byte	0x2f0
 689 023b 0E       		.uleb128 0xe
 690 023c D4000000 		.4byte	.LVL18
 691 0240 FB020000 		.4byte	0x2fb
 692 0244 0E       		.uleb128 0xe
 693 0245 DE000000 		.4byte	.LVL19
 694 0249 06030000 		.4byte	0x306
 695 024d 0E       		.uleb128 0xe
 696 024e E8000000 		.4byte	.LVL20
 697 0252 11030000 		.4byte	0x311
 698 0256 0E       		.uleb128 0xe
 699 0257 F2000000 		.4byte	.LVL21
 700 025b 1C030000 		.4byte	0x31c
 701 025f 0E       		.uleb128 0xe
 702 0260 FC000000 		.4byte	.LVL22
ARM GAS  C:\Users\casey\AppData\Local\Temp\ccnEz6na.s 			page 15


 703 0264 27030000 		.4byte	0x327
 704 0268 00       		.byte	0
 705 0269 0F       		.uleb128 0xf
 706 026a E3000000 		.4byte	.LASF31
 707 026e 01       		.byte	0x1
 708 026f 10       		.byte	0x10
 709 0270 A2000000 		.4byte	0xa2
 710 0274 05       		.uleb128 0x5
 711 0275 03       		.byte	0x3
 712 0276 00000000 		.4byte	invalidate
 713 027a 0F       		.uleb128 0xf
 714 027b 44020000 		.4byte	.LASF32
 715 027f 01       		.byte	0x1
 716 0280 13       		.byte	0x13
 717 0281 B8000000 		.4byte	0xb8
 718 0285 05       		.uleb128 0x5
 719 0286 03       		.byte	0x3
 720 0287 00000000 		.4byte	currentSpeed
 721 028b 0F       		.uleb128 0xf
 722 028c 91020000 		.4byte	.LASF33
 723 0290 01       		.byte	0x1
 724 0291 14       		.byte	0x14
 725 0292 97000000 		.4byte	0x97
 726 0296 05       		.uleb128 0x5
 727 0297 03       		.byte	0x3
 728 0298 00000000 		.4byte	currentDir
 729 029c 0F       		.uleb128 0xf
 730 029d B5000000 		.4byte	.LASF34
 731 02a1 01       		.byte	0x1
 732 02a2 19       		.byte	0x19
 733 02a3 CF000000 		.4byte	0xcf
 734 02a7 05       		.uleb128 0x5
 735 02a8 03       		.byte	0x3
 736 02a9 00000000 		.4byte	delay_ms
 737 02ad 0F       		.uleb128 0xf
 738 02ae F6000000 		.4byte	.LASF35
 739 02b2 01       		.byte	0x1
 740 02b3 41       		.byte	0x41
 741 02b4 F2000000 		.4byte	0xf2
 742 02b8 05       		.uleb128 0x5
 743 02b9 03       		.byte	0x3
 744 02ba 00000000 		.4byte	coilState
 745 02be 0F       		.uleb128 0xf
 746 02bf A6020000 		.4byte	.LASF27
 747 02c3 01       		.byte	0x1
 748 02c4 42       		.byte	0x42
 749 02c5 53010000 		.4byte	0x153
 750 02c9 05       		.uleb128 0x5
 751 02ca 03       		.byte	0x3
 752 02cb 00000000 		.4byte	hallState
 753 02cf 10       		.uleb128 0x10
 754 02d0 6D000000 		.4byte	.LASF36
 755 02d4 6D000000 		.4byte	.LASF36
 756 02d8 06       		.byte	0x6
 757 02d9 32       		.byte	0x32
 758 02da 10       		.uleb128 0x10
 759 02db 68010000 		.4byte	.LASF37
ARM GAS  C:\Users\casey\AppData\Local\Temp\ccnEz6na.s 			page 16


 760 02df 68010000 		.4byte	.LASF37
 761 02e3 07       		.byte	0x7
 762 02e4 32       		.byte	0x32
 763 02e5 10       		.uleb128 0x10
 764 02e6 86020000 		.4byte	.LASF38
 765 02ea 86020000 		.4byte	.LASF38
 766 02ee 08       		.byte	0x8
 767 02ef 32       		.byte	0x32
 768 02f0 10       		.uleb128 0x10
 769 02f1 16000000 		.4byte	.LASF39
 770 02f5 16000000 		.4byte	.LASF39
 771 02f9 09       		.byte	0x9
 772 02fa 33       		.byte	0x33
 773 02fb 10       		.uleb128 0x10
 774 02fc 39000000 		.4byte	.LASF40
 775 0300 39000000 		.4byte	.LASF40
 776 0304 0A       		.byte	0xa
 777 0305 33       		.byte	0x33
 778 0306 10       		.uleb128 0x10
 779 0307 55010000 		.4byte	.LASF41
 780 030b 55010000 		.4byte	.LASF41
 781 030f 0B       		.byte	0xb
 782 0310 33       		.byte	0x33
 783 0311 10       		.uleb128 0x10
 784 0312 C9020000 		.4byte	.LASF42
 785 0316 C9020000 		.4byte	.LASF42
 786 031a 0C       		.byte	0xc
 787 031b 33       		.byte	0x33
 788 031c 10       		.uleb128 0x10
 789 031d C8000000 		.4byte	.LASF43
 790 0321 C8000000 		.4byte	.LASF43
 791 0325 0D       		.byte	0xd
 792 0326 33       		.byte	0x33
 793 0327 10       		.uleb128 0x10
 794 0328 78020000 		.4byte	.LASF44
 795 032c 78020000 		.4byte	.LASF44
 796 0330 0E       		.byte	0xe
 797 0331 33       		.byte	0x33
 798 0332 00       		.byte	0
 799              		.section	.debug_abbrev,"",%progbits
 800              	.Ldebug_abbrev0:
 801 0000 01       		.uleb128 0x1
 802 0001 11       		.uleb128 0x11
 803 0002 01       		.byte	0x1
 804 0003 25       		.uleb128 0x25
 805 0004 0E       		.uleb128 0xe
 806 0005 13       		.uleb128 0x13
 807 0006 0B       		.uleb128 0xb
 808 0007 03       		.uleb128 0x3
 809 0008 0E       		.uleb128 0xe
 810 0009 1B       		.uleb128 0x1b
 811 000a 0E       		.uleb128 0xe
 812 000b 55       		.uleb128 0x55
 813 000c 17       		.uleb128 0x17
 814 000d 11       		.uleb128 0x11
 815 000e 01       		.uleb128 0x1
 816 000f 10       		.uleb128 0x10
ARM GAS  C:\Users\casey\AppData\Local\Temp\ccnEz6na.s 			page 17


 817 0010 17       		.uleb128 0x17
 818 0011 00       		.byte	0
 819 0012 00       		.byte	0
 820 0013 02       		.uleb128 0x2
 821 0014 16       		.uleb128 0x16
 822 0015 00       		.byte	0
 823 0016 03       		.uleb128 0x3
 824 0017 0E       		.uleb128 0xe
 825 0018 3A       		.uleb128 0x3a
 826 0019 0B       		.uleb128 0xb
 827 001a 3B       		.uleb128 0x3b
 828 001b 0B       		.uleb128 0xb
 829 001c 49       		.uleb128 0x49
 830 001d 13       		.uleb128 0x13
 831 001e 00       		.byte	0
 832 001f 00       		.byte	0
 833 0020 03       		.uleb128 0x3
 834 0021 24       		.uleb128 0x24
 835 0022 00       		.byte	0
 836 0023 0B       		.uleb128 0xb
 837 0024 0B       		.uleb128 0xb
 838 0025 3E       		.uleb128 0x3e
 839 0026 0B       		.uleb128 0xb
 840 0027 03       		.uleb128 0x3
 841 0028 0E       		.uleb128 0xe
 842 0029 00       		.byte	0
 843 002a 00       		.byte	0
 844 002b 04       		.uleb128 0x4
 845 002c 24       		.uleb128 0x24
 846 002d 00       		.byte	0
 847 002e 0B       		.uleb128 0xb
 848 002f 0B       		.uleb128 0xb
 849 0030 3E       		.uleb128 0x3e
 850 0031 0B       		.uleb128 0xb
 851 0032 03       		.uleb128 0x3
 852 0033 08       		.uleb128 0x8
 853 0034 00       		.byte	0
 854 0035 00       		.byte	0
 855 0036 05       		.uleb128 0x5
 856 0037 16       		.uleb128 0x16
 857 0038 00       		.byte	0
 858 0039 03       		.uleb128 0x3
 859 003a 0E       		.uleb128 0xe
 860 003b 3A       		.uleb128 0x3a
 861 003c 0B       		.uleb128 0xb
 862 003d 3B       		.uleb128 0x3b
 863 003e 05       		.uleb128 0x5
 864 003f 49       		.uleb128 0x49
 865 0040 13       		.uleb128 0x13
 866 0041 00       		.byte	0
 867 0042 00       		.byte	0
 868 0043 06       		.uleb128 0x6
 869 0044 13       		.uleb128 0x13
 870 0045 01       		.byte	0x1
 871 0046 03       		.uleb128 0x3
 872 0047 0E       		.uleb128 0xe
 873 0048 0B       		.uleb128 0xb
ARM GAS  C:\Users\casey\AppData\Local\Temp\ccnEz6na.s 			page 18


 874 0049 0B       		.uleb128 0xb
 875 004a 3A       		.uleb128 0x3a
 876 004b 0B       		.uleb128 0xb
 877 004c 3B       		.uleb128 0x3b
 878 004d 0B       		.uleb128 0xb
 879 004e 01       		.uleb128 0x1
 880 004f 13       		.uleb128 0x13
 881 0050 00       		.byte	0
 882 0051 00       		.byte	0
 883 0052 07       		.uleb128 0x7
 884 0053 0D       		.uleb128 0xd
 885 0054 00       		.byte	0
 886 0055 03       		.uleb128 0x3
 887 0056 08       		.uleb128 0x8
 888 0057 3A       		.uleb128 0x3a
 889 0058 0B       		.uleb128 0xb
 890 0059 3B       		.uleb128 0x3b
 891 005a 0B       		.uleb128 0xb
 892 005b 49       		.uleb128 0x49
 893 005c 13       		.uleb128 0x13
 894 005d 0B       		.uleb128 0xb
 895 005e 0B       		.uleb128 0xb
 896 005f 0D       		.uleb128 0xd
 897 0060 0B       		.uleb128 0xb
 898 0061 0C       		.uleb128 0xc
 899 0062 0B       		.uleb128 0xb
 900 0063 38       		.uleb128 0x38
 901 0064 0B       		.uleb128 0xb
 902 0065 00       		.byte	0
 903 0066 00       		.byte	0
 904 0067 08       		.uleb128 0x8
 905 0068 2E       		.uleb128 0x2e
 906 0069 01       		.byte	0x1
 907 006a 3F       		.uleb128 0x3f
 908 006b 19       		.uleb128 0x19
 909 006c 03       		.uleb128 0x3
 910 006d 0E       		.uleb128 0xe
 911 006e 3A       		.uleb128 0x3a
 912 006f 0B       		.uleb128 0xb
 913 0070 3B       		.uleb128 0x3b
 914 0071 0B       		.uleb128 0xb
 915 0072 27       		.uleb128 0x27
 916 0073 19       		.uleb128 0x19
 917 0074 11       		.uleb128 0x11
 918 0075 01       		.uleb128 0x1
 919 0076 12       		.uleb128 0x12
 920 0077 06       		.uleb128 0x6
 921 0078 40       		.uleb128 0x40
 922 0079 18       		.uleb128 0x18
 923 007a 9742     		.uleb128 0x2117
 924 007c 19       		.uleb128 0x19
 925 007d 01       		.uleb128 0x1
 926 007e 13       		.uleb128 0x13
 927 007f 00       		.byte	0
 928 0080 00       		.byte	0
 929 0081 09       		.uleb128 0x9
 930 0082 05       		.uleb128 0x5
ARM GAS  C:\Users\casey\AppData\Local\Temp\ccnEz6na.s 			page 19


 931 0083 00       		.byte	0
 932 0084 03       		.uleb128 0x3
 933 0085 0E       		.uleb128 0xe
 934 0086 3A       		.uleb128 0x3a
 935 0087 0B       		.uleb128 0xb
 936 0088 3B       		.uleb128 0x3b
 937 0089 0B       		.uleb128 0xb
 938 008a 49       		.uleb128 0x49
 939 008b 13       		.uleb128 0x13
 940 008c 02       		.uleb128 0x2
 941 008d 18       		.uleb128 0x18
 942 008e 00       		.byte	0
 943 008f 00       		.byte	0
 944 0090 0A       		.uleb128 0xa
 945 0091 2E       		.uleb128 0x2e
 946 0092 01       		.byte	0x1
 947 0093 3F       		.uleb128 0x3f
 948 0094 19       		.uleb128 0x19
 949 0095 03       		.uleb128 0x3
 950 0096 0E       		.uleb128 0xe
 951 0097 3A       		.uleb128 0x3a
 952 0098 0B       		.uleb128 0xb
 953 0099 3B       		.uleb128 0x3b
 954 009a 0B       		.uleb128 0xb
 955 009b 27       		.uleb128 0x27
 956 009c 19       		.uleb128 0x19
 957 009d 11       		.uleb128 0x11
 958 009e 01       		.uleb128 0x1
 959 009f 12       		.uleb128 0x12
 960 00a0 06       		.uleb128 0x6
 961 00a1 40       		.uleb128 0x40
 962 00a2 18       		.uleb128 0x18
 963 00a3 9642     		.uleb128 0x2116
 964 00a5 19       		.uleb128 0x19
 965 00a6 01       		.uleb128 0x1
 966 00a7 13       		.uleb128 0x13
 967 00a8 00       		.byte	0
 968 00a9 00       		.byte	0
 969 00aa 0B       		.uleb128 0xb
 970 00ab 05       		.uleb128 0x5
 971 00ac 00       		.byte	0
 972 00ad 03       		.uleb128 0x3
 973 00ae 0E       		.uleb128 0xe
 974 00af 3A       		.uleb128 0x3a
 975 00b0 0B       		.uleb128 0xb
 976 00b1 3B       		.uleb128 0x3b
 977 00b2 0B       		.uleb128 0xb
 978 00b3 49       		.uleb128 0x49
 979 00b4 13       		.uleb128 0x13
 980 00b5 02       		.uleb128 0x2
 981 00b6 17       		.uleb128 0x17
 982 00b7 00       		.byte	0
 983 00b8 00       		.byte	0
 984 00b9 0C       		.uleb128 0xc
 985 00ba 2E       		.uleb128 0x2e
 986 00bb 00       		.byte	0
 987 00bc 3F       		.uleb128 0x3f
ARM GAS  C:\Users\casey\AppData\Local\Temp\ccnEz6na.s 			page 20


 988 00bd 19       		.uleb128 0x19
 989 00be 03       		.uleb128 0x3
 990 00bf 0E       		.uleb128 0xe
 991 00c0 3A       		.uleb128 0x3a
 992 00c1 0B       		.uleb128 0xb
 993 00c2 3B       		.uleb128 0x3b
 994 00c3 0B       		.uleb128 0xb
 995 00c4 49       		.uleb128 0x49
 996 00c5 13       		.uleb128 0x13
 997 00c6 11       		.uleb128 0x11
 998 00c7 01       		.uleb128 0x1
 999 00c8 12       		.uleb128 0x12
 1000 00c9 06       		.uleb128 0x6
 1001 00ca 40       		.uleb128 0x40
 1002 00cb 18       		.uleb128 0x18
 1003 00cc 9742     		.uleb128 0x2117
 1004 00ce 19       		.uleb128 0x19
 1005 00cf 00       		.byte	0
 1006 00d0 00       		.byte	0
 1007 00d1 0D       		.uleb128 0xd
 1008 00d2 2E       		.uleb128 0x2e
 1009 00d3 01       		.byte	0x1
 1010 00d4 3F       		.uleb128 0x3f
 1011 00d5 19       		.uleb128 0x19
 1012 00d6 03       		.uleb128 0x3
 1013 00d7 0E       		.uleb128 0xe
 1014 00d8 3A       		.uleb128 0x3a
 1015 00d9 0B       		.uleb128 0xb
 1016 00da 3B       		.uleb128 0x3b
 1017 00db 0B       		.uleb128 0xb
 1018 00dc 11       		.uleb128 0x11
 1019 00dd 01       		.uleb128 0x1
 1020 00de 12       		.uleb128 0x12
 1021 00df 06       		.uleb128 0x6
 1022 00e0 40       		.uleb128 0x40
 1023 00e1 18       		.uleb128 0x18
 1024 00e2 9742     		.uleb128 0x2117
 1025 00e4 19       		.uleb128 0x19
 1026 00e5 01       		.uleb128 0x1
 1027 00e6 13       		.uleb128 0x13
 1028 00e7 00       		.byte	0
 1029 00e8 00       		.byte	0
 1030 00e9 0E       		.uleb128 0xe
 1031 00ea 898201   		.uleb128 0x4109
 1032 00ed 00       		.byte	0
 1033 00ee 11       		.uleb128 0x11
 1034 00ef 01       		.uleb128 0x1
 1035 00f0 31       		.uleb128 0x31
 1036 00f1 13       		.uleb128 0x13
 1037 00f2 00       		.byte	0
 1038 00f3 00       		.byte	0
 1039 00f4 0F       		.uleb128 0xf
 1040 00f5 34       		.uleb128 0x34
 1041 00f6 00       		.byte	0
 1042 00f7 03       		.uleb128 0x3
 1043 00f8 0E       		.uleb128 0xe
 1044 00f9 3A       		.uleb128 0x3a
ARM GAS  C:\Users\casey\AppData\Local\Temp\ccnEz6na.s 			page 21


 1045 00fa 0B       		.uleb128 0xb
 1046 00fb 3B       		.uleb128 0x3b
 1047 00fc 0B       		.uleb128 0xb
 1048 00fd 49       		.uleb128 0x49
 1049 00fe 13       		.uleb128 0x13
 1050 00ff 3F       		.uleb128 0x3f
 1051 0100 19       		.uleb128 0x19
 1052 0101 02       		.uleb128 0x2
 1053 0102 18       		.uleb128 0x18
 1054 0103 00       		.byte	0
 1055 0104 00       		.byte	0
 1056 0105 10       		.uleb128 0x10
 1057 0106 2E       		.uleb128 0x2e
 1058 0107 00       		.byte	0
 1059 0108 3F       		.uleb128 0x3f
 1060 0109 19       		.uleb128 0x19
 1061 010a 3C       		.uleb128 0x3c
 1062 010b 19       		.uleb128 0x19
 1063 010c 6E       		.uleb128 0x6e
 1064 010d 0E       		.uleb128 0xe
 1065 010e 03       		.uleb128 0x3
 1066 010f 0E       		.uleb128 0xe
 1067 0110 3A       		.uleb128 0x3a
 1068 0111 0B       		.uleb128 0xb
 1069 0112 3B       		.uleb128 0x3b
 1070 0113 0B       		.uleb128 0xb
 1071 0114 00       		.byte	0
 1072 0115 00       		.byte	0
 1073 0116 00       		.byte	0
 1074              		.section	.debug_loc,"",%progbits
 1075              	.Ldebug_loc0:
 1076              	.LLST0:
 1077 0000 00000000 		.4byte	.LVL1
 1078 0004 1C000000 		.4byte	.LVL3
 1079 0008 0100     		.2byte	0x1
 1080 000a 50       		.byte	0x50
 1081 000b 1C000000 		.4byte	.LVL3
 1082 000f 20000000 		.4byte	.LVL4
 1083 0013 0400     		.2byte	0x4
 1084 0015 F3       		.byte	0xf3
 1085 0016 01       		.uleb128 0x1
 1086 0017 50       		.byte	0x50
 1087 0018 9F       		.byte	0x9f
 1088 0019 20000000 		.4byte	.LVL4
 1089 001d 3C000000 		.4byte	.LVL8
 1090 0021 0100     		.2byte	0x1
 1091 0023 50       		.byte	0x50
 1092 0024 3C000000 		.4byte	.LVL8
 1093 0028 74000000 		.4byte	.LFE36
 1094 002c 0400     		.2byte	0x4
 1095 002e F3       		.byte	0xf3
 1096 002f 01       		.uleb128 0x1
 1097 0030 50       		.byte	0x50
 1098 0031 9F       		.byte	0x9f
 1099 0032 00000000 		.4byte	0
 1100 0036 00000000 		.4byte	0
 1101              	.LLST1:
ARM GAS  C:\Users\casey\AppData\Local\Temp\ccnEz6na.s 			page 22


 1102 003a 00000000 		.4byte	.LVL1
 1103 003e 47000000 		.4byte	.LVL9-1
 1104 0042 0100     		.2byte	0x1
 1105 0044 51       		.byte	0x51
 1106 0045 47000000 		.4byte	.LVL9-1
 1107 0049 5C000000 		.4byte	.LVL12
 1108 004d 0400     		.2byte	0x4
 1109 004f F3       		.byte	0xf3
 1110 0050 01       		.uleb128 0x1
 1111 0051 51       		.byte	0x51
 1112 0052 9F       		.byte	0x9f
 1113 0053 5C000000 		.4byte	.LVL12
 1114 0057 62000000 		.4byte	.LVL13
 1115 005b 0100     		.2byte	0x1
 1116 005d 51       		.byte	0x51
 1117 005e 62000000 		.4byte	.LVL13
 1118 0062 74000000 		.4byte	.LFE36
 1119 0066 0400     		.2byte	0x4
 1120 0068 F3       		.byte	0xf3
 1121 0069 01       		.uleb128 0x1
 1122 006a 51       		.byte	0x51
 1123 006b 9F       		.byte	0x9f
 1124 006c 00000000 		.4byte	0
 1125 0070 00000000 		.4byte	0
 1126              	.LLST2:
 1127 0074 00000000 		.4byte	.LVL1
 1128 0078 18000000 		.4byte	.LVL2
 1129 007c 0100     		.2byte	0x1
 1130 007e 52       		.byte	0x52
 1131 007f 18000000 		.4byte	.LVL2
 1132 0083 20000000 		.4byte	.LVL4
 1133 0087 0400     		.2byte	0x4
 1134 0089 F3       		.byte	0xf3
 1135 008a 01       		.uleb128 0x1
 1136 008b 52       		.byte	0x52
 1137 008c 9F       		.byte	0x9f
 1138 008d 20000000 		.4byte	.LVL4
 1139 0091 30000000 		.4byte	.LVL5
 1140 0095 0100     		.2byte	0x1
 1141 0097 52       		.byte	0x52
 1142 0098 30000000 		.4byte	.LVL5
 1143 009c 36000000 		.4byte	.LVL6
 1144 00a0 0400     		.2byte	0x4
 1145 00a2 F3       		.byte	0xf3
 1146 00a3 01       		.uleb128 0x1
 1147 00a4 52       		.byte	0x52
 1148 00a5 9F       		.byte	0x9f
 1149 00a6 36000000 		.4byte	.LVL6
 1150 00aa 38000000 		.4byte	.LVL7
 1151 00ae 0100     		.2byte	0x1
 1152 00b0 52       		.byte	0x52
 1153 00b1 38000000 		.4byte	.LVL7
 1154 00b5 74000000 		.4byte	.LFE36
 1155 00b9 0400     		.2byte	0x4
 1156 00bb F3       		.byte	0xf3
 1157 00bc 01       		.uleb128 0x1
 1158 00bd 52       		.byte	0x52
ARM GAS  C:\Users\casey\AppData\Local\Temp\ccnEz6na.s 			page 23


 1159 00be 9F       		.byte	0x9f
 1160 00bf 00000000 		.4byte	0
 1161 00c3 00000000 		.4byte	0
 1162              		.section	.debug_aranges,"",%progbits
 1163 0000 34000000 		.4byte	0x34
 1164 0004 0200     		.2byte	0x2
 1165 0006 00000000 		.4byte	.Ldebug_info0
 1166 000a 04       		.byte	0x4
 1167 000b 00       		.byte	0
 1168 000c 0000     		.2byte	0
 1169 000e 0000     		.2byte	0
 1170 0010 00000000 		.4byte	.LFB35
 1171 0014 02000000 		.4byte	.LFE35-.LFB35
 1172 0018 00000000 		.4byte	.LFB36
 1173 001c 74000000 		.4byte	.LFE36-.LFB36
 1174 0020 00000000 		.4byte	.LFB37
 1175 0024 0C000000 		.4byte	.LFE37-.LFB37
 1176 0028 00000000 		.4byte	.LFB38
 1177 002c 08010000 		.4byte	.LFE38-.LFB38
 1178 0030 00000000 		.4byte	0
 1179 0034 00000000 		.4byte	0
 1180              		.section	.debug_ranges,"",%progbits
 1181              	.Ldebug_ranges0:
 1182 0000 00000000 		.4byte	.LFB35
 1183 0004 02000000 		.4byte	.LFE35
 1184 0008 00000000 		.4byte	.LFB36
 1185 000c 74000000 		.4byte	.LFE36
 1186 0010 00000000 		.4byte	.LFB37
 1187 0014 0C000000 		.4byte	.LFE37
 1188 0018 00000000 		.4byte	.LFB38
 1189 001c 08010000 		.4byte	.LFE38
 1190 0020 00000000 		.4byte	0
 1191 0024 00000000 		.4byte	0
 1192              		.section	.debug_line,"",%progbits
 1193              	.Ldebug_line0:
 1194 0000 1F020000 		.section	.debug_str,"MS",%progbits,1
 1194      0200A501 
 1194      00000201 
 1194      FB0E0D00 
 1194      01010101 
 1195              	.LASF46:
 1196 0000 424C4443 		.ascii	"BLDC_Drive.c\000"
 1196      5F447269 
 1196      76652E63 
 1196      00
 1197              	.LASF0:
 1198 000d 5F5F696E 		.ascii	"__int8_t\000"
 1198      74385F74 
 1198      00
 1199              	.LASF39:
 1200 0016 55485F57 		.ascii	"UH_Write\000"
 1200      72697465 
 1200      00
 1201              	.LASF48:
 1202 001f 47657443 		.ascii	"GetCurrentSpeed\000"
 1202      75727265 
 1202      6E745370 
ARM GAS  C:\Users\casey\AppData\Local\Temp\ccnEz6na.s 			page 24


 1202      65656400 
 1203              	.LASF1:
 1204 002f 5F5F7569 		.ascii	"__uint8_t\000"
 1204      6E74385F 
 1204      7400
 1205              	.LASF40:
 1206 0039 554C5F57 		.ascii	"UL_Write\000"
 1206      72697465 
 1206      00
 1207              	.LASF7:
 1208 0042 5F5F696E 		.ascii	"__int32_t\000"
 1208      7433325F 
 1208      7400
 1209              	.LASF49:
 1210 004c 72656164 		.ascii	"readHallState\000"
 1210      48616C6C 
 1210      53746174 
 1210      6500
 1211              	.LASF6:
 1212 005a 73686F72 		.ascii	"short unsigned int\000"
 1212      7420756E 
 1212      7369676E 
 1212      65642069 
 1212      6E7400
 1213              	.LASF36:
 1214 006d 48414C4C 		.ascii	"HALL1_Read\000"
 1214      315F5265 
 1214      616400
 1215              	.LASF13:
 1216 0078 696E7438 		.ascii	"int8_t\000"
 1216      5F7400
 1217              	.LASF16:
 1218 007f 696E7433 		.ascii	"int32_t\000"
 1218      325F7400 
 1219              	.LASF21:
 1220 0087 6C6F6E67 		.ascii	"long double\000"
 1220      20646F75 
 1220      626C6500 
 1221              	.LASF18:
 1222 0093 666C6F61 		.ascii	"float\000"
 1222      7400
 1223              	.LASF29:
 1224 0099 64697361 		.ascii	"disable_limit\000"
 1224      626C655F 
 1224      6C696D69 
 1224      7400
 1225              	.LASF3:
 1226 00a7 756E7369 		.ascii	"unsigned char\000"
 1226      676E6564 
 1226      20636861 
 1226      7200
 1227              	.LASF34:
 1228 00b5 64656C61 		.ascii	"delay_ms\000"
 1228      795F6D73 
 1228      00
 1229              	.LASF26:
 1230 00be 7365745F 		.ascii	"set_speed\000"
ARM GAS  C:\Users\casey\AppData\Local\Temp\ccnEz6na.s 			page 25


 1230      73706565 
 1230      6400
 1231              	.LASF43:
 1232 00c8 57485F57 		.ascii	"WH_Write\000"
 1232      72697465 
 1232      00
 1233              	.LASF9:
 1234 00d1 6C6F6E67 		.ascii	"long unsigned int\000"
 1234      20756E73 
 1234      69676E65 
 1234      6420696E 
 1234      7400
 1235              	.LASF31:
 1236 00e3 696E7661 		.ascii	"invalidate\000"
 1236      6C696461 
 1236      746500
 1237              	.LASF30:
 1238 00ee 6C696D69 		.ascii	"limitSW\000"
 1238      74535700 
 1239              	.LASF35:
 1240 00f6 636F696C 		.ascii	"coilState\000"
 1240      53746174 
 1240      6500
 1241              	.LASF47:
 1242 0100 433A5C55 		.ascii	"C:\\Users\\casey\\Desktop\\Robotics Stuff\\BLDC_Mot"
 1242      73657273 
 1242      5C636173 
 1242      65795C44 
 1242      65736B74 
 1243 012e 6F725F42 		.ascii	"or_Board_PY2023\\BLDC_Motor_Board.cydsn\000"
 1243      6F617264 
 1243      5F505932 
 1243      3032335C 
 1243      424C4443 
 1244              	.LASF41:
 1245 0155 56485F57 		.ascii	"VH_Write\000"
 1245      72697465 
 1245      00
 1246              	.LASF4:
 1247 015e 5F5F696E 		.ascii	"__int16_t\000"
 1247      7431365F 
 1247      7400
 1248              	.LASF37:
 1249 0168 48414C4C 		.ascii	"HALL2_Read\000"
 1249      325F5265 
 1249      616400
 1250              	.LASF12:
 1251 0173 756E7369 		.ascii	"unsigned int\000"
 1251      676E6564 
 1251      20696E74 
 1251      00
 1252              	.LASF25:
 1253 0180 636F6D6D 		.ascii	"commutateMotor\000"
 1253      75746174 
 1253      654D6F74 
 1253      6F7200
 1254              	.LASF11:
ARM GAS  C:\Users\casey\AppData\Local\Temp\ccnEz6na.s 			page 26


 1255 018f 6C6F6E67 		.ascii	"long long unsigned int\000"
 1255      206C6F6E 
 1255      6720756E 
 1255      7369676E 
 1255      65642069 
 1256              	.LASF14:
 1257 01a6 75696E74 		.ascii	"uint8_t\000"
 1257      385F7400 
 1258              	.LASF15:
 1259 01ae 696E7431 		.ascii	"int16_t\000"
 1259      365F7400 
 1260              	.LASF45:
 1261 01b6 474E5520 		.ascii	"GNU C11 5.4.1 20160609 (release) [ARM/embedded-5-br"
 1261      43313120 
 1261      352E342E 
 1261      31203230 
 1261      31363036 
 1262 01e9 616E6368 		.ascii	"anch revision 237715] -mcpu=cortex-m0 -mthumb -g -O"
 1262      20726576 
 1262      6973696F 
 1262      6E203233 
 1262      37373135 
 1263 021c 67202D66 		.ascii	"g -ffunction-sections -ffat-lto-objects\000"
 1263      66756E63 
 1263      74696F6E 
 1263      2D736563 
 1263      74696F6E 
 1264              	.LASF32:
 1265 0244 63757272 		.ascii	"currentSpeed\000"
 1265      656E7453 
 1265      70656564 
 1265      00
 1266              	.LASF28:
 1267 0251 73706565 		.ascii	"speed\000"
 1267      6400
 1268              	.LASF22:
 1269 0257 73697A65 		.ascii	"sizetype\000"
 1269      74797065 
 1269      00
 1270              	.LASF23:
 1271 0260 436F696C 		.ascii	"CoilState\000"
 1271      53746174 
 1271      6500
 1272              	.LASF10:
 1273 026a 6C6F6E67 		.ascii	"long long int\000"
 1273      206C6F6E 
 1273      6720696E 
 1273      7400
 1274              	.LASF44:
 1275 0278 574C5F57 		.ascii	"WL_Write\000"
 1275      72697465 
 1275      00
 1276              	.LASF20:
 1277 0281 63686172 		.ascii	"char\000"
 1277      00
 1278              	.LASF38:
 1279 0286 48414C4C 		.ascii	"HALL3_Read\000"
ARM GAS  C:\Users\casey\AppData\Local\Temp\ccnEz6na.s 			page 27


 1279      335F5265 
 1279      616400
 1280              	.LASF33:
 1281 0291 63757272 		.ascii	"currentDir\000"
 1281      656E7444 
 1281      697200
 1282              	.LASF5:
 1283 029c 73686F72 		.ascii	"short int\000"
 1283      7420696E 
 1283      7400
 1284              	.LASF27:
 1285 02a6 68616C6C 		.ascii	"hallState\000"
 1285      53746174 
 1285      6500
 1286              	.LASF17:
 1287 02b0 75696E74 		.ascii	"uint8\000"
 1287      3800
 1288              	.LASF24:
 1289 02b6 48616C6C 		.ascii	"HallState\000"
 1289      53746174 
 1289      6500
 1290              	.LASF8:
 1291 02c0 6C6F6E67 		.ascii	"long int\000"
 1291      20696E74 
 1291      00
 1292              	.LASF42:
 1293 02c9 564C5F57 		.ascii	"VL_Write\000"
 1293      72697465 
 1293      00
 1294              	.LASF2:
 1295 02d2 7369676E 		.ascii	"signed char\000"
 1295      65642063 
 1295      68617200 
 1296              	.LASF19:
 1297 02de 646F7562 		.ascii	"double\000"
 1297      6C6500
 1298              		.ident	"GCC: (GNU Tools for ARM Embedded Processors) 5.4.1 20160609 (release) [ARM/embedded-5-bran
