ARM GAS  C:\Users\lucbu\AppData\Local\Temp\ccI6fts6.s 			page 1


   1              		.syntax unified
   2              		.cpu cortex-m0
   3              		.fpu softvfp
   4              		.eabi_attribute 20, 1
   5              		.eabi_attribute 21, 1
   6              		.eabi_attribute 23, 3
   7              		.eabi_attribute 24, 1
   8              		.eabi_attribute 25, 1
   9              		.eabi_attribute 26, 1
  10              		.eabi_attribute 30, 1
  11              		.eabi_attribute 34, 0
  12              		.eabi_attribute 18, 4
  13              		.thumb
  14              		.syntax unified
  15              		.file	"BLDC_SPI.c"
  16              		.text
  17              	.Ltext0:
  18              		.cfi_sections	.debug_frame
  19              		.section	.text.read_spi,"ax",%progbits
  20              		.align	2
  21              		.global	read_spi
  22              		.code	16
  23              		.thumb_func
  24              		.type	read_spi, %function
  25              	read_spi:
  26              	.LFB34:
  27              		.file 1 "BLDC_SPI.c"
   1:BLDC_SPI.c    **** // read fault
   2:BLDC_SPI.c    **** // TMC6100_SPI_read();
   3:BLDC_SPI.c    **** #include <project.h>
   4:BLDC_SPI.c    **** 
   5:BLDC_SPI.c    **** // uint32 dataToSend;
   6:BLDC_SPI.c    **** 
   7:BLDC_SPI.c    **** void read_spi(uint32 dataToSend) {
  28              		.loc 1 7 0
  29              		.cfi_startproc
  30              		@ args = 0, pretend = 0, frame = 0
  31              		@ frame_needed = 0, uses_anonymous_args = 0
  32              	.LVL0:
  33 0000 10B5     		push	{r4, lr}
  34              		.cfi_def_cfa_offset 8
  35              		.cfi_offset 4, -8
  36              		.cfi_offset 14, -4
   8:BLDC_SPI.c    ****     
   9:BLDC_SPI.c    ****     
  10:BLDC_SPI.c    ****     // TMC6100_SPI_SpiUartWriteTxData(dataToSend);
  11:BLDC_SPI.c    ****     
  12:BLDC_SPI.c    ****     
  13:BLDC_SPI.c    ****     CyDelay(1000);
  37              		.loc 1 13 0
  38 0002 FA20     		movs	r0, #250
  39              	.LVL1:
  40 0004 8000     		lsls	r0, r0, #2
  41 0006 FFF7FEFF 		bl	CyDelay
  42              	.LVL2:
  14:BLDC_SPI.c    ****     // TMC6100_SPI_Stop();
  15:BLDC_SPI.c    **** }...
ARM GAS  C:\Users\lucbu\AppData\Local\Temp\ccI6fts6.s 			page 2


  43              		.loc 1 15 0
  44              		@ sp needed
  45 000a 10BD     		pop	{r4, pc}
  46              		.cfi_endproc
  47              	.LFE34:
  48              		.size	read_spi, .-read_spi
  49              		.text
  50              	.Letext0:
  51              		.file 2 "Generated_Source\\PSoC4/cytypes.h"
  52              		.file 3 "Generated_Source\\PSoC4/CyLib.h"
  53              		.section	.debug_info,"",%progbits
  54              	.Ldebug_info0:
  55 0000 D8000000 		.4byte	0xd8
  56 0004 0400     		.2byte	0x4
  57 0006 00000000 		.4byte	.Ldebug_abbrev0
  58 000a 04       		.byte	0x4
  59 000b 01       		.uleb128 0x1
  60 000c 8B000000 		.4byte	.LASF14
  61 0010 0C       		.byte	0xc
  62 0011 44010000 		.4byte	.LASF15
  63 0015 55010000 		.4byte	.LASF16
  64 0019 00000000 		.4byte	.Ldebug_ranges0+0
  65 001d 00000000 		.4byte	0
  66 0021 00000000 		.4byte	.Ldebug_line0
  67 0025 02       		.uleb128 0x2
  68 0026 01       		.byte	0x1
  69 0027 06       		.byte	0x6
  70 0028 2C010000 		.4byte	.LASF0
  71 002c 02       		.uleb128 0x2
  72 002d 01       		.byte	0x1
  73 002e 08       		.byte	0x8
  74 002f 53000000 		.4byte	.LASF1
  75 0033 02       		.uleb128 0x2
  76 0034 02       		.byte	0x2
  77 0035 05       		.byte	0x5
  78 0036 6F000000 		.4byte	.LASF2
  79 003a 02       		.uleb128 0x2
  80 003b 02       		.byte	0x2
  81 003c 07       		.byte	0x7
  82 003d 19010000 		.4byte	.LASF3
  83 0041 02       		.uleb128 0x2
  84 0042 04       		.byte	0x4
  85 0043 05       		.byte	0x5
  86 0044 66000000 		.4byte	.LASF4
  87 0048 02       		.uleb128 0x2
  88 0049 04       		.byte	0x4
  89 004a 07       		.byte	0x7
  90 004b 2A000000 		.4byte	.LASF5
  91 004f 02       		.uleb128 0x2
  92 0050 08       		.byte	0x8
  93 0051 05       		.byte	0x5
  94 0052 00000000 		.4byte	.LASF6
  95 0056 02       		.uleb128 0x2
  96 0057 08       		.byte	0x8
  97 0058 07       		.byte	0x7
  98 0059 3C000000 		.4byte	.LASF7
  99 005d 03       		.uleb128 0x3
ARM GAS  C:\Users\lucbu\AppData\Local\Temp\ccI6fts6.s 			page 3


 100 005e 04       		.byte	0x4
 101 005f 05       		.byte	0x5
 102 0060 696E7400 		.ascii	"int\000"
 103 0064 02       		.uleb128 0x2
 104 0065 04       		.byte	0x4
 105 0066 07       		.byte	0x7
 106 0067 15000000 		.4byte	.LASF8
 107 006b 04       		.uleb128 0x4
 108 006c 0E000000 		.4byte	.LASF17
 109 0070 02       		.byte	0x2
 110 0071 FD01     		.2byte	0x1fd
 111 0073 48000000 		.4byte	0x48
 112 0077 02       		.uleb128 0x2
 113 0078 04       		.byte	0x4
 114 0079 04       		.byte	0x4
 115 007a 4F010000 		.4byte	.LASF9
 116 007e 02       		.uleb128 0x2
 117 007f 08       		.byte	0x8
 118 0080 04       		.byte	0x4
 119 0081 79000000 		.4byte	.LASF10
 120 0085 02       		.uleb128 0x2
 121 0086 01       		.byte	0x1
 122 0087 08       		.byte	0x8
 123 0088 61000000 		.4byte	.LASF11
 124 008c 02       		.uleb128 0x2
 125 008d 08       		.byte	0x8
 126 008e 04       		.byte	0x4
 127 008f 38010000 		.4byte	.LASF12
 128 0093 02       		.uleb128 0x2
 129 0094 04       		.byte	0x4
 130 0095 07       		.byte	0x7
 131 0096 B3010000 		.4byte	.LASF13
 132 009a 05       		.uleb128 0x5
 133 009b AA010000 		.4byte	.LASF18
 134 009f 01       		.byte	0x1
 135 00a0 07       		.byte	0x7
 136 00a1 00000000 		.4byte	.LFB34
 137 00a5 0C000000 		.4byte	.LFE34-.LFB34
 138 00a9 01       		.uleb128 0x1
 139 00aa 9C       		.byte	0x9c
 140 00ab D0000000 		.4byte	0xd0
 141 00af 06       		.uleb128 0x6
 142 00b0 80000000 		.4byte	.LASF19
 143 00b4 01       		.byte	0x1
 144 00b5 07       		.byte	0x7
 145 00b6 6B000000 		.4byte	0x6b
 146 00ba 00000000 		.4byte	.LLST0
 147 00be 07       		.uleb128 0x7
 148 00bf 0A000000 		.4byte	.LVL2
 149 00c3 D0000000 		.4byte	0xd0
 150 00c7 08       		.uleb128 0x8
 151 00c8 01       		.uleb128 0x1
 152 00c9 50       		.byte	0x50
 153 00ca 03       		.uleb128 0x3
 154 00cb 0A       		.byte	0xa
 155 00cc E803     		.2byte	0x3e8
 156 00ce 00       		.byte	0
ARM GAS  C:\Users\lucbu\AppData\Local\Temp\ccI6fts6.s 			page 4


 157 00cf 00       		.byte	0
 158 00d0 09       		.uleb128 0x9
 159 00d1 22000000 		.4byte	.LASF20
 160 00d5 22000000 		.4byte	.LASF20
 161 00d9 03       		.byte	0x3
 162 00da EC       		.byte	0xec
 163 00db 00       		.byte	0
 164              		.section	.debug_abbrev,"",%progbits
 165              	.Ldebug_abbrev0:
 166 0000 01       		.uleb128 0x1
 167 0001 11       		.uleb128 0x11
 168 0002 01       		.byte	0x1
 169 0003 25       		.uleb128 0x25
 170 0004 0E       		.uleb128 0xe
 171 0005 13       		.uleb128 0x13
 172 0006 0B       		.uleb128 0xb
 173 0007 03       		.uleb128 0x3
 174 0008 0E       		.uleb128 0xe
 175 0009 1B       		.uleb128 0x1b
 176 000a 0E       		.uleb128 0xe
 177 000b 55       		.uleb128 0x55
 178 000c 17       		.uleb128 0x17
 179 000d 11       		.uleb128 0x11
 180 000e 01       		.uleb128 0x1
 181 000f 10       		.uleb128 0x10
 182 0010 17       		.uleb128 0x17
 183 0011 00       		.byte	0
 184 0012 00       		.byte	0
 185 0013 02       		.uleb128 0x2
 186 0014 24       		.uleb128 0x24
 187 0015 00       		.byte	0
 188 0016 0B       		.uleb128 0xb
 189 0017 0B       		.uleb128 0xb
 190 0018 3E       		.uleb128 0x3e
 191 0019 0B       		.uleb128 0xb
 192 001a 03       		.uleb128 0x3
 193 001b 0E       		.uleb128 0xe
 194 001c 00       		.byte	0
 195 001d 00       		.byte	0
 196 001e 03       		.uleb128 0x3
 197 001f 24       		.uleb128 0x24
 198 0020 00       		.byte	0
 199 0021 0B       		.uleb128 0xb
 200 0022 0B       		.uleb128 0xb
 201 0023 3E       		.uleb128 0x3e
 202 0024 0B       		.uleb128 0xb
 203 0025 03       		.uleb128 0x3
 204 0026 08       		.uleb128 0x8
 205 0027 00       		.byte	0
 206 0028 00       		.byte	0
 207 0029 04       		.uleb128 0x4
 208 002a 16       		.uleb128 0x16
 209 002b 00       		.byte	0
 210 002c 03       		.uleb128 0x3
 211 002d 0E       		.uleb128 0xe
 212 002e 3A       		.uleb128 0x3a
 213 002f 0B       		.uleb128 0xb
ARM GAS  C:\Users\lucbu\AppData\Local\Temp\ccI6fts6.s 			page 5


 214 0030 3B       		.uleb128 0x3b
 215 0031 05       		.uleb128 0x5
 216 0032 49       		.uleb128 0x49
 217 0033 13       		.uleb128 0x13
 218 0034 00       		.byte	0
 219 0035 00       		.byte	0
 220 0036 05       		.uleb128 0x5
 221 0037 2E       		.uleb128 0x2e
 222 0038 01       		.byte	0x1
 223 0039 3F       		.uleb128 0x3f
 224 003a 19       		.uleb128 0x19
 225 003b 03       		.uleb128 0x3
 226 003c 0E       		.uleb128 0xe
 227 003d 3A       		.uleb128 0x3a
 228 003e 0B       		.uleb128 0xb
 229 003f 3B       		.uleb128 0x3b
 230 0040 0B       		.uleb128 0xb
 231 0041 27       		.uleb128 0x27
 232 0042 19       		.uleb128 0x19
 233 0043 11       		.uleb128 0x11
 234 0044 01       		.uleb128 0x1
 235 0045 12       		.uleb128 0x12
 236 0046 06       		.uleb128 0x6
 237 0047 40       		.uleb128 0x40
 238 0048 18       		.uleb128 0x18
 239 0049 9742     		.uleb128 0x2117
 240 004b 19       		.uleb128 0x19
 241 004c 01       		.uleb128 0x1
 242 004d 13       		.uleb128 0x13
 243 004e 00       		.byte	0
 244 004f 00       		.byte	0
 245 0050 06       		.uleb128 0x6
 246 0051 05       		.uleb128 0x5
 247 0052 00       		.byte	0
 248 0053 03       		.uleb128 0x3
 249 0054 0E       		.uleb128 0xe
 250 0055 3A       		.uleb128 0x3a
 251 0056 0B       		.uleb128 0xb
 252 0057 3B       		.uleb128 0x3b
 253 0058 0B       		.uleb128 0xb
 254 0059 49       		.uleb128 0x49
 255 005a 13       		.uleb128 0x13
 256 005b 02       		.uleb128 0x2
 257 005c 17       		.uleb128 0x17
 258 005d 00       		.byte	0
 259 005e 00       		.byte	0
 260 005f 07       		.uleb128 0x7
 261 0060 898201   		.uleb128 0x4109
 262 0063 01       		.byte	0x1
 263 0064 11       		.uleb128 0x11
 264 0065 01       		.uleb128 0x1
 265 0066 31       		.uleb128 0x31
 266 0067 13       		.uleb128 0x13
 267 0068 00       		.byte	0
 268 0069 00       		.byte	0
 269 006a 08       		.uleb128 0x8
 270 006b 8A8201   		.uleb128 0x410a
ARM GAS  C:\Users\lucbu\AppData\Local\Temp\ccI6fts6.s 			page 6


 271 006e 00       		.byte	0
 272 006f 02       		.uleb128 0x2
 273 0070 18       		.uleb128 0x18
 274 0071 9142     		.uleb128 0x2111
 275 0073 18       		.uleb128 0x18
 276 0074 00       		.byte	0
 277 0075 00       		.byte	0
 278 0076 09       		.uleb128 0x9
 279 0077 2E       		.uleb128 0x2e
 280 0078 00       		.byte	0
 281 0079 3F       		.uleb128 0x3f
 282 007a 19       		.uleb128 0x19
 283 007b 3C       		.uleb128 0x3c
 284 007c 19       		.uleb128 0x19
 285 007d 6E       		.uleb128 0x6e
 286 007e 0E       		.uleb128 0xe
 287 007f 03       		.uleb128 0x3
 288 0080 0E       		.uleb128 0xe
 289 0081 3A       		.uleb128 0x3a
 290 0082 0B       		.uleb128 0xb
 291 0083 3B       		.uleb128 0x3b
 292 0084 0B       		.uleb128 0xb
 293 0085 00       		.byte	0
 294 0086 00       		.byte	0
 295 0087 00       		.byte	0
 296              		.section	.debug_loc,"",%progbits
 297              	.Ldebug_loc0:
 298              	.LLST0:
 299 0000 00000000 		.4byte	.LVL0
 300 0004 04000000 		.4byte	.LVL1
 301 0008 0100     		.2byte	0x1
 302 000a 50       		.byte	0x50
 303 000b 04000000 		.4byte	.LVL1
 304 000f 0C000000 		.4byte	.LFE34
 305 0013 0400     		.2byte	0x4
 306 0015 F3       		.byte	0xf3
 307 0016 01       		.uleb128 0x1
 308 0017 50       		.byte	0x50
 309 0018 9F       		.byte	0x9f
 310 0019 00000000 		.4byte	0
 311 001d 00000000 		.4byte	0
 312              		.section	.debug_aranges,"",%progbits
 313 0000 1C000000 		.4byte	0x1c
 314 0004 0200     		.2byte	0x2
 315 0006 00000000 		.4byte	.Ldebug_info0
 316 000a 04       		.byte	0x4
 317 000b 00       		.byte	0
 318 000c 0000     		.2byte	0
 319 000e 0000     		.2byte	0
 320 0010 00000000 		.4byte	.LFB34
 321 0014 0C000000 		.4byte	.LFE34-.LFB34
 322 0018 00000000 		.4byte	0
 323 001c 00000000 		.4byte	0
 324              		.section	.debug_ranges,"",%progbits
 325              	.Ldebug_ranges0:
 326 0000 00000000 		.4byte	.LFB34
 327 0004 0C000000 		.4byte	.LFE34
ARM GAS  C:\Users\lucbu\AppData\Local\Temp\ccI6fts6.s 			page 7


 328 0008 00000000 		.4byte	0
 329 000c 00000000 		.4byte	0
 330              		.section	.debug_line,"",%progbits
 331              	.Ldebug_line0:
 332 0000 65000000 		.section	.debug_str,"MS",%progbits,1
 332      02005000 
 332      00000201 
 332      FB0E0D00 
 332      01010101 
 333              	.LASF6:
 334 0000 6C6F6E67 		.ascii	"long long int\000"
 334      206C6F6E 
 334      6720696E 
 334      7400
 335              	.LASF17:
 336 000e 75696E74 		.ascii	"uint32\000"
 336      333200
 337              	.LASF8:
 338 0015 756E7369 		.ascii	"unsigned int\000"
 338      676E6564 
 338      20696E74 
 338      00
 339              	.LASF20:
 340 0022 43794465 		.ascii	"CyDelay\000"
 340      6C617900 
 341              	.LASF5:
 342 002a 6C6F6E67 		.ascii	"long unsigned int\000"
 342      20756E73 
 342      69676E65 
 342      6420696E 
 342      7400
 343              	.LASF7:
 344 003c 6C6F6E67 		.ascii	"long long unsigned int\000"
 344      206C6F6E 
 344      6720756E 
 344      7369676E 
 344      65642069 
 345              	.LASF1:
 346 0053 756E7369 		.ascii	"unsigned char\000"
 346      676E6564 
 346      20636861 
 346      7200
 347              	.LASF11:
 348 0061 63686172 		.ascii	"char\000"
 348      00
 349              	.LASF4:
 350 0066 6C6F6E67 		.ascii	"long int\000"
 350      20696E74 
 350      00
 351              	.LASF2:
 352 006f 73686F72 		.ascii	"short int\000"
 352      7420696E 
 352      7400
 353              	.LASF10:
 354 0079 646F7562 		.ascii	"double\000"
 354      6C6500
 355              	.LASF19:
ARM GAS  C:\Users\lucbu\AppData\Local\Temp\ccI6fts6.s 			page 8


 356 0080 64617461 		.ascii	"dataToSend\000"
 356      546F5365 
 356      6E6400
 357              	.LASF14:
 358 008b 474E5520 		.ascii	"GNU C11 5.4.1 20160609 (release) [ARM/embedded-5-br"
 358      43313120 
 358      352E342E 
 358      31203230 
 358      31363036 
 359 00be 616E6368 		.ascii	"anch revision 237715] -mcpu=cortex-m0 -mthumb -g -O"
 359      20726576 
 359      6973696F 
 359      6E203233 
 359      37373135 
 360 00f1 67202D66 		.ascii	"g -ffunction-sections -ffat-lto-objects\000"
 360      66756E63 
 360      74696F6E 
 360      2D736563 
 360      74696F6E 
 361              	.LASF3:
 362 0119 73686F72 		.ascii	"short unsigned int\000"
 362      7420756E 
 362      7369676E 
 362      65642069 
 362      6E7400
 363              	.LASF0:
 364 012c 7369676E 		.ascii	"signed char\000"
 364      65642063 
 364      68617200 
 365              	.LASF12:
 366 0138 6C6F6E67 		.ascii	"long double\000"
 366      20646F75 
 366      626C6500 
 367              	.LASF15:
 368 0144 424C4443 		.ascii	"BLDC_SPI.c\000"
 368      5F535049 
 368      2E6300
 369              	.LASF9:
 370 014f 666C6F61 		.ascii	"float\000"
 370      7400
 371              	.LASF16:
 372 0155 433A5C55 		.ascii	"C:\\Users\\lucbu\\DocumentStorage\\GitHub\\BLDC_Mot"
 372      73657273 
 372      5C6C7563 
 372      62755C44 
 372      6F63756D 
 373 0183 6F725F42 		.ascii	"or_Board_PY2023\\BLDC_Motor_Board.cydsn\000"
 373      6F617264 
 373      5F505932 
 373      3032335C 
 373      424C4443 
 374              	.LASF18:
 375 01aa 72656164 		.ascii	"read_spi\000"
 375      5F737069 
 375      00
 376              	.LASF13:
 377 01b3 73697A65 		.ascii	"sizetype\000"
ARM GAS  C:\Users\lucbu\AppData\Local\Temp\ccI6fts6.s 			page 9


 377      74797065 
 377      00
 378              		.ident	"GCC: (GNU Tools for ARM Embedded Processors) 5.4.1 20160609 (release) [ARM/embedded-5-bran
