ARM GAS  C:\Users\lucbu\AppData\Local\Temp\ccneEhwa.s 			page 1


   1              		.syntax unified
   2              		.cpu cortex-m0
   3              		.fpu softvfp
   4              		.eabi_attribute 20, 1
   5              		.eabi_attribute 21, 1
   6              		.eabi_attribute 23, 3
   7              		.eabi_attribute 24, 1
   8              		.eabi_attribute 25, 1
   9              		.eabi_attribute 26, 1
  10              		.eabi_attribute 30, 1
  11              		.eabi_attribute 34, 0
  12              		.eabi_attribute 18, 4
  13              		.thumb
  14              		.syntax unified
  15              		.file	"Timer_Rotor_Delay_PM.c"
  16              		.text
  17              	.Ltext0:
  18              		.cfi_sections	.debug_frame
  19              		.section	.text.Timer_Rotor_Delay_SaveConfig,"ax",%progbits
  20              		.align	2
  21              		.global	Timer_Rotor_Delay_SaveConfig
  22              		.code	16
  23              		.thumb_func
  24              		.type	Timer_Rotor_Delay_SaveConfig, %function
  25              	Timer_Rotor_Delay_SaveConfig:
  26              	.LFB1:
  27              		.file 1 "Generated_Source\\PSoC4\\Timer_Rotor_Delay_PM.c"
   1:Generated_Source\PSoC4/Timer_Rotor_Delay_PM.c **** /*******************************************************************************
   2:Generated_Source\PSoC4/Timer_Rotor_Delay_PM.c **** * File Name: Timer_Rotor_Delay_PM.c
   3:Generated_Source\PSoC4/Timer_Rotor_Delay_PM.c **** * Version 2.80
   4:Generated_Source\PSoC4/Timer_Rotor_Delay_PM.c **** *
   5:Generated_Source\PSoC4/Timer_Rotor_Delay_PM.c **** *  Description:
   6:Generated_Source\PSoC4/Timer_Rotor_Delay_PM.c **** *     This file provides the power management source code to API for the
   7:Generated_Source\PSoC4/Timer_Rotor_Delay_PM.c **** *     Timer.
   8:Generated_Source\PSoC4/Timer_Rotor_Delay_PM.c **** *
   9:Generated_Source\PSoC4/Timer_Rotor_Delay_PM.c **** *   Note:
  10:Generated_Source\PSoC4/Timer_Rotor_Delay_PM.c **** *     None
  11:Generated_Source\PSoC4/Timer_Rotor_Delay_PM.c **** *
  12:Generated_Source\PSoC4/Timer_Rotor_Delay_PM.c **** *******************************************************************************
  13:Generated_Source\PSoC4/Timer_Rotor_Delay_PM.c **** * Copyright 2008-2017, Cypress Semiconductor Corporation.  All rights reserved.
  14:Generated_Source\PSoC4/Timer_Rotor_Delay_PM.c **** * You may use this file only in accordance with the license, terms, conditions,
  15:Generated_Source\PSoC4/Timer_Rotor_Delay_PM.c **** * disclaimers, and limitations in the end user license agreement accompanying
  16:Generated_Source\PSoC4/Timer_Rotor_Delay_PM.c **** * the software package with which this file was provided.
  17:Generated_Source\PSoC4/Timer_Rotor_Delay_PM.c **** ********************************************************************************/
  18:Generated_Source\PSoC4/Timer_Rotor_Delay_PM.c **** 
  19:Generated_Source\PSoC4/Timer_Rotor_Delay_PM.c **** #include "Timer_Rotor_Delay.h"
  20:Generated_Source\PSoC4/Timer_Rotor_Delay_PM.c **** 
  21:Generated_Source\PSoC4/Timer_Rotor_Delay_PM.c **** static Timer_Rotor_Delay_backupStruct Timer_Rotor_Delay_backup;
  22:Generated_Source\PSoC4/Timer_Rotor_Delay_PM.c **** 
  23:Generated_Source\PSoC4/Timer_Rotor_Delay_PM.c **** 
  24:Generated_Source\PSoC4/Timer_Rotor_Delay_PM.c **** /*******************************************************************************
  25:Generated_Source\PSoC4/Timer_Rotor_Delay_PM.c **** * Function Name: Timer_Rotor_Delay_SaveConfig
  26:Generated_Source\PSoC4/Timer_Rotor_Delay_PM.c **** ********************************************************************************
  27:Generated_Source\PSoC4/Timer_Rotor_Delay_PM.c **** *
  28:Generated_Source\PSoC4/Timer_Rotor_Delay_PM.c **** * Summary:
  29:Generated_Source\PSoC4/Timer_Rotor_Delay_PM.c **** *     Save the current user configuration
  30:Generated_Source\PSoC4/Timer_Rotor_Delay_PM.c **** *
ARM GAS  C:\Users\lucbu\AppData\Local\Temp\ccneEhwa.s 			page 2


  31:Generated_Source\PSoC4/Timer_Rotor_Delay_PM.c **** * Parameters:
  32:Generated_Source\PSoC4/Timer_Rotor_Delay_PM.c **** *  void
  33:Generated_Source\PSoC4/Timer_Rotor_Delay_PM.c **** *
  34:Generated_Source\PSoC4/Timer_Rotor_Delay_PM.c **** * Return:
  35:Generated_Source\PSoC4/Timer_Rotor_Delay_PM.c **** *  void
  36:Generated_Source\PSoC4/Timer_Rotor_Delay_PM.c **** *
  37:Generated_Source\PSoC4/Timer_Rotor_Delay_PM.c **** * Global variables:
  38:Generated_Source\PSoC4/Timer_Rotor_Delay_PM.c **** *  Timer_Rotor_Delay_backup:  Variables of this global structure are modified to
  39:Generated_Source\PSoC4/Timer_Rotor_Delay_PM.c **** *  store the values of non retention configuration registers when Sleep() API is
  40:Generated_Source\PSoC4/Timer_Rotor_Delay_PM.c **** *  called.
  41:Generated_Source\PSoC4/Timer_Rotor_Delay_PM.c **** *
  42:Generated_Source\PSoC4/Timer_Rotor_Delay_PM.c **** *******************************************************************************/
  43:Generated_Source\PSoC4/Timer_Rotor_Delay_PM.c **** void Timer_Rotor_Delay_SaveConfig(void) 
  44:Generated_Source\PSoC4/Timer_Rotor_Delay_PM.c **** {
  28              		.loc 1 44 0
  29              		.cfi_startproc
  30              		@ args = 0, pretend = 0, frame = 0
  31              		@ frame_needed = 0, uses_anonymous_args = 0
  32 0000 10B5     		push	{r4, lr}
  33              		.cfi_def_cfa_offset 8
  34              		.cfi_offset 4, -8
  35              		.cfi_offset 14, -4
  45:Generated_Source\PSoC4/Timer_Rotor_Delay_PM.c ****     #if (!Timer_Rotor_Delay_UsingFixedFunction)
  46:Generated_Source\PSoC4/Timer_Rotor_Delay_PM.c ****         Timer_Rotor_Delay_backup.TimerUdb = Timer_Rotor_Delay_ReadCounter();
  36              		.loc 1 46 0
  37 0002 FFF7FEFF 		bl	Timer_Rotor_Delay_ReadCounter
  38              	.LVL0:
  39 0006 044C     		ldr	r4, .L2
  40 0008 6080     		strh	r0, [r4, #2]
  47:Generated_Source\PSoC4/Timer_Rotor_Delay_PM.c ****         Timer_Rotor_Delay_backup.InterruptMaskValue = Timer_Rotor_Delay_STATUS_MASK;
  41              		.loc 1 47 0
  42 000a 044B     		ldr	r3, .L2+4
  43 000c 1B78     		ldrb	r3, [r3]
  44 000e 2371     		strb	r3, [r4, #4]
  48:Generated_Source\PSoC4/Timer_Rotor_Delay_PM.c ****         #if (Timer_Rotor_Delay_UsingHWCaptureCounter)
  49:Generated_Source\PSoC4/Timer_Rotor_Delay_PM.c ****             Timer_Rotor_Delay_backup.TimerCaptureCounter = Timer_Rotor_Delay_ReadCaptureCount();
  50:Generated_Source\PSoC4/Timer_Rotor_Delay_PM.c ****         #endif /* Back Up capture counter register  */
  51:Generated_Source\PSoC4/Timer_Rotor_Delay_PM.c **** 
  52:Generated_Source\PSoC4/Timer_Rotor_Delay_PM.c ****         #if(!Timer_Rotor_Delay_UDB_CONTROL_REG_REMOVED)
  53:Generated_Source\PSoC4/Timer_Rotor_Delay_PM.c ****             Timer_Rotor_Delay_backup.TimerControlRegister = Timer_Rotor_Delay_ReadControlRegister()
  45              		.loc 1 53 0
  46 0010 FFF7FEFF 		bl	Timer_Rotor_Delay_ReadControlRegister
  47              	.LVL1:
  48 0014 6071     		strb	r0, [r4, #5]
  54:Generated_Source\PSoC4/Timer_Rotor_Delay_PM.c ****         #endif /* Backup the enable state of the Timer component */
  55:Generated_Source\PSoC4/Timer_Rotor_Delay_PM.c ****     #endif /* Backup non retention registers in UDB implementation. All fixed function registers ar
  56:Generated_Source\PSoC4/Timer_Rotor_Delay_PM.c **** }
  49              		.loc 1 56 0
  50              		@ sp needed
  51 0016 10BD     		pop	{r4, pc}
  52              	.L3:
  53              		.align	2
  54              	.L2:
  55 0018 00000000 		.word	.LANCHOR0
  56 001c 85000F40 		.word	1074724997
  57              		.cfi_endproc
  58              	.LFE1:
ARM GAS  C:\Users\lucbu\AppData\Local\Temp\ccneEhwa.s 			page 3


  59              		.size	Timer_Rotor_Delay_SaveConfig, .-Timer_Rotor_Delay_SaveConfig
  60              		.section	.text.Timer_Rotor_Delay_RestoreConfig,"ax",%progbits
  61              		.align	2
  62              		.global	Timer_Rotor_Delay_RestoreConfig
  63              		.code	16
  64              		.thumb_func
  65              		.type	Timer_Rotor_Delay_RestoreConfig, %function
  66              	Timer_Rotor_Delay_RestoreConfig:
  67              	.LFB2:
  57:Generated_Source\PSoC4/Timer_Rotor_Delay_PM.c **** 
  58:Generated_Source\PSoC4/Timer_Rotor_Delay_PM.c **** 
  59:Generated_Source\PSoC4/Timer_Rotor_Delay_PM.c **** /*******************************************************************************
  60:Generated_Source\PSoC4/Timer_Rotor_Delay_PM.c **** * Function Name: Timer_Rotor_Delay_RestoreConfig
  61:Generated_Source\PSoC4/Timer_Rotor_Delay_PM.c **** ********************************************************************************
  62:Generated_Source\PSoC4/Timer_Rotor_Delay_PM.c **** *
  63:Generated_Source\PSoC4/Timer_Rotor_Delay_PM.c **** * Summary:
  64:Generated_Source\PSoC4/Timer_Rotor_Delay_PM.c **** *  Restores the current user configuration.
  65:Generated_Source\PSoC4/Timer_Rotor_Delay_PM.c **** *
  66:Generated_Source\PSoC4/Timer_Rotor_Delay_PM.c **** * Parameters:
  67:Generated_Source\PSoC4/Timer_Rotor_Delay_PM.c **** *  void
  68:Generated_Source\PSoC4/Timer_Rotor_Delay_PM.c **** *
  69:Generated_Source\PSoC4/Timer_Rotor_Delay_PM.c **** * Return:
  70:Generated_Source\PSoC4/Timer_Rotor_Delay_PM.c **** *  void
  71:Generated_Source\PSoC4/Timer_Rotor_Delay_PM.c **** *
  72:Generated_Source\PSoC4/Timer_Rotor_Delay_PM.c **** * Global variables:
  73:Generated_Source\PSoC4/Timer_Rotor_Delay_PM.c **** *  Timer_Rotor_Delay_backup:  Variables of this global structure are used to
  74:Generated_Source\PSoC4/Timer_Rotor_Delay_PM.c **** *  restore the values of non retention registers on wakeup from sleep mode.
  75:Generated_Source\PSoC4/Timer_Rotor_Delay_PM.c **** *
  76:Generated_Source\PSoC4/Timer_Rotor_Delay_PM.c **** *******************************************************************************/
  77:Generated_Source\PSoC4/Timer_Rotor_Delay_PM.c **** void Timer_Rotor_Delay_RestoreConfig(void) 
  78:Generated_Source\PSoC4/Timer_Rotor_Delay_PM.c **** {   
  68              		.loc 1 78 0
  69              		.cfi_startproc
  70              		@ args = 0, pretend = 0, frame = 0
  71              		@ frame_needed = 0, uses_anonymous_args = 0
  72 0000 10B5     		push	{r4, lr}
  73              		.cfi_def_cfa_offset 8
  74              		.cfi_offset 4, -8
  75              		.cfi_offset 14, -4
  79:Generated_Source\PSoC4/Timer_Rotor_Delay_PM.c ****     #if (!Timer_Rotor_Delay_UsingFixedFunction)
  80:Generated_Source\PSoC4/Timer_Rotor_Delay_PM.c **** 
  81:Generated_Source\PSoC4/Timer_Rotor_Delay_PM.c ****         Timer_Rotor_Delay_WriteCounter(Timer_Rotor_Delay_backup.TimerUdb);
  76              		.loc 1 81 0
  77 0002 054C     		ldr	r4, .L5
  78 0004 6088     		ldrh	r0, [r4, #2]
  79 0006 FFF7FEFF 		bl	Timer_Rotor_Delay_WriteCounter
  80              	.LVL2:
  82:Generated_Source\PSoC4/Timer_Rotor_Delay_PM.c ****         Timer_Rotor_Delay_STATUS_MASK =Timer_Rotor_Delay_backup.InterruptMaskValue;
  81              		.loc 1 82 0
  82 000a 2279     		ldrb	r2, [r4, #4]
  83 000c 034B     		ldr	r3, .L5+4
  84 000e 1A70     		strb	r2, [r3]
  83:Generated_Source\PSoC4/Timer_Rotor_Delay_PM.c ****         #if (Timer_Rotor_Delay_UsingHWCaptureCounter)
  84:Generated_Source\PSoC4/Timer_Rotor_Delay_PM.c ****             Timer_Rotor_Delay_SetCaptureCount(Timer_Rotor_Delay_backup.TimerCaptureCounter);
  85:Generated_Source\PSoC4/Timer_Rotor_Delay_PM.c ****         #endif /* Restore Capture counter register*/
  86:Generated_Source\PSoC4/Timer_Rotor_Delay_PM.c **** 
  87:Generated_Source\PSoC4/Timer_Rotor_Delay_PM.c ****         #if(!Timer_Rotor_Delay_UDB_CONTROL_REG_REMOVED)
ARM GAS  C:\Users\lucbu\AppData\Local\Temp\ccneEhwa.s 			page 4


  88:Generated_Source\PSoC4/Timer_Rotor_Delay_PM.c ****             Timer_Rotor_Delay_WriteControlRegister(Timer_Rotor_Delay_backup.TimerControlRegister);
  85              		.loc 1 88 0
  86 0010 6079     		ldrb	r0, [r4, #5]
  87 0012 FFF7FEFF 		bl	Timer_Rotor_Delay_WriteControlRegister
  88              	.LVL3:
  89:Generated_Source\PSoC4/Timer_Rotor_Delay_PM.c ****         #endif /* Restore the enable state of the Timer component */
  90:Generated_Source\PSoC4/Timer_Rotor_Delay_PM.c ****     #endif /* Restore non retention registers in the UDB implementation only */
  91:Generated_Source\PSoC4/Timer_Rotor_Delay_PM.c **** }
  89              		.loc 1 91 0
  90              		@ sp needed
  91 0016 10BD     		pop	{r4, pc}
  92              	.L6:
  93              		.align	2
  94              	.L5:
  95 0018 00000000 		.word	.LANCHOR0
  96 001c 85000F40 		.word	1074724997
  97              		.cfi_endproc
  98              	.LFE2:
  99              		.size	Timer_Rotor_Delay_RestoreConfig, .-Timer_Rotor_Delay_RestoreConfig
 100              		.section	.text.Timer_Rotor_Delay_Sleep,"ax",%progbits
 101              		.align	2
 102              		.global	Timer_Rotor_Delay_Sleep
 103              		.code	16
 104              		.thumb_func
 105              		.type	Timer_Rotor_Delay_Sleep, %function
 106              	Timer_Rotor_Delay_Sleep:
 107              	.LFB3:
  92:Generated_Source\PSoC4/Timer_Rotor_Delay_PM.c **** 
  93:Generated_Source\PSoC4/Timer_Rotor_Delay_PM.c **** 
  94:Generated_Source\PSoC4/Timer_Rotor_Delay_PM.c **** /*******************************************************************************
  95:Generated_Source\PSoC4/Timer_Rotor_Delay_PM.c **** * Function Name: Timer_Rotor_Delay_Sleep
  96:Generated_Source\PSoC4/Timer_Rotor_Delay_PM.c **** ********************************************************************************
  97:Generated_Source\PSoC4/Timer_Rotor_Delay_PM.c **** *
  98:Generated_Source\PSoC4/Timer_Rotor_Delay_PM.c **** * Summary:
  99:Generated_Source\PSoC4/Timer_Rotor_Delay_PM.c **** *     Stop and Save the user configuration
 100:Generated_Source\PSoC4/Timer_Rotor_Delay_PM.c **** *
 101:Generated_Source\PSoC4/Timer_Rotor_Delay_PM.c **** * Parameters:
 102:Generated_Source\PSoC4/Timer_Rotor_Delay_PM.c **** *  void
 103:Generated_Source\PSoC4/Timer_Rotor_Delay_PM.c **** *
 104:Generated_Source\PSoC4/Timer_Rotor_Delay_PM.c **** * Return:
 105:Generated_Source\PSoC4/Timer_Rotor_Delay_PM.c **** *  void
 106:Generated_Source\PSoC4/Timer_Rotor_Delay_PM.c **** *
 107:Generated_Source\PSoC4/Timer_Rotor_Delay_PM.c **** * Global variables:
 108:Generated_Source\PSoC4/Timer_Rotor_Delay_PM.c **** *  Timer_Rotor_Delay_backup.TimerEnableState:  Is modified depending on the
 109:Generated_Source\PSoC4/Timer_Rotor_Delay_PM.c **** *  enable state of the block before entering sleep mode.
 110:Generated_Source\PSoC4/Timer_Rotor_Delay_PM.c **** *
 111:Generated_Source\PSoC4/Timer_Rotor_Delay_PM.c **** *******************************************************************************/
 112:Generated_Source\PSoC4/Timer_Rotor_Delay_PM.c **** void Timer_Rotor_Delay_Sleep(void) 
 113:Generated_Source\PSoC4/Timer_Rotor_Delay_PM.c **** {
 108              		.loc 1 113 0
 109              		.cfi_startproc
 110              		@ args = 0, pretend = 0, frame = 0
 111              		@ frame_needed = 0, uses_anonymous_args = 0
 112 0000 10B5     		push	{r4, lr}
 113              		.cfi_def_cfa_offset 8
 114              		.cfi_offset 4, -8
 115              		.cfi_offset 14, -4
ARM GAS  C:\Users\lucbu\AppData\Local\Temp\ccneEhwa.s 			page 5


 114:Generated_Source\PSoC4/Timer_Rotor_Delay_PM.c ****     #if(!Timer_Rotor_Delay_UDB_CONTROL_REG_REMOVED)
 115:Generated_Source\PSoC4/Timer_Rotor_Delay_PM.c ****         /* Save Counter's enable state */
 116:Generated_Source\PSoC4/Timer_Rotor_Delay_PM.c ****         if(Timer_Rotor_Delay_CTRL_ENABLE == (Timer_Rotor_Delay_CONTROL & Timer_Rotor_Delay_CTRL_ENA
 116              		.loc 1 116 0
 117 0002 084B     		ldr	r3, .L10
 118 0004 1B78     		ldrb	r3, [r3]
 119 0006 5BB2     		sxtb	r3, r3
 120 0008 002B     		cmp	r3, #0
 121 000a 03DA     		bge	.L8
 117:Generated_Source\PSoC4/Timer_Rotor_Delay_PM.c ****         {
 118:Generated_Source\PSoC4/Timer_Rotor_Delay_PM.c ****             /* Timer is enabled */
 119:Generated_Source\PSoC4/Timer_Rotor_Delay_PM.c ****             Timer_Rotor_Delay_backup.TimerEnableState = 1u;
 122              		.loc 1 119 0
 123 000c 0122     		movs	r2, #1
 124 000e 064B     		ldr	r3, .L10+4
 125 0010 1A70     		strb	r2, [r3]
 126 0012 02E0     		b	.L9
 127              	.L8:
 120:Generated_Source\PSoC4/Timer_Rotor_Delay_PM.c ****         }
 121:Generated_Source\PSoC4/Timer_Rotor_Delay_PM.c ****         else
 122:Generated_Source\PSoC4/Timer_Rotor_Delay_PM.c ****         {
 123:Generated_Source\PSoC4/Timer_Rotor_Delay_PM.c ****             /* Timer is disabled */
 124:Generated_Source\PSoC4/Timer_Rotor_Delay_PM.c ****             Timer_Rotor_Delay_backup.TimerEnableState = 0u;
 128              		.loc 1 124 0
 129 0014 0022     		movs	r2, #0
 130 0016 044B     		ldr	r3, .L10+4
 131 0018 1A70     		strb	r2, [r3]
 132              	.L9:
 125:Generated_Source\PSoC4/Timer_Rotor_Delay_PM.c ****         }
 126:Generated_Source\PSoC4/Timer_Rotor_Delay_PM.c ****     #endif /* Back up enable state from the Timer control register */
 127:Generated_Source\PSoC4/Timer_Rotor_Delay_PM.c ****     Timer_Rotor_Delay_Stop();
 133              		.loc 1 127 0
 134 001a FFF7FEFF 		bl	Timer_Rotor_Delay_Stop
 135              	.LVL4:
 128:Generated_Source\PSoC4/Timer_Rotor_Delay_PM.c ****     Timer_Rotor_Delay_SaveConfig();
 136              		.loc 1 128 0
 137 001e FFF7FEFF 		bl	Timer_Rotor_Delay_SaveConfig
 138              	.LVL5:
 129:Generated_Source\PSoC4/Timer_Rotor_Delay_PM.c **** }
 139              		.loc 1 129 0
 140              		@ sp needed
 141 0022 10BD     		pop	{r4, pc}
 142              	.L11:
 143              		.align	2
 144              	.L10:
 145 0024 74000F40 		.word	1074724980
 146 0028 00000000 		.word	.LANCHOR0
 147              		.cfi_endproc
 148              	.LFE3:
 149              		.size	Timer_Rotor_Delay_Sleep, .-Timer_Rotor_Delay_Sleep
 150              		.section	.text.Timer_Rotor_Delay_Wakeup,"ax",%progbits
 151              		.align	2
 152              		.global	Timer_Rotor_Delay_Wakeup
 153              		.code	16
 154              		.thumb_func
 155              		.type	Timer_Rotor_Delay_Wakeup, %function
 156              	Timer_Rotor_Delay_Wakeup:
ARM GAS  C:\Users\lucbu\AppData\Local\Temp\ccneEhwa.s 			page 6


 157              	.LFB4:
 130:Generated_Source\PSoC4/Timer_Rotor_Delay_PM.c **** 
 131:Generated_Source\PSoC4/Timer_Rotor_Delay_PM.c **** 
 132:Generated_Source\PSoC4/Timer_Rotor_Delay_PM.c **** /*******************************************************************************
 133:Generated_Source\PSoC4/Timer_Rotor_Delay_PM.c **** * Function Name: Timer_Rotor_Delay_Wakeup
 134:Generated_Source\PSoC4/Timer_Rotor_Delay_PM.c **** ********************************************************************************
 135:Generated_Source\PSoC4/Timer_Rotor_Delay_PM.c **** *
 136:Generated_Source\PSoC4/Timer_Rotor_Delay_PM.c **** * Summary:
 137:Generated_Source\PSoC4/Timer_Rotor_Delay_PM.c **** *  Restores and enables the user configuration
 138:Generated_Source\PSoC4/Timer_Rotor_Delay_PM.c **** *
 139:Generated_Source\PSoC4/Timer_Rotor_Delay_PM.c **** * Parameters:
 140:Generated_Source\PSoC4/Timer_Rotor_Delay_PM.c **** *  void
 141:Generated_Source\PSoC4/Timer_Rotor_Delay_PM.c **** *
 142:Generated_Source\PSoC4/Timer_Rotor_Delay_PM.c **** * Return:
 143:Generated_Source\PSoC4/Timer_Rotor_Delay_PM.c **** *  void
 144:Generated_Source\PSoC4/Timer_Rotor_Delay_PM.c **** *
 145:Generated_Source\PSoC4/Timer_Rotor_Delay_PM.c **** * Global variables:
 146:Generated_Source\PSoC4/Timer_Rotor_Delay_PM.c **** *  Timer_Rotor_Delay_backup.enableState:  Is used to restore the enable state of
 147:Generated_Source\PSoC4/Timer_Rotor_Delay_PM.c **** *  block on wakeup from sleep mode.
 148:Generated_Source\PSoC4/Timer_Rotor_Delay_PM.c **** *
 149:Generated_Source\PSoC4/Timer_Rotor_Delay_PM.c **** *******************************************************************************/
 150:Generated_Source\PSoC4/Timer_Rotor_Delay_PM.c **** void Timer_Rotor_Delay_Wakeup(void) 
 151:Generated_Source\PSoC4/Timer_Rotor_Delay_PM.c **** {
 158              		.loc 1 151 0
 159              		.cfi_startproc
 160              		@ args = 0, pretend = 0, frame = 0
 161              		@ frame_needed = 0, uses_anonymous_args = 0
 162 0000 10B5     		push	{r4, lr}
 163              		.cfi_def_cfa_offset 8
 164              		.cfi_offset 4, -8
 165              		.cfi_offset 14, -4
 152:Generated_Source\PSoC4/Timer_Rotor_Delay_PM.c ****     Timer_Rotor_Delay_RestoreConfig();
 166              		.loc 1 152 0
 167 0002 FFF7FEFF 		bl	Timer_Rotor_Delay_RestoreConfig
 168              	.LVL6:
 153:Generated_Source\PSoC4/Timer_Rotor_Delay_PM.c ****     #if(!Timer_Rotor_Delay_UDB_CONTROL_REG_REMOVED)
 154:Generated_Source\PSoC4/Timer_Rotor_Delay_PM.c ****         if(Timer_Rotor_Delay_backup.TimerEnableState == 1u)
 169              		.loc 1 154 0
 170 0006 034B     		ldr	r3, .L14
 171 0008 1B78     		ldrb	r3, [r3]
 172 000a 012B     		cmp	r3, #1
 173 000c 01D1     		bne	.L12
 155:Generated_Source\PSoC4/Timer_Rotor_Delay_PM.c ****         {     /* Enable Timer's operation */
 156:Generated_Source\PSoC4/Timer_Rotor_Delay_PM.c ****                 Timer_Rotor_Delay_Enable();
 174              		.loc 1 156 0
 175 000e FFF7FEFF 		bl	Timer_Rotor_Delay_Enable
 176              	.LVL7:
 177              	.L12:
 157:Generated_Source\PSoC4/Timer_Rotor_Delay_PM.c ****         } /* Do nothing if Timer was disabled before */
 158:Generated_Source\PSoC4/Timer_Rotor_Delay_PM.c ****     #endif /* Remove this code section if Control register is removed */
 159:Generated_Source\PSoC4/Timer_Rotor_Delay_PM.c **** }
 178              		.loc 1 159 0
 179              		@ sp needed
 180 0012 10BD     		pop	{r4, pc}
 181              	.L15:
 182              		.align	2
 183              	.L14:
ARM GAS  C:\Users\lucbu\AppData\Local\Temp\ccneEhwa.s 			page 7


 184 0014 00000000 		.word	.LANCHOR0
 185              		.cfi_endproc
 186              	.LFE4:
 187              		.size	Timer_Rotor_Delay_Wakeup, .-Timer_Rotor_Delay_Wakeup
 188              		.bss
 189              		.align	2
 190              		.set	.LANCHOR0,. + 0
 191              		.type	Timer_Rotor_Delay_backup, %object
 192              		.size	Timer_Rotor_Delay_backup, 6
 193              	Timer_Rotor_Delay_backup:
 194 0000 00000000 		.space	6
 194      0000
 195              		.text
 196              	.Letext0:
 197              		.file 2 "Generated_Source\\PSoC4\\cytypes.h"
 198              		.file 3 "Generated_Source\\PSoC4\\Timer_Rotor_Delay.h"
 199              		.section	.debug_info,"",%progbits
 200              	.Ldebug_info0:
 201 0000 EB010000 		.4byte	0x1eb
 202 0004 0400     		.2byte	0x4
 203 0006 00000000 		.4byte	.Ldebug_abbrev0
 204 000a 04       		.byte	0x4
 205 000b 01       		.uleb128 0x1
 206 000c 0B020000 		.4byte	.LASF32
 207 0010 0C       		.byte	0xc
 208 0011 C7020000 		.4byte	.LASF33
 209 0015 97010000 		.4byte	.LASF34
 210 0019 00000000 		.4byte	.Ldebug_ranges0+0
 211 001d 00000000 		.4byte	0
 212 0021 00000000 		.4byte	.Ldebug_line0
 213 0025 02       		.uleb128 0x2
 214 0026 01       		.byte	0x1
 215 0027 06       		.byte	0x6
 216 0028 32030000 		.4byte	.LASF0
 217 002c 02       		.uleb128 0x2
 218 002d 01       		.byte	0x1
 219 002e 08       		.byte	0x8
 220 002f D1000000 		.4byte	.LASF1
 221 0033 02       		.uleb128 0x2
 222 0034 02       		.byte	0x2
 223 0035 05       		.byte	0x5
 224 0036 13030000 		.4byte	.LASF2
 225 003a 02       		.uleb128 0x2
 226 003b 02       		.byte	0x2
 227 003c 07       		.byte	0x7
 228 003d 51000000 		.4byte	.LASF3
 229 0041 02       		.uleb128 0x2
 230 0042 04       		.byte	0x4
 231 0043 05       		.byte	0x5
 232 0044 1D030000 		.4byte	.LASF4
 233 0048 02       		.uleb128 0x2
 234 0049 04       		.byte	0x4
 235 004a 07       		.byte	0x7
 236 004b FD000000 		.4byte	.LASF5
 237 004f 02       		.uleb128 0x2
 238 0050 08       		.byte	0x8
 239 0051 05       		.byte	0x5
ARM GAS  C:\Users\lucbu\AppData\Local\Temp\ccneEhwa.s 			page 8


 240 0052 B9020000 		.4byte	.LASF6
 241 0056 02       		.uleb128 0x2
 242 0057 08       		.byte	0x8
 243 0058 07       		.byte	0x7
 244 0059 80010000 		.4byte	.LASF7
 245 005d 03       		.uleb128 0x3
 246 005e 04       		.byte	0x4
 247 005f 05       		.byte	0x5
 248 0060 696E7400 		.ascii	"int\000"
 249 0064 02       		.uleb128 0x2
 250 0065 04       		.byte	0x4
 251 0066 07       		.byte	0x7
 252 0067 73010000 		.4byte	.LASF8
 253 006b 04       		.uleb128 0x4
 254 006c 0F010000 		.4byte	.LASF9
 255 0070 02       		.byte	0x2
 256 0071 FB01     		.2byte	0x1fb
 257 0073 2C000000 		.4byte	0x2c
 258 0077 04       		.uleb128 0x4
 259 0078 3A010000 		.4byte	.LASF10
 260 007c 02       		.byte	0x2
 261 007d FC01     		.2byte	0x1fc
 262 007f 3A000000 		.4byte	0x3a
 263 0083 02       		.uleb128 0x2
 264 0084 04       		.byte	0x4
 265 0085 04       		.byte	0x4
 266 0086 CB000000 		.4byte	.LASF11
 267 008a 02       		.uleb128 0x2
 268 008b 08       		.byte	0x8
 269 008c 04       		.byte	0x4
 270 008d 33010000 		.4byte	.LASF12
 271 0091 02       		.uleb128 0x2
 272 0092 01       		.byte	0x1
 273 0093 08       		.byte	0x8
 274 0094 F5020000 		.4byte	.LASF13
 275 0098 04       		.uleb128 0x4
 276 0099 DF000000 		.4byte	.LASF14
 277 009d 02       		.byte	0x2
 278 009e A502     		.2byte	0x2a5
 279 00a0 A4000000 		.4byte	0xa4
 280 00a4 05       		.uleb128 0x5
 281 00a5 6B000000 		.4byte	0x6b
 282 00a9 02       		.uleb128 0x2
 283 00aa 08       		.byte	0x8
 284 00ab 04       		.byte	0x4
 285 00ac 26030000 		.4byte	.LASF15
 286 00b0 02       		.uleb128 0x2
 287 00b1 04       		.byte	0x4
 288 00b2 07       		.byte	0x7
 289 00b3 99020000 		.4byte	.LASF16
 290 00b7 06       		.uleb128 0x6
 291 00b8 06       		.byte	0x6
 292 00b9 03       		.byte	0x3
 293 00ba 43       		.byte	0x43
 294 00bb F0000000 		.4byte	0xf0
 295 00bf 07       		.uleb128 0x7
 296 00c0 00000000 		.4byte	.LASF17
ARM GAS  C:\Users\lucbu\AppData\Local\Temp\ccneEhwa.s 			page 9


 297 00c4 03       		.byte	0x3
 298 00c5 45       		.byte	0x45
 299 00c6 6B000000 		.4byte	0x6b
 300 00ca 00       		.byte	0
 301 00cb 07       		.uleb128 0x7
 302 00cc 84000000 		.4byte	.LASF18
 303 00d0 03       		.byte	0x3
 304 00d1 48       		.byte	0x48
 305 00d2 77000000 		.4byte	0x77
 306 00d6 02       		.byte	0x2
 307 00d7 07       		.uleb128 0x7
 308 00d8 60010000 		.4byte	.LASF19
 309 00dc 03       		.byte	0x3
 310 00dd 49       		.byte	0x49
 311 00de 6B000000 		.4byte	0x6b
 312 00e2 04       		.byte	0x4
 313 00e3 07       		.uleb128 0x7
 314 00e4 5B030000 		.4byte	.LASF20
 315 00e8 03       		.byte	0x3
 316 00e9 4F       		.byte	0x4f
 317 00ea 6B000000 		.4byte	0x6b
 318 00ee 05       		.byte	0x5
 319 00ef 00       		.byte	0
 320 00f0 08       		.uleb128 0x8
 321 00f1 EC010000 		.4byte	.LASF21
 322 00f5 03       		.byte	0x3
 323 00f6 53       		.byte	0x53
 324 00f7 B7000000 		.4byte	0xb7
 325 00fb 09       		.uleb128 0x9
 326 00fc 3E030000 		.4byte	.LASF22
 327 0100 01       		.byte	0x1
 328 0101 2B       		.byte	0x2b
 329 0102 00000000 		.4byte	.LFB1
 330 0106 20000000 		.4byte	.LFE1-.LFB1
 331 010a 01       		.uleb128 0x1
 332 010b 9C       		.byte	0x9c
 333 010c 23010000 		.4byte	0x123
 334 0110 0A       		.uleb128 0xa
 335 0111 06000000 		.4byte	.LVL0
 336 0115 AC010000 		.4byte	0x1ac
 337 0119 0A       		.uleb128 0xa
 338 011a 14000000 		.4byte	.LVL1
 339 011e B7010000 		.4byte	0x1b7
 340 0122 00       		.byte	0
 341 0123 09       		.uleb128 0x9
 342 0124 64000000 		.4byte	.LASF23
 343 0128 01       		.byte	0x1
 344 0129 4D       		.byte	0x4d
 345 012a 00000000 		.4byte	.LFB2
 346 012e 20000000 		.4byte	.LFE2-.LFB2
 347 0132 01       		.uleb128 0x1
 348 0133 9C       		.byte	0x9c
 349 0134 4B010000 		.4byte	0x14b
 350 0138 0A       		.uleb128 0xa
 351 0139 0A000000 		.4byte	.LVL2
 352 013d C2010000 		.4byte	0x1c2
 353 0141 0A       		.uleb128 0xa
ARM GAS  C:\Users\lucbu\AppData\Local\Temp\ccneEhwa.s 			page 10


 354 0142 16000000 		.4byte	.LVL3
 355 0146 CD010000 		.4byte	0x1cd
 356 014a 00       		.byte	0
 357 014b 09       		.uleb128 0x9
 358 014c 8D000000 		.4byte	.LASF24
 359 0150 01       		.byte	0x1
 360 0151 70       		.byte	0x70
 361 0152 00000000 		.4byte	.LFB3
 362 0156 2C000000 		.4byte	.LFE3-.LFB3
 363 015a 01       		.uleb128 0x1
 364 015b 9C       		.byte	0x9c
 365 015c 73010000 		.4byte	0x173
 366 0160 0A       		.uleb128 0xa
 367 0161 1E000000 		.4byte	.LVL4
 368 0165 D8010000 		.4byte	0x1d8
 369 0169 0A       		.uleb128 0xa
 370 016a 22000000 		.4byte	.LVL5
 371 016e FB000000 		.4byte	0xfb
 372 0172 00       		.byte	0
 373 0173 09       		.uleb128 0x9
 374 0174 E4000000 		.4byte	.LASF25
 375 0178 01       		.byte	0x1
 376 0179 96       		.byte	0x96
 377 017a 00000000 		.4byte	.LFB4
 378 017e 18000000 		.4byte	.LFE4-.LFB4
 379 0182 01       		.uleb128 0x1
 380 0183 9C       		.byte	0x9c
 381 0184 9B010000 		.4byte	0x19b
 382 0188 0A       		.uleb128 0xa
 383 0189 06000000 		.4byte	.LVL6
 384 018d 23010000 		.4byte	0x123
 385 0191 0A       		.uleb128 0xa
 386 0192 12000000 		.4byte	.LVL7
 387 0196 E3010000 		.4byte	0x1e3
 388 019a 00       		.byte	0
 389 019b 0B       		.uleb128 0xb
 390 019c 38000000 		.4byte	.LASF35
 391 01a0 01       		.byte	0x1
 392 01a1 15       		.byte	0x15
 393 01a2 F0000000 		.4byte	0xf0
 394 01a6 05       		.uleb128 0x5
 395 01a7 03       		.byte	0x3
 396 01a8 00000000 		.4byte	Timer_Rotor_Delay_backup
 397 01ac 0C       		.uleb128 0xc
 398 01ad 15010000 		.4byte	.LASF26
 399 01b1 15010000 		.4byte	.LASF26
 400 01b5 03       		.byte	0x3
 401 01b6 69       		.byte	0x69
 402 01b7 0C       		.uleb128 0xc
 403 01b8 A5000000 		.4byte	.LASF27
 404 01bc A5000000 		.4byte	.LASF27
 405 01c0 03       		.byte	0x3
 406 01c1 63       		.byte	0x63
 407 01c2 0C       		.uleb128 0xc
 408 01c3 41010000 		.4byte	.LASF28
 409 01c7 41010000 		.4byte	.LASF28
 410 01cb 03       		.byte	0x3
ARM GAS  C:\Users\lucbu\AppData\Local\Temp\ccneEhwa.s 			page 11


 411 01cc 6A       		.byte	0x6a
 412 01cd 0C       		.uleb128 0xc
 413 01ce 11000000 		.4byte	.LASF29
 414 01d2 11000000 		.4byte	.LASF29
 415 01d6 03       		.byte	0x3
 416 01d7 64       		.byte	0x64
 417 01d8 0C       		.uleb128 0xc
 418 01d9 A2020000 		.4byte	.LASF30
 419 01dd A2020000 		.4byte	.LASF30
 420 01e1 03       		.byte	0x3
 421 01e2 5B       		.byte	0x5b
 422 01e3 0C       		.uleb128 0xc
 423 01e4 FA020000 		.4byte	.LASF31
 424 01e8 FA020000 		.4byte	.LASF31
 425 01ec 03       		.byte	0x3
 426 01ed 8B       		.byte	0x8b
 427 01ee 00       		.byte	0
 428              		.section	.debug_abbrev,"",%progbits
 429              	.Ldebug_abbrev0:
 430 0000 01       		.uleb128 0x1
 431 0001 11       		.uleb128 0x11
 432 0002 01       		.byte	0x1
 433 0003 25       		.uleb128 0x25
 434 0004 0E       		.uleb128 0xe
 435 0005 13       		.uleb128 0x13
 436 0006 0B       		.uleb128 0xb
 437 0007 03       		.uleb128 0x3
 438 0008 0E       		.uleb128 0xe
 439 0009 1B       		.uleb128 0x1b
 440 000a 0E       		.uleb128 0xe
 441 000b 55       		.uleb128 0x55
 442 000c 17       		.uleb128 0x17
 443 000d 11       		.uleb128 0x11
 444 000e 01       		.uleb128 0x1
 445 000f 10       		.uleb128 0x10
 446 0010 17       		.uleb128 0x17
 447 0011 00       		.byte	0
 448 0012 00       		.byte	0
 449 0013 02       		.uleb128 0x2
 450 0014 24       		.uleb128 0x24
 451 0015 00       		.byte	0
 452 0016 0B       		.uleb128 0xb
 453 0017 0B       		.uleb128 0xb
 454 0018 3E       		.uleb128 0x3e
 455 0019 0B       		.uleb128 0xb
 456 001a 03       		.uleb128 0x3
 457 001b 0E       		.uleb128 0xe
 458 001c 00       		.byte	0
 459 001d 00       		.byte	0
 460 001e 03       		.uleb128 0x3
 461 001f 24       		.uleb128 0x24
 462 0020 00       		.byte	0
 463 0021 0B       		.uleb128 0xb
 464 0022 0B       		.uleb128 0xb
 465 0023 3E       		.uleb128 0x3e
 466 0024 0B       		.uleb128 0xb
 467 0025 03       		.uleb128 0x3
ARM GAS  C:\Users\lucbu\AppData\Local\Temp\ccneEhwa.s 			page 12


 468 0026 08       		.uleb128 0x8
 469 0027 00       		.byte	0
 470 0028 00       		.byte	0
 471 0029 04       		.uleb128 0x4
 472 002a 16       		.uleb128 0x16
 473 002b 00       		.byte	0
 474 002c 03       		.uleb128 0x3
 475 002d 0E       		.uleb128 0xe
 476 002e 3A       		.uleb128 0x3a
 477 002f 0B       		.uleb128 0xb
 478 0030 3B       		.uleb128 0x3b
 479 0031 05       		.uleb128 0x5
 480 0032 49       		.uleb128 0x49
 481 0033 13       		.uleb128 0x13
 482 0034 00       		.byte	0
 483 0035 00       		.byte	0
 484 0036 05       		.uleb128 0x5
 485 0037 35       		.uleb128 0x35
 486 0038 00       		.byte	0
 487 0039 49       		.uleb128 0x49
 488 003a 13       		.uleb128 0x13
 489 003b 00       		.byte	0
 490 003c 00       		.byte	0
 491 003d 06       		.uleb128 0x6
 492 003e 13       		.uleb128 0x13
 493 003f 01       		.byte	0x1
 494 0040 0B       		.uleb128 0xb
 495 0041 0B       		.uleb128 0xb
 496 0042 3A       		.uleb128 0x3a
 497 0043 0B       		.uleb128 0xb
 498 0044 3B       		.uleb128 0x3b
 499 0045 0B       		.uleb128 0xb
 500 0046 01       		.uleb128 0x1
 501 0047 13       		.uleb128 0x13
 502 0048 00       		.byte	0
 503 0049 00       		.byte	0
 504 004a 07       		.uleb128 0x7
 505 004b 0D       		.uleb128 0xd
 506 004c 00       		.byte	0
 507 004d 03       		.uleb128 0x3
 508 004e 0E       		.uleb128 0xe
 509 004f 3A       		.uleb128 0x3a
 510 0050 0B       		.uleb128 0xb
 511 0051 3B       		.uleb128 0x3b
 512 0052 0B       		.uleb128 0xb
 513 0053 49       		.uleb128 0x49
 514 0054 13       		.uleb128 0x13
 515 0055 38       		.uleb128 0x38
 516 0056 0B       		.uleb128 0xb
 517 0057 00       		.byte	0
 518 0058 00       		.byte	0
 519 0059 08       		.uleb128 0x8
 520 005a 16       		.uleb128 0x16
 521 005b 00       		.byte	0
 522 005c 03       		.uleb128 0x3
 523 005d 0E       		.uleb128 0xe
 524 005e 3A       		.uleb128 0x3a
ARM GAS  C:\Users\lucbu\AppData\Local\Temp\ccneEhwa.s 			page 13


 525 005f 0B       		.uleb128 0xb
 526 0060 3B       		.uleb128 0x3b
 527 0061 0B       		.uleb128 0xb
 528 0062 49       		.uleb128 0x49
 529 0063 13       		.uleb128 0x13
 530 0064 00       		.byte	0
 531 0065 00       		.byte	0
 532 0066 09       		.uleb128 0x9
 533 0067 2E       		.uleb128 0x2e
 534 0068 01       		.byte	0x1
 535 0069 3F       		.uleb128 0x3f
 536 006a 19       		.uleb128 0x19
 537 006b 03       		.uleb128 0x3
 538 006c 0E       		.uleb128 0xe
 539 006d 3A       		.uleb128 0x3a
 540 006e 0B       		.uleb128 0xb
 541 006f 3B       		.uleb128 0x3b
 542 0070 0B       		.uleb128 0xb
 543 0071 27       		.uleb128 0x27
 544 0072 19       		.uleb128 0x19
 545 0073 11       		.uleb128 0x11
 546 0074 01       		.uleb128 0x1
 547 0075 12       		.uleb128 0x12
 548 0076 06       		.uleb128 0x6
 549 0077 40       		.uleb128 0x40
 550 0078 18       		.uleb128 0x18
 551 0079 9742     		.uleb128 0x2117
 552 007b 19       		.uleb128 0x19
 553 007c 01       		.uleb128 0x1
 554 007d 13       		.uleb128 0x13
 555 007e 00       		.byte	0
 556 007f 00       		.byte	0
 557 0080 0A       		.uleb128 0xa
 558 0081 898201   		.uleb128 0x4109
 559 0084 00       		.byte	0
 560 0085 11       		.uleb128 0x11
 561 0086 01       		.uleb128 0x1
 562 0087 31       		.uleb128 0x31
 563 0088 13       		.uleb128 0x13
 564 0089 00       		.byte	0
 565 008a 00       		.byte	0
 566 008b 0B       		.uleb128 0xb
 567 008c 34       		.uleb128 0x34
 568 008d 00       		.byte	0
 569 008e 03       		.uleb128 0x3
 570 008f 0E       		.uleb128 0xe
 571 0090 3A       		.uleb128 0x3a
 572 0091 0B       		.uleb128 0xb
 573 0092 3B       		.uleb128 0x3b
 574 0093 0B       		.uleb128 0xb
 575 0094 49       		.uleb128 0x49
 576 0095 13       		.uleb128 0x13
 577 0096 02       		.uleb128 0x2
 578 0097 18       		.uleb128 0x18
 579 0098 00       		.byte	0
 580 0099 00       		.byte	0
 581 009a 0C       		.uleb128 0xc
ARM GAS  C:\Users\lucbu\AppData\Local\Temp\ccneEhwa.s 			page 14


 582 009b 2E       		.uleb128 0x2e
 583 009c 00       		.byte	0
 584 009d 3F       		.uleb128 0x3f
 585 009e 19       		.uleb128 0x19
 586 009f 3C       		.uleb128 0x3c
 587 00a0 19       		.uleb128 0x19
 588 00a1 6E       		.uleb128 0x6e
 589 00a2 0E       		.uleb128 0xe
 590 00a3 03       		.uleb128 0x3
 591 00a4 0E       		.uleb128 0xe
 592 00a5 3A       		.uleb128 0x3a
 593 00a6 0B       		.uleb128 0xb
 594 00a7 3B       		.uleb128 0x3b
 595 00a8 0B       		.uleb128 0xb
 596 00a9 00       		.byte	0
 597 00aa 00       		.byte	0
 598 00ab 00       		.byte	0
 599              		.section	.debug_aranges,"",%progbits
 600 0000 34000000 		.4byte	0x34
 601 0004 0200     		.2byte	0x2
 602 0006 00000000 		.4byte	.Ldebug_info0
 603 000a 04       		.byte	0x4
 604 000b 00       		.byte	0
 605 000c 0000     		.2byte	0
 606 000e 0000     		.2byte	0
 607 0010 00000000 		.4byte	.LFB1
 608 0014 20000000 		.4byte	.LFE1-.LFB1
 609 0018 00000000 		.4byte	.LFB2
 610 001c 20000000 		.4byte	.LFE2-.LFB2
 611 0020 00000000 		.4byte	.LFB3
 612 0024 2C000000 		.4byte	.LFE3-.LFB3
 613 0028 00000000 		.4byte	.LFB4
 614 002c 18000000 		.4byte	.LFE4-.LFB4
 615 0030 00000000 		.4byte	0
 616 0034 00000000 		.4byte	0
 617              		.section	.debug_ranges,"",%progbits
 618              	.Ldebug_ranges0:
 619 0000 00000000 		.4byte	.LFB1
 620 0004 20000000 		.4byte	.LFE1
 621 0008 00000000 		.4byte	.LFB2
 622 000c 20000000 		.4byte	.LFE2
 623 0010 00000000 		.4byte	.LFB3
 624 0014 2C000000 		.4byte	.LFE3
 625 0018 00000000 		.4byte	.LFB4
 626 001c 18000000 		.4byte	.LFE4
 627 0020 00000000 		.4byte	0
 628 0024 00000000 		.4byte	0
 629              		.section	.debug_line,"",%progbits
 630              	.Ldebug_line0:
 631 0000 BF000000 		.section	.debug_str,"MS",%progbits,1
 631      02006800 
 631      00000201 
 631      FB0E0D00 
 631      01010101 
 632              	.LASF17:
 633 0000 54696D65 		.ascii	"TimerEnableState\000"
 633      72456E61 
ARM GAS  C:\Users\lucbu\AppData\Local\Temp\ccneEhwa.s 			page 15


 633      626C6553 
 633      74617465 
 633      00
 634              	.LASF29:
 635 0011 54696D65 		.ascii	"Timer_Rotor_Delay_WriteControlRegister\000"
 635      725F526F 
 635      746F725F 
 635      44656C61 
 635      795F5772 
 636              	.LASF35:
 637 0038 54696D65 		.ascii	"Timer_Rotor_Delay_backup\000"
 637      725F526F 
 637      746F725F 
 637      44656C61 
 637      795F6261 
 638              	.LASF3:
 639 0051 73686F72 		.ascii	"short unsigned int\000"
 639      7420756E 
 639      7369676E 
 639      65642069 
 639      6E7400
 640              	.LASF23:
 641 0064 54696D65 		.ascii	"Timer_Rotor_Delay_RestoreConfig\000"
 641      725F526F 
 641      746F725F 
 641      44656C61 
 641      795F5265 
 642              	.LASF18:
 643 0084 54696D65 		.ascii	"TimerUdb\000"
 643      72556462 
 643      00
 644              	.LASF24:
 645 008d 54696D65 		.ascii	"Timer_Rotor_Delay_Sleep\000"
 645      725F526F 
 645      746F725F 
 645      44656C61 
 645      795F536C 
 646              	.LASF27:
 647 00a5 54696D65 		.ascii	"Timer_Rotor_Delay_ReadControlRegister\000"
 647      725F526F 
 647      746F725F 
 647      44656C61 
 647      795F5265 
 648              	.LASF11:
 649 00cb 666C6F61 		.ascii	"float\000"
 649      7400
 650              	.LASF1:
 651 00d1 756E7369 		.ascii	"unsigned char\000"
 651      676E6564 
 651      20636861 
 651      7200
 652              	.LASF14:
 653 00df 72656738 		.ascii	"reg8\000"
 653      00
 654              	.LASF25:
 655 00e4 54696D65 		.ascii	"Timer_Rotor_Delay_Wakeup\000"
 655      725F526F 
ARM GAS  C:\Users\lucbu\AppData\Local\Temp\ccneEhwa.s 			page 16


 655      746F725F 
 655      44656C61 
 655      795F5761 
 656              	.LASF5:
 657 00fd 6C6F6E67 		.ascii	"long unsigned int\000"
 657      20756E73 
 657      69676E65 
 657      6420696E 
 657      7400
 658              	.LASF9:
 659 010f 75696E74 		.ascii	"uint8\000"
 659      3800
 660              	.LASF26:
 661 0115 54696D65 		.ascii	"Timer_Rotor_Delay_ReadCounter\000"
 661      725F526F 
 661      746F725F 
 661      44656C61 
 661      795F5265 
 662              	.LASF12:
 663 0133 646F7562 		.ascii	"double\000"
 663      6C6500
 664              	.LASF10:
 665 013a 75696E74 		.ascii	"uint16\000"
 665      313600
 666              	.LASF28:
 667 0141 54696D65 		.ascii	"Timer_Rotor_Delay_WriteCounter\000"
 667      725F526F 
 667      746F725F 
 667      44656C61 
 667      795F5772 
 668              	.LASF19:
 669 0160 496E7465 		.ascii	"InterruptMaskValue\000"
 669      72727570 
 669      744D6173 
 669      6B56616C 
 669      756500
 670              	.LASF8:
 671 0173 756E7369 		.ascii	"unsigned int\000"
 671      676E6564 
 671      20696E74 
 671      00
 672              	.LASF7:
 673 0180 6C6F6E67 		.ascii	"long long unsigned int\000"
 673      206C6F6E 
 673      6720756E 
 673      7369676E 
 673      65642069 
 674              	.LASF34:
 675 0197 433A5C55 		.ascii	"C:\\Users\\lucbu\\DocumentStorage\\GitHub\\BLDC_Mot"
 675      73657273 
 675      5C6C7563 
 675      62755C44 
 675      6F63756D 
 676 01c5 6F725F42 		.ascii	"or_Board_PY2023\\BLDC_Motor_Board.cydsn\000"
 676      6F617264 
 676      5F505932 
 676      3032335C 
ARM GAS  C:\Users\lucbu\AppData\Local\Temp\ccneEhwa.s 			page 17


 676      424C4443 
 677              	.LASF21:
 678 01ec 54696D65 		.ascii	"Timer_Rotor_Delay_backupStruct\000"
 678      725F526F 
 678      746F725F 
 678      44656C61 
 678      795F6261 
 679              	.LASF32:
 680 020b 474E5520 		.ascii	"GNU C11 5.4.1 20160609 (release) [ARM/embedded-5-br"
 680      43313120 
 680      352E342E 
 680      31203230 
 680      31363036 
 681 023e 616E6368 		.ascii	"anch revision 237715] -mcpu=cortex-m0 -mthumb -g -O"
 681      20726576 
 681      6973696F 
 681      6E203233 
 681      37373135 
 682 0271 67202D66 		.ascii	"g -ffunction-sections -ffat-lto-objects\000"
 682      66756E63 
 682      74696F6E 
 682      2D736563 
 682      74696F6E 
 683              	.LASF16:
 684 0299 73697A65 		.ascii	"sizetype\000"
 684      74797065 
 684      00
 685              	.LASF30:
 686 02a2 54696D65 		.ascii	"Timer_Rotor_Delay_Stop\000"
 686      725F526F 
 686      746F725F 
 686      44656C61 
 686      795F5374 
 687              	.LASF6:
 688 02b9 6C6F6E67 		.ascii	"long long int\000"
 688      206C6F6E 
 688      6720696E 
 688      7400
 689              	.LASF33:
 690 02c7 47656E65 		.ascii	"Generated_Source\\PSoC4\\Timer_Rotor_Delay_PM.c\000"
 690      72617465 
 690      645F536F 
 690      75726365 
 690      5C50536F 
 691              	.LASF13:
 692 02f5 63686172 		.ascii	"char\000"
 692      00
 693              	.LASF31:
 694 02fa 54696D65 		.ascii	"Timer_Rotor_Delay_Enable\000"
 694      725F526F 
 694      746F725F 
 694      44656C61 
 694      795F456E 
 695              	.LASF2:
 696 0313 73686F72 		.ascii	"short int\000"
 696      7420696E 
 696      7400
ARM GAS  C:\Users\lucbu\AppData\Local\Temp\ccneEhwa.s 			page 18


 697              	.LASF4:
 698 031d 6C6F6E67 		.ascii	"long int\000"
 698      20696E74 
 698      00
 699              	.LASF15:
 700 0326 6C6F6E67 		.ascii	"long double\000"
 700      20646F75 
 700      626C6500 
 701              	.LASF0:
 702 0332 7369676E 		.ascii	"signed char\000"
 702      65642063 
 702      68617200 
 703              	.LASF22:
 704 033e 54696D65 		.ascii	"Timer_Rotor_Delay_SaveConfig\000"
 704      725F526F 
 704      746F725F 
 704      44656C61 
 704      795F5361 
 705              	.LASF20:
 706 035b 54696D65 		.ascii	"TimerControlRegister\000"
 706      72436F6E 
 706      74726F6C 
 706      52656769 
 706      73746572 
 707              		.ident	"GCC: (GNU Tools for ARM Embedded Processors) 5.4.1 20160609 (release) [ARM/embedded-5-bran
